[2025-06-25T05:54:49.199+0000] {local_task_job_runner.py:123} INFO - ::group::Pre task execution logs
[2025-06-25T05:54:49.276+0000] {taskinstance.py:2613} INFO - Dependencies all met for dep_context=non-requeueable deps ti=<TaskInstance: my_self_dag.task2 scheduled__2025-06-23T00:00:00+00:00 [queued]>
[2025-06-25T05:54:49.320+0000] {taskinstance.py:2613} INFO - Dependencies all met for dep_context=requeueable deps ti=<TaskInstance: my_self_dag.task2 scheduled__2025-06-23T00:00:00+00:00 [queued]>
[2025-06-25T05:54:49.322+0000] {taskinstance.py:2866} INFO - Starting attempt 1 of 2
[2025-06-25T05:54:49.388+0000] {taskinstance.py:2889} INFO - Executing <Task(PythonOperator): task2> on 2025-06-23 00:00:00+00:00
[2025-06-25T05:54:49.409+0000] {warnings.py:112} WARNING - /home/***/.local/lib/python3.12/site-packages/***/task/task_runner/standard_task_runner.py:70: DeprecationWarning: This process (pid=73) is multi-threaded, use of fork() may lead to deadlocks in the child.
  pid = os.fork()

[2025-06-25T05:54:49.413+0000] {standard_task_runner.py:72} INFO - Started process 75 to run task
[2025-06-25T05:54:49.412+0000] {standard_task_runner.py:104} INFO - Running: ['***', 'tasks', 'run', 'my_self_dag', 'task2', 'scheduled__2025-06-23T00:00:00+00:00', '--job-id', '11', '--raw', '--subdir', 'DAGS_FOLDER/my_first_dag.py', '--cfg-path', '/tmp/tmpxb20hbp7']
[2025-06-25T05:54:49.424+0000] {standard_task_runner.py:105} INFO - Job 11: Subtask task2
[2025-06-25T05:54:49.581+0000] {task_command.py:467} INFO - Running <TaskInstance: my_self_dag.task2 scheduled__2025-06-23T00:00:00+00:00 [running]> on host ef8c6abb536a
[2025-06-25T05:54:49.874+0000] {taskinstance.py:3132} INFO - Exporting env vars: AIRFLOW_CTX_DAG_OWNER='Om' AIRFLOW_CTX_DAG_ID='my_self_dag' AIRFLOW_CTX_TASK_ID='task2' AIRFLOW_CTX_EXECUTION_DATE='2025-06-23T00:00:00+00:00' AIRFLOW_CTX_TRY_NUMBER='1' AIRFLOW_CTX_DAG_RUN_ID='scheduled__2025-06-23T00:00:00+00:00'
[2025-06-25T05:54:49.888+0000] {taskinstance.py:731} INFO - ::endgroup::
[2025-06-25T05:54:49.944+0000] {logging_mixin.py:190} INFO - I am fine.
[2025-06-25T05:54:49.946+0000] {python.py:240} INFO - Done. Returned value was: None
[2025-06-25T05:54:50.013+0000] {taskinstance.py:340} INFO - ::group::Post task execution logs
[2025-06-25T05:54:50.015+0000] {taskinstance.py:352} INFO - Marking task as SUCCESS. dag_id=my_self_dag, task_id=task2, run_id=scheduled__2025-06-23T00:00:00+00:00, execution_date=20250623T000000, start_date=20250625T055449, end_date=20250625T055450
[2025-06-25T05:54:50.090+0000] {local_task_job_runner.py:266} INFO - Task exited with return code 0
[2025-06-25T05:54:50.151+0000] {taskinstance.py:3895} INFO - 0 downstream tasks scheduled from follow-on schedule check
[2025-06-25T05:54:50.155+0000] {local_task_job_runner.py:245} INFO - ::endgroup::
