[2025-06-23T13:41:02.126+0000] {processor.py:186} INFO - Started process (PID=105) to work on /home/airflow/.local/lib/python3.12/site-packages/airflow/example_dags/example_short_circuit_operator.py
[2025-06-23T13:41:02.128+0000] {processor.py:914} INFO - Processing file /home/airflow/.local/lib/python3.12/site-packages/airflow/example_dags/example_short_circuit_operator.py for tasks to queue
[2025-06-23T13:41:02.133+0000] {logging_mixin.py:190} INFO - [2025-06-23T13:41:02.132+0000] {dagbag.py:588} INFO - Filling up the DagBag from /home/airflow/.local/lib/python3.12/site-packages/airflow/example_dags/example_short_circuit_operator.py
[2025-06-23T13:41:02.148+0000] {processor.py:925} INFO - DAG(s) 'example_short_circuit_operator' retrieved from /home/airflow/.local/lib/python3.12/site-packages/airflow/example_dags/example_short_circuit_operator.py
[2025-06-23T13:41:02.311+0000] {logging_mixin.py:190} INFO - [2025-06-23T13:41:02.310+0000] {override.py:1911} INFO - Created Permission View: can read on DAG:example_short_circuit_operator
[2025-06-23T13:41:02.328+0000] {logging_mixin.py:190} INFO - [2025-06-23T13:41:02.327+0000] {override.py:1911} INFO - Created Permission View: can delete on DAG:example_short_circuit_operator
[2025-06-23T13:41:02.340+0000] {logging_mixin.py:190} INFO - [2025-06-23T13:41:02.340+0000] {override.py:1911} INFO - Created Permission View: can edit on DAG:example_short_circuit_operator
[2025-06-23T13:41:02.355+0000] {logging_mixin.py:190} INFO - [2025-06-23T13:41:02.354+0000] {override.py:1911} INFO - Created Permission View: can read on DAG Run:example_short_circuit_operator
[2025-06-23T13:41:02.366+0000] {logging_mixin.py:190} INFO - [2025-06-23T13:41:02.366+0000] {override.py:1911} INFO - Created Permission View: can create on DAG Run:example_short_circuit_operator
[2025-06-23T13:41:02.377+0000] {logging_mixin.py:190} INFO - [2025-06-23T13:41:02.376+0000] {override.py:1911} INFO - Created Permission View: can delete on DAG Run:example_short_circuit_operator
[2025-06-23T13:41:02.388+0000] {logging_mixin.py:190} INFO - [2025-06-23T13:41:02.388+0000] {override.py:1911} INFO - Created Permission View: menu access on DAG Run:example_short_circuit_operator
[2025-06-23T13:41:02.390+0000] {logging_mixin.py:190} INFO - [2025-06-23T13:41:02.389+0000] {dag.py:3239} INFO - Sync 1 DAGs
[2025-06-23T13:41:02.410+0000] {logging_mixin.py:190} INFO - [2025-06-23T13:41:02.409+0000] {dag.py:3262} INFO - Creating ORM DAG for example_short_circuit_operator
[2025-06-23T13:41:02.411+0000] {logging_mixin.py:190} INFO - [2025-06-23T13:41:02.411+0000] {dag.py:4180} INFO - Setting next_dagrun for example_short_circuit_operator to None, run_after=None
[2025-06-23T13:41:02.440+0000] {processor.py:208} INFO - Processing /home/airflow/.local/lib/python3.12/site-packages/airflow/example_dags/example_short_circuit_operator.py took 0.324 seconds
[2025-06-23T13:41:32.995+0000] {processor.py:186} INFO - Started process (PID=168) to work on /home/airflow/.local/lib/python3.12/site-packages/airflow/example_dags/example_short_circuit_operator.py
[2025-06-23T13:41:32.997+0000] {processor.py:914} INFO - Processing file /home/airflow/.local/lib/python3.12/site-packages/airflow/example_dags/example_short_circuit_operator.py for tasks to queue
[2025-06-23T13:41:33.000+0000] {logging_mixin.py:190} INFO - [2025-06-23T13:41:33.000+0000] {dagbag.py:588} INFO - Filling up the DagBag from /home/airflow/.local/lib/python3.12/site-packages/airflow/example_dags/example_short_circuit_operator.py
[2025-06-23T13:41:33.014+0000] {processor.py:925} INFO - DAG(s) 'example_short_circuit_operator' retrieved from /home/airflow/.local/lib/python3.12/site-packages/airflow/example_dags/example_short_circuit_operator.py
[2025-06-23T13:41:33.043+0000] {logging_mixin.py:190} INFO - [2025-06-23T13:41:33.043+0000] {dag.py:3239} INFO - Sync 1 DAGs
[2025-06-23T13:41:33.061+0000] {logging_mixin.py:190} INFO - [2025-06-23T13:41:33.060+0000] {dag.py:4180} INFO - Setting next_dagrun for example_short_circuit_operator to None, run_after=None
[2025-06-23T13:41:33.085+0000] {processor.py:208} INFO - Processing /home/airflow/.local/lib/python3.12/site-packages/airflow/example_dags/example_short_circuit_operator.py took 0.097 seconds
[2025-06-23T13:42:04.977+0000] {processor.py:186} INFO - Started process (PID=232) to work on /home/airflow/.local/lib/python3.12/site-packages/airflow/example_dags/example_short_circuit_operator.py
[2025-06-23T13:42:04.979+0000] {processor.py:914} INFO - Processing file /home/airflow/.local/lib/python3.12/site-packages/airflow/example_dags/example_short_circuit_operator.py for tasks to queue
[2025-06-23T13:42:04.986+0000] {logging_mixin.py:190} INFO - [2025-06-23T13:42:04.985+0000] {dagbag.py:588} INFO - Filling up the DagBag from /home/airflow/.local/lib/python3.12/site-packages/airflow/example_dags/example_short_circuit_operator.py
[2025-06-23T13:42:05.003+0000] {processor.py:925} INFO - DAG(s) 'example_short_circuit_operator' retrieved from /home/airflow/.local/lib/python3.12/site-packages/airflow/example_dags/example_short_circuit_operator.py
[2025-06-23T13:42:05.054+0000] {logging_mixin.py:190} INFO - [2025-06-23T13:42:05.053+0000] {dag.py:3239} INFO - Sync 1 DAGs
[2025-06-23T13:42:05.080+0000] {logging_mixin.py:190} INFO - [2025-06-23T13:42:05.080+0000] {dag.py:4180} INFO - Setting next_dagrun for example_short_circuit_operator to None, run_after=None
[2025-06-23T13:42:05.116+0000] {processor.py:208} INFO - Processing /home/airflow/.local/lib/python3.12/site-packages/airflow/example_dags/example_short_circuit_operator.py took 0.150 seconds
[2025-06-23T13:42:39.620+0000] {processor.py:186} INFO - Started process (PID=294) to work on /home/airflow/.local/lib/python3.12/site-packages/airflow/example_dags/example_short_circuit_operator.py
[2025-06-23T13:42:39.624+0000] {processor.py:914} INFO - Processing file /home/airflow/.local/lib/python3.12/site-packages/airflow/example_dags/example_short_circuit_operator.py for tasks to queue
[2025-06-23T13:42:39.632+0000] {logging_mixin.py:190} INFO - [2025-06-23T13:42:39.630+0000] {dagbag.py:588} INFO - Filling up the DagBag from /home/airflow/.local/lib/python3.12/site-packages/airflow/example_dags/example_short_circuit_operator.py
[2025-06-23T13:42:39.689+0000] {processor.py:925} INFO - DAG(s) 'example_short_circuit_operator' retrieved from /home/airflow/.local/lib/python3.12/site-packages/airflow/example_dags/example_short_circuit_operator.py
[2025-06-23T13:42:40.159+0000] {logging_mixin.py:190} INFO - [2025-06-23T13:42:40.152+0000] {dag.py:3239} INFO - Sync 1 DAGs
[2025-06-23T13:42:40.203+0000] {logging_mixin.py:190} INFO - [2025-06-23T13:42:40.202+0000] {dag.py:4180} INFO - Setting next_dagrun for example_short_circuit_operator to None, run_after=None
[2025-06-23T13:42:40.259+0000] {processor.py:208} INFO - Processing /home/airflow/.local/lib/python3.12/site-packages/airflow/example_dags/example_short_circuit_operator.py took 0.662 seconds
[2025-06-23T13:43:26.355+0000] {processor.py:186} INFO - Started process (PID=360) to work on /home/airflow/.local/lib/python3.12/site-packages/airflow/example_dags/example_short_circuit_operator.py
[2025-06-23T13:43:26.359+0000] {processor.py:914} INFO - Processing file /home/airflow/.local/lib/python3.12/site-packages/airflow/example_dags/example_short_circuit_operator.py for tasks to queue
[2025-06-23T13:43:26.366+0000] {logging_mixin.py:190} INFO - [2025-06-23T13:43:26.363+0000] {dagbag.py:588} INFO - Filling up the DagBag from /home/airflow/.local/lib/python3.12/site-packages/airflow/example_dags/example_short_circuit_operator.py
[2025-06-23T13:43:26.396+0000] {processor.py:925} INFO - DAG(s) 'example_short_circuit_operator' retrieved from /home/airflow/.local/lib/python3.12/site-packages/airflow/example_dags/example_short_circuit_operator.py
[2025-06-23T13:43:26.463+0000] {logging_mixin.py:190} INFO - [2025-06-23T13:43:26.463+0000] {dag.py:3239} INFO - Sync 1 DAGs
[2025-06-23T13:43:26.508+0000] {logging_mixin.py:190} INFO - [2025-06-23T13:43:26.507+0000] {dag.py:4180} INFO - Setting next_dagrun for example_short_circuit_operator to None, run_after=None
[2025-06-23T13:43:26.574+0000] {processor.py:208} INFO - Processing /home/airflow/.local/lib/python3.12/site-packages/airflow/example_dags/example_short_circuit_operator.py took 0.253 seconds
[2025-06-23T13:43:57.247+0000] {processor.py:186} INFO - Started process (PID=423) to work on /home/airflow/.local/lib/python3.12/site-packages/airflow/example_dags/example_short_circuit_operator.py
[2025-06-23T13:43:57.249+0000] {processor.py:914} INFO - Processing file /home/airflow/.local/lib/python3.12/site-packages/airflow/example_dags/example_short_circuit_operator.py for tasks to queue
[2025-06-23T13:43:57.255+0000] {logging_mixin.py:190} INFO - [2025-06-23T13:43:57.254+0000] {dagbag.py:588} INFO - Filling up the DagBag from /home/airflow/.local/lib/python3.12/site-packages/airflow/example_dags/example_short_circuit_operator.py
[2025-06-23T13:43:57.271+0000] {processor.py:925} INFO - DAG(s) 'example_short_circuit_operator' retrieved from /home/airflow/.local/lib/python3.12/site-packages/airflow/example_dags/example_short_circuit_operator.py
[2025-06-23T13:43:57.306+0000] {logging_mixin.py:190} INFO - [2025-06-23T13:43:57.306+0000] {dag.py:3239} INFO - Sync 1 DAGs
[2025-06-23T13:43:57.328+0000] {logging_mixin.py:190} INFO - [2025-06-23T13:43:57.328+0000] {dag.py:4180} INFO - Setting next_dagrun for example_short_circuit_operator to None, run_after=None
[2025-06-23T13:43:57.362+0000] {processor.py:208} INFO - Processing /home/airflow/.local/lib/python3.12/site-packages/airflow/example_dags/example_short_circuit_operator.py took 0.129 seconds
[2025-06-23T13:44:28.515+0000] {processor.py:186} INFO - Started process (PID=486) to work on /home/airflow/.local/lib/python3.12/site-packages/airflow/example_dags/example_short_circuit_operator.py
[2025-06-23T13:44:28.517+0000] {processor.py:914} INFO - Processing file /home/airflow/.local/lib/python3.12/site-packages/airflow/example_dags/example_short_circuit_operator.py for tasks to queue
[2025-06-23T13:44:28.521+0000] {logging_mixin.py:190} INFO - [2025-06-23T13:44:28.520+0000] {dagbag.py:588} INFO - Filling up the DagBag from /home/airflow/.local/lib/python3.12/site-packages/airflow/example_dags/example_short_circuit_operator.py
[2025-06-23T13:44:28.540+0000] {processor.py:925} INFO - DAG(s) 'example_short_circuit_operator' retrieved from /home/airflow/.local/lib/python3.12/site-packages/airflow/example_dags/example_short_circuit_operator.py
[2025-06-23T13:44:28.592+0000] {logging_mixin.py:190} INFO - [2025-06-23T13:44:28.591+0000] {dag.py:3239} INFO - Sync 1 DAGs
[2025-06-23T13:44:28.639+0000] {logging_mixin.py:190} INFO - [2025-06-23T13:44:28.638+0000] {dag.py:4180} INFO - Setting next_dagrun for example_short_circuit_operator to None, run_after=None
[2025-06-23T13:44:28.705+0000] {processor.py:208} INFO - Processing /home/airflow/.local/lib/python3.12/site-packages/airflow/example_dags/example_short_circuit_operator.py took 0.201 seconds
