[2025-06-23T13:41:01.735+0000] {processor.py:186} INFO - Started process (PID=103) to work on /home/airflow/.local/lib/python3.12/site-packages/airflow/example_dags/example_setup_teardown.py
[2025-06-23T13:41:01.737+0000] {processor.py:914} INFO - Processing file /home/airflow/.local/lib/python3.12/site-packages/airflow/example_dags/example_setup_teardown.py for tasks to queue
[2025-06-23T13:41:01.742+0000] {logging_mixin.py:190} INFO - [2025-06-23T13:41:01.741+0000] {dagbag.py:588} INFO - Filling up the DagBag from /home/airflow/.local/lib/python3.12/site-packages/airflow/example_dags/example_setup_teardown.py
[2025-06-23T13:41:01.760+0000] {processor.py:925} INFO - DAG(s) 'example_setup_teardown' retrieved from /home/airflow/.local/lib/python3.12/site-packages/airflow/example_dags/example_setup_teardown.py
[2025-06-23T13:41:01.927+0000] {logging_mixin.py:190} INFO - [2025-06-23T13:41:01.926+0000] {override.py:1911} INFO - Created Permission View: can read on DAG:example_setup_teardown
[2025-06-23T13:41:01.944+0000] {logging_mixin.py:190} INFO - [2025-06-23T13:41:01.943+0000] {override.py:1911} INFO - Created Permission View: can delete on DAG:example_setup_teardown
[2025-06-23T13:41:01.956+0000] {logging_mixin.py:190} INFO - [2025-06-23T13:41:01.956+0000] {override.py:1911} INFO - Created Permission View: can edit on DAG:example_setup_teardown
[2025-06-23T13:41:01.969+0000] {logging_mixin.py:190} INFO - [2025-06-23T13:41:01.969+0000] {override.py:1911} INFO - Created Permission View: can read on DAG Run:example_setup_teardown
[2025-06-23T13:41:01.980+0000] {logging_mixin.py:190} INFO - [2025-06-23T13:41:01.980+0000] {override.py:1911} INFO - Created Permission View: can create on DAG Run:example_setup_teardown
[2025-06-23T13:41:01.991+0000] {logging_mixin.py:190} INFO - [2025-06-23T13:41:01.991+0000] {override.py:1911} INFO - Created Permission View: can delete on DAG Run:example_setup_teardown
[2025-06-23T13:41:02.005+0000] {logging_mixin.py:190} INFO - [2025-06-23T13:41:02.005+0000] {override.py:1911} INFO - Created Permission View: menu access on DAG Run:example_setup_teardown
[2025-06-23T13:41:02.006+0000] {logging_mixin.py:190} INFO - [2025-06-23T13:41:02.006+0000] {dag.py:3239} INFO - Sync 1 DAGs
[2025-06-23T13:41:02.027+0000] {logging_mixin.py:190} INFO - [2025-06-23T13:41:02.027+0000] {dag.py:3262} INFO - Creating ORM DAG for example_setup_teardown
[2025-06-23T13:41:02.029+0000] {logging_mixin.py:190} INFO - [2025-06-23T13:41:02.029+0000] {dag.py:4180} INFO - Setting next_dagrun for example_setup_teardown to None, run_after=None
[2025-06-23T13:41:02.059+0000] {processor.py:208} INFO - Processing /home/airflow/.local/lib/python3.12/site-packages/airflow/example_dags/example_setup_teardown.py took 0.336 seconds
[2025-06-23T13:41:32.707+0000] {processor.py:186} INFO - Started process (PID=166) to work on /home/airflow/.local/lib/python3.12/site-packages/airflow/example_dags/example_setup_teardown.py
[2025-06-23T13:41:32.709+0000] {processor.py:914} INFO - Processing file /home/airflow/.local/lib/python3.12/site-packages/airflow/example_dags/example_setup_teardown.py for tasks to queue
[2025-06-23T13:41:32.714+0000] {logging_mixin.py:190} INFO - [2025-06-23T13:41:32.713+0000] {dagbag.py:588} INFO - Filling up the DagBag from /home/airflow/.local/lib/python3.12/site-packages/airflow/example_dags/example_setup_teardown.py
[2025-06-23T13:41:32.724+0000] {processor.py:925} INFO - DAG(s) 'example_setup_teardown' retrieved from /home/airflow/.local/lib/python3.12/site-packages/airflow/example_dags/example_setup_teardown.py
[2025-06-23T13:41:32.749+0000] {logging_mixin.py:190} INFO - [2025-06-23T13:41:32.749+0000] {dag.py:3239} INFO - Sync 1 DAGs
[2025-06-23T13:41:32.767+0000] {logging_mixin.py:190} INFO - [2025-06-23T13:41:32.766+0000] {dag.py:4180} INFO - Setting next_dagrun for example_setup_teardown to None, run_after=None
[2025-06-23T13:41:32.795+0000] {processor.py:208} INFO - Processing /home/airflow/.local/lib/python3.12/site-packages/airflow/example_dags/example_setup_teardown.py took 0.095 seconds
[2025-06-23T13:42:04.654+0000] {processor.py:186} INFO - Started process (PID=229) to work on /home/airflow/.local/lib/python3.12/site-packages/airflow/example_dags/example_setup_teardown.py
[2025-06-23T13:42:04.657+0000] {processor.py:914} INFO - Processing file /home/airflow/.local/lib/python3.12/site-packages/airflow/example_dags/example_setup_teardown.py for tasks to queue
[2025-06-23T13:42:04.663+0000] {logging_mixin.py:190} INFO - [2025-06-23T13:42:04.662+0000] {dagbag.py:588} INFO - Filling up the DagBag from /home/airflow/.local/lib/python3.12/site-packages/airflow/example_dags/example_setup_teardown.py
[2025-06-23T13:42:04.696+0000] {processor.py:925} INFO - DAG(s) 'example_setup_teardown' retrieved from /home/airflow/.local/lib/python3.12/site-packages/airflow/example_dags/example_setup_teardown.py
[2025-06-23T13:42:04.787+0000] {logging_mixin.py:190} INFO - [2025-06-23T13:42:04.787+0000] {dag.py:3239} INFO - Sync 1 DAGs
[2025-06-23T13:42:04.825+0000] {logging_mixin.py:190} INFO - [2025-06-23T13:42:04.825+0000] {dag.py:4180} INFO - Setting next_dagrun for example_setup_teardown to None, run_after=None
[2025-06-23T13:42:04.871+0000] {processor.py:208} INFO - Processing /home/airflow/.local/lib/python3.12/site-packages/airflow/example_dags/example_setup_teardown.py took 0.233 seconds
[2025-06-23T13:42:38.999+0000] {processor.py:186} INFO - Started process (PID=292) to work on /home/airflow/.local/lib/python3.12/site-packages/airflow/example_dags/example_setup_teardown.py
[2025-06-23T13:42:39.016+0000] {processor.py:914} INFO - Processing file /home/airflow/.local/lib/python3.12/site-packages/airflow/example_dags/example_setup_teardown.py for tasks to queue
[2025-06-23T13:42:39.039+0000] {logging_mixin.py:190} INFO - [2025-06-23T13:42:39.033+0000] {dagbag.py:588} INFO - Filling up the DagBag from /home/airflow/.local/lib/python3.12/site-packages/airflow/example_dags/example_setup_teardown.py
[2025-06-23T13:42:39.100+0000] {processor.py:925} INFO - DAG(s) 'example_setup_teardown' retrieved from /home/airflow/.local/lib/python3.12/site-packages/airflow/example_dags/example_setup_teardown.py
[2025-06-23T13:42:39.309+0000] {logging_mixin.py:190} INFO - [2025-06-23T13:42:39.308+0000] {dag.py:3239} INFO - Sync 1 DAGs
[2025-06-23T13:42:39.363+0000] {logging_mixin.py:190} INFO - [2025-06-23T13:42:39.362+0000] {dag.py:4180} INFO - Setting next_dagrun for example_setup_teardown to None, run_after=None
[2025-06-23T13:42:39.431+0000] {processor.py:208} INFO - Processing /home/airflow/.local/lib/python3.12/site-packages/airflow/example_dags/example_setup_teardown.py took 0.457 seconds
[2025-06-23T13:43:25.963+0000] {processor.py:186} INFO - Started process (PID=358) to work on /home/airflow/.local/lib/python3.12/site-packages/airflow/example_dags/example_setup_teardown.py
[2025-06-23T13:43:25.969+0000] {processor.py:914} INFO - Processing file /home/airflow/.local/lib/python3.12/site-packages/airflow/example_dags/example_setup_teardown.py for tasks to queue
[2025-06-23T13:43:25.979+0000] {logging_mixin.py:190} INFO - [2025-06-23T13:43:25.978+0000] {dagbag.py:588} INFO - Filling up the DagBag from /home/airflow/.local/lib/python3.12/site-packages/airflow/example_dags/example_setup_teardown.py
[2025-06-23T13:43:26.020+0000] {processor.py:925} INFO - DAG(s) 'example_setup_teardown' retrieved from /home/airflow/.local/lib/python3.12/site-packages/airflow/example_dags/example_setup_teardown.py
[2025-06-23T13:43:26.090+0000] {logging_mixin.py:190} INFO - [2025-06-23T13:43:26.089+0000] {dag.py:3239} INFO - Sync 1 DAGs
[2025-06-23T13:43:26.133+0000] {logging_mixin.py:190} INFO - [2025-06-23T13:43:26.131+0000] {dag.py:4180} INFO - Setting next_dagrun for example_setup_teardown to None, run_after=None
[2025-06-23T13:43:26.213+0000] {processor.py:208} INFO - Processing /home/airflow/.local/lib/python3.12/site-packages/airflow/example_dags/example_setup_teardown.py took 0.271 seconds
[2025-06-23T13:43:57.034+0000] {processor.py:186} INFO - Started process (PID=421) to work on /home/airflow/.local/lib/python3.12/site-packages/airflow/example_dags/example_setup_teardown.py
[2025-06-23T13:43:57.038+0000] {processor.py:914} INFO - Processing file /home/airflow/.local/lib/python3.12/site-packages/airflow/example_dags/example_setup_teardown.py for tasks to queue
[2025-06-23T13:43:57.042+0000] {logging_mixin.py:190} INFO - [2025-06-23T13:43:57.041+0000] {dagbag.py:588} INFO - Filling up the DagBag from /home/airflow/.local/lib/python3.12/site-packages/airflow/example_dags/example_setup_teardown.py
[2025-06-23T13:43:57.058+0000] {processor.py:925} INFO - DAG(s) 'example_setup_teardown' retrieved from /home/airflow/.local/lib/python3.12/site-packages/airflow/example_dags/example_setup_teardown.py
[2025-06-23T13:43:57.093+0000] {logging_mixin.py:190} INFO - [2025-06-23T13:43:57.092+0000] {dag.py:3239} INFO - Sync 1 DAGs
[2025-06-23T13:43:57.114+0000] {logging_mixin.py:190} INFO - [2025-06-23T13:43:57.113+0000] {dag.py:4180} INFO - Setting next_dagrun for example_setup_teardown to None, run_after=None
[2025-06-23T13:43:57.148+0000] {processor.py:208} INFO - Processing /home/airflow/.local/lib/python3.12/site-packages/airflow/example_dags/example_setup_teardown.py took 0.121 seconds
[2025-06-23T13:44:28.290+0000] {processor.py:186} INFO - Started process (PID=484) to work on /home/airflow/.local/lib/python3.12/site-packages/airflow/example_dags/example_setup_teardown.py
[2025-06-23T13:44:28.293+0000] {processor.py:914} INFO - Processing file /home/airflow/.local/lib/python3.12/site-packages/airflow/example_dags/example_setup_teardown.py for tasks to queue
[2025-06-23T13:44:28.302+0000] {logging_mixin.py:190} INFO - [2025-06-23T13:44:28.301+0000] {dagbag.py:588} INFO - Filling up the DagBag from /home/airflow/.local/lib/python3.12/site-packages/airflow/example_dags/example_setup_teardown.py
[2025-06-23T13:44:28.322+0000] {processor.py:925} INFO - DAG(s) 'example_setup_teardown' retrieved from /home/airflow/.local/lib/python3.12/site-packages/airflow/example_dags/example_setup_teardown.py
[2025-06-23T13:44:28.364+0000] {logging_mixin.py:190} INFO - [2025-06-23T13:44:28.364+0000] {dag.py:3239} INFO - Sync 1 DAGs
[2025-06-23T13:44:28.398+0000] {logging_mixin.py:190} INFO - [2025-06-23T13:44:28.397+0000] {dag.py:4180} INFO - Setting next_dagrun for example_setup_teardown to None, run_after=None
[2025-06-23T13:44:28.451+0000] {processor.py:208} INFO - Processing /home/airflow/.local/lib/python3.12/site-packages/airflow/example_dags/example_setup_teardown.py took 0.180 seconds
