[2025-06-23T13:41:03.291+0000] {processor.py:186} INFO - Started process (PID=109) to work on /home/airflow/.local/lib/python3.12/site-packages/airflow/example_dags/example_dag_decorator.py
[2025-06-23T13:41:03.292+0000] {processor.py:914} INFO - Processing file /home/airflow/.local/lib/python3.12/site-packages/airflow/example_dags/example_dag_decorator.py for tasks to queue
[2025-06-23T13:41:03.296+0000] {logging_mixin.py:190} INFO - [2025-06-23T13:41:03.296+0000] {dagbag.py:588} INFO - Filling up the DagBag from /home/airflow/.local/lib/python3.12/site-packages/airflow/example_dags/example_dag_decorator.py
[2025-06-23T13:41:03.318+0000] {processor.py:925} INFO - DAG(s) 'example_dag_decorator' retrieved from /home/airflow/.local/lib/python3.12/site-packages/airflow/example_dags/example_dag_decorator.py
[2025-06-23T13:41:03.536+0000] {logging_mixin.py:190} INFO - [2025-06-23T13:41:03.535+0000] {override.py:1911} INFO - Created Permission View: can read on DAG:example_dag_decorator
[2025-06-23T13:41:03.557+0000] {logging_mixin.py:190} INFO - [2025-06-23T13:41:03.557+0000] {override.py:1911} INFO - Created Permission View: can delete on DAG:example_dag_decorator
[2025-06-23T13:41:03.570+0000] {logging_mixin.py:190} INFO - [2025-06-23T13:41:03.569+0000] {override.py:1911} INFO - Created Permission View: can edit on DAG:example_dag_decorator
[2025-06-23T13:41:03.582+0000] {logging_mixin.py:190} INFO - [2025-06-23T13:41:03.582+0000] {override.py:1911} INFO - Created Permission View: can read on DAG Run:example_dag_decorator
[2025-06-23T13:41:03.594+0000] {logging_mixin.py:190} INFO - [2025-06-23T13:41:03.594+0000] {override.py:1911} INFO - Created Permission View: can create on DAG Run:example_dag_decorator
[2025-06-23T13:41:03.605+0000] {logging_mixin.py:190} INFO - [2025-06-23T13:41:03.605+0000] {override.py:1911} INFO - Created Permission View: can delete on DAG Run:example_dag_decorator
[2025-06-23T13:41:03.616+0000] {logging_mixin.py:190} INFO - [2025-06-23T13:41:03.616+0000] {override.py:1911} INFO - Created Permission View: menu access on DAG Run:example_dag_decorator
[2025-06-23T13:41:03.618+0000] {logging_mixin.py:190} INFO - [2025-06-23T13:41:03.617+0000] {dag.py:3239} INFO - Sync 1 DAGs
[2025-06-23T13:41:03.644+0000] {logging_mixin.py:190} INFO - [2025-06-23T13:41:03.644+0000] {dag.py:3262} INFO - Creating ORM DAG for example_dag_decorator
[2025-06-23T13:41:03.646+0000] {logging_mixin.py:190} INFO - [2025-06-23T13:41:03.646+0000] {dag.py:4180} INFO - Setting next_dagrun for example_dag_decorator to None, run_after=None
[2025-06-23T13:41:03.675+0000] {processor.py:208} INFO - Processing /home/airflow/.local/lib/python3.12/site-packages/airflow/example_dags/example_dag_decorator.py took 0.397 seconds
[2025-06-23T13:41:34.295+0000] {processor.py:186} INFO - Started process (PID=172) to work on /home/airflow/.local/lib/python3.12/site-packages/airflow/example_dags/example_dag_decorator.py
[2025-06-23T13:41:34.296+0000] {processor.py:914} INFO - Processing file /home/airflow/.local/lib/python3.12/site-packages/airflow/example_dags/example_dag_decorator.py for tasks to queue
[2025-06-23T13:41:34.299+0000] {logging_mixin.py:190} INFO - [2025-06-23T13:41:34.299+0000] {dagbag.py:588} INFO - Filling up the DagBag from /home/airflow/.local/lib/python3.12/site-packages/airflow/example_dags/example_dag_decorator.py
[2025-06-23T13:41:34.314+0000] {processor.py:925} INFO - DAG(s) 'example_dag_decorator' retrieved from /home/airflow/.local/lib/python3.12/site-packages/airflow/example_dags/example_dag_decorator.py
[2025-06-23T13:41:34.462+0000] {logging_mixin.py:190} INFO - [2025-06-23T13:41:34.461+0000] {dag.py:3239} INFO - Sync 1 DAGs
[2025-06-23T13:41:34.477+0000] {logging_mixin.py:190} INFO - [2025-06-23T13:41:34.477+0000] {dag.py:4180} INFO - Setting next_dagrun for example_dag_decorator to None, run_after=None
[2025-06-23T13:41:34.507+0000] {processor.py:208} INFO - Processing /home/airflow/.local/lib/python3.12/site-packages/airflow/example_dags/example_dag_decorator.py took 0.218 seconds
[2025-06-23T13:42:05.991+0000] {processor.py:186} INFO - Started process (PID=236) to work on /home/airflow/.local/lib/python3.12/site-packages/airflow/example_dags/example_dag_decorator.py
[2025-06-23T13:42:05.995+0000] {processor.py:914} INFO - Processing file /home/airflow/.local/lib/python3.12/site-packages/airflow/example_dags/example_dag_decorator.py for tasks to queue
[2025-06-23T13:42:06.001+0000] {logging_mixin.py:190} INFO - [2025-06-23T13:42:06.000+0000] {dagbag.py:588} INFO - Filling up the DagBag from /home/airflow/.local/lib/python3.12/site-packages/airflow/example_dags/example_dag_decorator.py
[2025-06-23T13:42:06.040+0000] {processor.py:925} INFO - DAG(s) 'example_dag_decorator' retrieved from /home/airflow/.local/lib/python3.12/site-packages/airflow/example_dags/example_dag_decorator.py
[2025-06-23T13:42:06.342+0000] {logging_mixin.py:190} INFO - [2025-06-23T13:42:06.342+0000] {dag.py:3239} INFO - Sync 1 DAGs
[2025-06-23T13:42:06.373+0000] {logging_mixin.py:190} INFO - [2025-06-23T13:42:06.372+0000] {dag.py:4180} INFO - Setting next_dagrun for example_dag_decorator to None, run_after=None
[2025-06-23T13:42:06.450+0000] {processor.py:208} INFO - Processing /home/airflow/.local/lib/python3.12/site-packages/airflow/example_dags/example_dag_decorator.py took 0.472 seconds
[2025-06-23T13:42:41.305+0000] {processor.py:186} INFO - Started process (PID=298) to work on /home/airflow/.local/lib/python3.12/site-packages/airflow/example_dags/example_dag_decorator.py
[2025-06-23T13:42:41.308+0000] {processor.py:914} INFO - Processing file /home/airflow/.local/lib/python3.12/site-packages/airflow/example_dags/example_dag_decorator.py for tasks to queue
[2025-06-23T13:42:41.316+0000] {logging_mixin.py:190} INFO - [2025-06-23T13:42:41.315+0000] {dagbag.py:588} INFO - Filling up the DagBag from /home/airflow/.local/lib/python3.12/site-packages/airflow/example_dags/example_dag_decorator.py
[2025-06-23T13:42:41.368+0000] {processor.py:925} INFO - DAG(s) 'example_dag_decorator' retrieved from /home/airflow/.local/lib/python3.12/site-packages/airflow/example_dags/example_dag_decorator.py
[2025-06-23T13:42:42.609+0000] {logging_mixin.py:190} INFO - [2025-06-23T13:42:42.600+0000] {dag.py:3239} INFO - Sync 1 DAGs
[2025-06-23T13:42:42.649+0000] {logging_mixin.py:190} INFO - [2025-06-23T13:42:42.648+0000] {dag.py:4180} INFO - Setting next_dagrun for example_dag_decorator to None, run_after=None
[2025-06-23T13:42:42.781+0000] {processor.py:208} INFO - Processing /home/airflow/.local/lib/python3.12/site-packages/airflow/example_dags/example_dag_decorator.py took 1.495 seconds
[2025-06-23T13:43:27.401+0000] {processor.py:186} INFO - Started process (PID=364) to work on /home/airflow/.local/lib/python3.12/site-packages/airflow/example_dags/example_dag_decorator.py
[2025-06-23T13:43:27.403+0000] {processor.py:914} INFO - Processing file /home/airflow/.local/lib/python3.12/site-packages/airflow/example_dags/example_dag_decorator.py for tasks to queue
[2025-06-23T13:43:27.407+0000] {logging_mixin.py:190} INFO - [2025-06-23T13:43:27.407+0000] {dagbag.py:588} INFO - Filling up the DagBag from /home/airflow/.local/lib/python3.12/site-packages/airflow/example_dags/example_dag_decorator.py
[2025-06-23T13:43:27.465+0000] {processor.py:925} INFO - DAG(s) 'example_dag_decorator' retrieved from /home/airflow/.local/lib/python3.12/site-packages/airflow/example_dags/example_dag_decorator.py
[2025-06-23T13:43:27.901+0000] {logging_mixin.py:190} INFO - [2025-06-23T13:43:27.900+0000] {dag.py:3239} INFO - Sync 1 DAGs
[2025-06-23T13:43:27.934+0000] {logging_mixin.py:190} INFO - [2025-06-23T13:43:27.933+0000] {dag.py:4180} INFO - Setting next_dagrun for example_dag_decorator to None, run_after=None
[2025-06-23T13:43:27.983+0000] {processor.py:208} INFO - Processing /home/airflow/.local/lib/python3.12/site-packages/airflow/example_dags/example_dag_decorator.py took 0.597 seconds
[2025-06-23T13:43:58.672+0000] {processor.py:186} INFO - Started process (PID=427) to work on /home/airflow/.local/lib/python3.12/site-packages/airflow/example_dags/example_dag_decorator.py
[2025-06-23T13:43:58.673+0000] {processor.py:914} INFO - Processing file /home/airflow/.local/lib/python3.12/site-packages/airflow/example_dags/example_dag_decorator.py for tasks to queue
[2025-06-23T13:43:58.677+0000] {logging_mixin.py:190} INFO - [2025-06-23T13:43:58.676+0000] {dagbag.py:588} INFO - Filling up the DagBag from /home/airflow/.local/lib/python3.12/site-packages/airflow/example_dags/example_dag_decorator.py
[2025-06-23T13:43:58.697+0000] {processor.py:925} INFO - DAG(s) 'example_dag_decorator' retrieved from /home/airflow/.local/lib/python3.12/site-packages/airflow/example_dags/example_dag_decorator.py
[2025-06-23T13:43:58.960+0000] {logging_mixin.py:190} INFO - [2025-06-23T13:43:58.960+0000] {dag.py:3239} INFO - Sync 1 DAGs
[2025-06-23T13:43:58.979+0000] {logging_mixin.py:190} INFO - [2025-06-23T13:43:58.978+0000] {dag.py:4180} INFO - Setting next_dagrun for example_dag_decorator to None, run_after=None
[2025-06-23T13:43:59.012+0000] {processor.py:208} INFO - Processing /home/airflow/.local/lib/python3.12/site-packages/airflow/example_dags/example_dag_decorator.py took 0.348 seconds
[2025-06-23T13:44:29.162+0000] {processor.py:186} INFO - Started process (PID=492) to work on /home/airflow/.local/lib/python3.12/site-packages/airflow/example_dags/example_dag_decorator.py
[2025-06-23T13:44:29.164+0000] {processor.py:914} INFO - Processing file /home/airflow/.local/lib/python3.12/site-packages/airflow/example_dags/example_dag_decorator.py for tasks to queue
[2025-06-23T13:44:29.169+0000] {logging_mixin.py:190} INFO - [2025-06-23T13:44:29.168+0000] {dagbag.py:588} INFO - Filling up the DagBag from /home/airflow/.local/lib/python3.12/site-packages/airflow/example_dags/example_dag_decorator.py
[2025-06-23T13:44:29.206+0000] {processor.py:925} INFO - DAG(s) 'example_dag_decorator' retrieved from /home/airflow/.local/lib/python3.12/site-packages/airflow/example_dags/example_dag_decorator.py
[2025-06-23T13:44:29.393+0000] {logging_mixin.py:190} INFO - [2025-06-23T13:44:29.393+0000] {dag.py:3239} INFO - Sync 1 DAGs
[2025-06-23T13:44:29.413+0000] {logging_mixin.py:190} INFO - [2025-06-23T13:44:29.413+0000] {dag.py:4180} INFO - Setting next_dagrun for example_dag_decorator to None, run_after=None
[2025-06-23T13:44:29.448+0000] {processor.py:208} INFO - Processing /home/airflow/.local/lib/python3.12/site-packages/airflow/example_dags/example_dag_decorator.py took 0.297 seconds
