[2025-06-23T13:40:59.915+0000] {processor.py:186} INFO - Started process (PID=98) to work on /home/airflow/.local/lib/python3.12/site-packages/airflow/example_dags/example_external_task_marker_dag.py
[2025-06-23T13:40:59.917+0000] {processor.py:914} INFO - Processing file /home/airflow/.local/lib/python3.12/site-packages/airflow/example_dags/example_external_task_marker_dag.py for tasks to queue
[2025-06-23T13:40:59.921+0000] {logging_mixin.py:190} INFO - [2025-06-23T13:40:59.920+0000] {dagbag.py:588} INFO - Filling up the DagBag from /home/airflow/.local/lib/python3.12/site-packages/airflow/example_dags/example_external_task_marker_dag.py
[2025-06-23T13:40:59.936+0000] {processor.py:925} INFO - DAG(s) 'example_external_task_marker_parent', 'example_external_task_marker_child' retrieved from /home/airflow/.local/lib/python3.12/site-packages/airflow/example_dags/example_external_task_marker_dag.py
[2025-06-23T13:41:00.127+0000] {logging_mixin.py:190} INFO - [2025-06-23T13:41:00.126+0000] {override.py:1911} INFO - Created Permission View: can read on DAG:example_external_task_marker_parent
[2025-06-23T13:41:00.144+0000] {logging_mixin.py:190} INFO - [2025-06-23T13:41:00.143+0000] {override.py:1911} INFO - Created Permission View: can delete on DAG:example_external_task_marker_parent
[2025-06-23T13:41:00.160+0000] {logging_mixin.py:190} INFO - [2025-06-23T13:41:00.159+0000] {override.py:1911} INFO - Created Permission View: can edit on DAG:example_external_task_marker_parent
[2025-06-23T13:41:00.172+0000] {logging_mixin.py:190} INFO - [2025-06-23T13:41:00.171+0000] {override.py:1911} INFO - Created Permission View: can read on DAG Run:example_external_task_marker_parent
[2025-06-23T13:41:00.184+0000] {logging_mixin.py:190} INFO - [2025-06-23T13:41:00.184+0000] {override.py:1911} INFO - Created Permission View: can create on DAG Run:example_external_task_marker_parent
[2025-06-23T13:41:00.197+0000] {logging_mixin.py:190} INFO - [2025-06-23T13:41:00.196+0000] {override.py:1911} INFO - Created Permission View: can delete on DAG Run:example_external_task_marker_parent
[2025-06-23T13:41:00.208+0000] {logging_mixin.py:190} INFO - [2025-06-23T13:41:00.208+0000] {override.py:1911} INFO - Created Permission View: menu access on DAG Run:example_external_task_marker_parent
[2025-06-23T13:41:00.232+0000] {logging_mixin.py:190} INFO - [2025-06-23T13:41:00.231+0000] {override.py:1911} INFO - Created Permission View: can read on DAG:example_external_task_marker_child
[2025-06-23T13:41:00.243+0000] {logging_mixin.py:190} INFO - [2025-06-23T13:41:00.242+0000] {override.py:1911} INFO - Created Permission View: can delete on DAG:example_external_task_marker_child
[2025-06-23T13:41:00.253+0000] {logging_mixin.py:190} INFO - [2025-06-23T13:41:00.253+0000] {override.py:1911} INFO - Created Permission View: can edit on DAG:example_external_task_marker_child
[2025-06-23T13:41:00.265+0000] {logging_mixin.py:190} INFO - [2025-06-23T13:41:00.265+0000] {override.py:1911} INFO - Created Permission View: can read on DAG Run:example_external_task_marker_child
[2025-06-23T13:41:00.276+0000] {logging_mixin.py:190} INFO - [2025-06-23T13:41:00.275+0000] {override.py:1911} INFO - Created Permission View: can create on DAG Run:example_external_task_marker_child
[2025-06-23T13:41:00.288+0000] {logging_mixin.py:190} INFO - [2025-06-23T13:41:00.287+0000] {override.py:1911} INFO - Created Permission View: can delete on DAG Run:example_external_task_marker_child
[2025-06-23T13:41:00.298+0000] {logging_mixin.py:190} INFO - [2025-06-23T13:41:00.298+0000] {override.py:1911} INFO - Created Permission View: menu access on DAG Run:example_external_task_marker_child
[2025-06-23T13:41:00.299+0000] {logging_mixin.py:190} INFO - [2025-06-23T13:41:00.299+0000] {dag.py:3239} INFO - Sync 2 DAGs
[2025-06-23T13:41:00.320+0000] {logging_mixin.py:190} INFO - [2025-06-23T13:41:00.320+0000] {dag.py:3262} INFO - Creating ORM DAG for example_external_task_marker_parent
[2025-06-23T13:41:00.322+0000] {logging_mixin.py:190} INFO - [2025-06-23T13:41:00.322+0000] {dag.py:3262} INFO - Creating ORM DAG for example_external_task_marker_child
[2025-06-23T13:41:00.323+0000] {logging_mixin.py:190} INFO - [2025-06-23T13:41:00.323+0000] {dag.py:4180} INFO - Setting next_dagrun for example_external_task_marker_child to None, run_after=None
[2025-06-23T13:41:00.325+0000] {logging_mixin.py:190} INFO - [2025-06-23T13:41:00.325+0000] {dag.py:4180} INFO - Setting next_dagrun for example_external_task_marker_parent to None, run_after=None
[2025-06-23T13:41:00.352+0000] {processor.py:208} INFO - Processing /home/airflow/.local/lib/python3.12/site-packages/airflow/example_dags/example_external_task_marker_dag.py took 0.447 seconds
[2025-06-23T13:41:31.059+0000] {processor.py:186} INFO - Started process (PID=160) to work on /home/airflow/.local/lib/python3.12/site-packages/airflow/example_dags/example_external_task_marker_dag.py
[2025-06-23T13:41:31.061+0000] {processor.py:914} INFO - Processing file /home/airflow/.local/lib/python3.12/site-packages/airflow/example_dags/example_external_task_marker_dag.py for tasks to queue
[2025-06-23T13:41:31.064+0000] {logging_mixin.py:190} INFO - [2025-06-23T13:41:31.064+0000] {dagbag.py:588} INFO - Filling up the DagBag from /home/airflow/.local/lib/python3.12/site-packages/airflow/example_dags/example_external_task_marker_dag.py
[2025-06-23T13:41:31.076+0000] {processor.py:925} INFO - DAG(s) 'example_external_task_marker_parent', 'example_external_task_marker_child' retrieved from /home/airflow/.local/lib/python3.12/site-packages/airflow/example_dags/example_external_task_marker_dag.py
[2025-06-23T13:41:31.107+0000] {logging_mixin.py:190} INFO - [2025-06-23T13:41:31.106+0000] {dag.py:3239} INFO - Sync 2 DAGs
[2025-06-23T13:41:31.130+0000] {logging_mixin.py:190} INFO - [2025-06-23T13:41:31.130+0000] {dag.py:4180} INFO - Setting next_dagrun for example_external_task_marker_child to None, run_after=None
[2025-06-23T13:41:31.136+0000] {logging_mixin.py:190} INFO - [2025-06-23T13:41:31.136+0000] {dag.py:4180} INFO - Setting next_dagrun for example_external_task_marker_parent to None, run_after=None
[2025-06-23T13:41:31.170+0000] {processor.py:208} INFO - Processing /home/airflow/.local/lib/python3.12/site-packages/airflow/example_dags/example_external_task_marker_dag.py took 0.118 seconds
[2025-06-23T13:42:01.856+0000] {processor.py:186} INFO - Started process (PID=224) to work on /home/airflow/.local/lib/python3.12/site-packages/airflow/example_dags/example_external_task_marker_dag.py
[2025-06-23T13:42:01.858+0000] {processor.py:914} INFO - Processing file /home/airflow/.local/lib/python3.12/site-packages/airflow/example_dags/example_external_task_marker_dag.py for tasks to queue
[2025-06-23T13:42:01.862+0000] {logging_mixin.py:190} INFO - [2025-06-23T13:42:01.862+0000] {dagbag.py:588} INFO - Filling up the DagBag from /home/airflow/.local/lib/python3.12/site-packages/airflow/example_dags/example_external_task_marker_dag.py
[2025-06-23T13:42:01.881+0000] {processor.py:925} INFO - DAG(s) 'example_external_task_marker_parent', 'example_external_task_marker_child' retrieved from /home/airflow/.local/lib/python3.12/site-packages/airflow/example_dags/example_external_task_marker_dag.py
[2025-06-23T13:42:01.937+0000] {logging_mixin.py:190} INFO - [2025-06-23T13:42:01.936+0000] {dag.py:3239} INFO - Sync 2 DAGs
[2025-06-23T13:42:01.981+0000] {logging_mixin.py:190} INFO - [2025-06-23T13:42:01.980+0000] {dag.py:4180} INFO - Setting next_dagrun for example_external_task_marker_child to None, run_after=None
[2025-06-23T13:42:01.991+0000] {logging_mixin.py:190} INFO - [2025-06-23T13:42:01.990+0000] {dag.py:4180} INFO - Setting next_dagrun for example_external_task_marker_parent to None, run_after=None
[2025-06-23T13:42:02.093+0000] {processor.py:208} INFO - Processing /home/airflow/.local/lib/python3.12/site-packages/airflow/example_dags/example_external_task_marker_dag.py took 0.249 seconds
[2025-06-23T13:42:37.729+0000] {processor.py:186} INFO - Started process (PID=287) to work on /home/airflow/.local/lib/python3.12/site-packages/airflow/example_dags/example_external_task_marker_dag.py
[2025-06-23T13:42:37.736+0000] {processor.py:914} INFO - Processing file /home/airflow/.local/lib/python3.12/site-packages/airflow/example_dags/example_external_task_marker_dag.py for tasks to queue
[2025-06-23T13:42:37.746+0000] {logging_mixin.py:190} INFO - [2025-06-23T13:42:37.744+0000] {dagbag.py:588} INFO - Filling up the DagBag from /home/airflow/.local/lib/python3.12/site-packages/airflow/example_dags/example_external_task_marker_dag.py
[2025-06-23T13:42:37.779+0000] {processor.py:925} INFO - DAG(s) 'example_external_task_marker_child', 'example_external_task_marker_parent' retrieved from /home/airflow/.local/lib/python3.12/site-packages/airflow/example_dags/example_external_task_marker_dag.py
[2025-06-23T13:42:37.854+0000] {logging_mixin.py:190} INFO - [2025-06-23T13:42:37.853+0000] {dag.py:3239} INFO - Sync 2 DAGs
[2025-06-23T13:42:37.895+0000] {logging_mixin.py:190} INFO - [2025-06-23T13:42:37.895+0000] {dag.py:4180} INFO - Setting next_dagrun for example_external_task_marker_child to None, run_after=None
[2025-06-23T13:42:37.905+0000] {logging_mixin.py:190} INFO - [2025-06-23T13:42:37.904+0000] {dag.py:4180} INFO - Setting next_dagrun for example_external_task_marker_parent to None, run_after=None
[2025-06-23T13:42:37.949+0000] {processor.py:208} INFO - Processing /home/airflow/.local/lib/python3.12/site-packages/airflow/example_dags/example_external_task_marker_dag.py took 0.247 seconds
[2025-06-23T13:43:24.880+0000] {processor.py:186} INFO - Started process (PID=353) to work on /home/airflow/.local/lib/python3.12/site-packages/airflow/example_dags/example_external_task_marker_dag.py
[2025-06-23T13:43:24.883+0000] {processor.py:914} INFO - Processing file /home/airflow/.local/lib/python3.12/site-packages/airflow/example_dags/example_external_task_marker_dag.py for tasks to queue
[2025-06-23T13:43:24.895+0000] {logging_mixin.py:190} INFO - [2025-06-23T13:43:24.894+0000] {dagbag.py:588} INFO - Filling up the DagBag from /home/airflow/.local/lib/python3.12/site-packages/airflow/example_dags/example_external_task_marker_dag.py
[2025-06-23T13:43:24.938+0000] {processor.py:925} INFO - DAG(s) 'example_external_task_marker_child', 'example_external_task_marker_parent' retrieved from /home/airflow/.local/lib/python3.12/site-packages/airflow/example_dags/example_external_task_marker_dag.py
[2025-06-23T13:43:25.029+0000] {logging_mixin.py:190} INFO - [2025-06-23T13:43:25.029+0000] {dag.py:3239} INFO - Sync 2 DAGs
[2025-06-23T13:43:25.087+0000] {logging_mixin.py:190} INFO - [2025-06-23T13:43:25.087+0000] {dag.py:4180} INFO - Setting next_dagrun for example_external_task_marker_child to None, run_after=None
[2025-06-23T13:43:25.096+0000] {logging_mixin.py:190} INFO - [2025-06-23T13:43:25.096+0000] {dag.py:4180} INFO - Setting next_dagrun for example_external_task_marker_parent to None, run_after=None
[2025-06-23T13:43:25.175+0000] {processor.py:208} INFO - Processing /home/airflow/.local/lib/python3.12/site-packages/airflow/example_dags/example_external_task_marker_dag.py took 0.315 seconds
[2025-06-23T13:43:55.554+0000] {processor.py:186} INFO - Started process (PID=416) to work on /home/airflow/.local/lib/python3.12/site-packages/airflow/example_dags/example_external_task_marker_dag.py
[2025-06-23T13:43:55.556+0000] {processor.py:914} INFO - Processing file /home/airflow/.local/lib/python3.12/site-packages/airflow/example_dags/example_external_task_marker_dag.py for tasks to queue
[2025-06-23T13:43:55.560+0000] {logging_mixin.py:190} INFO - [2025-06-23T13:43:55.560+0000] {dagbag.py:588} INFO - Filling up the DagBag from /home/airflow/.local/lib/python3.12/site-packages/airflow/example_dags/example_external_task_marker_dag.py
[2025-06-23T13:43:55.577+0000] {processor.py:925} INFO - DAG(s) 'example_external_task_marker_parent', 'example_external_task_marker_child' retrieved from /home/airflow/.local/lib/python3.12/site-packages/airflow/example_dags/example_external_task_marker_dag.py
[2025-06-23T13:43:55.625+0000] {logging_mixin.py:190} INFO - [2025-06-23T13:43:55.625+0000] {dag.py:3239} INFO - Sync 2 DAGs
[2025-06-23T13:43:55.659+0000] {logging_mixin.py:190} INFO - [2025-06-23T13:43:55.658+0000] {dag.py:4180} INFO - Setting next_dagrun for example_external_task_marker_child to None, run_after=None
[2025-06-23T13:43:55.668+0000] {logging_mixin.py:190} INFO - [2025-06-23T13:43:55.667+0000] {dag.py:4180} INFO - Setting next_dagrun for example_external_task_marker_parent to None, run_after=None
[2025-06-23T13:43:55.712+0000] {processor.py:208} INFO - Processing /home/airflow/.local/lib/python3.12/site-packages/airflow/example_dags/example_external_task_marker_dag.py took 0.168 seconds
[2025-06-23T13:44:27.110+0000] {processor.py:186} INFO - Started process (PID=479) to work on /home/airflow/.local/lib/python3.12/site-packages/airflow/example_dags/example_external_task_marker_dag.py
[2025-06-23T13:44:27.113+0000] {processor.py:914} INFO - Processing file /home/airflow/.local/lib/python3.12/site-packages/airflow/example_dags/example_external_task_marker_dag.py for tasks to queue
[2025-06-23T13:44:27.118+0000] {logging_mixin.py:190} INFO - [2025-06-23T13:44:27.117+0000] {dagbag.py:588} INFO - Filling up the DagBag from /home/airflow/.local/lib/python3.12/site-packages/airflow/example_dags/example_external_task_marker_dag.py
[2025-06-23T13:44:27.134+0000] {processor.py:925} INFO - DAG(s) 'example_external_task_marker_parent', 'example_external_task_marker_child' retrieved from /home/airflow/.local/lib/python3.12/site-packages/airflow/example_dags/example_external_task_marker_dag.py
[2025-06-23T13:44:27.188+0000] {logging_mixin.py:190} INFO - [2025-06-23T13:44:27.188+0000] {dag.py:3239} INFO - Sync 2 DAGs
[2025-06-23T13:44:27.226+0000] {logging_mixin.py:190} INFO - [2025-06-23T13:44:27.225+0000] {dag.py:4180} INFO - Setting next_dagrun for example_external_task_marker_child to None, run_after=None
[2025-06-23T13:44:27.234+0000] {logging_mixin.py:190} INFO - [2025-06-23T13:44:27.234+0000] {dag.py:4180} INFO - Setting next_dagrun for example_external_task_marker_parent to None, run_after=None
[2025-06-23T13:44:27.269+0000] {processor.py:208} INFO - Processing /home/airflow/.local/lib/python3.12/site-packages/airflow/example_dags/example_external_task_marker_dag.py took 0.173 seconds
