[2025-06-23T13:40:58.165+0000] {processor.py:186} INFO - Started process (PID=92) to work on /home/airflow/.local/lib/python3.12/site-packages/airflow/example_dags/example_branch_operator.py
[2025-06-23T13:40:58.167+0000] {processor.py:914} INFO - Processing file /home/airflow/.local/lib/python3.12/site-packages/airflow/example_dags/example_branch_operator.py for tasks to queue
[2025-06-23T13:40:58.175+0000] {logging_mixin.py:190} INFO - [2025-06-23T13:40:58.174+0000] {dagbag.py:588} INFO - Filling up the DagBag from /home/airflow/.local/lib/python3.12/site-packages/airflow/example_dags/example_branch_operator.py
[2025-06-23T13:40:58.246+0000] {processor.py:925} INFO - DAG(s) 'example_branch_operator' retrieved from /home/airflow/.local/lib/python3.12/site-packages/airflow/example_dags/example_branch_operator.py
[2025-06-23T13:40:58.560+0000] {logging_mixin.py:190} INFO - [2025-06-23T13:40:58.559+0000] {override.py:1911} INFO - Created Permission View: can read on DAG:example_branch_operator
[2025-06-23T13:40:58.580+0000] {logging_mixin.py:190} INFO - [2025-06-23T13:40:58.579+0000] {override.py:1911} INFO - Created Permission View: can delete on DAG:example_branch_operator
[2025-06-23T13:40:58.598+0000] {logging_mixin.py:190} INFO - [2025-06-23T13:40:58.597+0000] {override.py:1911} INFO - Created Permission View: can edit on DAG:example_branch_operator
[2025-06-23T13:40:58.616+0000] {logging_mixin.py:190} INFO - [2025-06-23T13:40:58.615+0000] {override.py:1911} INFO - Created Permission View: can read on DAG Run:example_branch_operator
[2025-06-23T13:40:58.629+0000] {logging_mixin.py:190} INFO - [2025-06-23T13:40:58.629+0000] {override.py:1911} INFO - Created Permission View: can create on DAG Run:example_branch_operator
[2025-06-23T13:40:58.643+0000] {logging_mixin.py:190} INFO - [2025-06-23T13:40:58.642+0000] {override.py:1911} INFO - Created Permission View: can delete on DAG Run:example_branch_operator
[2025-06-23T13:40:58.658+0000] {logging_mixin.py:190} INFO - [2025-06-23T13:40:58.658+0000] {override.py:1911} INFO - Created Permission View: menu access on DAG Run:example_branch_operator
[2025-06-23T13:40:58.660+0000] {logging_mixin.py:190} INFO - [2025-06-23T13:40:58.659+0000] {dag.py:3239} INFO - Sync 1 DAGs
[2025-06-23T13:40:58.694+0000] {logging_mixin.py:190} INFO - [2025-06-23T13:40:58.694+0000] {dag.py:3262} INFO - Creating ORM DAG for example_branch_operator
[2025-06-23T13:40:58.714+0000] {logging_mixin.py:190} INFO - [2025-06-23T13:40:58.714+0000] {dag.py:4180} INFO - Setting next_dagrun for example_branch_operator to 2025-06-22 00:00:00+00:00, run_after=2025-06-23 00:00:00+00:00
[2025-06-23T13:40:58.745+0000] {processor.py:208} INFO - Processing /home/airflow/.local/lib/python3.12/site-packages/airflow/example_dags/example_branch_operator.py took 0.598 seconds
[2025-06-23T13:41:29.611+0000] {processor.py:186} INFO - Started process (PID=155) to work on /home/airflow/.local/lib/python3.12/site-packages/airflow/example_dags/example_branch_operator.py
[2025-06-23T13:41:29.613+0000] {processor.py:914} INFO - Processing file /home/airflow/.local/lib/python3.12/site-packages/airflow/example_dags/example_branch_operator.py for tasks to queue
[2025-06-23T13:41:29.617+0000] {logging_mixin.py:190} INFO - [2025-06-23T13:41:29.616+0000] {dagbag.py:588} INFO - Filling up the DagBag from /home/airflow/.local/lib/python3.12/site-packages/airflow/example_dags/example_branch_operator.py
[2025-06-23T13:41:29.642+0000] {processor.py:925} INFO - DAG(s) 'example_branch_operator' retrieved from /home/airflow/.local/lib/python3.12/site-packages/airflow/example_dags/example_branch_operator.py
[2025-06-23T13:41:29.693+0000] {logging_mixin.py:190} INFO - [2025-06-23T13:41:29.693+0000] {dag.py:3239} INFO - Sync 1 DAGs
[2025-06-23T13:41:29.743+0000] {logging_mixin.py:190} INFO - [2025-06-23T13:41:29.742+0000] {dag.py:4180} INFO - Setting next_dagrun for example_branch_operator to 2025-06-22 00:00:00+00:00, run_after=2025-06-23 00:00:00+00:00
[2025-06-23T13:41:29.770+0000] {processor.py:208} INFO - Processing /home/airflow/.local/lib/python3.12/site-packages/airflow/example_dags/example_branch_operator.py took 0.166 seconds
[2025-06-23T13:42:00.230+0000] {processor.py:186} INFO - Started process (PID=219) to work on /home/airflow/.local/lib/python3.12/site-packages/airflow/example_dags/example_branch_operator.py
[2025-06-23T13:42:00.232+0000] {processor.py:914} INFO - Processing file /home/airflow/.local/lib/python3.12/site-packages/airflow/example_dags/example_branch_operator.py for tasks to queue
[2025-06-23T13:42:00.238+0000] {logging_mixin.py:190} INFO - [2025-06-23T13:42:00.237+0000] {dagbag.py:588} INFO - Filling up the DagBag from /home/airflow/.local/lib/python3.12/site-packages/airflow/example_dags/example_branch_operator.py
[2025-06-23T13:42:00.275+0000] {processor.py:925} INFO - DAG(s) 'example_branch_operator' retrieved from /home/airflow/.local/lib/python3.12/site-packages/airflow/example_dags/example_branch_operator.py
[2025-06-23T13:42:00.337+0000] {logging_mixin.py:190} INFO - [2025-06-23T13:42:00.333+0000] {dag.py:3239} INFO - Sync 1 DAGs
[2025-06-23T13:42:00.409+0000] {logging_mixin.py:190} INFO - [2025-06-23T13:42:00.408+0000] {dag.py:4180} INFO - Setting next_dagrun for example_branch_operator to 2025-06-22 00:00:00+00:00, run_after=2025-06-23 00:00:00+00:00
[2025-06-23T13:42:00.492+0000] {processor.py:208} INFO - Processing /home/airflow/.local/lib/python3.12/site-packages/airflow/example_dags/example_branch_operator.py took 0.274 seconds
[2025-06-23T13:42:31.384+0000] {processor.py:186} INFO - Started process (PID=282) to work on /home/airflow/.local/lib/python3.12/site-packages/airflow/example_dags/example_branch_operator.py
[2025-06-23T13:42:31.390+0000] {processor.py:914} INFO - Processing file /home/airflow/.local/lib/python3.12/site-packages/airflow/example_dags/example_branch_operator.py for tasks to queue
[2025-06-23T13:42:31.406+0000] {logging_mixin.py:190} INFO - [2025-06-23T13:42:31.405+0000] {dagbag.py:588} INFO - Filling up the DagBag from /home/airflow/.local/lib/python3.12/site-packages/airflow/example_dags/example_branch_operator.py
[2025-06-23T13:42:31.529+0000] {processor.py:925} INFO - DAG(s) 'example_branch_operator' retrieved from /home/airflow/.local/lib/python3.12/site-packages/airflow/example_dags/example_branch_operator.py
[2025-06-23T13:42:35.421+0000] {logging_mixin.py:190} INFO - [2025-06-23T13:42:35.420+0000] {dag.py:3239} INFO - Sync 1 DAGs
[2025-06-23T13:42:35.876+0000] {logging_mixin.py:190} INFO - [2025-06-23T13:42:35.873+0000] {dag.py:4180} INFO - Setting next_dagrun for example_branch_operator to 2025-06-22 00:00:00+00:00, run_after=2025-06-23 00:00:00+00:00
[2025-06-23T13:42:36.025+0000] {processor.py:208} INFO - Processing /home/airflow/.local/lib/python3.12/site-packages/airflow/example_dags/example_branch_operator.py took 4.682 seconds
[2025-06-23T13:43:23.314+0000] {processor.py:186} INFO - Started process (PID=348) to work on /home/airflow/.local/lib/python3.12/site-packages/airflow/example_dags/example_branch_operator.py
[2025-06-23T13:43:23.317+0000] {processor.py:914} INFO - Processing file /home/airflow/.local/lib/python3.12/site-packages/airflow/example_dags/example_branch_operator.py for tasks to queue
[2025-06-23T13:43:23.325+0000] {logging_mixin.py:190} INFO - [2025-06-23T13:43:23.325+0000] {dagbag.py:588} INFO - Filling up the DagBag from /home/airflow/.local/lib/python3.12/site-packages/airflow/example_dags/example_branch_operator.py
[2025-06-23T13:43:23.434+0000] {processor.py:925} INFO - DAG(s) 'example_branch_operator' retrieved from /home/airflow/.local/lib/python3.12/site-packages/airflow/example_dags/example_branch_operator.py
[2025-06-23T13:43:23.615+0000] {logging_mixin.py:190} INFO - [2025-06-23T13:43:23.612+0000] {dag.py:3239} INFO - Sync 1 DAGs
[2025-06-23T13:43:23.892+0000] {logging_mixin.py:190} INFO - [2025-06-23T13:43:23.891+0000] {dag.py:4180} INFO - Setting next_dagrun for example_branch_operator to 2025-06-22 00:00:00+00:00, run_after=2025-06-23 00:00:00+00:00
[2025-06-23T13:43:24.045+0000] {processor.py:208} INFO - Processing /home/airflow/.local/lib/python3.12/site-packages/airflow/example_dags/example_branch_operator.py took 0.751 seconds
[2025-06-23T13:43:54.736+0000] {processor.py:186} INFO - Started process (PID=411) to work on /home/airflow/.local/lib/python3.12/site-packages/airflow/example_dags/example_branch_operator.py
[2025-06-23T13:43:54.740+0000] {processor.py:914} INFO - Processing file /home/airflow/.local/lib/python3.12/site-packages/airflow/example_dags/example_branch_operator.py for tasks to queue
[2025-06-23T13:43:54.745+0000] {logging_mixin.py:190} INFO - [2025-06-23T13:43:54.744+0000] {dagbag.py:588} INFO - Filling up the DagBag from /home/airflow/.local/lib/python3.12/site-packages/airflow/example_dags/example_branch_operator.py
[2025-06-23T13:43:54.796+0000] {processor.py:925} INFO - DAG(s) 'example_branch_operator' retrieved from /home/airflow/.local/lib/python3.12/site-packages/airflow/example_dags/example_branch_operator.py
[2025-06-23T13:43:54.901+0000] {logging_mixin.py:190} INFO - [2025-06-23T13:43:54.901+0000] {dag.py:3239} INFO - Sync 1 DAGs
[2025-06-23T13:43:54.966+0000] {logging_mixin.py:190} INFO - [2025-06-23T13:43:54.966+0000] {dag.py:4180} INFO - Setting next_dagrun for example_branch_operator to 2025-06-22 00:00:00+00:00, run_after=2025-06-23 00:00:00+00:00
[2025-06-23T13:43:55.016+0000] {processor.py:208} INFO - Processing /home/airflow/.local/lib/python3.12/site-packages/airflow/example_dags/example_branch_operator.py took 0.295 seconds
[2025-06-23T13:44:25.182+0000] {processor.py:186} INFO - Started process (PID=473) to work on /home/airflow/.local/lib/python3.12/site-packages/airflow/example_dags/example_branch_operator.py
[2025-06-23T13:44:25.184+0000] {processor.py:914} INFO - Processing file /home/airflow/.local/lib/python3.12/site-packages/airflow/example_dags/example_branch_operator.py for tasks to queue
[2025-06-23T13:44:25.189+0000] {logging_mixin.py:190} INFO - [2025-06-23T13:44:25.188+0000] {dagbag.py:588} INFO - Filling up the DagBag from /home/airflow/.local/lib/python3.12/site-packages/airflow/example_dags/example_branch_operator.py
[2025-06-23T13:44:25.232+0000] {processor.py:925} INFO - DAG(s) 'example_branch_operator' retrieved from /home/airflow/.local/lib/python3.12/site-packages/airflow/example_dags/example_branch_operator.py
[2025-06-23T13:44:25.287+0000] {logging_mixin.py:190} INFO - [2025-06-23T13:44:25.287+0000] {dag.py:3239} INFO - Sync 1 DAGs
[2025-06-23T13:44:25.340+0000] {logging_mixin.py:190} INFO - [2025-06-23T13:44:25.340+0000] {dag.py:4180} INFO - Setting next_dagrun for example_branch_operator to 2025-06-22 00:00:00+00:00, run_after=2025-06-23 00:00:00+00:00
[2025-06-23T13:44:25.373+0000] {processor.py:208} INFO - Processing /home/airflow/.local/lib/python3.12/site-packages/airflow/example_dags/example_branch_operator.py took 0.204 seconds
