[2025-06-23T13:41:04.556+0000] {processor.py:186} INFO - Started process (PID=113) to work on /home/airflow/.local/lib/python3.12/site-packages/airflow/example_dags/example_short_circuit_decorator.py
[2025-06-23T13:41:04.557+0000] {processor.py:914} INFO - Processing file /home/airflow/.local/lib/python3.12/site-packages/airflow/example_dags/example_short_circuit_decorator.py for tasks to queue
[2025-06-23T13:41:04.562+0000] {logging_mixin.py:190} INFO - [2025-06-23T13:41:04.561+0000] {dagbag.py:588} INFO - Filling up the DagBag from /home/airflow/.local/lib/python3.12/site-packages/airflow/example_dags/example_short_circuit_decorator.py
[2025-06-23T13:41:04.581+0000] {processor.py:925} INFO - DAG(s) 'example_short_circuit_decorator' retrieved from /home/airflow/.local/lib/python3.12/site-packages/airflow/example_dags/example_short_circuit_decorator.py
[2025-06-23T13:41:04.763+0000] {logging_mixin.py:190} INFO - [2025-06-23T13:41:04.762+0000] {override.py:1911} INFO - Created Permission View: can read on DAG:example_short_circuit_decorator
[2025-06-23T13:41:04.780+0000] {logging_mixin.py:190} INFO - [2025-06-23T13:41:04.779+0000] {override.py:1911} INFO - Created Permission View: can delete on DAG:example_short_circuit_decorator
[2025-06-23T13:41:04.791+0000] {logging_mixin.py:190} INFO - [2025-06-23T13:41:04.791+0000] {override.py:1911} INFO - Created Permission View: can edit on DAG:example_short_circuit_decorator
[2025-06-23T13:41:04.805+0000] {logging_mixin.py:190} INFO - [2025-06-23T13:41:04.804+0000] {override.py:1911} INFO - Created Permission View: can read on DAG Run:example_short_circuit_decorator
[2025-06-23T13:41:04.817+0000] {logging_mixin.py:190} INFO - [2025-06-23T13:41:04.817+0000] {override.py:1911} INFO - Created Permission View: can create on DAG Run:example_short_circuit_decorator
[2025-06-23T13:41:04.829+0000] {logging_mixin.py:190} INFO - [2025-06-23T13:41:04.828+0000] {override.py:1911} INFO - Created Permission View: can delete on DAG Run:example_short_circuit_decorator
[2025-06-23T13:41:04.841+0000] {logging_mixin.py:190} INFO - [2025-06-23T13:41:04.840+0000] {override.py:1911} INFO - Created Permission View: menu access on DAG Run:example_short_circuit_decorator
[2025-06-23T13:41:04.842+0000] {logging_mixin.py:190} INFO - [2025-06-23T13:41:04.842+0000] {dag.py:3239} INFO - Sync 1 DAGs
[2025-06-23T13:41:04.864+0000] {logging_mixin.py:190} INFO - [2025-06-23T13:41:04.863+0000] {dag.py:3262} INFO - Creating ORM DAG for example_short_circuit_decorator
[2025-06-23T13:41:04.866+0000] {logging_mixin.py:190} INFO - [2025-06-23T13:41:04.866+0000] {dag.py:4180} INFO - Setting next_dagrun for example_short_circuit_decorator to None, run_after=None
[2025-06-23T13:41:04.893+0000] {processor.py:208} INFO - Processing /home/airflow/.local/lib/python3.12/site-packages/airflow/example_dags/example_short_circuit_decorator.py took 0.346 seconds
[2025-06-23T13:41:35.628+0000] {processor.py:186} INFO - Started process (PID=176) to work on /home/airflow/.local/lib/python3.12/site-packages/airflow/example_dags/example_short_circuit_decorator.py
[2025-06-23T13:41:35.630+0000] {processor.py:914} INFO - Processing file /home/airflow/.local/lib/python3.12/site-packages/airflow/example_dags/example_short_circuit_decorator.py for tasks to queue
[2025-06-23T13:41:35.633+0000] {logging_mixin.py:190} INFO - [2025-06-23T13:41:35.632+0000] {dagbag.py:588} INFO - Filling up the DagBag from /home/airflow/.local/lib/python3.12/site-packages/airflow/example_dags/example_short_circuit_decorator.py
[2025-06-23T13:41:35.645+0000] {processor.py:925} INFO - DAG(s) 'example_short_circuit_decorator' retrieved from /home/airflow/.local/lib/python3.12/site-packages/airflow/example_dags/example_short_circuit_decorator.py
[2025-06-23T13:41:35.673+0000] {logging_mixin.py:190} INFO - [2025-06-23T13:41:35.673+0000] {dag.py:3239} INFO - Sync 1 DAGs
[2025-06-23T13:41:35.690+0000] {logging_mixin.py:190} INFO - [2025-06-23T13:41:35.690+0000] {dag.py:4180} INFO - Setting next_dagrun for example_short_circuit_decorator to None, run_after=None
[2025-06-23T13:41:35.716+0000] {processor.py:208} INFO - Processing /home/airflow/.local/lib/python3.12/site-packages/airflow/example_dags/example_short_circuit_decorator.py took 0.094 seconds
[2025-06-23T13:42:07.822+0000] {processor.py:186} INFO - Started process (PID=240) to work on /home/airflow/.local/lib/python3.12/site-packages/airflow/example_dags/example_short_circuit_decorator.py
[2025-06-23T13:42:07.824+0000] {processor.py:914} INFO - Processing file /home/airflow/.local/lib/python3.12/site-packages/airflow/example_dags/example_short_circuit_decorator.py for tasks to queue
[2025-06-23T13:42:07.828+0000] {logging_mixin.py:190} INFO - [2025-06-23T13:42:07.828+0000] {dagbag.py:588} INFO - Filling up the DagBag from /home/airflow/.local/lib/python3.12/site-packages/airflow/example_dags/example_short_circuit_decorator.py
[2025-06-23T13:42:07.847+0000] {processor.py:925} INFO - DAG(s) 'example_short_circuit_decorator' retrieved from /home/airflow/.local/lib/python3.12/site-packages/airflow/example_dags/example_short_circuit_decorator.py
[2025-06-23T13:42:07.904+0000] {logging_mixin.py:190} INFO - [2025-06-23T13:42:07.904+0000] {dag.py:3239} INFO - Sync 1 DAGs
[2025-06-23T13:42:07.943+0000] {logging_mixin.py:190} INFO - [2025-06-23T13:42:07.942+0000] {dag.py:4180} INFO - Setting next_dagrun for example_short_circuit_decorator to None, run_after=None
[2025-06-23T13:42:07.978+0000] {processor.py:208} INFO - Processing /home/airflow/.local/lib/python3.12/site-packages/airflow/example_dags/example_short_circuit_decorator.py took 0.165 seconds
[2025-06-23T13:42:48.535+0000] {processor.py:186} INFO - Started process (PID=303) to work on /home/airflow/.local/lib/python3.12/site-packages/airflow/example_dags/example_short_circuit_decorator.py
[2025-06-23T13:42:48.538+0000] {processor.py:914} INFO - Processing file /home/airflow/.local/lib/python3.12/site-packages/airflow/example_dags/example_short_circuit_decorator.py for tasks to queue
[2025-06-23T13:42:48.547+0000] {logging_mixin.py:190} INFO - [2025-06-23T13:42:48.546+0000] {dagbag.py:588} INFO - Filling up the DagBag from /home/airflow/.local/lib/python3.12/site-packages/airflow/example_dags/example_short_circuit_decorator.py
[2025-06-23T13:42:48.594+0000] {processor.py:925} INFO - DAG(s) 'example_short_circuit_decorator' retrieved from /home/airflow/.local/lib/python3.12/site-packages/airflow/example_dags/example_short_circuit_decorator.py
[2025-06-23T13:42:48.756+0000] {logging_mixin.py:190} INFO - [2025-06-23T13:42:48.755+0000] {dag.py:3239} INFO - Sync 1 DAGs
[2025-06-23T13:42:48.942+0000] {logging_mixin.py:190} INFO - [2025-06-23T13:42:48.933+0000] {dag.py:4180} INFO - Setting next_dagrun for example_short_circuit_decorator to None, run_after=None
[2025-06-23T13:42:49.090+0000] {processor.py:208} INFO - Processing /home/airflow/.local/lib/python3.12/site-packages/airflow/example_dags/example_short_circuit_decorator.py took 0.595 seconds
[2025-06-23T13:43:30.783+0000] {processor.py:186} INFO - Started process (PID=372) to work on /home/airflow/.local/lib/python3.12/site-packages/airflow/example_dags/example_short_circuit_decorator.py
[2025-06-23T13:43:30.785+0000] {processor.py:914} INFO - Processing file /home/airflow/.local/lib/python3.12/site-packages/airflow/example_dags/example_short_circuit_decorator.py for tasks to queue
[2025-06-23T13:43:30.789+0000] {logging_mixin.py:190} INFO - [2025-06-23T13:43:30.789+0000] {dagbag.py:588} INFO - Filling up the DagBag from /home/airflow/.local/lib/python3.12/site-packages/airflow/example_dags/example_short_circuit_decorator.py
[2025-06-23T13:43:30.813+0000] {processor.py:925} INFO - DAG(s) 'example_short_circuit_decorator' retrieved from /home/airflow/.local/lib/python3.12/site-packages/airflow/example_dags/example_short_circuit_decorator.py
[2025-06-23T13:43:30.871+0000] {logging_mixin.py:190} INFO - [2025-06-23T13:43:30.870+0000] {dag.py:3239} INFO - Sync 1 DAGs
[2025-06-23T13:43:30.907+0000] {logging_mixin.py:190} INFO - [2025-06-23T13:43:30.906+0000] {dag.py:4180} INFO - Setting next_dagrun for example_short_circuit_decorator to None, run_after=None
[2025-06-23T13:43:30.946+0000] {processor.py:208} INFO - Processing /home/airflow/.local/lib/python3.12/site-packages/airflow/example_dags/example_short_circuit_decorator.py took 0.175 seconds
[2025-06-23T13:44:02.120+0000] {processor.py:186} INFO - Started process (PID=435) to work on /home/airflow/.local/lib/python3.12/site-packages/airflow/example_dags/example_short_circuit_decorator.py
[2025-06-23T13:44:02.122+0000] {processor.py:914} INFO - Processing file /home/airflow/.local/lib/python3.12/site-packages/airflow/example_dags/example_short_circuit_decorator.py for tasks to queue
[2025-06-23T13:44:02.127+0000] {logging_mixin.py:190} INFO - [2025-06-23T13:44:02.126+0000] {dagbag.py:588} INFO - Filling up the DagBag from /home/airflow/.local/lib/python3.12/site-packages/airflow/example_dags/example_short_circuit_decorator.py
[2025-06-23T13:44:02.151+0000] {processor.py:925} INFO - DAG(s) 'example_short_circuit_decorator' retrieved from /home/airflow/.local/lib/python3.12/site-packages/airflow/example_dags/example_short_circuit_decorator.py
[2025-06-23T13:44:02.216+0000] {logging_mixin.py:190} INFO - [2025-06-23T13:44:02.215+0000] {dag.py:3239} INFO - Sync 1 DAGs
[2025-06-23T13:44:02.254+0000] {logging_mixin.py:190} INFO - [2025-06-23T13:44:02.251+0000] {dag.py:4180} INFO - Setting next_dagrun for example_short_circuit_decorator to None, run_after=None
[2025-06-23T13:44:02.305+0000] {processor.py:208} INFO - Processing /home/airflow/.local/lib/python3.12/site-packages/airflow/example_dags/example_short_circuit_decorator.py took 0.196 seconds
[2025-06-23T13:44:34.810+0000] {processor.py:186} INFO - Started process (PID=498) to work on /home/airflow/.local/lib/python3.12/site-packages/airflow/example_dags/example_short_circuit_decorator.py
[2025-06-23T13:44:34.814+0000] {processor.py:914} INFO - Processing file /home/airflow/.local/lib/python3.12/site-packages/airflow/example_dags/example_short_circuit_decorator.py for tasks to queue
[2025-06-23T13:44:34.821+0000] {logging_mixin.py:190} INFO - [2025-06-23T13:44:34.820+0000] {dagbag.py:588} INFO - Filling up the DagBag from /home/airflow/.local/lib/python3.12/site-packages/airflow/example_dags/example_short_circuit_decorator.py
[2025-06-23T13:44:34.858+0000] {processor.py:925} INFO - DAG(s) 'example_short_circuit_decorator' retrieved from /home/airflow/.local/lib/python3.12/site-packages/airflow/example_dags/example_short_circuit_decorator.py
[2025-06-23T13:44:34.921+0000] {logging_mixin.py:190} INFO - [2025-06-23T13:44:34.921+0000] {dag.py:3239} INFO - Sync 1 DAGs
[2025-06-23T13:44:34.963+0000] {logging_mixin.py:190} INFO - [2025-06-23T13:44:34.962+0000] {dag.py:4180} INFO - Setting next_dagrun for example_short_circuit_decorator to None, run_after=None
[2025-06-23T13:44:35.025+0000] {processor.py:208} INFO - Processing /home/airflow/.local/lib/python3.12/site-packages/airflow/example_dags/example_short_circuit_decorator.py took 0.232 seconds
