[2025-06-23T13:41:05.546+0000] {processor.py:186} INFO - Started process (PID=117) to work on /home/airflow/.local/lib/python3.12/site-packages/airflow/example_dags/example_params_trigger_ui.py
[2025-06-23T13:41:05.548+0000] {processor.py:914} INFO - Processing file /home/airflow/.local/lib/python3.12/site-packages/airflow/example_dags/example_params_trigger_ui.py for tasks to queue
[2025-06-23T13:41:05.552+0000] {logging_mixin.py:190} INFO - [2025-06-23T13:41:05.552+0000] {dagbag.py:588} INFO - Filling up the DagBag from /home/airflow/.local/lib/python3.12/site-packages/airflow/example_dags/example_params_trigger_ui.py
[2025-06-23T13:41:05.574+0000] {processor.py:925} INFO - DAG(s) 'example_params_trigger_ui' retrieved from /home/airflow/.local/lib/python3.12/site-packages/airflow/example_dags/example_params_trigger_ui.py
[2025-06-23T13:41:05.806+0000] {logging_mixin.py:190} INFO - [2025-06-23T13:41:05.805+0000] {override.py:1911} INFO - Created Permission View: can read on DAG:example_params_trigger_ui
[2025-06-23T13:41:05.824+0000] {logging_mixin.py:190} INFO - [2025-06-23T13:41:05.824+0000] {override.py:1911} INFO - Created Permission View: can delete on DAG:example_params_trigger_ui
[2025-06-23T13:41:05.838+0000] {logging_mixin.py:190} INFO - [2025-06-23T13:41:05.837+0000] {override.py:1911} INFO - Created Permission View: can edit on DAG:example_params_trigger_ui
[2025-06-23T13:41:05.851+0000] {logging_mixin.py:190} INFO - [2025-06-23T13:41:05.851+0000] {override.py:1911} INFO - Created Permission View: can read on DAG Run:example_params_trigger_ui
[2025-06-23T13:41:05.865+0000] {logging_mixin.py:190} INFO - [2025-06-23T13:41:05.864+0000] {override.py:1911} INFO - Created Permission View: can create on DAG Run:example_params_trigger_ui
[2025-06-23T13:41:05.877+0000] {logging_mixin.py:190} INFO - [2025-06-23T13:41:05.877+0000] {override.py:1911} INFO - Created Permission View: can delete on DAG Run:example_params_trigger_ui
[2025-06-23T13:41:05.888+0000] {logging_mixin.py:190} INFO - [2025-06-23T13:41:05.887+0000] {override.py:1911} INFO - Created Permission View: menu access on DAG Run:example_params_trigger_ui
[2025-06-23T13:41:05.889+0000] {logging_mixin.py:190} INFO - [2025-06-23T13:41:05.889+0000] {dag.py:3239} INFO - Sync 1 DAGs
[2025-06-23T13:41:05.910+0000] {logging_mixin.py:190} INFO - [2025-06-23T13:41:05.909+0000] {dag.py:3262} INFO - Creating ORM DAG for example_params_trigger_ui
[2025-06-23T13:41:05.911+0000] {logging_mixin.py:190} INFO - [2025-06-23T13:41:05.911+0000] {dag.py:4180} INFO - Setting next_dagrun for example_params_trigger_ui to None, run_after=None
[2025-06-23T13:41:05.940+0000] {processor.py:208} INFO - Processing /home/airflow/.local/lib/python3.12/site-packages/airflow/example_dags/example_params_trigger_ui.py took 0.402 seconds
[2025-06-23T13:41:36.202+0000] {processor.py:186} INFO - Started process (PID=180) to work on /home/airflow/.local/lib/python3.12/site-packages/airflow/example_dags/example_params_trigger_ui.py
[2025-06-23T13:41:36.204+0000] {processor.py:914} INFO - Processing file /home/airflow/.local/lib/python3.12/site-packages/airflow/example_dags/example_params_trigger_ui.py for tasks to queue
[2025-06-23T13:41:36.208+0000] {logging_mixin.py:190} INFO - [2025-06-23T13:41:36.207+0000] {dagbag.py:588} INFO - Filling up the DagBag from /home/airflow/.local/lib/python3.12/site-packages/airflow/example_dags/example_params_trigger_ui.py
[2025-06-23T13:41:36.227+0000] {processor.py:925} INFO - DAG(s) 'example_params_trigger_ui' retrieved from /home/airflow/.local/lib/python3.12/site-packages/airflow/example_dags/example_params_trigger_ui.py
[2025-06-23T13:41:36.278+0000] {logging_mixin.py:190} INFO - [2025-06-23T13:41:36.278+0000] {dag.py:3239} INFO - Sync 1 DAGs
[2025-06-23T13:41:36.296+0000] {logging_mixin.py:190} INFO - [2025-06-23T13:41:36.296+0000] {dag.py:4180} INFO - Setting next_dagrun for example_params_trigger_ui to None, run_after=None
[2025-06-23T13:41:36.322+0000] {processor.py:208} INFO - Processing /home/airflow/.local/lib/python3.12/site-packages/airflow/example_dags/example_params_trigger_ui.py took 0.127 seconds
[2025-06-23T13:42:08.976+0000] {processor.py:186} INFO - Started process (PID=244) to work on /home/airflow/.local/lib/python3.12/site-packages/airflow/example_dags/example_params_trigger_ui.py
[2025-06-23T13:42:08.978+0000] {processor.py:914} INFO - Processing file /home/airflow/.local/lib/python3.12/site-packages/airflow/example_dags/example_params_trigger_ui.py for tasks to queue
[2025-06-23T13:42:08.986+0000] {logging_mixin.py:190} INFO - [2025-06-23T13:42:08.985+0000] {dagbag.py:588} INFO - Filling up the DagBag from /home/airflow/.local/lib/python3.12/site-packages/airflow/example_dags/example_params_trigger_ui.py
[2025-06-23T13:42:09.014+0000] {processor.py:925} INFO - DAG(s) 'example_params_trigger_ui' retrieved from /home/airflow/.local/lib/python3.12/site-packages/airflow/example_dags/example_params_trigger_ui.py
[2025-06-23T13:42:09.117+0000] {logging_mixin.py:190} INFO - [2025-06-23T13:42:09.117+0000] {dag.py:3239} INFO - Sync 1 DAGs
[2025-06-23T13:42:09.141+0000] {logging_mixin.py:190} INFO - [2025-06-23T13:42:09.141+0000] {dag.py:4180} INFO - Setting next_dagrun for example_params_trigger_ui to None, run_after=None
[2025-06-23T13:42:09.174+0000] {processor.py:208} INFO - Processing /home/airflow/.local/lib/python3.12/site-packages/airflow/example_dags/example_params_trigger_ui.py took 0.214 seconds
[2025-06-23T13:42:50.097+0000] {processor.py:186} INFO - Started process (PID=313) to work on /home/airflow/.local/lib/python3.12/site-packages/airflow/example_dags/example_params_trigger_ui.py
[2025-06-23T13:42:50.100+0000] {processor.py:914} INFO - Processing file /home/airflow/.local/lib/python3.12/site-packages/airflow/example_dags/example_params_trigger_ui.py for tasks to queue
[2025-06-23T13:42:50.109+0000] {logging_mixin.py:190} INFO - [2025-06-23T13:42:50.108+0000] {dagbag.py:588} INFO - Filling up the DagBag from /home/airflow/.local/lib/python3.12/site-packages/airflow/example_dags/example_params_trigger_ui.py
[2025-06-23T13:42:50.150+0000] {processor.py:925} INFO - DAG(s) 'example_params_trigger_ui' retrieved from /home/airflow/.local/lib/python3.12/site-packages/airflow/example_dags/example_params_trigger_ui.py
[2025-06-23T13:42:50.348+0000] {logging_mixin.py:190} INFO - [2025-06-23T13:42:50.347+0000] {dag.py:3239} INFO - Sync 1 DAGs
[2025-06-23T13:42:50.398+0000] {logging_mixin.py:190} INFO - [2025-06-23T13:42:50.396+0000] {dag.py:4180} INFO - Setting next_dagrun for example_params_trigger_ui to None, run_after=None
[2025-06-23T13:42:50.470+0000] {processor.py:208} INFO - Processing /home/airflow/.local/lib/python3.12/site-packages/airflow/example_dags/example_params_trigger_ui.py took 0.398 seconds
[2025-06-23T13:43:31.516+0000] {processor.py:186} INFO - Started process (PID=376) to work on /home/airflow/.local/lib/python3.12/site-packages/airflow/example_dags/example_params_trigger_ui.py
[2025-06-23T13:43:31.518+0000] {processor.py:914} INFO - Processing file /home/airflow/.local/lib/python3.12/site-packages/airflow/example_dags/example_params_trigger_ui.py for tasks to queue
[2025-06-23T13:43:31.523+0000] {logging_mixin.py:190} INFO - [2025-06-23T13:43:31.522+0000] {dagbag.py:588} INFO - Filling up the DagBag from /home/airflow/.local/lib/python3.12/site-packages/airflow/example_dags/example_params_trigger_ui.py
[2025-06-23T13:43:31.553+0000] {processor.py:925} INFO - DAG(s) 'example_params_trigger_ui' retrieved from /home/airflow/.local/lib/python3.12/site-packages/airflow/example_dags/example_params_trigger_ui.py
[2025-06-23T13:43:31.648+0000] {logging_mixin.py:190} INFO - [2025-06-23T13:43:31.647+0000] {dag.py:3239} INFO - Sync 1 DAGs
[2025-06-23T13:43:31.683+0000] {logging_mixin.py:190} INFO - [2025-06-23T13:43:31.682+0000] {dag.py:4180} INFO - Setting next_dagrun for example_params_trigger_ui to None, run_after=None
[2025-06-23T13:43:31.745+0000] {processor.py:208} INFO - Processing /home/airflow/.local/lib/python3.12/site-packages/airflow/example_dags/example_params_trigger_ui.py took 0.241 seconds
[2025-06-23T13:44:02.865+0000] {processor.py:186} INFO - Started process (PID=439) to work on /home/airflow/.local/lib/python3.12/site-packages/airflow/example_dags/example_params_trigger_ui.py
[2025-06-23T13:44:02.867+0000] {processor.py:914} INFO - Processing file /home/airflow/.local/lib/python3.12/site-packages/airflow/example_dags/example_params_trigger_ui.py for tasks to queue
[2025-06-23T13:44:02.871+0000] {logging_mixin.py:190} INFO - [2025-06-23T13:44:02.871+0000] {dagbag.py:588} INFO - Filling up the DagBag from /home/airflow/.local/lib/python3.12/site-packages/airflow/example_dags/example_params_trigger_ui.py
[2025-06-23T13:44:02.891+0000] {processor.py:925} INFO - DAG(s) 'example_params_trigger_ui' retrieved from /home/airflow/.local/lib/python3.12/site-packages/airflow/example_dags/example_params_trigger_ui.py
[2025-06-23T13:44:02.964+0000] {logging_mixin.py:190} INFO - [2025-06-23T13:44:02.964+0000] {dag.py:3239} INFO - Sync 1 DAGs
[2025-06-23T13:44:03.014+0000] {logging_mixin.py:190} INFO - [2025-06-23T13:44:03.013+0000] {dag.py:4180} INFO - Setting next_dagrun for example_params_trigger_ui to None, run_after=None
[2025-06-23T13:44:03.063+0000] {processor.py:208} INFO - Processing /home/airflow/.local/lib/python3.12/site-packages/airflow/example_dags/example_params_trigger_ui.py took 0.205 seconds
[2025-06-23T13:44:35.974+0000] {processor.py:186} INFO - Started process (PID=502) to work on /home/airflow/.local/lib/python3.12/site-packages/airflow/example_dags/example_params_trigger_ui.py
[2025-06-23T13:44:35.976+0000] {processor.py:914} INFO - Processing file /home/airflow/.local/lib/python3.12/site-packages/airflow/example_dags/example_params_trigger_ui.py for tasks to queue
[2025-06-23T13:44:35.982+0000] {logging_mixin.py:190} INFO - [2025-06-23T13:44:35.981+0000] {dagbag.py:588} INFO - Filling up the DagBag from /home/airflow/.local/lib/python3.12/site-packages/airflow/example_dags/example_params_trigger_ui.py
[2025-06-23T13:44:36.002+0000] {processor.py:925} INFO - DAG(s) 'example_params_trigger_ui' retrieved from /home/airflow/.local/lib/python3.12/site-packages/airflow/example_dags/example_params_trigger_ui.py
[2025-06-23T13:44:36.083+0000] {logging_mixin.py:190} INFO - [2025-06-23T13:44:36.082+0000] {dag.py:3239} INFO - Sync 1 DAGs
[2025-06-23T13:44:36.106+0000] {logging_mixin.py:190} INFO - [2025-06-23T13:44:36.106+0000] {dag.py:4180} INFO - Setting next_dagrun for example_params_trigger_ui to None, run_after=None
[2025-06-23T13:44:36.139+0000] {processor.py:208} INFO - Processing /home/airflow/.local/lib/python3.12/site-packages/airflow/example_dags/example_params_trigger_ui.py took 0.175 seconds
