[2025-06-23T13:41:08.947+0000] {processor.py:186} INFO - Started process (PID=129) to work on /home/airflow/.local/lib/python3.12/site-packages/airflow/example_dags/example_workday_timetable.py
[2025-06-23T13:41:08.949+0000] {processor.py:914} INFO - Processing file /home/airflow/.local/lib/python3.12/site-packages/airflow/example_dags/example_workday_timetable.py for tasks to queue
[2025-06-23T13:41:08.953+0000] {logging_mixin.py:190} INFO - [2025-06-23T13:41:08.953+0000] {dagbag.py:588} INFO - Filling up the DagBag from /home/airflow/.local/lib/python3.12/site-packages/airflow/example_dags/example_workday_timetable.py
[2025-06-23T13:41:08.966+0000] {processor.py:925} INFO - DAG(s) 'example_workday_timetable' retrieved from /home/airflow/.local/lib/python3.12/site-packages/airflow/example_dags/example_workday_timetable.py
[2025-06-23T13:41:09.176+0000] {logging_mixin.py:190} INFO - [2025-06-23T13:41:09.175+0000] {override.py:1911} INFO - Created Permission View: can read on DAG:example_workday_timetable
[2025-06-23T13:41:09.193+0000] {logging_mixin.py:190} INFO - [2025-06-23T13:41:09.193+0000] {override.py:1911} INFO - Created Permission View: can delete on DAG:example_workday_timetable
[2025-06-23T13:41:09.207+0000] {logging_mixin.py:190} INFO - [2025-06-23T13:41:09.207+0000] {override.py:1911} INFO - Created Permission View: can edit on DAG:example_workday_timetable
[2025-06-23T13:41:09.221+0000] {logging_mixin.py:190} INFO - [2025-06-23T13:41:09.220+0000] {override.py:1911} INFO - Created Permission View: can read on DAG Run:example_workday_timetable
[2025-06-23T13:41:09.235+0000] {logging_mixin.py:190} INFO - [2025-06-23T13:41:09.233+0000] {override.py:1911} INFO - Created Permission View: can create on DAG Run:example_workday_timetable
[2025-06-23T13:41:09.250+0000] {logging_mixin.py:190} INFO - [2025-06-23T13:41:09.249+0000] {override.py:1911} INFO - Created Permission View: can delete on DAG Run:example_workday_timetable
[2025-06-23T13:41:09.266+0000] {logging_mixin.py:190} INFO - [2025-06-23T13:41:09.266+0000] {override.py:1911} INFO - Created Permission View: menu access on DAG Run:example_workday_timetable
[2025-06-23T13:41:09.268+0000] {logging_mixin.py:190} INFO - [2025-06-23T13:41:09.267+0000] {dag.py:3239} INFO - Sync 1 DAGs
[2025-06-23T13:41:09.294+0000] {logging_mixin.py:190} INFO - [2025-06-23T13:41:09.293+0000] {dag.py:3262} INFO - Creating ORM DAG for example_workday_timetable
[2025-06-23T13:41:09.435+0000] {logging_mixin.py:190} INFO - [2025-06-23T13:41:09.434+0000] {dag.py:4180} INFO - Setting next_dagrun for example_workday_timetable to 2021-01-04 00:00:00+00:00, run_after=2021-01-05 00:00:00+00:00
[2025-06-23T13:41:09.474+0000] {processor.py:208} INFO - Processing /home/airflow/.local/lib/python3.12/site-packages/airflow/example_dags/example_workday_timetable.py took 0.536 seconds
[2025-06-23T13:41:39.667+0000] {processor.py:186} INFO - Started process (PID=191) to work on /home/airflow/.local/lib/python3.12/site-packages/airflow/example_dags/example_workday_timetable.py
[2025-06-23T13:41:39.668+0000] {processor.py:914} INFO - Processing file /home/airflow/.local/lib/python3.12/site-packages/airflow/example_dags/example_workday_timetable.py for tasks to queue
[2025-06-23T13:41:39.671+0000] {logging_mixin.py:190} INFO - [2025-06-23T13:41:39.671+0000] {dagbag.py:588} INFO - Filling up the DagBag from /home/airflow/.local/lib/python3.12/site-packages/airflow/example_dags/example_workday_timetable.py
[2025-06-23T13:41:39.680+0000] {processor.py:925} INFO - DAG(s) 'example_workday_timetable' retrieved from /home/airflow/.local/lib/python3.12/site-packages/airflow/example_dags/example_workday_timetable.py
[2025-06-23T13:41:39.706+0000] {logging_mixin.py:190} INFO - [2025-06-23T13:41:39.706+0000] {dag.py:3239} INFO - Sync 1 DAGs
[2025-06-23T13:41:39.807+0000] {logging_mixin.py:190} INFO - [2025-06-23T13:41:39.807+0000] {dag.py:4180} INFO - Setting next_dagrun for example_workday_timetable to 2021-01-04 00:00:00+00:00, run_after=2021-01-05 00:00:00+00:00
[2025-06-23T13:41:39.835+0000] {processor.py:208} INFO - Processing /home/airflow/.local/lib/python3.12/site-packages/airflow/example_dags/example_workday_timetable.py took 0.174 seconds
[2025-06-23T13:42:10.113+0000] {processor.py:186} INFO - Started process (PID=255) to work on /home/airflow/.local/lib/python3.12/site-packages/airflow/example_dags/example_workday_timetable.py
[2025-06-23T13:42:10.115+0000] {processor.py:914} INFO - Processing file /home/airflow/.local/lib/python3.12/site-packages/airflow/example_dags/example_workday_timetable.py for tasks to queue
[2025-06-23T13:42:10.118+0000] {logging_mixin.py:190} INFO - [2025-06-23T13:42:10.117+0000] {dagbag.py:588} INFO - Filling up the DagBag from /home/airflow/.local/lib/python3.12/site-packages/airflow/example_dags/example_workday_timetable.py
[2025-06-23T13:42:10.126+0000] {processor.py:925} INFO - DAG(s) 'example_workday_timetable' retrieved from /home/airflow/.local/lib/python3.12/site-packages/airflow/example_dags/example_workday_timetable.py
[2025-06-23T13:42:10.151+0000] {logging_mixin.py:190} INFO - [2025-06-23T13:42:10.151+0000] {dag.py:3239} INFO - Sync 1 DAGs
[2025-06-23T13:42:10.269+0000] {logging_mixin.py:190} INFO - [2025-06-23T13:42:10.268+0000] {dag.py:4180} INFO - Setting next_dagrun for example_workday_timetable to 2021-01-04 00:00:00+00:00, run_after=2021-01-05 00:00:00+00:00
[2025-06-23T13:42:10.302+0000] {processor.py:208} INFO - Processing /home/airflow/.local/lib/python3.12/site-packages/airflow/example_dags/example_workday_timetable.py took 0.196 seconds
[2025-06-23T13:42:53.949+0000] {processor.py:186} INFO - Started process (PID=324) to work on /home/airflow/.local/lib/python3.12/site-packages/airflow/example_dags/example_workday_timetable.py
[2025-06-23T13:42:53.960+0000] {processor.py:914} INFO - Processing file /home/airflow/.local/lib/python3.12/site-packages/airflow/example_dags/example_workday_timetable.py for tasks to queue
[2025-06-23T13:42:53.975+0000] {logging_mixin.py:190} INFO - [2025-06-23T13:42:53.973+0000] {dagbag.py:588} INFO - Filling up the DagBag from /home/airflow/.local/lib/python3.12/site-packages/airflow/example_dags/example_workday_timetable.py
[2025-06-23T13:42:54.032+0000] {processor.py:925} INFO - DAG(s) 'example_workday_timetable' retrieved from /home/airflow/.local/lib/python3.12/site-packages/airflow/example_dags/example_workday_timetable.py
[2025-06-23T13:42:54.418+0000] {logging_mixin.py:190} INFO - [2025-06-23T13:42:54.408+0000] {dag.py:3239} INFO - Sync 1 DAGs
[2025-06-23T13:42:55.148+0000] {logging_mixin.py:190} INFO - [2025-06-23T13:42:55.140+0000] {dag.py:4180} INFO - Setting next_dagrun for example_workday_timetable to 2021-01-04 00:00:00+00:00, run_after=2021-01-05 00:00:00+00:00
[2025-06-23T13:42:55.296+0000] {processor.py:208} INFO - Processing /home/airflow/.local/lib/python3.12/site-packages/airflow/example_dags/example_workday_timetable.py took 1.384 seconds
[2025-06-23T13:43:33.037+0000] {processor.py:186} INFO - Started process (PID=386) to work on /home/airflow/.local/lib/python3.12/site-packages/airflow/example_dags/example_workday_timetable.py
[2025-06-23T13:43:33.039+0000] {processor.py:914} INFO - Processing file /home/airflow/.local/lib/python3.12/site-packages/airflow/example_dags/example_workday_timetable.py for tasks to queue
[2025-06-23T13:43:33.045+0000] {logging_mixin.py:190} INFO - [2025-06-23T13:43:33.044+0000] {dagbag.py:588} INFO - Filling up the DagBag from /home/airflow/.local/lib/python3.12/site-packages/airflow/example_dags/example_workday_timetable.py
[2025-06-23T13:43:33.056+0000] {processor.py:925} INFO - DAG(s) 'example_workday_timetable' retrieved from /home/airflow/.local/lib/python3.12/site-packages/airflow/example_dags/example_workday_timetable.py
[2025-06-23T13:43:33.092+0000] {logging_mixin.py:190} INFO - [2025-06-23T13:43:33.092+0000] {dag.py:3239} INFO - Sync 1 DAGs
[2025-06-23T13:43:33.243+0000] {logging_mixin.py:190} INFO - [2025-06-23T13:43:33.243+0000] {dag.py:4180} INFO - Setting next_dagrun for example_workday_timetable to 2021-01-04 00:00:00+00:00, run_after=2021-01-05 00:00:00+00:00
[2025-06-23T13:43:33.273+0000] {processor.py:208} INFO - Processing /home/airflow/.local/lib/python3.12/site-packages/airflow/example_dags/example_workday_timetable.py took 0.246 seconds
[2025-06-23T13:44:03.982+0000] {processor.py:186} INFO - Started process (PID=449) to work on /home/airflow/.local/lib/python3.12/site-packages/airflow/example_dags/example_workday_timetable.py
[2025-06-23T13:44:03.984+0000] {processor.py:914} INFO - Processing file /home/airflow/.local/lib/python3.12/site-packages/airflow/example_dags/example_workday_timetable.py for tasks to queue
[2025-06-23T13:44:03.988+0000] {logging_mixin.py:190} INFO - [2025-06-23T13:44:03.988+0000] {dagbag.py:588} INFO - Filling up the DagBag from /home/airflow/.local/lib/python3.12/site-packages/airflow/example_dags/example_workday_timetable.py
[2025-06-23T13:44:03.998+0000] {processor.py:925} INFO - DAG(s) 'example_workday_timetable' retrieved from /home/airflow/.local/lib/python3.12/site-packages/airflow/example_dags/example_workday_timetable.py
[2025-06-23T13:44:04.033+0000] {logging_mixin.py:190} INFO - [2025-06-23T13:44:04.032+0000] {dag.py:3239} INFO - Sync 1 DAGs
[2025-06-23T13:44:04.142+0000] {logging_mixin.py:190} INFO - [2025-06-23T13:44:04.142+0000] {dag.py:4180} INFO - Setting next_dagrun for example_workday_timetable to 2021-01-04 00:00:00+00:00, run_after=2021-01-05 00:00:00+00:00
[2025-06-23T13:44:04.175+0000] {processor.py:208} INFO - Processing /home/airflow/.local/lib/python3.12/site-packages/airflow/example_dags/example_workday_timetable.py took 0.203 seconds
[2025-06-23T13:44:37.122+0000] {processor.py:186} INFO - Started process (PID=512) to work on /home/airflow/.local/lib/python3.12/site-packages/airflow/example_dags/example_workday_timetable.py
[2025-06-23T13:44:37.124+0000] {processor.py:914} INFO - Processing file /home/airflow/.local/lib/python3.12/site-packages/airflow/example_dags/example_workday_timetable.py for tasks to queue
[2025-06-23T13:44:37.128+0000] {logging_mixin.py:190} INFO - [2025-06-23T13:44:37.127+0000] {dagbag.py:588} INFO - Filling up the DagBag from /home/airflow/.local/lib/python3.12/site-packages/airflow/example_dags/example_workday_timetable.py
[2025-06-23T13:44:37.138+0000] {processor.py:925} INFO - DAG(s) 'example_workday_timetable' retrieved from /home/airflow/.local/lib/python3.12/site-packages/airflow/example_dags/example_workday_timetable.py
[2025-06-23T13:44:37.170+0000] {logging_mixin.py:190} INFO - [2025-06-23T13:44:37.169+0000] {dag.py:3239} INFO - Sync 1 DAGs
[2025-06-23T13:44:37.305+0000] {logging_mixin.py:190} INFO - [2025-06-23T13:44:37.305+0000] {dag.py:4180} INFO - Setting next_dagrun for example_workday_timetable to 2021-01-04 00:00:00+00:00, run_after=2021-01-05 00:00:00+00:00
[2025-06-23T13:44:37.335+0000] {processor.py:208} INFO - Processing /home/airflow/.local/lib/python3.12/site-packages/airflow/example_dags/example_workday_timetable.py took 0.222 seconds
