[2025-06-23T13:41:05.744+0000] {processor.py:186} INFO - Started process (PID=118) to work on /home/airflow/.local/lib/python3.12/site-packages/airflow/example_dags/example_branch_operator_decorator.py
[2025-06-23T13:41:05.746+0000] {processor.py:914} INFO - Processing file /home/airflow/.local/lib/python3.12/site-packages/airflow/example_dags/example_branch_operator_decorator.py for tasks to queue
[2025-06-23T13:41:05.750+0000] {logging_mixin.py:190} INFO - [2025-06-23T13:41:05.749+0000] {dagbag.py:588} INFO - Filling up the DagBag from /home/airflow/.local/lib/python3.12/site-packages/airflow/example_dags/example_branch_operator_decorator.py
[2025-06-23T13:41:05.793+0000] {processor.py:925} INFO - DAG(s) 'example_branch_python_operator_decorator' retrieved from /home/airflow/.local/lib/python3.12/site-packages/airflow/example_dags/example_branch_operator_decorator.py
[2025-06-23T13:41:05.977+0000] {logging_mixin.py:190} INFO - [2025-06-23T13:41:05.976+0000] {override.py:1911} INFO - Created Permission View: can read on DAG:example_branch_python_operator_decorator
[2025-06-23T13:41:05.996+0000] {logging_mixin.py:190} INFO - [2025-06-23T13:41:05.996+0000] {override.py:1911} INFO - Created Permission View: can delete on DAG:example_branch_python_operator_decorator
[2025-06-23T13:41:06.010+0000] {logging_mixin.py:190} INFO - [2025-06-23T13:41:06.010+0000] {override.py:1911} INFO - Created Permission View: can edit on DAG:example_branch_python_operator_decorator
[2025-06-23T13:41:06.024+0000] {logging_mixin.py:190} INFO - [2025-06-23T13:41:06.024+0000] {override.py:1911} INFO - Created Permission View: can read on DAG Run:example_branch_python_operator_decorator
[2025-06-23T13:41:06.037+0000] {logging_mixin.py:190} INFO - [2025-06-23T13:41:06.036+0000] {override.py:1911} INFO - Created Permission View: can create on DAG Run:example_branch_python_operator_decorator
[2025-06-23T13:41:06.049+0000] {logging_mixin.py:190} INFO - [2025-06-23T13:41:06.049+0000] {override.py:1911} INFO - Created Permission View: can delete on DAG Run:example_branch_python_operator_decorator
[2025-06-23T13:41:06.061+0000] {logging_mixin.py:190} INFO - [2025-06-23T13:41:06.061+0000] {override.py:1911} INFO - Created Permission View: menu access on DAG Run:example_branch_python_operator_decorator
[2025-06-23T13:41:06.062+0000] {logging_mixin.py:190} INFO - [2025-06-23T13:41:06.062+0000] {dag.py:3239} INFO - Sync 1 DAGs
[2025-06-23T13:41:06.084+0000] {logging_mixin.py:190} INFO - [2025-06-23T13:41:06.084+0000] {dag.py:3262} INFO - Creating ORM DAG for example_branch_python_operator_decorator
[2025-06-23T13:41:06.100+0000] {logging_mixin.py:190} INFO - [2025-06-23T13:41:06.100+0000] {dag.py:4180} INFO - Setting next_dagrun for example_branch_python_operator_decorator to 2025-06-22 00:00:00+00:00, run_after=2025-06-23 00:00:00+00:00
[2025-06-23T13:41:06.128+0000] {processor.py:208} INFO - Processing /home/airflow/.local/lib/python3.12/site-packages/airflow/example_dags/example_branch_operator_decorator.py took 0.398 seconds
[2025-06-23T13:41:36.363+0000] {processor.py:186} INFO - Started process (PID=181) to work on /home/airflow/.local/lib/python3.12/site-packages/airflow/example_dags/example_branch_operator_decorator.py
[2025-06-23T13:41:36.365+0000] {processor.py:914} INFO - Processing file /home/airflow/.local/lib/python3.12/site-packages/airflow/example_dags/example_branch_operator_decorator.py for tasks to queue
[2025-06-23T13:41:36.369+0000] {logging_mixin.py:190} INFO - [2025-06-23T13:41:36.368+0000] {dagbag.py:588} INFO - Filling up the DagBag from /home/airflow/.local/lib/python3.12/site-packages/airflow/example_dags/example_branch_operator_decorator.py
[2025-06-23T13:41:36.396+0000] {processor.py:925} INFO - DAG(s) 'example_branch_python_operator_decorator' retrieved from /home/airflow/.local/lib/python3.12/site-packages/airflow/example_dags/example_branch_operator_decorator.py
[2025-06-23T13:41:36.433+0000] {logging_mixin.py:190} INFO - [2025-06-23T13:41:36.433+0000] {dag.py:3239} INFO - Sync 1 DAGs
[2025-06-23T13:41:36.466+0000] {logging_mixin.py:190} INFO - [2025-06-23T13:41:36.466+0000] {dag.py:4180} INFO - Setting next_dagrun for example_branch_python_operator_decorator to 2025-06-22 00:00:00+00:00, run_after=2025-06-23 00:00:00+00:00
[2025-06-23T13:41:36.497+0000] {processor.py:208} INFO - Processing /home/airflow/.local/lib/python3.12/site-packages/airflow/example_dags/example_branch_operator_decorator.py took 0.140 seconds
[2025-06-23T13:42:09.247+0000] {processor.py:186} INFO - Started process (PID=245) to work on /home/airflow/.local/lib/python3.12/site-packages/airflow/example_dags/example_branch_operator_decorator.py
[2025-06-23T13:42:09.249+0000] {processor.py:914} INFO - Processing file /home/airflow/.local/lib/python3.12/site-packages/airflow/example_dags/example_branch_operator_decorator.py for tasks to queue
[2025-06-23T13:42:09.252+0000] {logging_mixin.py:190} INFO - [2025-06-23T13:42:09.252+0000] {dagbag.py:588} INFO - Filling up the DagBag from /home/airflow/.local/lib/python3.12/site-packages/airflow/example_dags/example_branch_operator_decorator.py
[2025-06-23T13:42:09.292+0000] {processor.py:925} INFO - DAG(s) 'example_branch_python_operator_decorator' retrieved from /home/airflow/.local/lib/python3.12/site-packages/airflow/example_dags/example_branch_operator_decorator.py
[2025-06-23T13:42:09.343+0000] {logging_mixin.py:190} INFO - [2025-06-23T13:42:09.342+0000] {dag.py:3239} INFO - Sync 1 DAGs
[2025-06-23T13:42:09.394+0000] {logging_mixin.py:190} INFO - [2025-06-23T13:42:09.393+0000] {dag.py:4180} INFO - Setting next_dagrun for example_branch_python_operator_decorator to 2025-06-22 00:00:00+00:00, run_after=2025-06-23 00:00:00+00:00
[2025-06-23T13:42:09.434+0000] {processor.py:208} INFO - Processing /home/airflow/.local/lib/python3.12/site-packages/airflow/example_dags/example_branch_operator_decorator.py took 0.197 seconds
[2025-06-23T13:42:50.287+0000] {processor.py:186} INFO - Started process (PID=314) to work on /home/airflow/.local/lib/python3.12/site-packages/airflow/example_dags/example_branch_operator_decorator.py
[2025-06-23T13:42:50.293+0000] {processor.py:914} INFO - Processing file /home/airflow/.local/lib/python3.12/site-packages/airflow/example_dags/example_branch_operator_decorator.py for tasks to queue
[2025-06-23T13:42:50.305+0000] {logging_mixin.py:190} INFO - [2025-06-23T13:42:50.303+0000] {dagbag.py:588} INFO - Filling up the DagBag from /home/airflow/.local/lib/python3.12/site-packages/airflow/example_dags/example_branch_operator_decorator.py
[2025-06-23T13:42:50.384+0000] {processor.py:925} INFO - DAG(s) 'example_branch_python_operator_decorator' retrieved from /home/airflow/.local/lib/python3.12/site-packages/airflow/example_dags/example_branch_operator_decorator.py
[2025-06-23T13:42:50.496+0000] {logging_mixin.py:190} INFO - [2025-06-23T13:42:50.495+0000] {dag.py:3239} INFO - Sync 1 DAGs
[2025-06-23T13:42:50.581+0000] {logging_mixin.py:190} INFO - [2025-06-23T13:42:50.581+0000] {dag.py:4180} INFO - Setting next_dagrun for example_branch_python_operator_decorator to 2025-06-22 00:00:00+00:00, run_after=2025-06-23 00:00:00+00:00
[2025-06-23T13:42:50.648+0000] {processor.py:208} INFO - Processing /home/airflow/.local/lib/python3.12/site-packages/airflow/example_dags/example_branch_operator_decorator.py took 0.381 seconds
[2025-06-23T13:43:31.740+0000] {processor.py:186} INFO - Started process (PID=377) to work on /home/airflow/.local/lib/python3.12/site-packages/airflow/example_dags/example_branch_operator_decorator.py
[2025-06-23T13:43:31.745+0000] {processor.py:914} INFO - Processing file /home/airflow/.local/lib/python3.12/site-packages/airflow/example_dags/example_branch_operator_decorator.py for tasks to queue
[2025-06-23T13:43:31.752+0000] {logging_mixin.py:190} INFO - [2025-06-23T13:43:31.751+0000] {dagbag.py:588} INFO - Filling up the DagBag from /home/airflow/.local/lib/python3.12/site-packages/airflow/example_dags/example_branch_operator_decorator.py
[2025-06-23T13:43:31.837+0000] {processor.py:925} INFO - DAG(s) 'example_branch_python_operator_decorator' retrieved from /home/airflow/.local/lib/python3.12/site-packages/airflow/example_dags/example_branch_operator_decorator.py
[2025-06-23T13:43:31.904+0000] {logging_mixin.py:190} INFO - [2025-06-23T13:43:31.904+0000] {dag.py:3239} INFO - Sync 1 DAGs
[2025-06-23T13:43:31.943+0000] {logging_mixin.py:190} INFO - [2025-06-23T13:43:31.943+0000] {dag.py:4180} INFO - Setting next_dagrun for example_branch_python_operator_decorator to 2025-06-22 00:00:00+00:00, run_after=2025-06-23 00:00:00+00:00
[2025-06-23T13:43:32.070+0000] {processor.py:208} INFO - Processing /home/airflow/.local/lib/python3.12/site-packages/airflow/example_dags/example_branch_operator_decorator.py took 0.342 seconds
[2025-06-23T13:44:02.932+0000] {processor.py:186} INFO - Started process (PID=440) to work on /home/airflow/.local/lib/python3.12/site-packages/airflow/example_dags/example_branch_operator_decorator.py
[2025-06-23T13:44:02.935+0000] {processor.py:914} INFO - Processing file /home/airflow/.local/lib/python3.12/site-packages/airflow/example_dags/example_branch_operator_decorator.py for tasks to queue
[2025-06-23T13:44:02.939+0000] {logging_mixin.py:190} INFO - [2025-06-23T13:44:02.938+0000] {dagbag.py:588} INFO - Filling up the DagBag from /home/airflow/.local/lib/python3.12/site-packages/airflow/example_dags/example_branch_operator_decorator.py
[2025-06-23T13:44:02.997+0000] {processor.py:925} INFO - DAG(s) 'example_branch_python_operator_decorator' retrieved from /home/airflow/.local/lib/python3.12/site-packages/airflow/example_dags/example_branch_operator_decorator.py
[2025-06-23T13:44:03.064+0000] {logging_mixin.py:190} INFO - [2025-06-23T13:44:03.064+0000] {dag.py:3239} INFO - Sync 1 DAGs
[2025-06-23T13:44:03.134+0000] {logging_mixin.py:190} INFO - [2025-06-23T13:44:03.133+0000] {dag.py:4180} INFO - Setting next_dagrun for example_branch_python_operator_decorator to 2025-06-22 00:00:00+00:00, run_after=2025-06-23 00:00:00+00:00
[2025-06-23T13:44:03.236+0000] {processor.py:208} INFO - Processing /home/airflow/.local/lib/python3.12/site-packages/airflow/example_dags/example_branch_operator_decorator.py took 0.311 seconds
[2025-06-23T13:44:36.222+0000] {processor.py:186} INFO - Started process (PID=503) to work on /home/airflow/.local/lib/python3.12/site-packages/airflow/example_dags/example_branch_operator_decorator.py
[2025-06-23T13:44:36.223+0000] {processor.py:914} INFO - Processing file /home/airflow/.local/lib/python3.12/site-packages/airflow/example_dags/example_branch_operator_decorator.py for tasks to queue
[2025-06-23T13:44:36.227+0000] {logging_mixin.py:190} INFO - [2025-06-23T13:44:36.226+0000] {dagbag.py:588} INFO - Filling up the DagBag from /home/airflow/.local/lib/python3.12/site-packages/airflow/example_dags/example_branch_operator_decorator.py
[2025-06-23T13:44:36.289+0000] {processor.py:925} INFO - DAG(s) 'example_branch_python_operator_decorator' retrieved from /home/airflow/.local/lib/python3.12/site-packages/airflow/example_dags/example_branch_operator_decorator.py
[2025-06-23T13:44:36.355+0000] {logging_mixin.py:190} INFO - [2025-06-23T13:44:36.354+0000] {dag.py:3239} INFO - Sync 1 DAGs
[2025-06-23T13:44:36.416+0000] {logging_mixin.py:190} INFO - [2025-06-23T13:44:36.415+0000] {dag.py:4180} INFO - Setting next_dagrun for example_branch_python_operator_decorator to 2025-06-22 00:00:00+00:00, run_after=2025-06-23 00:00:00+00:00
[2025-06-23T13:44:36.472+0000] {processor.py:208} INFO - Processing /home/airflow/.local/lib/python3.12/site-packages/airflow/example_dags/example_branch_operator_decorator.py took 0.259 seconds
