[2025-06-23T13:40:49.105+0000] {processor.py:186} INFO - Started process (PID=79) to work on /home/airflow/.local/lib/python3.12/site-packages/airflow/example_dags/example_outlet_event_extra.py
[2025-06-23T13:40:49.107+0000] {processor.py:914} INFO - Processing file /home/airflow/.local/lib/python3.12/site-packages/airflow/example_dags/example_outlet_event_extra.py for tasks to queue
[2025-06-23T13:40:49.112+0000] {logging_mixin.py:190} INFO - [2025-06-23T13:40:49.111+0000] {dagbag.py:588} INFO - Filling up the DagBag from /home/airflow/.local/lib/python3.12/site-packages/airflow/example_dags/example_outlet_event_extra.py
[2025-06-23T13:40:55.102+0000] {processor.py:925} INFO - DAG(s) 'dataset_with_extra_from_classic_operator', 'dataset_with_extra_by_yield', 'dataset_with_extra_by_context' retrieved from /home/airflow/.local/lib/python3.12/site-packages/airflow/example_dags/example_outlet_event_extra.py
[2025-06-23T13:40:55.408+0000] {logging_mixin.py:190} INFO - [2025-06-23T13:40:55.406+0000] {override.py:1911} INFO - Created Permission View: can read on DAG:dataset_with_extra_from_classic_operator
[2025-06-23T13:40:55.431+0000] {logging_mixin.py:190} INFO - [2025-06-23T13:40:55.431+0000] {override.py:1911} INFO - Created Permission View: can delete on DAG:dataset_with_extra_from_classic_operator
[2025-06-23T13:40:55.449+0000] {logging_mixin.py:190} INFO - [2025-06-23T13:40:55.448+0000] {override.py:1911} INFO - Created Permission View: can edit on DAG:dataset_with_extra_from_classic_operator
[2025-06-23T13:40:55.476+0000] {logging_mixin.py:190} INFO - [2025-06-23T13:40:55.475+0000] {override.py:1911} INFO - Created Permission View: can read on DAG Run:dataset_with_extra_from_classic_operator
[2025-06-23T13:40:55.503+0000] {logging_mixin.py:190} INFO - [2025-06-23T13:40:55.502+0000] {override.py:1911} INFO - Created Permission View: can create on DAG Run:dataset_with_extra_from_classic_operator
[2025-06-23T13:40:55.525+0000] {logging_mixin.py:190} INFO - [2025-06-23T13:40:55.524+0000] {override.py:1911} INFO - Created Permission View: can delete on DAG Run:dataset_with_extra_from_classic_operator
[2025-06-23T13:40:55.541+0000] {logging_mixin.py:190} INFO - [2025-06-23T13:40:55.541+0000] {override.py:1911} INFO - Created Permission View: menu access on DAG Run:dataset_with_extra_from_classic_operator
[2025-06-23T13:40:55.576+0000] {logging_mixin.py:190} INFO - [2025-06-23T13:40:55.575+0000] {override.py:1911} INFO - Created Permission View: can read on DAG:dataset_with_extra_by_yield
[2025-06-23T13:40:55.602+0000] {logging_mixin.py:190} INFO - [2025-06-23T13:40:55.602+0000] {override.py:1911} INFO - Created Permission View: can delete on DAG:dataset_with_extra_by_yield
[2025-06-23T13:40:55.621+0000] {logging_mixin.py:190} INFO - [2025-06-23T13:40:55.620+0000] {override.py:1911} INFO - Created Permission View: can edit on DAG:dataset_with_extra_by_yield
[2025-06-23T13:40:55.645+0000] {logging_mixin.py:190} INFO - [2025-06-23T13:40:55.643+0000] {override.py:1911} INFO - Created Permission View: can read on DAG Run:dataset_with_extra_by_yield
[2025-06-23T13:40:55.664+0000] {logging_mixin.py:190} INFO - [2025-06-23T13:40:55.664+0000] {override.py:1911} INFO - Created Permission View: can create on DAG Run:dataset_with_extra_by_yield
[2025-06-23T13:40:55.688+0000] {logging_mixin.py:190} INFO - [2025-06-23T13:40:55.687+0000] {override.py:1911} INFO - Created Permission View: can delete on DAG Run:dataset_with_extra_by_yield
[2025-06-23T13:40:55.706+0000] {logging_mixin.py:190} INFO - [2025-06-23T13:40:55.705+0000] {override.py:1911} INFO - Created Permission View: menu access on DAG Run:dataset_with_extra_by_yield
[2025-06-23T13:40:55.746+0000] {logging_mixin.py:190} INFO - [2025-06-23T13:40:55.745+0000] {override.py:1911} INFO - Created Permission View: can read on DAG:dataset_with_extra_by_context
[2025-06-23T13:40:55.772+0000] {logging_mixin.py:190} INFO - [2025-06-23T13:40:55.771+0000] {override.py:1911} INFO - Created Permission View: can delete on DAG:dataset_with_extra_by_context
[2025-06-23T13:40:55.794+0000] {logging_mixin.py:190} INFO - [2025-06-23T13:40:55.793+0000] {override.py:1911} INFO - Created Permission View: can edit on DAG:dataset_with_extra_by_context
[2025-06-23T13:40:55.815+0000] {logging_mixin.py:190} INFO - [2025-06-23T13:40:55.815+0000] {override.py:1911} INFO - Created Permission View: can read on DAG Run:dataset_with_extra_by_context
[2025-06-23T13:40:55.833+0000] {logging_mixin.py:190} INFO - [2025-06-23T13:40:55.832+0000] {override.py:1911} INFO - Created Permission View: can create on DAG Run:dataset_with_extra_by_context
[2025-06-23T13:40:55.852+0000] {logging_mixin.py:190} INFO - [2025-06-23T13:40:55.851+0000] {override.py:1911} INFO - Created Permission View: can delete on DAG Run:dataset_with_extra_by_context
[2025-06-23T13:40:55.869+0000] {logging_mixin.py:190} INFO - [2025-06-23T13:40:55.869+0000] {override.py:1911} INFO - Created Permission View: menu access on DAG Run:dataset_with_extra_by_context
[2025-06-23T13:40:55.871+0000] {logging_mixin.py:190} INFO - [2025-06-23T13:40:55.871+0000] {dag.py:3239} INFO - Sync 3 DAGs
[2025-06-23T13:40:55.904+0000] {logging_mixin.py:190} INFO - [2025-06-23T13:40:55.903+0000] {dag.py:3262} INFO - Creating ORM DAG for dataset_with_extra_by_yield
[2025-06-23T13:40:55.906+0000] {logging_mixin.py:190} INFO - [2025-06-23T13:40:55.905+0000] {dag.py:3262} INFO - Creating ORM DAG for dataset_with_extra_by_context
[2025-06-23T13:40:55.907+0000] {logging_mixin.py:190} INFO - [2025-06-23T13:40:55.907+0000] {dag.py:3262} INFO - Creating ORM DAG for dataset_with_extra_from_classic_operator
[2025-06-23T13:40:55.929+0000] {logging_mixin.py:190} INFO - [2025-06-23T13:40:55.928+0000] {dag.py:4180} INFO - Setting next_dagrun for dataset_with_extra_by_context to 2025-06-22 00:00:00+00:00, run_after=2025-06-23 00:00:00+00:00
[2025-06-23T13:40:55.932+0000] {logging_mixin.py:190} INFO - [2025-06-23T13:40:55.932+0000] {dag.py:4180} INFO - Setting next_dagrun for dataset_with_extra_by_yield to 2025-06-22 00:00:00+00:00, run_after=2025-06-23 00:00:00+00:00
[2025-06-23T13:40:55.938+0000] {logging_mixin.py:190} INFO - [2025-06-23T13:40:55.937+0000] {dag.py:4180} INFO - Setting next_dagrun for dataset_with_extra_from_classic_operator to 2025-06-22 00:00:00+00:00, run_after=2025-06-23 00:00:00+00:00
[2025-06-23T13:40:56.000+0000] {processor.py:208} INFO - Processing /home/airflow/.local/lib/python3.12/site-packages/airflow/example_dags/example_outlet_event_extra.py took 7.053 seconds
[2025-06-23T13:41:26.879+0000] {processor.py:186} INFO - Started process (PID=147) to work on /home/airflow/.local/lib/python3.12/site-packages/airflow/example_dags/example_outlet_event_extra.py
[2025-06-23T13:41:26.881+0000] {processor.py:914} INFO - Processing file /home/airflow/.local/lib/python3.12/site-packages/airflow/example_dags/example_outlet_event_extra.py for tasks to queue
[2025-06-23T13:41:26.887+0000] {logging_mixin.py:190} INFO - [2025-06-23T13:41:26.886+0000] {dagbag.py:588} INFO - Filling up the DagBag from /home/airflow/.local/lib/python3.12/site-packages/airflow/example_dags/example_outlet_event_extra.py
[2025-06-23T13:41:28.396+0000] {processor.py:925} INFO - DAG(s) 'dataset_with_extra_from_classic_operator', 'dataset_with_extra_by_context', 'dataset_with_extra_by_yield' retrieved from /home/airflow/.local/lib/python3.12/site-packages/airflow/example_dags/example_outlet_event_extra.py
[2025-06-23T13:41:28.434+0000] {logging_mixin.py:190} INFO - [2025-06-23T13:41:28.434+0000] {dag.py:3239} INFO - Sync 3 DAGs
[2025-06-23T13:41:28.470+0000] {logging_mixin.py:190} INFO - [2025-06-23T13:41:28.470+0000] {dag.py:4180} INFO - Setting next_dagrun for dataset_with_extra_by_context to 2025-06-22 00:00:00+00:00, run_after=2025-06-23 00:00:00+00:00
[2025-06-23T13:41:28.480+0000] {logging_mixin.py:190} INFO - [2025-06-23T13:41:28.479+0000] {dag.py:4180} INFO - Setting next_dagrun for dataset_with_extra_by_yield to 2025-06-22 00:00:00+00:00, run_after=2025-06-23 00:00:00+00:00
[2025-06-23T13:41:28.485+0000] {logging_mixin.py:190} INFO - [2025-06-23T13:41:28.485+0000] {dag.py:4180} INFO - Setting next_dagrun for dataset_with_extra_from_classic_operator to 2025-06-22 00:00:00+00:00, run_after=2025-06-23 00:00:00+00:00
[2025-06-23T13:41:28.522+0000] {processor.py:208} INFO - Processing /home/airflow/.local/lib/python3.12/site-packages/airflow/example_dags/example_outlet_event_extra.py took 1.658 seconds
[2025-06-23T13:41:58.634+0000] {processor.py:186} INFO - Started process (PID=217) to work on /home/airflow/.local/lib/python3.12/site-packages/airflow/example_dags/example_outlet_event_extra.py
[2025-06-23T13:41:58.636+0000] {processor.py:914} INFO - Processing file /home/airflow/.local/lib/python3.12/site-packages/airflow/example_dags/example_outlet_event_extra.py for tasks to queue
[2025-06-23T13:41:58.639+0000] {logging_mixin.py:190} INFO - [2025-06-23T13:41:58.639+0000] {dagbag.py:588} INFO - Filling up the DagBag from /home/airflow/.local/lib/python3.12/site-packages/airflow/example_dags/example_outlet_event_extra.py
[2025-06-23T13:41:59.919+0000] {processor.py:925} INFO - DAG(s) 'dataset_with_extra_by_yield', 'dataset_with_extra_from_classic_operator', 'dataset_with_extra_by_context' retrieved from /home/airflow/.local/lib/python3.12/site-packages/airflow/example_dags/example_outlet_event_extra.py
[2025-06-23T13:41:59.994+0000] {logging_mixin.py:190} INFO - [2025-06-23T13:41:59.994+0000] {dag.py:3239} INFO - Sync 3 DAGs
[2025-06-23T13:42:00.062+0000] {logging_mixin.py:190} INFO - [2025-06-23T13:42:00.062+0000] {dag.py:4180} INFO - Setting next_dagrun for dataset_with_extra_by_context to 2025-06-22 00:00:00+00:00, run_after=2025-06-23 00:00:00+00:00
[2025-06-23T13:42:00.073+0000] {logging_mixin.py:190} INFO - [2025-06-23T13:42:00.073+0000] {dag.py:4180} INFO - Setting next_dagrun for dataset_with_extra_by_yield to 2025-06-22 00:00:00+00:00, run_after=2025-06-23 00:00:00+00:00
[2025-06-23T13:42:00.078+0000] {logging_mixin.py:190} INFO - [2025-06-23T13:42:00.077+0000] {dag.py:4180} INFO - Setting next_dagrun for dataset_with_extra_from_classic_operator to 2025-06-22 00:00:00+00:00, run_after=2025-06-23 00:00:00+00:00
[2025-06-23T13:42:00.126+0000] {processor.py:208} INFO - Processing /home/airflow/.local/lib/python3.12/site-packages/airflow/example_dags/example_outlet_event_extra.py took 1.499 seconds
[2025-06-23T13:42:30.593+0000] {processor.py:186} INFO - Started process (PID=280) to work on /home/airflow/.local/lib/python3.12/site-packages/airflow/example_dags/example_outlet_event_extra.py
[2025-06-23T13:42:30.600+0000] {processor.py:914} INFO - Processing file /home/airflow/.local/lib/python3.12/site-packages/airflow/example_dags/example_outlet_event_extra.py for tasks to queue
[2025-06-23T13:42:30.607+0000] {logging_mixin.py:190} INFO - [2025-06-23T13:42:30.605+0000] {dagbag.py:588} INFO - Filling up the DagBag from /home/airflow/.local/lib/python3.12/site-packages/airflow/example_dags/example_outlet_event_extra.py
[2025-06-23T13:42:36.206+0000] {processor.py:925} INFO - DAG(s) 'dataset_with_extra_from_classic_operator', 'dataset_with_extra_by_yield', 'dataset_with_extra_by_context' retrieved from /home/airflow/.local/lib/python3.12/site-packages/airflow/example_dags/example_outlet_event_extra.py
[2025-06-23T13:42:36.397+0000] {logging_mixin.py:190} INFO - [2025-06-23T13:42:36.395+0000] {dag.py:3239} INFO - Sync 3 DAGs
[2025-06-23T13:42:36.602+0000] {logging_mixin.py:190} INFO - [2025-06-23T13:42:36.601+0000] {dag.py:4180} INFO - Setting next_dagrun for dataset_with_extra_by_context to 2025-06-22 00:00:00+00:00, run_after=2025-06-23 00:00:00+00:00
[2025-06-23T13:42:36.641+0000] {logging_mixin.py:190} INFO - [2025-06-23T13:42:36.640+0000] {dag.py:4180} INFO - Setting next_dagrun for dataset_with_extra_by_yield to 2025-06-22 00:00:00+00:00, run_after=2025-06-23 00:00:00+00:00
[2025-06-23T13:42:36.677+0000] {logging_mixin.py:190} INFO - [2025-06-23T13:42:36.675+0000] {dag.py:4180} INFO - Setting next_dagrun for dataset_with_extra_from_classic_operator to 2025-06-22 00:00:00+00:00, run_after=2025-06-23 00:00:00+00:00
[2025-06-23T13:42:36.841+0000] {processor.py:208} INFO - Processing /home/airflow/.local/lib/python3.12/site-packages/airflow/example_dags/example_outlet_event_extra.py took 6.269 seconds
[2025-06-23T13:43:16.357+0000] {processor.py:186} INFO - Started process (PID=329) to work on /home/airflow/.local/lib/python3.12/site-packages/airflow/example_dags/example_outlet_event_extra.py
[2025-06-23T13:43:16.373+0000] {processor.py:914} INFO - Processing file /home/airflow/.local/lib/python3.12/site-packages/airflow/example_dags/example_outlet_event_extra.py for tasks to queue
[2025-06-23T13:43:16.400+0000] {logging_mixin.py:190} INFO - [2025-06-23T13:43:16.396+0000] {dagbag.py:588} INFO - Filling up the DagBag from /home/airflow/.local/lib/python3.12/site-packages/airflow/example_dags/example_outlet_event_extra.py
[2025-06-23T13:43:21.862+0000] {processor.py:925} INFO - DAG(s) 'dataset_with_extra_from_classic_operator', 'dataset_with_extra_by_yield', 'dataset_with_extra_by_context' retrieved from /home/airflow/.local/lib/python3.12/site-packages/airflow/example_dags/example_outlet_event_extra.py
[2025-06-23T13:43:22.184+0000] {logging_mixin.py:190} INFO - [2025-06-23T13:43:22.183+0000] {dag.py:3239} INFO - Sync 3 DAGs
[2025-06-23T13:43:22.303+0000] {logging_mixin.py:190} INFO - [2025-06-23T13:43:22.302+0000] {dag.py:4180} INFO - Setting next_dagrun for dataset_with_extra_by_context to 2025-06-22 00:00:00+00:00, run_after=2025-06-23 00:00:00+00:00
[2025-06-23T13:43:22.324+0000] {logging_mixin.py:190} INFO - [2025-06-23T13:43:22.323+0000] {dag.py:4180} INFO - Setting next_dagrun for dataset_with_extra_by_yield to 2025-06-22 00:00:00+00:00, run_after=2025-06-23 00:00:00+00:00
[2025-06-23T13:43:22.337+0000] {logging_mixin.py:190} INFO - [2025-06-23T13:43:22.333+0000] {dag.py:4180} INFO - Setting next_dagrun for dataset_with_extra_from_classic_operator to 2025-06-22 00:00:00+00:00, run_after=2025-06-23 00:00:00+00:00
[2025-06-23T13:43:22.430+0000] {processor.py:208} INFO - Processing /home/airflow/.local/lib/python3.12/site-packages/airflow/example_dags/example_outlet_event_extra.py took 6.135 seconds
[2025-06-23T13:43:52.880+0000] {processor.py:186} INFO - Started process (PID=404) to work on /home/airflow/.local/lib/python3.12/site-packages/airflow/example_dags/example_outlet_event_extra.py
[2025-06-23T13:43:52.883+0000] {processor.py:914} INFO - Processing file /home/airflow/.local/lib/python3.12/site-packages/airflow/example_dags/example_outlet_event_extra.py for tasks to queue
[2025-06-23T13:43:52.890+0000] {logging_mixin.py:190} INFO - [2025-06-23T13:43:52.888+0000] {dagbag.py:588} INFO - Filling up the DagBag from /home/airflow/.local/lib/python3.12/site-packages/airflow/example_dags/example_outlet_event_extra.py
[2025-06-23T13:43:54.884+0000] {processor.py:925} INFO - DAG(s) 'dataset_with_extra_by_context', 'dataset_with_extra_from_classic_operator', 'dataset_with_extra_by_yield' retrieved from /home/airflow/.local/lib/python3.12/site-packages/airflow/example_dags/example_outlet_event_extra.py
[2025-06-23T13:43:54.957+0000] {logging_mixin.py:190} INFO - [2025-06-23T13:43:54.957+0000] {dag.py:3239} INFO - Sync 3 DAGs
[2025-06-23T13:43:55.016+0000] {logging_mixin.py:190} INFO - [2025-06-23T13:43:55.015+0000] {dag.py:4180} INFO - Setting next_dagrun for dataset_with_extra_by_context to 2025-06-22 00:00:00+00:00, run_after=2025-06-23 00:00:00+00:00
[2025-06-23T13:43:55.037+0000] {logging_mixin.py:190} INFO - [2025-06-23T13:43:55.036+0000] {dag.py:4180} INFO - Setting next_dagrun for dataset_with_extra_by_yield to 2025-06-22 00:00:00+00:00, run_after=2025-06-23 00:00:00+00:00
[2025-06-23T13:43:55.046+0000] {logging_mixin.py:190} INFO - [2025-06-23T13:43:55.045+0000] {dag.py:4180} INFO - Setting next_dagrun for dataset_with_extra_from_classic_operator to 2025-06-22 00:00:00+00:00, run_after=2025-06-23 00:00:00+00:00
[2025-06-23T13:43:55.115+0000] {processor.py:208} INFO - Processing /home/airflow/.local/lib/python3.12/site-packages/airflow/example_dags/example_outlet_event_extra.py took 2.250 seconds
[2025-06-23T13:44:25.348+0000] {processor.py:186} INFO - Started process (PID=474) to work on /home/airflow/.local/lib/python3.12/site-packages/airflow/example_dags/example_outlet_event_extra.py
[2025-06-23T13:44:25.350+0000] {processor.py:914} INFO - Processing file /home/airflow/.local/lib/python3.12/site-packages/airflow/example_dags/example_outlet_event_extra.py for tasks to queue
[2025-06-23T13:44:25.354+0000] {logging_mixin.py:190} INFO - [2025-06-23T13:44:25.353+0000] {dagbag.py:588} INFO - Filling up the DagBag from /home/airflow/.local/lib/python3.12/site-packages/airflow/example_dags/example_outlet_event_extra.py
[2025-06-23T13:44:27.274+0000] {processor.py:925} INFO - DAG(s) 'dataset_with_extra_by_yield', 'dataset_with_extra_from_classic_operator', 'dataset_with_extra_by_context' retrieved from /home/airflow/.local/lib/python3.12/site-packages/airflow/example_dags/example_outlet_event_extra.py
[2025-06-23T13:44:27.343+0000] {logging_mixin.py:190} INFO - [2025-06-23T13:44:27.343+0000] {dag.py:3239} INFO - Sync 3 DAGs
[2025-06-23T13:44:27.391+0000] {logging_mixin.py:190} INFO - [2025-06-23T13:44:27.391+0000] {dag.py:4180} INFO - Setting next_dagrun for dataset_with_extra_by_context to 2025-06-22 00:00:00+00:00, run_after=2025-06-23 00:00:00+00:00
[2025-06-23T13:44:27.407+0000] {logging_mixin.py:190} INFO - [2025-06-23T13:44:27.406+0000] {dag.py:4180} INFO - Setting next_dagrun for dataset_with_extra_by_yield to 2025-06-22 00:00:00+00:00, run_after=2025-06-23 00:00:00+00:00
[2025-06-23T13:44:27.416+0000] {logging_mixin.py:190} INFO - [2025-06-23T13:44:27.413+0000] {dag.py:4180} INFO - Setting next_dagrun for dataset_with_extra_from_classic_operator to 2025-06-22 00:00:00+00:00, run_after=2025-06-23 00:00:00+00:00
[2025-06-23T13:44:27.466+0000] {processor.py:208} INFO - Processing /home/airflow/.local/lib/python3.12/site-packages/airflow/example_dags/example_outlet_event_extra.py took 2.128 seconds
