[2025-06-23T13:40:54.909+0000] {processor.py:186} INFO - Started process (PID=84) to work on /home/airflow/.local/lib/python3.12/site-packages/airflow/example_dags/example_task_group_decorator.py
[2025-06-23T13:40:54.911+0000] {processor.py:914} INFO - Processing file /home/airflow/.local/lib/python3.12/site-packages/airflow/example_dags/example_task_group_decorator.py for tasks to queue
[2025-06-23T13:40:54.916+0000] {logging_mixin.py:190} INFO - [2025-06-23T13:40:54.915+0000] {dagbag.py:588} INFO - Filling up the DagBag from /home/airflow/.local/lib/python3.12/site-packages/airflow/example_dags/example_task_group_decorator.py
[2025-06-23T13:40:54.956+0000] {processor.py:925} INFO - DAG(s) 'example_task_group_decorator' retrieved from /home/airflow/.local/lib/python3.12/site-packages/airflow/example_dags/example_task_group_decorator.py
[2025-06-23T13:40:55.281+0000] {logging_mixin.py:190} INFO - [2025-06-23T13:40:55.279+0000] {override.py:1911} INFO - Created Permission View: can read on DAG:example_task_group_decorator
[2025-06-23T13:40:55.311+0000] {logging_mixin.py:190} INFO - [2025-06-23T13:40:55.310+0000] {override.py:1911} INFO - Created Permission View: can delete on DAG:example_task_group_decorator
[2025-06-23T13:40:55.325+0000] {logging_mixin.py:190} INFO - [2025-06-23T13:40:55.325+0000] {override.py:1911} INFO - Created Permission View: can edit on DAG:example_task_group_decorator
[2025-06-23T13:40:55.340+0000] {logging_mixin.py:190} INFO - [2025-06-23T13:40:55.340+0000] {override.py:1911} INFO - Created Permission View: can read on DAG Run:example_task_group_decorator
[2025-06-23T13:40:55.358+0000] {logging_mixin.py:190} INFO - [2025-06-23T13:40:55.357+0000] {override.py:1911} INFO - Created Permission View: can create on DAG Run:example_task_group_decorator
[2025-06-23T13:40:55.372+0000] {logging_mixin.py:190} INFO - [2025-06-23T13:40:55.371+0000] {override.py:1911} INFO - Created Permission View: can delete on DAG Run:example_task_group_decorator
[2025-06-23T13:40:55.388+0000] {logging_mixin.py:190} INFO - [2025-06-23T13:40:55.388+0000] {override.py:1911} INFO - Created Permission View: menu access on DAG Run:example_task_group_decorator
[2025-06-23T13:40:55.391+0000] {logging_mixin.py:190} INFO - [2025-06-23T13:40:55.390+0000] {dag.py:3239} INFO - Sync 1 DAGs
[2025-06-23T13:40:55.427+0000] {logging_mixin.py:190} INFO - [2025-06-23T13:40:55.426+0000] {dag.py:3262} INFO - Creating ORM DAG for example_task_group_decorator
[2025-06-23T13:40:55.429+0000] {logging_mixin.py:190} INFO - [2025-06-23T13:40:55.429+0000] {dag.py:4180} INFO - Setting next_dagrun for example_task_group_decorator to None, run_after=None
[2025-06-23T13:40:55.469+0000] {processor.py:208} INFO - Processing /home/airflow/.local/lib/python3.12/site-packages/airflow/example_dags/example_task_group_decorator.py took 0.574 seconds
[2025-06-23T13:41:25.694+0000] {processor.py:186} INFO - Started process (PID=146) to work on /home/airflow/.local/lib/python3.12/site-packages/airflow/example_dags/example_task_group_decorator.py
[2025-06-23T13:41:25.696+0000] {processor.py:914} INFO - Processing file /home/airflow/.local/lib/python3.12/site-packages/airflow/example_dags/example_task_group_decorator.py for tasks to queue
[2025-06-23T13:41:25.699+0000] {logging_mixin.py:190} INFO - [2025-06-23T13:41:25.699+0000] {dagbag.py:588} INFO - Filling up the DagBag from /home/airflow/.local/lib/python3.12/site-packages/airflow/example_dags/example_task_group_decorator.py
[2025-06-23T13:41:25.724+0000] {processor.py:925} INFO - DAG(s) 'example_task_group_decorator' retrieved from /home/airflow/.local/lib/python3.12/site-packages/airflow/example_dags/example_task_group_decorator.py
[2025-06-23T13:41:25.770+0000] {logging_mixin.py:190} INFO - [2025-06-23T13:41:25.770+0000] {dag.py:3239} INFO - Sync 1 DAGs
[2025-06-23T13:41:25.790+0000] {logging_mixin.py:190} INFO - [2025-06-23T13:41:25.790+0000] {dag.py:4180} INFO - Setting next_dagrun for example_task_group_decorator to None, run_after=None
[2025-06-23T13:41:25.836+0000] {processor.py:208} INFO - Processing /home/airflow/.local/lib/python3.12/site-packages/airflow/example_dags/example_task_group_decorator.py took 0.150 seconds
[2025-06-23T13:41:56.121+0000] {processor.py:186} INFO - Started process (PID=210) to work on /home/airflow/.local/lib/python3.12/site-packages/airflow/example_dags/example_task_group_decorator.py
[2025-06-23T13:41:56.122+0000] {processor.py:914} INFO - Processing file /home/airflow/.local/lib/python3.12/site-packages/airflow/example_dags/example_task_group_decorator.py for tasks to queue
[2025-06-23T13:41:56.125+0000] {logging_mixin.py:190} INFO - [2025-06-23T13:41:56.125+0000] {dagbag.py:588} INFO - Filling up the DagBag from /home/airflow/.local/lib/python3.12/site-packages/airflow/example_dags/example_task_group_decorator.py
[2025-06-23T13:41:56.149+0000] {processor.py:925} INFO - DAG(s) 'example_task_group_decorator' retrieved from /home/airflow/.local/lib/python3.12/site-packages/airflow/example_dags/example_task_group_decorator.py
[2025-06-23T13:41:56.193+0000] {logging_mixin.py:190} INFO - [2025-06-23T13:41:56.193+0000] {dag.py:3239} INFO - Sync 1 DAGs
[2025-06-23T13:41:56.214+0000] {logging_mixin.py:190} INFO - [2025-06-23T13:41:56.214+0000] {dag.py:4180} INFO - Setting next_dagrun for example_task_group_decorator to None, run_after=None
[2025-06-23T13:41:56.245+0000] {processor.py:208} INFO - Processing /home/airflow/.local/lib/python3.12/site-packages/airflow/example_dags/example_task_group_decorator.py took 0.132 seconds
[2025-06-23T13:42:26.420+0000] {processor.py:186} INFO - Started process (PID=273) to work on /home/airflow/.local/lib/python3.12/site-packages/airflow/example_dags/example_task_group_decorator.py
[2025-06-23T13:42:26.422+0000] {processor.py:914} INFO - Processing file /home/airflow/.local/lib/python3.12/site-packages/airflow/example_dags/example_task_group_decorator.py for tasks to queue
[2025-06-23T13:42:26.425+0000] {logging_mixin.py:190} INFO - [2025-06-23T13:42:26.425+0000] {dagbag.py:588} INFO - Filling up the DagBag from /home/airflow/.local/lib/python3.12/site-packages/airflow/example_dags/example_task_group_decorator.py
[2025-06-23T13:42:26.448+0000] {processor.py:925} INFO - DAG(s) 'example_task_group_decorator' retrieved from /home/airflow/.local/lib/python3.12/site-packages/airflow/example_dags/example_task_group_decorator.py
[2025-06-23T13:42:26.494+0000] {logging_mixin.py:190} INFO - [2025-06-23T13:42:26.494+0000] {dag.py:3239} INFO - Sync 1 DAGs
[2025-06-23T13:42:26.517+0000] {logging_mixin.py:190} INFO - [2025-06-23T13:42:26.517+0000] {dag.py:4180} INFO - Setting next_dagrun for example_task_group_decorator to None, run_after=None
[2025-06-23T13:42:26.554+0000] {processor.py:208} INFO - Processing /home/airflow/.local/lib/python3.12/site-packages/airflow/example_dags/example_task_group_decorator.py took 0.141 seconds
[2025-06-23T13:43:20.328+0000] {processor.py:186} INFO - Started process (PID=340) to work on /home/airflow/.local/lib/python3.12/site-packages/airflow/example_dags/example_task_group_decorator.py
[2025-06-23T13:43:20.356+0000] {processor.py:914} INFO - Processing file /home/airflow/.local/lib/python3.12/site-packages/airflow/example_dags/example_task_group_decorator.py for tasks to queue
[2025-06-23T13:43:20.366+0000] {logging_mixin.py:190} INFO - [2025-06-23T13:43:20.363+0000] {dagbag.py:588} INFO - Filling up the DagBag from /home/airflow/.local/lib/python3.12/site-packages/airflow/example_dags/example_task_group_decorator.py
[2025-06-23T13:43:20.544+0000] {processor.py:925} INFO - DAG(s) 'example_task_group_decorator' retrieved from /home/airflow/.local/lib/python3.12/site-packages/airflow/example_dags/example_task_group_decorator.py
[2025-06-23T13:43:20.680+0000] {logging_mixin.py:190} INFO - [2025-06-23T13:43:20.679+0000] {dag.py:3239} INFO - Sync 1 DAGs
[2025-06-23T13:43:20.752+0000] {logging_mixin.py:190} INFO - [2025-06-23T13:43:20.751+0000] {dag.py:4180} INFO - Setting next_dagrun for example_task_group_decorator to None, run_after=None
[2025-06-23T13:43:20.864+0000] {processor.py:208} INFO - Processing /home/airflow/.local/lib/python3.12/site-packages/airflow/example_dags/example_task_group_decorator.py took 0.581 seconds
[2025-06-23T13:43:51.606+0000] {processor.py:186} INFO - Started process (PID=402) to work on /home/airflow/.local/lib/python3.12/site-packages/airflow/example_dags/example_task_group_decorator.py
[2025-06-23T13:43:51.608+0000] {processor.py:914} INFO - Processing file /home/airflow/.local/lib/python3.12/site-packages/airflow/example_dags/example_task_group_decorator.py for tasks to queue
[2025-06-23T13:43:51.613+0000] {logging_mixin.py:190} INFO - [2025-06-23T13:43:51.612+0000] {dagbag.py:588} INFO - Filling up the DagBag from /home/airflow/.local/lib/python3.12/site-packages/airflow/example_dags/example_task_group_decorator.py
[2025-06-23T13:43:51.659+0000] {processor.py:925} INFO - DAG(s) 'example_task_group_decorator' retrieved from /home/airflow/.local/lib/python3.12/site-packages/airflow/example_dags/example_task_group_decorator.py
[2025-06-23T13:43:51.728+0000] {logging_mixin.py:190} INFO - [2025-06-23T13:43:51.727+0000] {dag.py:3239} INFO - Sync 1 DAGs
[2025-06-23T13:43:51.766+0000] {logging_mixin.py:190} INFO - [2025-06-23T13:43:51.766+0000] {dag.py:4180} INFO - Setting next_dagrun for example_task_group_decorator to None, run_after=None
[2025-06-23T13:43:51.821+0000] {processor.py:208} INFO - Processing /home/airflow/.local/lib/python3.12/site-packages/airflow/example_dags/example_task_group_decorator.py took 0.227 seconds
[2025-06-23T13:44:22.533+0000] {processor.py:186} INFO - Started process (PID=465) to work on /home/airflow/.local/lib/python3.12/site-packages/airflow/example_dags/example_task_group_decorator.py
[2025-06-23T13:44:22.534+0000] {processor.py:914} INFO - Processing file /home/airflow/.local/lib/python3.12/site-packages/airflow/example_dags/example_task_group_decorator.py for tasks to queue
[2025-06-23T13:44:22.538+0000] {logging_mixin.py:190} INFO - [2025-06-23T13:44:22.538+0000] {dagbag.py:588} INFO - Filling up the DagBag from /home/airflow/.local/lib/python3.12/site-packages/airflow/example_dags/example_task_group_decorator.py
[2025-06-23T13:44:22.558+0000] {processor.py:925} INFO - DAG(s) 'example_task_group_decorator' retrieved from /home/airflow/.local/lib/python3.12/site-packages/airflow/example_dags/example_task_group_decorator.py
[2025-06-23T13:44:22.589+0000] {logging_mixin.py:190} INFO - [2025-06-23T13:44:22.588+0000] {dag.py:3239} INFO - Sync 1 DAGs
[2025-06-23T13:44:22.608+0000] {logging_mixin.py:190} INFO - [2025-06-23T13:44:22.608+0000] {dag.py:4180} INFO - Setting next_dagrun for example_task_group_decorator to None, run_after=None
[2025-06-23T13:44:22.646+0000] {processor.py:208} INFO - Processing /home/airflow/.local/lib/python3.12/site-packages/airflow/example_dags/example_task_group_decorator.py took 0.120 seconds
