[2025-06-23T13:41:04.169+0000] {processor.py:186} INFO - Started process (PID=112) to work on /home/airflow/.local/lib/python3.12/site-packages/airflow/example_dags/example_sensors.py
[2025-06-23T13:41:04.171+0000] {processor.py:914} INFO - Processing file /home/airflow/.local/lib/python3.12/site-packages/airflow/example_dags/example_sensors.py for tasks to queue
[2025-06-23T13:41:04.175+0000] {logging_mixin.py:190} INFO - [2025-06-23T13:41:04.175+0000] {dagbag.py:588} INFO - Filling up the DagBag from /home/airflow/.local/lib/python3.12/site-packages/airflow/example_dags/example_sensors.py
[2025-06-23T13:41:04.194+0000] {processor.py:925} INFO - DAG(s) 'example_sensors' retrieved from /home/airflow/.local/lib/python3.12/site-packages/airflow/example_dags/example_sensors.py
[2025-06-23T13:41:04.370+0000] {logging_mixin.py:190} INFO - [2025-06-23T13:41:04.369+0000] {override.py:1911} INFO - Created Permission View: can read on DAG:example_sensors
[2025-06-23T13:41:04.387+0000] {logging_mixin.py:190} INFO - [2025-06-23T13:41:04.386+0000] {override.py:1911} INFO - Created Permission View: can delete on DAG:example_sensors
[2025-06-23T13:41:04.399+0000] {logging_mixin.py:190} INFO - [2025-06-23T13:41:04.398+0000] {override.py:1911} INFO - Created Permission View: can edit on DAG:example_sensors
[2025-06-23T13:41:04.412+0000] {logging_mixin.py:190} INFO - [2025-06-23T13:41:04.412+0000] {override.py:1911} INFO - Created Permission View: can read on DAG Run:example_sensors
[2025-06-23T13:41:04.425+0000] {logging_mixin.py:190} INFO - [2025-06-23T13:41:04.424+0000] {override.py:1911} INFO - Created Permission View: can create on DAG Run:example_sensors
[2025-06-23T13:41:04.436+0000] {logging_mixin.py:190} INFO - [2025-06-23T13:41:04.436+0000] {override.py:1911} INFO - Created Permission View: can delete on DAG Run:example_sensors
[2025-06-23T13:41:04.448+0000] {logging_mixin.py:190} INFO - [2025-06-23T13:41:04.448+0000] {override.py:1911} INFO - Created Permission View: menu access on DAG Run:example_sensors
[2025-06-23T13:41:04.449+0000] {logging_mixin.py:190} INFO - [2025-06-23T13:41:04.449+0000] {dag.py:3239} INFO - Sync 1 DAGs
[2025-06-23T13:41:04.470+0000] {logging_mixin.py:190} INFO - [2025-06-23T13:41:04.469+0000] {dag.py:3262} INFO - Creating ORM DAG for example_sensors
[2025-06-23T13:41:04.471+0000] {logging_mixin.py:190} INFO - [2025-06-23T13:41:04.471+0000] {dag.py:4180} INFO - Setting next_dagrun for example_sensors to None, run_after=None
[2025-06-23T13:41:04.497+0000] {processor.py:208} INFO - Processing /home/airflow/.local/lib/python3.12/site-packages/airflow/example_dags/example_sensors.py took 0.337 seconds
[2025-06-23T13:41:34.552+0000] {processor.py:186} INFO - Started process (PID=174) to work on /home/airflow/.local/lib/python3.12/site-packages/airflow/example_dags/example_sensors.py
[2025-06-23T13:41:34.554+0000] {processor.py:914} INFO - Processing file /home/airflow/.local/lib/python3.12/site-packages/airflow/example_dags/example_sensors.py for tasks to queue
[2025-06-23T13:41:34.558+0000] {logging_mixin.py:190} INFO - [2025-06-23T13:41:34.557+0000] {dagbag.py:588} INFO - Filling up the DagBag from /home/airflow/.local/lib/python3.12/site-packages/airflow/example_dags/example_sensors.py
[2025-06-23T13:41:34.574+0000] {processor.py:925} INFO - DAG(s) 'example_sensors' retrieved from /home/airflow/.local/lib/python3.12/site-packages/airflow/example_dags/example_sensors.py
[2025-06-23T13:41:34.608+0000] {logging_mixin.py:190} INFO - [2025-06-23T13:41:34.607+0000] {dag.py:3239} INFO - Sync 1 DAGs
[2025-06-23T13:41:34.622+0000] {logging_mixin.py:190} INFO - [2025-06-23T13:41:34.622+0000] {dag.py:4180} INFO - Setting next_dagrun for example_sensors to None, run_after=None
[2025-06-23T13:41:34.645+0000] {processor.py:208} INFO - Processing /home/airflow/.local/lib/python3.12/site-packages/airflow/example_dags/example_sensors.py took 0.099 seconds
[2025-06-23T13:42:06.851+0000] {processor.py:186} INFO - Started process (PID=238) to work on /home/airflow/.local/lib/python3.12/site-packages/airflow/example_dags/example_sensors.py
[2025-06-23T13:42:06.853+0000] {processor.py:914} INFO - Processing file /home/airflow/.local/lib/python3.12/site-packages/airflow/example_dags/example_sensors.py for tasks to queue
[2025-06-23T13:42:06.859+0000] {logging_mixin.py:190} INFO - [2025-06-23T13:42:06.857+0000] {dagbag.py:588} INFO - Filling up the DagBag from /home/airflow/.local/lib/python3.12/site-packages/airflow/example_dags/example_sensors.py
[2025-06-23T13:42:06.889+0000] {processor.py:925} INFO - DAG(s) 'example_sensors' retrieved from /home/airflow/.local/lib/python3.12/site-packages/airflow/example_dags/example_sensors.py
[2025-06-23T13:42:06.952+0000] {logging_mixin.py:190} INFO - [2025-06-23T13:42:06.952+0000] {dag.py:3239} INFO - Sync 1 DAGs
[2025-06-23T13:42:06.997+0000] {logging_mixin.py:190} INFO - [2025-06-23T13:42:06.997+0000] {dag.py:4180} INFO - Setting next_dagrun for example_sensors to None, run_after=None
[2025-06-23T13:42:07.040+0000] {processor.py:208} INFO - Processing /home/airflow/.local/lib/python3.12/site-packages/airflow/example_dags/example_sensors.py took 0.198 seconds
[2025-06-23T13:42:48.175+0000] {processor.py:186} INFO - Started process (PID=302) to work on /home/airflow/.local/lib/python3.12/site-packages/airflow/example_dags/example_sensors.py
[2025-06-23T13:42:48.178+0000] {processor.py:914} INFO - Processing file /home/airflow/.local/lib/python3.12/site-packages/airflow/example_dags/example_sensors.py for tasks to queue
[2025-06-23T13:42:48.191+0000] {logging_mixin.py:190} INFO - [2025-06-23T13:42:48.190+0000] {dagbag.py:588} INFO - Filling up the DagBag from /home/airflow/.local/lib/python3.12/site-packages/airflow/example_dags/example_sensors.py
[2025-06-23T13:42:48.252+0000] {processor.py:925} INFO - DAG(s) 'example_sensors' retrieved from /home/airflow/.local/lib/python3.12/site-packages/airflow/example_dags/example_sensors.py
[2025-06-23T13:42:48.361+0000] {logging_mixin.py:190} INFO - [2025-06-23T13:42:48.361+0000] {dag.py:3239} INFO - Sync 1 DAGs
[2025-06-23T13:42:48.434+0000] {logging_mixin.py:190} INFO - [2025-06-23T13:42:48.433+0000] {dag.py:4180} INFO - Setting next_dagrun for example_sensors to None, run_after=None
[2025-06-23T13:42:48.520+0000] {processor.py:208} INFO - Processing /home/airflow/.local/lib/python3.12/site-packages/airflow/example_dags/example_sensors.py took 0.366 seconds
[2025-06-23T13:43:30.514+0000] {processor.py:186} INFO - Started process (PID=371) to work on /home/airflow/.local/lib/python3.12/site-packages/airflow/example_dags/example_sensors.py
[2025-06-23T13:43:30.516+0000] {processor.py:914} INFO - Processing file /home/airflow/.local/lib/python3.12/site-packages/airflow/example_dags/example_sensors.py for tasks to queue
[2025-06-23T13:43:30.520+0000] {logging_mixin.py:190} INFO - [2025-06-23T13:43:30.520+0000] {dagbag.py:588} INFO - Filling up the DagBag from /home/airflow/.local/lib/python3.12/site-packages/airflow/example_dags/example_sensors.py
[2025-06-23T13:43:30.547+0000] {processor.py:925} INFO - DAG(s) 'example_sensors' retrieved from /home/airflow/.local/lib/python3.12/site-packages/airflow/example_dags/example_sensors.py
[2025-06-23T13:43:30.615+0000] {logging_mixin.py:190} INFO - [2025-06-23T13:43:30.614+0000] {dag.py:3239} INFO - Sync 1 DAGs
[2025-06-23T13:43:30.655+0000] {logging_mixin.py:190} INFO - [2025-06-23T13:43:30.654+0000] {dag.py:4180} INFO - Setting next_dagrun for example_sensors to None, run_after=None
[2025-06-23T13:43:30.708+0000] {processor.py:208} INFO - Processing /home/airflow/.local/lib/python3.12/site-packages/airflow/example_dags/example_sensors.py took 0.208 seconds
[2025-06-23T13:44:01.415+0000] {processor.py:186} INFO - Started process (PID=433) to work on /home/airflow/.local/lib/python3.12/site-packages/airflow/example_dags/example_sensors.py
[2025-06-23T13:44:01.416+0000] {processor.py:914} INFO - Processing file /home/airflow/.local/lib/python3.12/site-packages/airflow/example_dags/example_sensors.py for tasks to queue
[2025-06-23T13:44:01.421+0000] {logging_mixin.py:190} INFO - [2025-06-23T13:44:01.421+0000] {dagbag.py:588} INFO - Filling up the DagBag from /home/airflow/.local/lib/python3.12/site-packages/airflow/example_dags/example_sensors.py
[2025-06-23T13:44:01.438+0000] {processor.py:925} INFO - DAG(s) 'example_sensors' retrieved from /home/airflow/.local/lib/python3.12/site-packages/airflow/example_dags/example_sensors.py
[2025-06-23T13:44:01.480+0000] {logging_mixin.py:190} INFO - [2025-06-23T13:44:01.479+0000] {dag.py:3239} INFO - Sync 1 DAGs
[2025-06-23T13:44:01.505+0000] {logging_mixin.py:190} INFO - [2025-06-23T13:44:01.505+0000] {dag.py:4180} INFO - Setting next_dagrun for example_sensors to None, run_after=None
[2025-06-23T13:44:01.538+0000] {processor.py:208} INFO - Processing /home/airflow/.local/lib/python3.12/site-packages/airflow/example_dags/example_sensors.py took 0.132 seconds
[2025-06-23T13:44:31.873+0000] {processor.py:186} INFO - Started process (PID=495) to work on /home/airflow/.local/lib/python3.12/site-packages/airflow/example_dags/example_sensors.py
[2025-06-23T13:44:31.875+0000] {processor.py:914} INFO - Processing file /home/airflow/.local/lib/python3.12/site-packages/airflow/example_dags/example_sensors.py for tasks to queue
[2025-06-23T13:44:31.884+0000] {logging_mixin.py:190} INFO - [2025-06-23T13:44:31.883+0000] {dagbag.py:588} INFO - Filling up the DagBag from /home/airflow/.local/lib/python3.12/site-packages/airflow/example_dags/example_sensors.py
[2025-06-23T13:44:31.922+0000] {processor.py:925} INFO - DAG(s) 'example_sensors' retrieved from /home/airflow/.local/lib/python3.12/site-packages/airflow/example_dags/example_sensors.py
[2025-06-23T13:44:32.004+0000] {logging_mixin.py:190} INFO - [2025-06-23T13:44:32.003+0000] {dag.py:3239} INFO - Sync 1 DAGs
[2025-06-23T13:44:32.055+0000] {logging_mixin.py:190} INFO - [2025-06-23T13:44:32.055+0000] {dag.py:4180} INFO - Setting next_dagrun for example_sensors to None, run_after=None
[2025-06-23T13:44:32.110+0000] {processor.py:208} INFO - Processing /home/airflow/.local/lib/python3.12/site-packages/airflow/example_dags/example_sensors.py took 0.253 seconds
