[2025-06-23T13:41:02.507+0000] {processor.py:186} INFO - Started process (PID=106) to work on /home/airflow/.local/lib/python3.12/site-packages/airflow/example_dags/example_xcom.py
[2025-06-23T13:41:02.509+0000] {processor.py:914} INFO - Processing file /home/airflow/.local/lib/python3.12/site-packages/airflow/example_dags/example_xcom.py for tasks to queue
[2025-06-23T13:41:02.513+0000] {logging_mixin.py:190} INFO - [2025-06-23T13:41:02.512+0000] {dagbag.py:588} INFO - Filling up the DagBag from /home/airflow/.local/lib/python3.12/site-packages/airflow/example_dags/example_xcom.py
[2025-06-23T13:41:02.529+0000] {processor.py:925} INFO - DAG(s) 'example_xcom' retrieved from /home/airflow/.local/lib/python3.12/site-packages/airflow/example_dags/example_xcom.py
[2025-06-23T13:41:02.688+0000] {logging_mixin.py:190} INFO - [2025-06-23T13:41:02.687+0000] {override.py:1911} INFO - Created Permission View: can read on DAG:example_xcom
[2025-06-23T13:41:02.705+0000] {logging_mixin.py:190} INFO - [2025-06-23T13:41:02.704+0000] {override.py:1911} INFO - Created Permission View: can delete on DAG:example_xcom
[2025-06-23T13:41:02.716+0000] {logging_mixin.py:190} INFO - [2025-06-23T13:41:02.716+0000] {override.py:1911} INFO - Created Permission View: can edit on DAG:example_xcom
[2025-06-23T13:41:02.730+0000] {logging_mixin.py:190} INFO - [2025-06-23T13:41:02.729+0000] {override.py:1911} INFO - Created Permission View: can read on DAG Run:example_xcom
[2025-06-23T13:41:02.741+0000] {logging_mixin.py:190} INFO - [2025-06-23T13:41:02.741+0000] {override.py:1911} INFO - Created Permission View: can create on DAG Run:example_xcom
[2025-06-23T13:41:02.752+0000] {logging_mixin.py:190} INFO - [2025-06-23T13:41:02.751+0000] {override.py:1911} INFO - Created Permission View: can delete on DAG Run:example_xcom
[2025-06-23T13:41:02.764+0000] {logging_mixin.py:190} INFO - [2025-06-23T13:41:02.764+0000] {override.py:1911} INFO - Created Permission View: menu access on DAG Run:example_xcom
[2025-06-23T13:41:02.766+0000] {logging_mixin.py:190} INFO - [2025-06-23T13:41:02.765+0000] {dag.py:3239} INFO - Sync 1 DAGs
[2025-06-23T13:41:02.783+0000] {logging_mixin.py:190} INFO - [2025-06-23T13:41:02.782+0000] {dag.py:3262} INFO - Creating ORM DAG for example_xcom
[2025-06-23T13:41:02.796+0000] {logging_mixin.py:190} INFO - [2025-06-23T13:41:02.796+0000] {dag.py:4180} INFO - Setting next_dagrun for example_xcom to 2021-01-01 00:00:00+00:00, run_after=2021-01-01 00:00:00+00:00
[2025-06-23T13:41:02.823+0000] {processor.py:208} INFO - Processing /home/airflow/.local/lib/python3.12/site-packages/airflow/example_dags/example_xcom.py took 0.326 seconds
[2025-06-23T13:41:33.126+0000] {processor.py:186} INFO - Started process (PID=169) to work on /home/airflow/.local/lib/python3.12/site-packages/airflow/example_dags/example_xcom.py
[2025-06-23T13:41:33.127+0000] {processor.py:914} INFO - Processing file /home/airflow/.local/lib/python3.12/site-packages/airflow/example_dags/example_xcom.py for tasks to queue
[2025-06-23T13:41:33.131+0000] {logging_mixin.py:190} INFO - [2025-06-23T13:41:33.130+0000] {dagbag.py:588} INFO - Filling up the DagBag from /home/airflow/.local/lib/python3.12/site-packages/airflow/example_dags/example_xcom.py
[2025-06-23T13:41:33.144+0000] {processor.py:925} INFO - DAG(s) 'example_xcom' retrieved from /home/airflow/.local/lib/python3.12/site-packages/airflow/example_dags/example_xcom.py
[2025-06-23T13:41:33.172+0000] {logging_mixin.py:190} INFO - [2025-06-23T13:41:33.172+0000] {dag.py:3239} INFO - Sync 1 DAGs
[2025-06-23T13:41:33.201+0000] {logging_mixin.py:190} INFO - [2025-06-23T13:41:33.200+0000] {dag.py:4180} INFO - Setting next_dagrun for example_xcom to 2021-01-01 00:00:00+00:00, run_after=2021-01-01 00:00:00+00:00
[2025-06-23T13:41:33.224+0000] {processor.py:208} INFO - Processing /home/airflow/.local/lib/python3.12/site-packages/airflow/example_dags/example_xcom.py took 0.105 seconds
[2025-06-23T13:42:05.176+0000] {processor.py:186} INFO - Started process (PID=233) to work on /home/airflow/.local/lib/python3.12/site-packages/airflow/example_dags/example_xcom.py
[2025-06-23T13:42:05.178+0000] {processor.py:914} INFO - Processing file /home/airflow/.local/lib/python3.12/site-packages/airflow/example_dags/example_xcom.py for tasks to queue
[2025-06-23T13:42:05.184+0000] {logging_mixin.py:190} INFO - [2025-06-23T13:42:05.184+0000] {dagbag.py:588} INFO - Filling up the DagBag from /home/airflow/.local/lib/python3.12/site-packages/airflow/example_dags/example_xcom.py
[2025-06-23T13:42:05.210+0000] {processor.py:925} INFO - DAG(s) 'example_xcom' retrieved from /home/airflow/.local/lib/python3.12/site-packages/airflow/example_dags/example_xcom.py
[2025-06-23T13:42:05.260+0000] {logging_mixin.py:190} INFO - [2025-06-23T13:42:05.260+0000] {dag.py:3239} INFO - Sync 1 DAGs
[2025-06-23T13:42:05.313+0000] {logging_mixin.py:190} INFO - [2025-06-23T13:42:05.312+0000] {dag.py:4180} INFO - Setting next_dagrun for example_xcom to 2021-01-01 00:00:00+00:00, run_after=2021-01-01 00:00:00+00:00
[2025-06-23T13:42:05.364+0000] {processor.py:208} INFO - Processing /home/airflow/.local/lib/python3.12/site-packages/airflow/example_dags/example_xcom.py took 0.199 seconds
[2025-06-23T13:42:39.620+0000] {processor.py:186} INFO - Started process (PID=295) to work on /home/airflow/.local/lib/python3.12/site-packages/airflow/example_dags/example_xcom.py
[2025-06-23T13:42:39.623+0000] {processor.py:914} INFO - Processing file /home/airflow/.local/lib/python3.12/site-packages/airflow/example_dags/example_xcom.py for tasks to queue
[2025-06-23T13:42:39.632+0000] {logging_mixin.py:190} INFO - [2025-06-23T13:42:39.630+0000] {dagbag.py:588} INFO - Filling up the DagBag from /home/airflow/.local/lib/python3.12/site-packages/airflow/example_dags/example_xcom.py
[2025-06-23T13:42:39.689+0000] {processor.py:925} INFO - DAG(s) 'example_xcom' retrieved from /home/airflow/.local/lib/python3.12/site-packages/airflow/example_dags/example_xcom.py
[2025-06-23T13:42:40.159+0000] {logging_mixin.py:190} INFO - [2025-06-23T13:42:40.152+0000] {dag.py:3239} INFO - Sync 1 DAGs
[2025-06-23T13:42:40.234+0000] {logging_mixin.py:190} INFO - [2025-06-23T13:42:40.233+0000] {dag.py:4180} INFO - Setting next_dagrun for example_xcom to 2021-01-01 00:00:00+00:00, run_after=2021-01-01 00:00:00+00:00
[2025-06-23T13:42:40.294+0000] {processor.py:208} INFO - Processing /home/airflow/.local/lib/python3.12/site-packages/airflow/example_dags/example_xcom.py took 0.697 seconds
[2025-06-23T13:43:26.674+0000] {processor.py:186} INFO - Started process (PID=361) to work on /home/airflow/.local/lib/python3.12/site-packages/airflow/example_dags/example_xcom.py
[2025-06-23T13:43:26.677+0000] {processor.py:914} INFO - Processing file /home/airflow/.local/lib/python3.12/site-packages/airflow/example_dags/example_xcom.py for tasks to queue
[2025-06-23T13:43:26.693+0000] {logging_mixin.py:190} INFO - [2025-06-23T13:43:26.692+0000] {dagbag.py:588} INFO - Filling up the DagBag from /home/airflow/.local/lib/python3.12/site-packages/airflow/example_dags/example_xcom.py
[2025-06-23T13:43:26.722+0000] {processor.py:925} INFO - DAG(s) 'example_xcom' retrieved from /home/airflow/.local/lib/python3.12/site-packages/airflow/example_dags/example_xcom.py
[2025-06-23T13:43:26.775+0000] {logging_mixin.py:190} INFO - [2025-06-23T13:43:26.775+0000] {dag.py:3239} INFO - Sync 1 DAGs
[2025-06-23T13:43:26.837+0000] {logging_mixin.py:190} INFO - [2025-06-23T13:43:26.836+0000] {dag.py:4180} INFO - Setting next_dagrun for example_xcom to 2021-01-01 00:00:00+00:00, run_after=2021-01-01 00:00:00+00:00
[2025-06-23T13:43:26.893+0000] {processor.py:208} INFO - Processing /home/airflow/.local/lib/python3.12/site-packages/airflow/example_dags/example_xcom.py took 0.238 seconds
[2025-06-23T13:43:57.396+0000] {processor.py:186} INFO - Started process (PID=424) to work on /home/airflow/.local/lib/python3.12/site-packages/airflow/example_dags/example_xcom.py
[2025-06-23T13:43:57.398+0000] {processor.py:914} INFO - Processing file /home/airflow/.local/lib/python3.12/site-packages/airflow/example_dags/example_xcom.py for tasks to queue
[2025-06-23T13:43:57.402+0000] {logging_mixin.py:190} INFO - [2025-06-23T13:43:57.401+0000] {dagbag.py:588} INFO - Filling up the DagBag from /home/airflow/.local/lib/python3.12/site-packages/airflow/example_dags/example_xcom.py
[2025-06-23T13:43:57.416+0000] {processor.py:925} INFO - DAG(s) 'example_xcom' retrieved from /home/airflow/.local/lib/python3.12/site-packages/airflow/example_dags/example_xcom.py
[2025-06-23T13:43:57.451+0000] {logging_mixin.py:190} INFO - [2025-06-23T13:43:57.450+0000] {dag.py:3239} INFO - Sync 1 DAGs
[2025-06-23T13:43:57.487+0000] {logging_mixin.py:190} INFO - [2025-06-23T13:43:57.487+0000] {dag.py:4180} INFO - Setting next_dagrun for example_xcom to 2021-01-01 00:00:00+00:00, run_after=2021-01-01 00:00:00+00:00
[2025-06-23T13:43:57.516+0000] {processor.py:208} INFO - Processing /home/airflow/.local/lib/python3.12/site-packages/airflow/example_dags/example_xcom.py took 0.127 seconds
[2025-06-23T13:44:28.602+0000] {processor.py:186} INFO - Started process (PID=487) to work on /home/airflow/.local/lib/python3.12/site-packages/airflow/example_dags/example_xcom.py
[2025-06-23T13:44:28.604+0000] {processor.py:914} INFO - Processing file /home/airflow/.local/lib/python3.12/site-packages/airflow/example_dags/example_xcom.py for tasks to queue
[2025-06-23T13:44:28.608+0000] {logging_mixin.py:190} INFO - [2025-06-23T13:44:28.608+0000] {dagbag.py:588} INFO - Filling up the DagBag from /home/airflow/.local/lib/python3.12/site-packages/airflow/example_dags/example_xcom.py
[2025-06-23T13:44:28.641+0000] {processor.py:925} INFO - DAG(s) 'example_xcom' retrieved from /home/airflow/.local/lib/python3.12/site-packages/airflow/example_dags/example_xcom.py
[2025-06-23T13:44:28.713+0000] {logging_mixin.py:190} INFO - [2025-06-23T13:44:28.712+0000] {dag.py:3239} INFO - Sync 1 DAGs
[2025-06-23T13:44:28.778+0000] {logging_mixin.py:190} INFO - [2025-06-23T13:44:28.776+0000] {dag.py:4180} INFO - Setting next_dagrun for example_xcom to 2021-01-01 00:00:00+00:00, run_after=2021-01-01 00:00:00+00:00
[2025-06-23T13:44:28.830+0000] {processor.py:208} INFO - Processing /home/airflow/.local/lib/python3.12/site-packages/airflow/example_dags/example_xcom.py took 0.241 seconds
