[2025-06-23T13:41:06.185+0000] {processor.py:186} INFO - Started process (PID=120) to work on /home/airflow/.local/lib/python3.12/site-packages/airflow/example_dags/tutorial_objectstorage.py
[2025-06-23T13:41:06.187+0000] {processor.py:914} INFO - Processing file /home/airflow/.local/lib/python3.12/site-packages/airflow/example_dags/tutorial_objectstorage.py for tasks to queue
[2025-06-23T13:41:06.192+0000] {logging_mixin.py:190} INFO - [2025-06-23T13:41:06.191+0000] {dagbag.py:588} INFO - Filling up the DagBag from /home/airflow/.local/lib/python3.12/site-packages/airflow/example_dags/tutorial_objectstorage.py
[2025-06-23T13:41:06.212+0000] {processor.py:925} INFO - DAG(s) 'tutorial_objectstorage' retrieved from /home/airflow/.local/lib/python3.12/site-packages/airflow/example_dags/tutorial_objectstorage.py
[2025-06-23T13:41:06.394+0000] {logging_mixin.py:190} INFO - [2025-06-23T13:41:06.393+0000] {override.py:1911} INFO - Created Permission View: can read on DAG:tutorial_objectstorage
[2025-06-23T13:41:06.411+0000] {logging_mixin.py:190} INFO - [2025-06-23T13:41:06.411+0000] {override.py:1911} INFO - Created Permission View: can delete on DAG:tutorial_objectstorage
[2025-06-23T13:41:06.424+0000] {logging_mixin.py:190} INFO - [2025-06-23T13:41:06.423+0000] {override.py:1911} INFO - Created Permission View: can edit on DAG:tutorial_objectstorage
[2025-06-23T13:41:06.438+0000] {logging_mixin.py:190} INFO - [2025-06-23T13:41:06.437+0000] {override.py:1911} INFO - Created Permission View: can read on DAG Run:tutorial_objectstorage
[2025-06-23T13:41:06.449+0000] {logging_mixin.py:190} INFO - [2025-06-23T13:41:06.449+0000] {override.py:1911} INFO - Created Permission View: can create on DAG Run:tutorial_objectstorage
[2025-06-23T13:41:06.462+0000] {logging_mixin.py:190} INFO - [2025-06-23T13:41:06.461+0000] {override.py:1911} INFO - Created Permission View: can delete on DAG Run:tutorial_objectstorage
[2025-06-23T13:41:06.475+0000] {logging_mixin.py:190} INFO - [2025-06-23T13:41:06.475+0000] {override.py:1911} INFO - Created Permission View: menu access on DAG Run:tutorial_objectstorage
[2025-06-23T13:41:06.476+0000] {logging_mixin.py:190} INFO - [2025-06-23T13:41:06.476+0000] {dag.py:3239} INFO - Sync 1 DAGs
[2025-06-23T13:41:06.497+0000] {logging_mixin.py:190} INFO - [2025-06-23T13:41:06.496+0000] {dag.py:3262} INFO - Creating ORM DAG for tutorial_objectstorage
[2025-06-23T13:41:06.498+0000] {logging_mixin.py:190} INFO - [2025-06-23T13:41:06.498+0000] {dag.py:4180} INFO - Setting next_dagrun for tutorial_objectstorage to None, run_after=None
[2025-06-23T13:41:06.527+0000] {processor.py:208} INFO - Processing /home/airflow/.local/lib/python3.12/site-packages/airflow/example_dags/tutorial_objectstorage.py took 0.352 seconds
[2025-06-23T13:41:36.647+0000] {processor.py:186} INFO - Started process (PID=183) to work on /home/airflow/.local/lib/python3.12/site-packages/airflow/example_dags/tutorial_objectstorage.py
[2025-06-23T13:41:36.648+0000] {processor.py:914} INFO - Processing file /home/airflow/.local/lib/python3.12/site-packages/airflow/example_dags/tutorial_objectstorage.py for tasks to queue
[2025-06-23T13:41:36.652+0000] {logging_mixin.py:190} INFO - [2025-06-23T13:41:36.651+0000] {dagbag.py:588} INFO - Filling up the DagBag from /home/airflow/.local/lib/python3.12/site-packages/airflow/example_dags/tutorial_objectstorage.py
[2025-06-23T13:41:36.663+0000] {processor.py:925} INFO - DAG(s) 'tutorial_objectstorage' retrieved from /home/airflow/.local/lib/python3.12/site-packages/airflow/example_dags/tutorial_objectstorage.py
[2025-06-23T13:41:36.685+0000] {logging_mixin.py:190} INFO - [2025-06-23T13:41:36.685+0000] {dag.py:3239} INFO - Sync 1 DAGs
[2025-06-23T13:41:36.701+0000] {logging_mixin.py:190} INFO - [2025-06-23T13:41:36.700+0000] {dag.py:4180} INFO - Setting next_dagrun for tutorial_objectstorage to None, run_after=None
[2025-06-23T13:41:36.722+0000] {processor.py:208} INFO - Processing /home/airflow/.local/lib/python3.12/site-packages/airflow/example_dags/tutorial_objectstorage.py took 0.082 seconds
[2025-06-23T13:42:09.436+0000] {processor.py:186} INFO - Started process (PID=247) to work on /home/airflow/.local/lib/python3.12/site-packages/airflow/example_dags/tutorial_objectstorage.py
[2025-06-23T13:42:09.438+0000] {processor.py:914} INFO - Processing file /home/airflow/.local/lib/python3.12/site-packages/airflow/example_dags/tutorial_objectstorage.py for tasks to queue
[2025-06-23T13:42:09.443+0000] {logging_mixin.py:190} INFO - [2025-06-23T13:42:09.442+0000] {dagbag.py:588} INFO - Filling up the DagBag from /home/airflow/.local/lib/python3.12/site-packages/airflow/example_dags/tutorial_objectstorage.py
[2025-06-23T13:42:09.473+0000] {processor.py:925} INFO - DAG(s) 'tutorial_objectstorage' retrieved from /home/airflow/.local/lib/python3.12/site-packages/airflow/example_dags/tutorial_objectstorage.py
[2025-06-23T13:42:09.513+0000] {logging_mixin.py:190} INFO - [2025-06-23T13:42:09.512+0000] {dag.py:3239} INFO - Sync 1 DAGs
[2025-06-23T13:42:09.536+0000] {logging_mixin.py:190} INFO - [2025-06-23T13:42:09.535+0000] {dag.py:4180} INFO - Setting next_dagrun for tutorial_objectstorage to None, run_after=None
[2025-06-23T13:42:09.570+0000] {processor.py:208} INFO - Processing /home/airflow/.local/lib/python3.12/site-packages/airflow/example_dags/tutorial_objectstorage.py took 0.142 seconds
[2025-06-23T13:42:50.763+0000] {processor.py:186} INFO - Started process (PID=316) to work on /home/airflow/.local/lib/python3.12/site-packages/airflow/example_dags/tutorial_objectstorage.py
[2025-06-23T13:42:50.766+0000] {processor.py:914} INFO - Processing file /home/airflow/.local/lib/python3.12/site-packages/airflow/example_dags/tutorial_objectstorage.py for tasks to queue
[2025-06-23T13:42:50.776+0000] {logging_mixin.py:190} INFO - [2025-06-23T13:42:50.772+0000] {dagbag.py:588} INFO - Filling up the DagBag from /home/airflow/.local/lib/python3.12/site-packages/airflow/example_dags/tutorial_objectstorage.py
[2025-06-23T13:42:50.802+0000] {processor.py:925} INFO - DAG(s) 'tutorial_objectstorage' retrieved from /home/airflow/.local/lib/python3.12/site-packages/airflow/example_dags/tutorial_objectstorage.py
[2025-06-23T13:42:50.876+0000] {logging_mixin.py:190} INFO - [2025-06-23T13:42:50.873+0000] {dag.py:3239} INFO - Sync 1 DAGs
[2025-06-23T13:42:50.942+0000] {logging_mixin.py:190} INFO - [2025-06-23T13:42:50.940+0000] {dag.py:4180} INFO - Setting next_dagrun for tutorial_objectstorage to None, run_after=None
[2025-06-23T13:42:51.034+0000] {processor.py:208} INFO - Processing /home/airflow/.local/lib/python3.12/site-packages/airflow/example_dags/tutorial_objectstorage.py took 0.290 seconds
[2025-06-23T13:43:32.169+0000] {processor.py:186} INFO - Started process (PID=379) to work on /home/airflow/.local/lib/python3.12/site-packages/airflow/example_dags/tutorial_objectstorage.py
[2025-06-23T13:43:32.171+0000] {processor.py:914} INFO - Processing file /home/airflow/.local/lib/python3.12/site-packages/airflow/example_dags/tutorial_objectstorage.py for tasks to queue
[2025-06-23T13:43:32.177+0000] {logging_mixin.py:190} INFO - [2025-06-23T13:43:32.176+0000] {dagbag.py:588} INFO - Filling up the DagBag from /home/airflow/.local/lib/python3.12/site-packages/airflow/example_dags/tutorial_objectstorage.py
[2025-06-23T13:43:32.194+0000] {processor.py:925} INFO - DAG(s) 'tutorial_objectstorage' retrieved from /home/airflow/.local/lib/python3.12/site-packages/airflow/example_dags/tutorial_objectstorage.py
[2025-06-23T13:43:32.223+0000] {logging_mixin.py:190} INFO - [2025-06-23T13:43:32.223+0000] {dag.py:3239} INFO - Sync 1 DAGs
[2025-06-23T13:43:32.246+0000] {logging_mixin.py:190} INFO - [2025-06-23T13:43:32.246+0000] {dag.py:4180} INFO - Setting next_dagrun for tutorial_objectstorage to None, run_after=None
[2025-06-23T13:43:32.359+0000] {processor.py:208} INFO - Processing /home/airflow/.local/lib/python3.12/site-packages/airflow/example_dags/tutorial_objectstorage.py took 0.202 seconds
[2025-06-23T13:44:03.288+0000] {processor.py:186} INFO - Started process (PID=442) to work on /home/airflow/.local/lib/python3.12/site-packages/airflow/example_dags/tutorial_objectstorage.py
[2025-06-23T13:44:03.289+0000] {processor.py:914} INFO - Processing file /home/airflow/.local/lib/python3.12/site-packages/airflow/example_dags/tutorial_objectstorage.py for tasks to queue
[2025-06-23T13:44:03.293+0000] {logging_mixin.py:190} INFO - [2025-06-23T13:44:03.292+0000] {dagbag.py:588} INFO - Filling up the DagBag from /home/airflow/.local/lib/python3.12/site-packages/airflow/example_dags/tutorial_objectstorage.py
[2025-06-23T13:44:03.307+0000] {processor.py:925} INFO - DAG(s) 'tutorial_objectstorage' retrieved from /home/airflow/.local/lib/python3.12/site-packages/airflow/example_dags/tutorial_objectstorage.py
[2025-06-23T13:44:03.336+0000] {logging_mixin.py:190} INFO - [2025-06-23T13:44:03.336+0000] {dag.py:3239} INFO - Sync 1 DAGs
[2025-06-23T13:44:03.367+0000] {logging_mixin.py:190} INFO - [2025-06-23T13:44:03.367+0000] {dag.py:4180} INFO - Setting next_dagrun for tutorial_objectstorage to None, run_after=None
[2025-06-23T13:44:03.406+0000] {processor.py:208} INFO - Processing /home/airflow/.local/lib/python3.12/site-packages/airflow/example_dags/tutorial_objectstorage.py took 0.126 seconds
[2025-06-23T13:44:36.469+0000] {processor.py:186} INFO - Started process (PID=505) to work on /home/airflow/.local/lib/python3.12/site-packages/airflow/example_dags/tutorial_objectstorage.py
[2025-06-23T13:44:36.471+0000] {processor.py:914} INFO - Processing file /home/airflow/.local/lib/python3.12/site-packages/airflow/example_dags/tutorial_objectstorage.py for tasks to queue
[2025-06-23T13:44:36.477+0000] {logging_mixin.py:190} INFO - [2025-06-23T13:44:36.476+0000] {dagbag.py:588} INFO - Filling up the DagBag from /home/airflow/.local/lib/python3.12/site-packages/airflow/example_dags/tutorial_objectstorage.py
[2025-06-23T13:44:36.500+0000] {processor.py:925} INFO - DAG(s) 'tutorial_objectstorage' retrieved from /home/airflow/.local/lib/python3.12/site-packages/airflow/example_dags/tutorial_objectstorage.py
[2025-06-23T13:44:36.542+0000] {logging_mixin.py:190} INFO - [2025-06-23T13:44:36.542+0000] {dag.py:3239} INFO - Sync 1 DAGs
[2025-06-23T13:44:36.576+0000] {logging_mixin.py:190} INFO - [2025-06-23T13:44:36.576+0000] {dag.py:4180} INFO - Setting next_dagrun for tutorial_objectstorage to None, run_after=None
[2025-06-23T13:44:36.617+0000] {processor.py:208} INFO - Processing /home/airflow/.local/lib/python3.12/site-packages/airflow/example_dags/tutorial_objectstorage.py took 0.164 seconds
