[2025-06-23T13:40:58.809+0000] {processor.py:186} INFO - Started process (PID=94) to work on /home/airflow/.local/lib/python3.12/site-packages/airflow/example_dags/tutorial_dag.py
[2025-06-23T13:40:58.810+0000] {processor.py:914} INFO - Processing file /home/airflow/.local/lib/python3.12/site-packages/airflow/example_dags/tutorial_dag.py for tasks to queue
[2025-06-23T13:40:58.814+0000] {logging_mixin.py:190} INFO - [2025-06-23T13:40:58.814+0000] {dagbag.py:588} INFO - Filling up the DagBag from /home/airflow/.local/lib/python3.12/site-packages/airflow/example_dags/tutorial_dag.py
[2025-06-23T13:40:58.834+0000] {processor.py:925} INFO - DAG(s) 'tutorial_dag' retrieved from /home/airflow/.local/lib/python3.12/site-packages/airflow/example_dags/tutorial_dag.py
[2025-06-23T13:40:59.026+0000] {logging_mixin.py:190} INFO - [2025-06-23T13:40:59.026+0000] {override.py:1911} INFO - Created Permission View: can read on DAG:tutorial_dag
[2025-06-23T13:40:59.044+0000] {logging_mixin.py:190} INFO - [2025-06-23T13:40:59.043+0000] {override.py:1911} INFO - Created Permission View: can delete on DAG:tutorial_dag
[2025-06-23T13:40:59.057+0000] {logging_mixin.py:190} INFO - [2025-06-23T13:40:59.057+0000] {override.py:1911} INFO - Created Permission View: can edit on DAG:tutorial_dag
[2025-06-23T13:40:59.070+0000] {logging_mixin.py:190} INFO - [2025-06-23T13:40:59.070+0000] {override.py:1911} INFO - Created Permission View: can read on DAG Run:tutorial_dag
[2025-06-23T13:40:59.081+0000] {logging_mixin.py:190} INFO - [2025-06-23T13:40:59.081+0000] {override.py:1911} INFO - Created Permission View: can create on DAG Run:tutorial_dag
[2025-06-23T13:40:59.093+0000] {logging_mixin.py:190} INFO - [2025-06-23T13:40:59.093+0000] {override.py:1911} INFO - Created Permission View: can delete on DAG Run:tutorial_dag
[2025-06-23T13:40:59.106+0000] {logging_mixin.py:190} INFO - [2025-06-23T13:40:59.106+0000] {override.py:1911} INFO - Created Permission View: menu access on DAG Run:tutorial_dag
[2025-06-23T13:40:59.107+0000] {logging_mixin.py:190} INFO - [2025-06-23T13:40:59.107+0000] {dag.py:3239} INFO - Sync 1 DAGs
[2025-06-23T13:40:59.125+0000] {logging_mixin.py:190} INFO - [2025-06-23T13:40:59.125+0000] {dag.py:3262} INFO - Creating ORM DAG for tutorial_dag
[2025-06-23T13:40:59.126+0000] {logging_mixin.py:190} INFO - [2025-06-23T13:40:59.126+0000] {dag.py:4180} INFO - Setting next_dagrun for tutorial_dag to None, run_after=None
[2025-06-23T13:40:59.152+0000] {processor.py:208} INFO - Processing /home/airflow/.local/lib/python3.12/site-packages/airflow/example_dags/tutorial_dag.py took 0.353 seconds
[2025-06-23T13:41:29.835+0000] {processor.py:186} INFO - Started process (PID=157) to work on /home/airflow/.local/lib/python3.12/site-packages/airflow/example_dags/tutorial_dag.py
[2025-06-23T13:41:29.837+0000] {processor.py:914} INFO - Processing file /home/airflow/.local/lib/python3.12/site-packages/airflow/example_dags/tutorial_dag.py for tasks to queue
[2025-06-23T13:41:29.841+0000] {logging_mixin.py:190} INFO - [2025-06-23T13:41:29.840+0000] {dagbag.py:588} INFO - Filling up the DagBag from /home/airflow/.local/lib/python3.12/site-packages/airflow/example_dags/tutorial_dag.py
[2025-06-23T13:41:29.858+0000] {processor.py:925} INFO - DAG(s) 'tutorial_dag' retrieved from /home/airflow/.local/lib/python3.12/site-packages/airflow/example_dags/tutorial_dag.py
[2025-06-23T13:41:29.892+0000] {logging_mixin.py:190} INFO - [2025-06-23T13:41:29.891+0000] {dag.py:3239} INFO - Sync 1 DAGs
[2025-06-23T13:41:29.919+0000] {logging_mixin.py:190} INFO - [2025-06-23T13:41:29.919+0000] {dag.py:4180} INFO - Setting next_dagrun for tutorial_dag to None, run_after=None
[2025-06-23T13:41:29.959+0000] {processor.py:208} INFO - Processing /home/airflow/.local/lib/python3.12/site-packages/airflow/example_dags/tutorial_dag.py took 0.135 seconds
[2025-06-23T13:42:00.512+0000] {processor.py:186} INFO - Started process (PID=221) to work on /home/airflow/.local/lib/python3.12/site-packages/airflow/example_dags/tutorial_dag.py
[2025-06-23T13:42:00.515+0000] {processor.py:914} INFO - Processing file /home/airflow/.local/lib/python3.12/site-packages/airflow/example_dags/tutorial_dag.py for tasks to queue
[2025-06-23T13:42:00.522+0000] {logging_mixin.py:190} INFO - [2025-06-23T13:42:00.521+0000] {dagbag.py:588} INFO - Filling up the DagBag from /home/airflow/.local/lib/python3.12/site-packages/airflow/example_dags/tutorial_dag.py
[2025-06-23T13:42:00.546+0000] {processor.py:925} INFO - DAG(s) 'tutorial_dag' retrieved from /home/airflow/.local/lib/python3.12/site-packages/airflow/example_dags/tutorial_dag.py
[2025-06-23T13:42:00.593+0000] {logging_mixin.py:190} INFO - [2025-06-23T13:42:00.592+0000] {dag.py:3239} INFO - Sync 1 DAGs
[2025-06-23T13:42:00.630+0000] {logging_mixin.py:190} INFO - [2025-06-23T13:42:00.630+0000] {dag.py:4180} INFO - Setting next_dagrun for tutorial_dag to None, run_after=None
[2025-06-23T13:42:00.676+0000] {processor.py:208} INFO - Processing /home/airflow/.local/lib/python3.12/site-packages/airflow/example_dags/tutorial_dag.py took 0.179 seconds
[2025-06-23T13:42:37.037+0000] {processor.py:186} INFO - Started process (PID=284) to work on /home/airflow/.local/lib/python3.12/site-packages/airflow/example_dags/tutorial_dag.py
[2025-06-23T13:42:37.041+0000] {processor.py:914} INFO - Processing file /home/airflow/.local/lib/python3.12/site-packages/airflow/example_dags/tutorial_dag.py for tasks to queue
[2025-06-23T13:42:37.049+0000] {logging_mixin.py:190} INFO - [2025-06-23T13:42:37.048+0000] {dagbag.py:588} INFO - Filling up the DagBag from /home/airflow/.local/lib/python3.12/site-packages/airflow/example_dags/tutorial_dag.py
[2025-06-23T13:42:37.078+0000] {processor.py:925} INFO - DAG(s) 'tutorial_dag' retrieved from /home/airflow/.local/lib/python3.12/site-packages/airflow/example_dags/tutorial_dag.py
[2025-06-23T13:42:37.148+0000] {logging_mixin.py:190} INFO - [2025-06-23T13:42:37.147+0000] {dag.py:3239} INFO - Sync 1 DAGs
[2025-06-23T13:42:37.186+0000] {logging_mixin.py:190} INFO - [2025-06-23T13:42:37.185+0000] {dag.py:4180} INFO - Setting next_dagrun for tutorial_dag to None, run_after=None
[2025-06-23T13:42:37.232+0000] {processor.py:208} INFO - Processing /home/airflow/.local/lib/python3.12/site-packages/airflow/example_dags/tutorial_dag.py took 0.214 seconds
[2025-06-23T13:43:24.251+0000] {processor.py:186} INFO - Started process (PID=350) to work on /home/airflow/.local/lib/python3.12/site-packages/airflow/example_dags/tutorial_dag.py
[2025-06-23T13:43:24.259+0000] {processor.py:914} INFO - Processing file /home/airflow/.local/lib/python3.12/site-packages/airflow/example_dags/tutorial_dag.py for tasks to queue
[2025-06-23T13:43:24.266+0000] {logging_mixin.py:190} INFO - [2025-06-23T13:43:24.265+0000] {dagbag.py:588} INFO - Filling up the DagBag from /home/airflow/.local/lib/python3.12/site-packages/airflow/example_dags/tutorial_dag.py
[2025-06-23T13:43:24.310+0000] {processor.py:925} INFO - DAG(s) 'tutorial_dag' retrieved from /home/airflow/.local/lib/python3.12/site-packages/airflow/example_dags/tutorial_dag.py
[2025-06-23T13:43:24.372+0000] {logging_mixin.py:190} INFO - [2025-06-23T13:43:24.372+0000] {dag.py:3239} INFO - Sync 1 DAGs
[2025-06-23T13:43:24.427+0000] {logging_mixin.py:190} INFO - [2025-06-23T13:43:24.426+0000] {dag.py:4180} INFO - Setting next_dagrun for tutorial_dag to None, run_after=None
[2025-06-23T13:43:24.498+0000] {processor.py:208} INFO - Processing /home/airflow/.local/lib/python3.12/site-packages/airflow/example_dags/tutorial_dag.py took 0.269 seconds
[2025-06-23T13:43:55.230+0000] {processor.py:186} INFO - Started process (PID=413) to work on /home/airflow/.local/lib/python3.12/site-packages/airflow/example_dags/tutorial_dag.py
[2025-06-23T13:43:55.232+0000] {processor.py:914} INFO - Processing file /home/airflow/.local/lib/python3.12/site-packages/airflow/example_dags/tutorial_dag.py for tasks to queue
[2025-06-23T13:43:55.237+0000] {logging_mixin.py:190} INFO - [2025-06-23T13:43:55.236+0000] {dagbag.py:588} INFO - Filling up the DagBag from /home/airflow/.local/lib/python3.12/site-packages/airflow/example_dags/tutorial_dag.py
[2025-06-23T13:43:55.251+0000] {processor.py:925} INFO - DAG(s) 'tutorial_dag' retrieved from /home/airflow/.local/lib/python3.12/site-packages/airflow/example_dags/tutorial_dag.py
[2025-06-23T13:43:55.292+0000] {logging_mixin.py:190} INFO - [2025-06-23T13:43:55.292+0000] {dag.py:3239} INFO - Sync 1 DAGs
[2025-06-23T13:43:55.333+0000] {logging_mixin.py:190} INFO - [2025-06-23T13:43:55.332+0000] {dag.py:4180} INFO - Setting next_dagrun for tutorial_dag to None, run_after=None
[2025-06-23T13:43:55.371+0000] {processor.py:208} INFO - Processing /home/airflow/.local/lib/python3.12/site-packages/airflow/example_dags/tutorial_dag.py took 0.151 seconds
[2025-06-23T13:44:25.924+0000] {processor.py:186} INFO - Started process (PID=476) to work on /home/airflow/.local/lib/python3.12/site-packages/airflow/example_dags/tutorial_dag.py
[2025-06-23T13:44:25.926+0000] {processor.py:914} INFO - Processing file /home/airflow/.local/lib/python3.12/site-packages/airflow/example_dags/tutorial_dag.py for tasks to queue
[2025-06-23T13:44:25.933+0000] {logging_mixin.py:190} INFO - [2025-06-23T13:44:25.932+0000] {dagbag.py:588} INFO - Filling up the DagBag from /home/airflow/.local/lib/python3.12/site-packages/airflow/example_dags/tutorial_dag.py
[2025-06-23T13:44:25.948+0000] {processor.py:925} INFO - DAG(s) 'tutorial_dag' retrieved from /home/airflow/.local/lib/python3.12/site-packages/airflow/example_dags/tutorial_dag.py
[2025-06-23T13:44:25.988+0000] {logging_mixin.py:190} INFO - [2025-06-23T13:44:25.988+0000] {dag.py:3239} INFO - Sync 1 DAGs
[2025-06-23T13:44:26.027+0000] {logging_mixin.py:190} INFO - [2025-06-23T13:44:26.026+0000] {dag.py:4180} INFO - Setting next_dagrun for tutorial_dag to None, run_after=None
[2025-06-23T13:44:26.067+0000] {processor.py:208} INFO - Processing /home/airflow/.local/lib/python3.12/site-packages/airflow/example_dags/tutorial_dag.py took 0.157 seconds
