[0m15:29:40.738476 [debug] [MainThread]: Sending event: {'category': 'dbt', 'action': 'invocation', 'label': 'start', 'context': [<snowplow_tracker.self_describing_json.SelfDescribingJson object at 0x000002116655B850>, <snowplow_tracker.self_describing_json.SelfDescribingJson object at 0x00000211663A98D0>, <snowplow_tracker.self_describing_json.SelfDescribingJson object at 0x0000021166598250>]}


============================== 15:29:40.750811 | e44eebf5-b83c-48d1-ab04-bae1f3dd763f ==============================
[0m15:29:40.750811 [info ] [MainThread]: Running with dbt=1.9.0
[0m15:29:40.750811 [debug] [MainThread]: running dbt with arguments {'printer_width': '80', 'indirect_selection': 'eager', 'write_json': 'True', 'log_cache_events': 'False', 'partial_parse': 'True', 'cache_selected_only': 'False', 'warn_error': 'None', 'debug': 'False', 'version_check': 'True', 'log_path': 'logs', 'profiles_dir': 'C:\\Users\\ombha\\.dbt', 'fail_fast': 'False', 'use_colors': 'True', 'use_experimental_parser': 'False', 'no_print': 'None', 'quiet': 'False', 'empty': 'None', 'warn_error_options': 'WarnErrorOptions(include=[], exclude=[])', 'introspect': 'True', 'static_parser': 'True', 'log_format': 'default', 'target_path': 'None', 'invocation_command': 'dbt init dbtlearn', 'send_anonymous_usage_stats': 'True'}
[0m15:29:40.819916 [debug] [MainThread]: Starter project path: C:\Users\ombha\anaconda3\Lib\site-packages\dbt\include\starter_project
[0m15:29:40.864476 [info ] [MainThread]: 
Your new dbt project "dbtlearn" was created!

For more information on how to configure the profiles.yml file,
please consult the dbt documentation here:

  https://docs.getdbt.com/docs/configure-your-profile

One more thing:

Need help? Don't hesitate to reach out to us via GitHub issues or on Slack:

  https://community.getdbt.com/

Happy modeling!

[0m15:29:40.868600 [info ] [MainThread]: Setting up your profile.
[0m15:34:29.184305 [info ] [MainThread]: Profile dbtlearn written to C:\Users\ombha\.dbt\profiles.yml using target's profile_template.yml and your supplied values. Run 'dbt debug' to validate the connection.
[0m15:34:29.206151 [debug] [MainThread]: Command `dbt init` succeeded at 15:34:29.202679 after 288.63 seconds
[0m15:34:29.206151 [debug] [MainThread]: Sending event: {'category': 'dbt', 'action': 'invocation', 'label': 'end', 'context': [<snowplow_tracker.self_describing_json.SelfDescribingJson object at 0x000002115FDCE750>, <snowplow_tracker.self_describing_json.SelfDescribingJson object at 0x00000211658AAD50>, <snowplow_tracker.self_describing_json.SelfDescribingJson object at 0x000002116654F8D0>]}
[0m15:34:29.206151 [debug] [MainThread]: Flushing usage events
[0m15:34:30.291712 [debug] [MainThread]: An error was encountered while trying to flush usage events
