[0m21:29:01.937973 [debug] [MainThread]: Sending event: {'category': 'dbt', 'action': 'invocation', 'label': 'start', 'context': [<snowplow_tracker.self_describing_json.SelfDescribingJson object at 0x00000173DFBAA450>, <snowplow_tracker.self_describing_json.SelfDescribingJson object at 0x00000173DFBAA110>, <snowplow_tracker.self_describing_json.SelfDescribingJson object at 0x00000173DFBAA010>]}


============================== 21:29:01.947342 | 2d0db1db-417b-4fae-9937-dd2485f1cf61 ==============================
[0m21:29:01.947342 [info ] [MainThread]: Running with dbt=1.9.0
[0m21:29:01.948350 [debug] [MainThread]: running dbt with arguments {'printer_width': '80', 'indirect_selection': 'eager', 'write_json': 'True', 'log_cache_events': 'False', 'partial_parse': 'True', 'cache_selected_only': 'False', 'profiles_dir': 'C:\\Users\\ombha\\.dbt', 'fail_fast': 'False', 'debug': 'False', 'log_path': 'logs', 'warn_error': 'None', 'version_check': 'True', 'use_colors': 'True', 'use_experimental_parser': 'False', 'no_print': 'None', 'quiet': 'False', 'empty': 'None', 'log_format': 'default', 'introspect': 'True', 'static_parser': 'True', 'warn_error_options': 'WarnErrorOptions(include=[], exclude=[])', 'target_path': 'None', 'invocation_command': 'dbt init', 'send_anonymous_usage_stats': 'True'}
[0m21:29:24.388765 [debug] [MainThread]: Starter project path: C:\Users\ombha\anaconda3\Lib\site-packages\dbt\include\starter_project
[0m21:29:24.458944 [info ] [MainThread]: 
Your new dbt project "snowflake_pipeline" was created!

For more information on how to configure the profiles.yml file,
please consult the dbt documentation here:

  https://docs.getdbt.com/docs/configure-your-profile

One more thing:

Need help? Don't hesitate to reach out to us via GitHub issues or on Slack:

  https://community.getdbt.com/

Happy modeling!

[0m21:29:24.460903 [info ] [MainThread]: Setting up your profile.
[0m21:33:20.542662 [info ] [MainThread]: Profile snowflake_pipeline written to C:\Users\ombha\.dbt\profiles.yml using target's profile_template.yml and your supplied values. Run 'dbt debug' to validate the connection.
[0m21:33:20.553360 [debug] [MainThread]: Command `dbt init` succeeded at 21:33:20.551207 after 258.83 seconds
[0m21:33:20.559512 [debug] [MainThread]: Sending event: {'category': 'dbt', 'action': 'invocation', 'label': 'end', 'context': [<snowplow_tracker.self_describing_json.SelfDescribingJson object at 0x00000173DFC12F10>, <snowplow_tracker.self_describing_json.SelfDescribingJson object at 0x00000173D93E9890>, <snowplow_tracker.self_describing_json.SelfDescribingJson object at 0x00000173D946F950>]}
[0m21:33:20.562558 [debug] [MainThread]: Flushing usage events
[0m21:33:22.131344 [debug] [MainThread]: An error was encountered while trying to flush usage events
