[2025-06-25T05:54:44.575+0000] {local_task_job_runner.py:123} INFO - ::group::Pre task execution logs
[2025-06-25T05:54:44.707+0000] {taskinstance.py:2613} INFO - Dependencies all met for dep_context=non-requeueable deps ti=<TaskInstance: my_self_dag.task1 scheduled__2025-06-24T00:00:00+00:00 [queued]>
[2025-06-25T05:54:44.831+0000] {taskinstance.py:2613} INFO - Dependencies all met for dep_context=requeueable deps ti=<TaskInstance: my_self_dag.task1 scheduled__2025-06-24T00:00:00+00:00 [queued]>
[2025-06-25T05:54:44.846+0000] {taskinstance.py:2866} INFO - Starting attempt 1 of 2
[2025-06-25T05:54:45.208+0000] {taskinstance.py:2889} INFO - Executing <Task(PythonOperator): task1> on 2025-06-24 00:00:00+00:00
[2025-06-25T05:54:45.306+0000] {warnings.py:112} WARNING - /home/***/.local/lib/python3.12/site-packages/***/task/task_runner/standard_task_runner.py:70: DeprecationWarning: This process (pid=68) is multi-threaded, use of fork() may lead to deadlocks in the child.
  pid = os.fork()

[2025-06-25T05:54:45.374+0000] {standard_task_runner.py:72} INFO - Started process 71 to run task
[2025-06-25T05:54:45.485+0000] {standard_task_runner.py:104} INFO - Running: ['***', 'tasks', 'run', 'my_self_dag', 'task1', 'scheduled__2025-06-24T00:00:00+00:00', '--job-id', '10', '--raw', '--subdir', 'DAGS_FOLDER/my_first_dag.py', '--cfg-path', '/tmp/tmp5kz1_0_s']
[2025-06-25T05:54:45.512+0000] {standard_task_runner.py:105} INFO - Job 10: Subtask task1
[2025-06-25T05:54:46.446+0000] {task_command.py:467} INFO - Running <TaskInstance: my_self_dag.task1 scheduled__2025-06-24T00:00:00+00:00 [running]> on host ef8c6abb536a
[2025-06-25T05:54:47.122+0000] {taskinstance.py:3132} INFO - Exporting env vars: AIRFLOW_CTX_DAG_OWNER='Om' AIRFLOW_CTX_DAG_ID='my_self_dag' AIRFLOW_CTX_TASK_ID='task1' AIRFLOW_CTX_EXECUTION_DATE='2025-06-24T00:00:00+00:00' AIRFLOW_CTX_TRY_NUMBER='1' AIRFLOW_CTX_DAG_RUN_ID='scheduled__2025-06-24T00:00:00+00:00'
[2025-06-25T05:54:47.127+0000] {taskinstance.py:731} INFO - ::endgroup::
[2025-06-25T05:54:47.267+0000] {logging_mixin.py:190} INFO - Hey !, How are you ?
[2025-06-25T05:54:47.269+0000] {python.py:240} INFO - Done. Returned value was: None
[2025-06-25T05:54:47.248+0000] {taskinstance.py:340} INFO - ::group::Post task execution logs
[2025-06-25T05:54:47.260+0000] {taskinstance.py:352} INFO - Marking task as SUCCESS. dag_id=my_self_dag, task_id=task1, run_id=scheduled__2025-06-24T00:00:00+00:00, execution_date=20250624T000000, start_date=20250625T055444, end_date=20250625T055447
[2025-06-25T05:54:47.379+0000] {local_task_job_runner.py:266} INFO - Task exited with return code 0
[2025-06-25T05:54:47.489+0000] {taskinstance.py:3895} INFO - 1 downstream tasks scheduled from follow-on schedule check
[2025-06-25T05:54:47.499+0000] {local_task_job_runner.py:245} INFO - ::endgroup::
