[2025-06-23T13:41:00.406+0000] {processor.py:186} INFO - Started process (PID=99) to work on /home/airflow/.local/lib/python3.12/site-packages/airflow/example_dags/example_latest_only.py
[2025-06-23T13:41:00.407+0000] {processor.py:914} INFO - Processing file /home/airflow/.local/lib/python3.12/site-packages/airflow/example_dags/example_latest_only.py for tasks to queue
[2025-06-23T13:41:00.413+0000] {logging_mixin.py:190} INFO - [2025-06-23T13:41:00.412+0000] {dagbag.py:588} INFO - Filling up the DagBag from /home/airflow/.local/lib/python3.12/site-packages/airflow/example_dags/example_latest_only.py
[2025-06-23T13:41:00.428+0000] {processor.py:925} INFO - DAG(s) 'latest_only' retrieved from /home/airflow/.local/lib/python3.12/site-packages/airflow/example_dags/example_latest_only.py
[2025-06-23T13:41:00.604+0000] {logging_mixin.py:190} INFO - [2025-06-23T13:41:00.603+0000] {override.py:1911} INFO - Created Permission View: can read on DAG:latest_only
[2025-06-23T13:41:00.622+0000] {logging_mixin.py:190} INFO - [2025-06-23T13:41:00.622+0000] {override.py:1911} INFO - Created Permission View: can delete on DAG:latest_only
[2025-06-23T13:41:00.635+0000] {logging_mixin.py:190} INFO - [2025-06-23T13:41:00.634+0000] {override.py:1911} INFO - Created Permission View: can edit on DAG:latest_only
[2025-06-23T13:41:00.649+0000] {logging_mixin.py:190} INFO - [2025-06-23T13:41:00.649+0000] {override.py:1911} INFO - Created Permission View: can read on DAG Run:latest_only
[2025-06-23T13:41:00.662+0000] {logging_mixin.py:190} INFO - [2025-06-23T13:41:00.661+0000] {override.py:1911} INFO - Created Permission View: can create on DAG Run:latest_only
[2025-06-23T13:41:00.673+0000] {logging_mixin.py:190} INFO - [2025-06-23T13:41:00.672+0000] {override.py:1911} INFO - Created Permission View: can delete on DAG Run:latest_only
[2025-06-23T13:41:00.685+0000] {logging_mixin.py:190} INFO - [2025-06-23T13:41:00.684+0000] {override.py:1911} INFO - Created Permission View: menu access on DAG Run:latest_only
[2025-06-23T13:41:00.686+0000] {logging_mixin.py:190} INFO - [2025-06-23T13:41:00.686+0000] {dag.py:3239} INFO - Sync 1 DAGs
[2025-06-23T13:41:00.709+0000] {logging_mixin.py:190} INFO - [2025-06-23T13:41:00.708+0000] {dag.py:3262} INFO - Creating ORM DAG for latest_only
[2025-06-23T13:41:00.726+0000] {logging_mixin.py:190} INFO - [2025-06-23T13:41:00.725+0000] {dag.py:4180} INFO - Setting next_dagrun for latest_only to 2025-06-23 08:00:00+00:00, run_after=2025-06-23 12:00:00+00:00
[2025-06-23T13:41:00.759+0000] {processor.py:208} INFO - Processing /home/airflow/.local/lib/python3.12/site-packages/airflow/example_dags/example_latest_only.py took 0.362 seconds
[2025-06-23T13:41:31.059+0000] {processor.py:186} INFO - Started process (PID=161) to work on /home/airflow/.local/lib/python3.12/site-packages/airflow/example_dags/example_latest_only.py
[2025-06-23T13:41:31.061+0000] {processor.py:914} INFO - Processing file /home/airflow/.local/lib/python3.12/site-packages/airflow/example_dags/example_latest_only.py for tasks to queue
[2025-06-23T13:41:31.064+0000] {logging_mixin.py:190} INFO - [2025-06-23T13:41:31.064+0000] {dagbag.py:588} INFO - Filling up the DagBag from /home/airflow/.local/lib/python3.12/site-packages/airflow/example_dags/example_latest_only.py
[2025-06-23T13:41:31.076+0000] {processor.py:925} INFO - DAG(s) 'latest_only' retrieved from /home/airflow/.local/lib/python3.12/site-packages/airflow/example_dags/example_latest_only.py
[2025-06-23T13:41:31.100+0000] {logging_mixin.py:190} INFO - [2025-06-23T13:41:31.100+0000] {dag.py:3239} INFO - Sync 1 DAGs
[2025-06-23T13:41:31.132+0000] {logging_mixin.py:190} INFO - [2025-06-23T13:41:31.132+0000] {dag.py:4180} INFO - Setting next_dagrun for latest_only to 2025-06-23 08:00:00+00:00, run_after=2025-06-23 12:00:00+00:00
[2025-06-23T13:41:31.162+0000] {processor.py:208} INFO - Processing /home/airflow/.local/lib/python3.12/site-packages/airflow/example_dags/example_latest_only.py took 0.110 seconds
[2025-06-23T13:42:01.855+0000] {processor.py:186} INFO - Started process (PID=225) to work on /home/airflow/.local/lib/python3.12/site-packages/airflow/example_dags/example_latest_only.py
[2025-06-23T13:42:01.857+0000] {processor.py:914} INFO - Processing file /home/airflow/.local/lib/python3.12/site-packages/airflow/example_dags/example_latest_only.py for tasks to queue
[2025-06-23T13:42:01.862+0000] {logging_mixin.py:190} INFO - [2025-06-23T13:42:01.861+0000] {dagbag.py:588} INFO - Filling up the DagBag from /home/airflow/.local/lib/python3.12/site-packages/airflow/example_dags/example_latest_only.py
[2025-06-23T13:42:01.877+0000] {processor.py:925} INFO - DAG(s) 'latest_only' retrieved from /home/airflow/.local/lib/python3.12/site-packages/airflow/example_dags/example_latest_only.py
[2025-06-23T13:42:01.918+0000] {logging_mixin.py:190} INFO - [2025-06-23T13:42:01.917+0000] {dag.py:3239} INFO - Sync 1 DAGs
[2025-06-23T13:42:01.976+0000] {logging_mixin.py:190} INFO - [2025-06-23T13:42:01.976+0000] {dag.py:4180} INFO - Setting next_dagrun for latest_only to 2025-06-23 08:00:00+00:00, run_after=2025-06-23 12:00:00+00:00
[2025-06-23T13:42:02.080+0000] {processor.py:208} INFO - Processing /home/airflow/.local/lib/python3.12/site-packages/airflow/example_dags/example_latest_only.py took 0.236 seconds
[2025-06-23T13:42:37.790+0000] {processor.py:186} INFO - Started process (PID=288) to work on /home/airflow/.local/lib/python3.12/site-packages/airflow/example_dags/example_latest_only.py
[2025-06-23T13:42:37.794+0000] {processor.py:914} INFO - Processing file /home/airflow/.local/lib/python3.12/site-packages/airflow/example_dags/example_latest_only.py for tasks to queue
[2025-06-23T13:42:37.803+0000] {logging_mixin.py:190} INFO - [2025-06-23T13:42:37.801+0000] {dagbag.py:588} INFO - Filling up the DagBag from /home/airflow/.local/lib/python3.12/site-packages/airflow/example_dags/example_latest_only.py
[2025-06-23T13:42:37.823+0000] {processor.py:925} INFO - DAG(s) 'latest_only' retrieved from /home/airflow/.local/lib/python3.12/site-packages/airflow/example_dags/example_latest_only.py
[2025-06-23T13:42:37.883+0000] {logging_mixin.py:190} INFO - [2025-06-23T13:42:37.882+0000] {dag.py:3239} INFO - Sync 1 DAGs
[2025-06-23T13:42:37.952+0000] {logging_mixin.py:190} INFO - [2025-06-23T13:42:37.951+0000] {dag.py:4180} INFO - Setting next_dagrun for latest_only to 2025-06-23 08:00:00+00:00, run_after=2025-06-23 12:00:00+00:00
[2025-06-23T13:42:38.015+0000] {processor.py:208} INFO - Processing /home/airflow/.local/lib/python3.12/site-packages/airflow/example_dags/example_latest_only.py took 0.240 seconds
[2025-06-23T13:43:25.107+0000] {processor.py:186} INFO - Started process (PID=354) to work on /home/airflow/.local/lib/python3.12/site-packages/airflow/example_dags/example_latest_only.py
[2025-06-23T13:43:25.109+0000] {processor.py:914} INFO - Processing file /home/airflow/.local/lib/python3.12/site-packages/airflow/example_dags/example_latest_only.py for tasks to queue
[2025-06-23T13:43:25.115+0000] {logging_mixin.py:190} INFO - [2025-06-23T13:43:25.114+0000] {dagbag.py:588} INFO - Filling up the DagBag from /home/airflow/.local/lib/python3.12/site-packages/airflow/example_dags/example_latest_only.py
[2025-06-23T13:43:25.146+0000] {processor.py:925} INFO - DAG(s) 'latest_only' retrieved from /home/airflow/.local/lib/python3.12/site-packages/airflow/example_dags/example_latest_only.py
[2025-06-23T13:43:25.285+0000] {logging_mixin.py:190} INFO - [2025-06-23T13:43:25.284+0000] {dag.py:3239} INFO - Sync 1 DAGs
[2025-06-23T13:43:25.386+0000] {logging_mixin.py:190} INFO - [2025-06-23T13:43:25.386+0000] {dag.py:4180} INFO - Setting next_dagrun for latest_only to 2025-06-23 08:00:00+00:00, run_after=2025-06-23 12:00:00+00:00
[2025-06-23T13:43:25.450+0000] {processor.py:208} INFO - Processing /home/airflow/.local/lib/python3.12/site-packages/airflow/example_dags/example_latest_only.py took 0.359 seconds
[2025-06-23T13:43:55.721+0000] {processor.py:186} INFO - Started process (PID=417) to work on /home/airflow/.local/lib/python3.12/site-packages/airflow/example_dags/example_latest_only.py
[2025-06-23T13:43:55.723+0000] {processor.py:914} INFO - Processing file /home/airflow/.local/lib/python3.12/site-packages/airflow/example_dags/example_latest_only.py for tasks to queue
[2025-06-23T13:43:55.728+0000] {logging_mixin.py:190} INFO - [2025-06-23T13:43:55.727+0000] {dagbag.py:588} INFO - Filling up the DagBag from /home/airflow/.local/lib/python3.12/site-packages/airflow/example_dags/example_latest_only.py
[2025-06-23T13:43:55.745+0000] {processor.py:925} INFO - DAG(s) 'latest_only' retrieved from /home/airflow/.local/lib/python3.12/site-packages/airflow/example_dags/example_latest_only.py
[2025-06-23T13:43:55.789+0000] {logging_mixin.py:190} INFO - [2025-06-23T13:43:55.789+0000] {dag.py:3239} INFO - Sync 1 DAGs
[2025-06-23T13:43:55.826+0000] {logging_mixin.py:190} INFO - [2025-06-23T13:43:55.826+0000] {dag.py:4180} INFO - Setting next_dagrun for latest_only to 2025-06-23 08:00:00+00:00, run_after=2025-06-23 12:00:00+00:00
[2025-06-23T13:43:55.857+0000] {processor.py:208} INFO - Processing /home/airflow/.local/lib/python3.12/site-packages/airflow/example_dags/example_latest_only.py took 0.148 seconds
[2025-06-23T13:44:27.339+0000] {processor.py:186} INFO - Started process (PID=480) to work on /home/airflow/.local/lib/python3.12/site-packages/airflow/example_dags/example_latest_only.py
[2025-06-23T13:44:27.340+0000] {processor.py:914} INFO - Processing file /home/airflow/.local/lib/python3.12/site-packages/airflow/example_dags/example_latest_only.py for tasks to queue
[2025-06-23T13:44:27.344+0000] {logging_mixin.py:190} INFO - [2025-06-23T13:44:27.343+0000] {dagbag.py:588} INFO - Filling up the DagBag from /home/airflow/.local/lib/python3.12/site-packages/airflow/example_dags/example_latest_only.py
[2025-06-23T13:44:27.356+0000] {processor.py:925} INFO - DAG(s) 'latest_only' retrieved from /home/airflow/.local/lib/python3.12/site-packages/airflow/example_dags/example_latest_only.py
[2025-06-23T13:44:27.392+0000] {logging_mixin.py:190} INFO - [2025-06-23T13:44:27.392+0000] {dag.py:3239} INFO - Sync 1 DAGs
[2025-06-23T13:44:27.455+0000] {logging_mixin.py:190} INFO - [2025-06-23T13:44:27.454+0000] {dag.py:4180} INFO - Setting next_dagrun for latest_only to 2025-06-23 08:00:00+00:00, run_after=2025-06-23 12:00:00+00:00
[2025-06-23T13:44:27.497+0000] {processor.py:208} INFO - Processing /home/airflow/.local/lib/python3.12/site-packages/airflow/example_dags/example_latest_only.py took 0.168 seconds
