[2025-06-23T13:41:08.519+0000] {processor.py:186} INFO - Started process (PID=128) to work on /home/airflow/.local/lib/python3.12/site-packages/airflow/example_dags/example_trigger_controller_dag.py
[2025-06-23T13:41:08.521+0000] {processor.py:914} INFO - Processing file /home/airflow/.local/lib/python3.12/site-packages/airflow/example_dags/example_trigger_controller_dag.py for tasks to queue
[2025-06-23T13:41:08.526+0000] {logging_mixin.py:190} INFO - [2025-06-23T13:41:08.525+0000] {dagbag.py:588} INFO - Filling up the DagBag from /home/airflow/.local/lib/python3.12/site-packages/airflow/example_dags/example_trigger_controller_dag.py
[2025-06-23T13:41:08.539+0000] {processor.py:925} INFO - DAG(s) 'example_trigger_controller_dag' retrieved from /home/airflow/.local/lib/python3.12/site-packages/airflow/example_dags/example_trigger_controller_dag.py
[2025-06-23T13:41:08.724+0000] {logging_mixin.py:190} INFO - [2025-06-23T13:41:08.723+0000] {override.py:1911} INFO - Created Permission View: can read on DAG:example_trigger_controller_dag
[2025-06-23T13:41:08.744+0000] {logging_mixin.py:190} INFO - [2025-06-23T13:41:08.744+0000] {override.py:1911} INFO - Created Permission View: can delete on DAG:example_trigger_controller_dag
[2025-06-23T13:41:08.757+0000] {logging_mixin.py:190} INFO - [2025-06-23T13:41:08.756+0000] {override.py:1911} INFO - Created Permission View: can edit on DAG:example_trigger_controller_dag
[2025-06-23T13:41:08.771+0000] {logging_mixin.py:190} INFO - [2025-06-23T13:41:08.771+0000] {override.py:1911} INFO - Created Permission View: can read on DAG Run:example_trigger_controller_dag
[2025-06-23T13:41:08.786+0000] {logging_mixin.py:190} INFO - [2025-06-23T13:41:08.786+0000] {override.py:1911} INFO - Created Permission View: can create on DAG Run:example_trigger_controller_dag
[2025-06-23T13:41:08.800+0000] {logging_mixin.py:190} INFO - [2025-06-23T13:41:08.799+0000] {override.py:1911} INFO - Created Permission View: can delete on DAG Run:example_trigger_controller_dag
[2025-06-23T13:41:08.813+0000] {logging_mixin.py:190} INFO - [2025-06-23T13:41:08.813+0000] {override.py:1911} INFO - Created Permission View: menu access on DAG Run:example_trigger_controller_dag
[2025-06-23T13:41:08.814+0000] {logging_mixin.py:190} INFO - [2025-06-23T13:41:08.814+0000] {dag.py:3239} INFO - Sync 1 DAGs
[2025-06-23T13:41:08.839+0000] {logging_mixin.py:190} INFO - [2025-06-23T13:41:08.839+0000] {dag.py:3262} INFO - Creating ORM DAG for example_trigger_controller_dag
[2025-06-23T13:41:08.854+0000] {logging_mixin.py:190} INFO - [2025-06-23T13:41:08.853+0000] {dag.py:4180} INFO - Setting next_dagrun for example_trigger_controller_dag to 2021-01-01 00:00:00+00:00, run_after=2021-01-01 00:00:00+00:00
[2025-06-23T13:41:08.884+0000] {processor.py:208} INFO - Processing /home/airflow/.local/lib/python3.12/site-packages/airflow/example_dags/example_trigger_controller_dag.py took 0.378 seconds
[2025-06-23T13:41:39.123+0000] {processor.py:186} INFO - Started process (PID=190) to work on /home/airflow/.local/lib/python3.12/site-packages/airflow/example_dags/example_trigger_controller_dag.py
[2025-06-23T13:41:39.124+0000] {processor.py:914} INFO - Processing file /home/airflow/.local/lib/python3.12/site-packages/airflow/example_dags/example_trigger_controller_dag.py for tasks to queue
[2025-06-23T13:41:39.128+0000] {logging_mixin.py:190} INFO - [2025-06-23T13:41:39.127+0000] {dagbag.py:588} INFO - Filling up the DagBag from /home/airflow/.local/lib/python3.12/site-packages/airflow/example_dags/example_trigger_controller_dag.py
[2025-06-23T13:41:39.137+0000] {processor.py:925} INFO - DAG(s) 'example_trigger_controller_dag' retrieved from /home/airflow/.local/lib/python3.12/site-packages/airflow/example_dags/example_trigger_controller_dag.py
[2025-06-23T13:41:39.162+0000] {logging_mixin.py:190} INFO - [2025-06-23T13:41:39.162+0000] {dag.py:3239} INFO - Sync 1 DAGs
[2025-06-23T13:41:39.189+0000] {logging_mixin.py:190} INFO - [2025-06-23T13:41:39.188+0000] {dag.py:4180} INFO - Setting next_dagrun for example_trigger_controller_dag to 2021-01-01 00:00:00+00:00, run_after=2021-01-01 00:00:00+00:00
[2025-06-23T13:41:39.216+0000] {processor.py:208} INFO - Processing /home/airflow/.local/lib/python3.12/site-packages/airflow/example_dags/example_trigger_controller_dag.py took 0.099 seconds
[2025-06-23T13:42:09.956+0000] {processor.py:186} INFO - Started process (PID=253) to work on /home/airflow/.local/lib/python3.12/site-packages/airflow/example_dags/example_trigger_controller_dag.py
[2025-06-23T13:42:09.958+0000] {processor.py:914} INFO - Processing file /home/airflow/.local/lib/python3.12/site-packages/airflow/example_dags/example_trigger_controller_dag.py for tasks to queue
[2025-06-23T13:42:09.962+0000] {logging_mixin.py:190} INFO - [2025-06-23T13:42:09.961+0000] {dagbag.py:588} INFO - Filling up the DagBag from /home/airflow/.local/lib/python3.12/site-packages/airflow/example_dags/example_trigger_controller_dag.py
[2025-06-23T13:42:09.970+0000] {processor.py:925} INFO - DAG(s) 'example_trigger_controller_dag' retrieved from /home/airflow/.local/lib/python3.12/site-packages/airflow/example_dags/example_trigger_controller_dag.py
[2025-06-23T13:42:09.997+0000] {logging_mixin.py:190} INFO - [2025-06-23T13:42:09.997+0000] {dag.py:3239} INFO - Sync 1 DAGs
[2025-06-23T13:42:10.036+0000] {logging_mixin.py:190} INFO - [2025-06-23T13:42:10.036+0000] {dag.py:4180} INFO - Setting next_dagrun for example_trigger_controller_dag to 2021-01-01 00:00:00+00:00, run_after=2021-01-01 00:00:00+00:00
[2025-06-23T13:42:10.068+0000] {processor.py:208} INFO - Processing /home/airflow/.local/lib/python3.12/site-packages/airflow/example_dags/example_trigger_controller_dag.py took 0.119 seconds
[2025-06-23T13:42:53.224+0000] {processor.py:186} INFO - Started process (PID=323) to work on /home/airflow/.local/lib/python3.12/site-packages/airflow/example_dags/example_trigger_controller_dag.py
[2025-06-23T13:42:53.229+0000] {processor.py:914} INFO - Processing file /home/airflow/.local/lib/python3.12/site-packages/airflow/example_dags/example_trigger_controller_dag.py for tasks to queue
[2025-06-23T13:42:53.239+0000] {logging_mixin.py:190} INFO - [2025-06-23T13:42:53.237+0000] {dagbag.py:588} INFO - Filling up the DagBag from /home/airflow/.local/lib/python3.12/site-packages/airflow/example_dags/example_trigger_controller_dag.py
[2025-06-23T13:42:53.279+0000] {processor.py:925} INFO - DAG(s) 'example_trigger_controller_dag' retrieved from /home/airflow/.local/lib/python3.12/site-packages/airflow/example_dags/example_trigger_controller_dag.py
[2025-06-23T13:42:53.368+0000] {logging_mixin.py:190} INFO - [2025-06-23T13:42:53.367+0000] {dag.py:3239} INFO - Sync 1 DAGs
[2025-06-23T13:42:53.514+0000] {logging_mixin.py:190} INFO - [2025-06-23T13:42:53.513+0000] {dag.py:4180} INFO - Setting next_dagrun for example_trigger_controller_dag to 2021-01-01 00:00:00+00:00, run_after=2021-01-01 00:00:00+00:00
[2025-06-23T13:42:53.648+0000] {processor.py:208} INFO - Processing /home/airflow/.local/lib/python3.12/site-packages/airflow/example_dags/example_trigger_controller_dag.py took 0.446 seconds
[2025-06-23T13:43:32.912+0000] {processor.py:186} INFO - Started process (PID=385) to work on /home/airflow/.local/lib/python3.12/site-packages/airflow/example_dags/example_trigger_controller_dag.py
[2025-06-23T13:43:32.914+0000] {processor.py:914} INFO - Processing file /home/airflow/.local/lib/python3.12/site-packages/airflow/example_dags/example_trigger_controller_dag.py for tasks to queue
[2025-06-23T13:43:32.917+0000] {logging_mixin.py:190} INFO - [2025-06-23T13:43:32.917+0000] {dagbag.py:588} INFO - Filling up the DagBag from /home/airflow/.local/lib/python3.12/site-packages/airflow/example_dags/example_trigger_controller_dag.py
[2025-06-23T13:43:32.930+0000] {processor.py:925} INFO - DAG(s) 'example_trigger_controller_dag' retrieved from /home/airflow/.local/lib/python3.12/site-packages/airflow/example_dags/example_trigger_controller_dag.py
[2025-06-23T13:43:32.964+0000] {logging_mixin.py:190} INFO - [2025-06-23T13:43:32.964+0000] {dag.py:3239} INFO - Sync 1 DAGs
[2025-06-23T13:43:33.011+0000] {logging_mixin.py:190} INFO - [2025-06-23T13:43:33.010+0000] {dag.py:4180} INFO - Setting next_dagrun for example_trigger_controller_dag to 2021-01-01 00:00:00+00:00, run_after=2021-01-01 00:00:00+00:00
[2025-06-23T13:43:33.046+0000] {processor.py:208} INFO - Processing /home/airflow/.local/lib/python3.12/site-packages/airflow/example_dags/example_trigger_controller_dag.py took 0.144 seconds
[2025-06-23T13:44:03.861+0000] {processor.py:186} INFO - Started process (PID=448) to work on /home/airflow/.local/lib/python3.12/site-packages/airflow/example_dags/example_trigger_controller_dag.py
[2025-06-23T13:44:03.863+0000] {processor.py:914} INFO - Processing file /home/airflow/.local/lib/python3.12/site-packages/airflow/example_dags/example_trigger_controller_dag.py for tasks to queue
[2025-06-23T13:44:03.866+0000] {logging_mixin.py:190} INFO - [2025-06-23T13:44:03.866+0000] {dagbag.py:588} INFO - Filling up the DagBag from /home/airflow/.local/lib/python3.12/site-packages/airflow/example_dags/example_trigger_controller_dag.py
[2025-06-23T13:44:03.879+0000] {processor.py:925} INFO - DAG(s) 'example_trigger_controller_dag' retrieved from /home/airflow/.local/lib/python3.12/site-packages/airflow/example_dags/example_trigger_controller_dag.py
[2025-06-23T13:44:03.910+0000] {logging_mixin.py:190} INFO - [2025-06-23T13:44:03.910+0000] {dag.py:3239} INFO - Sync 1 DAGs
[2025-06-23T13:44:03.963+0000] {logging_mixin.py:190} INFO - [2025-06-23T13:44:03.962+0000] {dag.py:4180} INFO - Setting next_dagrun for example_trigger_controller_dag to 2021-01-01 00:00:00+00:00, run_after=2021-01-01 00:00:00+00:00
[2025-06-23T13:44:03.997+0000] {processor.py:208} INFO - Processing /home/airflow/.local/lib/python3.12/site-packages/airflow/example_dags/example_trigger_controller_dag.py took 0.146 seconds
[2025-06-23T13:44:37.039+0000] {processor.py:186} INFO - Started process (PID=511) to work on /home/airflow/.local/lib/python3.12/site-packages/airflow/example_dags/example_trigger_controller_dag.py
[2025-06-23T13:44:37.041+0000] {processor.py:914} INFO - Processing file /home/airflow/.local/lib/python3.12/site-packages/airflow/example_dags/example_trigger_controller_dag.py for tasks to queue
[2025-06-23T13:44:37.045+0000] {logging_mixin.py:190} INFO - [2025-06-23T13:44:37.044+0000] {dagbag.py:588} INFO - Filling up the DagBag from /home/airflow/.local/lib/python3.12/site-packages/airflow/example_dags/example_trigger_controller_dag.py
[2025-06-23T13:44:37.057+0000] {processor.py:925} INFO - DAG(s) 'example_trigger_controller_dag' retrieved from /home/airflow/.local/lib/python3.12/site-packages/airflow/example_dags/example_trigger_controller_dag.py
[2025-06-23T13:44:37.089+0000] {logging_mixin.py:190} INFO - [2025-06-23T13:44:37.088+0000] {dag.py:3239} INFO - Sync 1 DAGs
[2025-06-23T13:44:37.126+0000] {logging_mixin.py:190} INFO - [2025-06-23T13:44:37.125+0000] {dag.py:4180} INFO - Setting next_dagrun for example_trigger_controller_dag to 2021-01-01 00:00:00+00:00, run_after=2021-01-01 00:00:00+00:00
[2025-06-23T13:44:37.158+0000] {processor.py:208} INFO - Processing /home/airflow/.local/lib/python3.12/site-packages/airflow/example_dags/example_trigger_controller_dag.py took 0.126 seconds
