[2025-06-23T13:41:05.998+0000] {processor.py:186} INFO - Started process (PID=119) to work on /home/airflow/.local/lib/python3.12/site-packages/airflow/example_dags/example_setup_teardown_taskflow.py
[2025-06-23T13:41:06.000+0000] {processor.py:914} INFO - Processing file /home/airflow/.local/lib/python3.12/site-packages/airflow/example_dags/example_setup_teardown_taskflow.py for tasks to queue
[2025-06-23T13:41:06.004+0000] {logging_mixin.py:190} INFO - [2025-06-23T13:41:06.004+0000] {dagbag.py:588} INFO - Filling up the DagBag from /home/airflow/.local/lib/python3.12/site-packages/airflow/example_dags/example_setup_teardown_taskflow.py
[2025-06-23T13:41:06.024+0000] {processor.py:925} INFO - DAG(s) 'example_setup_teardown_taskflow' retrieved from /home/airflow/.local/lib/python3.12/site-packages/airflow/example_dags/example_setup_teardown_taskflow.py
[2025-06-23T13:41:06.208+0000] {logging_mixin.py:190} INFO - [2025-06-23T13:41:06.207+0000] {override.py:1911} INFO - Created Permission View: can read on DAG:example_setup_teardown_taskflow
[2025-06-23T13:41:06.223+0000] {logging_mixin.py:190} INFO - [2025-06-23T13:41:06.223+0000] {override.py:1911} INFO - Created Permission View: can delete on DAG:example_setup_teardown_taskflow
[2025-06-23T13:41:06.235+0000] {logging_mixin.py:190} INFO - [2025-06-23T13:41:06.234+0000] {override.py:1911} INFO - Created Permission View: can edit on DAG:example_setup_teardown_taskflow
[2025-06-23T13:41:06.249+0000] {logging_mixin.py:190} INFO - [2025-06-23T13:41:06.249+0000] {override.py:1911} INFO - Created Permission View: can read on DAG Run:example_setup_teardown_taskflow
[2025-06-23T13:41:06.261+0000] {logging_mixin.py:190} INFO - [2025-06-23T13:41:06.260+0000] {override.py:1911} INFO - Created Permission View: can create on DAG Run:example_setup_teardown_taskflow
[2025-06-23T13:41:06.273+0000] {logging_mixin.py:190} INFO - [2025-06-23T13:41:06.272+0000] {override.py:1911} INFO - Created Permission View: can delete on DAG Run:example_setup_teardown_taskflow
[2025-06-23T13:41:06.285+0000] {logging_mixin.py:190} INFO - [2025-06-23T13:41:06.284+0000] {override.py:1911} INFO - Created Permission View: menu access on DAG Run:example_setup_teardown_taskflow
[2025-06-23T13:41:06.287+0000] {logging_mixin.py:190} INFO - [2025-06-23T13:41:06.286+0000] {dag.py:3239} INFO - Sync 1 DAGs
[2025-06-23T13:41:06.313+0000] {logging_mixin.py:190} INFO - [2025-06-23T13:41:06.312+0000] {dag.py:3262} INFO - Creating ORM DAG for example_setup_teardown_taskflow
[2025-06-23T13:41:06.314+0000] {logging_mixin.py:190} INFO - [2025-06-23T13:41:06.314+0000] {dag.py:4180} INFO - Setting next_dagrun for example_setup_teardown_taskflow to None, run_after=None
[2025-06-23T13:41:06.339+0000] {processor.py:208} INFO - Processing /home/airflow/.local/lib/python3.12/site-packages/airflow/example_dags/example_setup_teardown_taskflow.py took 0.351 seconds
[2025-06-23T13:41:36.506+0000] {processor.py:186} INFO - Started process (PID=182) to work on /home/airflow/.local/lib/python3.12/site-packages/airflow/example_dags/example_setup_teardown_taskflow.py
[2025-06-23T13:41:36.508+0000] {processor.py:914} INFO - Processing file /home/airflow/.local/lib/python3.12/site-packages/airflow/example_dags/example_setup_teardown_taskflow.py for tasks to queue
[2025-06-23T13:41:36.511+0000] {logging_mixin.py:190} INFO - [2025-06-23T13:41:36.511+0000] {dagbag.py:588} INFO - Filling up the DagBag from /home/airflow/.local/lib/python3.12/site-packages/airflow/example_dags/example_setup_teardown_taskflow.py
[2025-06-23T13:41:36.525+0000] {processor.py:925} INFO - DAG(s) 'example_setup_teardown_taskflow' retrieved from /home/airflow/.local/lib/python3.12/site-packages/airflow/example_dags/example_setup_teardown_taskflow.py
[2025-06-23T13:41:36.551+0000] {logging_mixin.py:190} INFO - [2025-06-23T13:41:36.551+0000] {dag.py:3239} INFO - Sync 1 DAGs
[2025-06-23T13:41:36.566+0000] {logging_mixin.py:190} INFO - [2025-06-23T13:41:36.566+0000] {dag.py:4180} INFO - Setting next_dagrun for example_setup_teardown_taskflow to None, run_after=None
[2025-06-23T13:41:36.591+0000] {processor.py:208} INFO - Processing /home/airflow/.local/lib/python3.12/site-packages/airflow/example_dags/example_setup_teardown_taskflow.py took 0.092 seconds
[2025-06-23T13:42:09.248+0000] {processor.py:186} INFO - Started process (PID=246) to work on /home/airflow/.local/lib/python3.12/site-packages/airflow/example_dags/example_setup_teardown_taskflow.py
[2025-06-23T13:42:09.249+0000] {processor.py:914} INFO - Processing file /home/airflow/.local/lib/python3.12/site-packages/airflow/example_dags/example_setup_teardown_taskflow.py for tasks to queue
[2025-06-23T13:42:09.253+0000] {logging_mixin.py:190} INFO - [2025-06-23T13:42:09.252+0000] {dagbag.py:588} INFO - Filling up the DagBag from /home/airflow/.local/lib/python3.12/site-packages/airflow/example_dags/example_setup_teardown_taskflow.py
[2025-06-23T13:42:09.272+0000] {processor.py:925} INFO - DAG(s) 'example_setup_teardown_taskflow' retrieved from /home/airflow/.local/lib/python3.12/site-packages/airflow/example_dags/example_setup_teardown_taskflow.py
[2025-06-23T13:42:09.306+0000] {logging_mixin.py:190} INFO - [2025-06-23T13:42:09.305+0000] {dag.py:3239} INFO - Sync 1 DAGs
[2025-06-23T13:42:09.332+0000] {logging_mixin.py:190} INFO - [2025-06-23T13:42:09.332+0000] {dag.py:4180} INFO - Setting next_dagrun for example_setup_teardown_taskflow to None, run_after=None
[2025-06-23T13:42:09.373+0000] {processor.py:208} INFO - Processing /home/airflow/.local/lib/python3.12/site-packages/airflow/example_dags/example_setup_teardown_taskflow.py took 0.133 seconds
[2025-06-23T13:42:50.570+0000] {processor.py:186} INFO - Started process (PID=315) to work on /home/airflow/.local/lib/python3.12/site-packages/airflow/example_dags/example_setup_teardown_taskflow.py
[2025-06-23T13:42:50.574+0000] {processor.py:914} INFO - Processing file /home/airflow/.local/lib/python3.12/site-packages/airflow/example_dags/example_setup_teardown_taskflow.py for tasks to queue
[2025-06-23T13:42:50.581+0000] {logging_mixin.py:190} INFO - [2025-06-23T13:42:50.580+0000] {dagbag.py:588} INFO - Filling up the DagBag from /home/airflow/.local/lib/python3.12/site-packages/airflow/example_dags/example_setup_teardown_taskflow.py
[2025-06-23T13:42:50.626+0000] {processor.py:925} INFO - DAG(s) 'example_setup_teardown_taskflow' retrieved from /home/airflow/.local/lib/python3.12/site-packages/airflow/example_dags/example_setup_teardown_taskflow.py
[2025-06-23T13:42:50.731+0000] {logging_mixin.py:190} INFO - [2025-06-23T13:42:50.730+0000] {dag.py:3239} INFO - Sync 1 DAGs
[2025-06-23T13:42:50.782+0000] {logging_mixin.py:190} INFO - [2025-06-23T13:42:50.781+0000] {dag.py:4180} INFO - Setting next_dagrun for example_setup_teardown_taskflow to None, run_after=None
[2025-06-23T13:42:50.849+0000] {processor.py:208} INFO - Processing /home/airflow/.local/lib/python3.12/site-packages/airflow/example_dags/example_setup_teardown_taskflow.py took 0.296 seconds
[2025-06-23T13:43:31.838+0000] {processor.py:186} INFO - Started process (PID=378) to work on /home/airflow/.local/lib/python3.12/site-packages/airflow/example_dags/example_setup_teardown_taskflow.py
[2025-06-23T13:43:31.841+0000] {processor.py:914} INFO - Processing file /home/airflow/.local/lib/python3.12/site-packages/airflow/example_dags/example_setup_teardown_taskflow.py for tasks to queue
[2025-06-23T13:43:31.851+0000] {logging_mixin.py:190} INFO - [2025-06-23T13:43:31.850+0000] {dagbag.py:588} INFO - Filling up the DagBag from /home/airflow/.local/lib/python3.12/site-packages/airflow/example_dags/example_setup_teardown_taskflow.py
[2025-06-23T13:43:31.879+0000] {processor.py:925} INFO - DAG(s) 'example_setup_teardown_taskflow' retrieved from /home/airflow/.local/lib/python3.12/site-packages/airflow/example_dags/example_setup_teardown_taskflow.py
[2025-06-23T13:43:31.918+0000] {logging_mixin.py:190} INFO - [2025-06-23T13:43:31.917+0000] {dag.py:3239} INFO - Sync 1 DAGs
[2025-06-23T13:43:31.941+0000] {logging_mixin.py:190} INFO - [2025-06-23T13:43:31.940+0000] {dag.py:4180} INFO - Setting next_dagrun for example_setup_teardown_taskflow to None, run_after=None
[2025-06-23T13:43:32.070+0000] {processor.py:208} INFO - Processing /home/airflow/.local/lib/python3.12/site-packages/airflow/example_dags/example_setup_teardown_taskflow.py took 0.251 seconds
[2025-06-23T13:44:03.142+0000] {processor.py:186} INFO - Started process (PID=441) to work on /home/airflow/.local/lib/python3.12/site-packages/airflow/example_dags/example_setup_teardown_taskflow.py
[2025-06-23T13:44:03.144+0000] {processor.py:914} INFO - Processing file /home/airflow/.local/lib/python3.12/site-packages/airflow/example_dags/example_setup_teardown_taskflow.py for tasks to queue
[2025-06-23T13:44:03.158+0000] {logging_mixin.py:190} INFO - [2025-06-23T13:44:03.157+0000] {dagbag.py:588} INFO - Filling up the DagBag from /home/airflow/.local/lib/python3.12/site-packages/airflow/example_dags/example_setup_teardown_taskflow.py
[2025-06-23T13:44:03.228+0000] {processor.py:925} INFO - DAG(s) 'example_setup_teardown_taskflow' retrieved from /home/airflow/.local/lib/python3.12/site-packages/airflow/example_dags/example_setup_teardown_taskflow.py
[2025-06-23T13:44:03.273+0000] {logging_mixin.py:190} INFO - [2025-06-23T13:44:03.272+0000] {dag.py:3239} INFO - Sync 1 DAGs
[2025-06-23T13:44:03.294+0000] {logging_mixin.py:190} INFO - [2025-06-23T13:44:03.293+0000] {dag.py:4180} INFO - Setting next_dagrun for example_setup_teardown_taskflow to None, run_after=None
[2025-06-23T13:44:03.321+0000] {processor.py:208} INFO - Processing /home/airflow/.local/lib/python3.12/site-packages/airflow/example_dags/example_setup_teardown_taskflow.py took 0.201 seconds
[2025-06-23T13:44:36.224+0000] {processor.py:186} INFO - Started process (PID=504) to work on /home/airflow/.local/lib/python3.12/site-packages/airflow/example_dags/example_setup_teardown_taskflow.py
[2025-06-23T13:44:36.225+0000] {processor.py:914} INFO - Processing file /home/airflow/.local/lib/python3.12/site-packages/airflow/example_dags/example_setup_teardown_taskflow.py for tasks to queue
[2025-06-23T13:44:36.231+0000] {logging_mixin.py:190} INFO - [2025-06-23T13:44:36.230+0000] {dagbag.py:588} INFO - Filling up the DagBag from /home/airflow/.local/lib/python3.12/site-packages/airflow/example_dags/example_setup_teardown_taskflow.py
[2025-06-23T13:44:36.255+0000] {processor.py:925} INFO - DAG(s) 'example_setup_teardown_taskflow' retrieved from /home/airflow/.local/lib/python3.12/site-packages/airflow/example_dags/example_setup_teardown_taskflow.py
[2025-06-23T13:44:36.306+0000] {logging_mixin.py:190} INFO - [2025-06-23T13:44:36.306+0000] {dag.py:3239} INFO - Sync 1 DAGs
[2025-06-23T13:44:36.343+0000] {logging_mixin.py:190} INFO - [2025-06-23T13:44:36.342+0000] {dag.py:4180} INFO - Setting next_dagrun for example_setup_teardown_taskflow to None, run_after=None
[2025-06-23T13:44:36.391+0000] {processor.py:208} INFO - Processing /home/airflow/.local/lib/python3.12/site-packages/airflow/example_dags/example_setup_teardown_taskflow.py took 0.176 seconds
