[2025-06-23T13:41:01.252+0000] {processor.py:186} INFO - Started process (PID=101) to work on /home/airflow/.local/lib/python3.12/site-packages/airflow/example_dags/example_branch_labels.py
[2025-06-23T13:41:01.254+0000] {processor.py:914} INFO - Processing file /home/airflow/.local/lib/python3.12/site-packages/airflow/example_dags/example_branch_labels.py for tasks to queue
[2025-06-23T13:41:01.258+0000] {logging_mixin.py:190} INFO - [2025-06-23T13:41:01.258+0000] {dagbag.py:588} INFO - Filling up the DagBag from /home/airflow/.local/lib/python3.12/site-packages/airflow/example_dags/example_branch_labels.py
[2025-06-23T13:41:01.276+0000] {processor.py:925} INFO - DAG(s) 'example_branch_labels' retrieved from /home/airflow/.local/lib/python3.12/site-packages/airflow/example_dags/example_branch_labels.py
[2025-06-23T13:41:01.445+0000] {logging_mixin.py:190} INFO - [2025-06-23T13:41:01.444+0000] {override.py:1911} INFO - Created Permission View: can read on DAG:example_branch_labels
[2025-06-23T13:41:01.461+0000] {logging_mixin.py:190} INFO - [2025-06-23T13:41:01.461+0000] {override.py:1911} INFO - Created Permission View: can delete on DAG:example_branch_labels
[2025-06-23T13:41:01.473+0000] {logging_mixin.py:190} INFO - [2025-06-23T13:41:01.473+0000] {override.py:1911} INFO - Created Permission View: can edit on DAG:example_branch_labels
[2025-06-23T13:41:01.487+0000] {logging_mixin.py:190} INFO - [2025-06-23T13:41:01.487+0000] {override.py:1911} INFO - Created Permission View: can read on DAG Run:example_branch_labels
[2025-06-23T13:41:01.500+0000] {logging_mixin.py:190} INFO - [2025-06-23T13:41:01.499+0000] {override.py:1911} INFO - Created Permission View: can create on DAG Run:example_branch_labels
[2025-06-23T13:41:01.512+0000] {logging_mixin.py:190} INFO - [2025-06-23T13:41:01.511+0000] {override.py:1911} INFO - Created Permission View: can delete on DAG Run:example_branch_labels
[2025-06-23T13:41:01.524+0000] {logging_mixin.py:190} INFO - [2025-06-23T13:41:01.524+0000] {override.py:1911} INFO - Created Permission View: menu access on DAG Run:example_branch_labels
[2025-06-23T13:41:01.526+0000] {logging_mixin.py:190} INFO - [2025-06-23T13:41:01.525+0000] {dag.py:3239} INFO - Sync 1 DAGs
[2025-06-23T13:41:01.548+0000] {logging_mixin.py:190} INFO - [2025-06-23T13:41:01.548+0000] {dag.py:3262} INFO - Creating ORM DAG for example_branch_labels
[2025-06-23T13:41:01.567+0000] {logging_mixin.py:190} INFO - [2025-06-23T13:41:01.566+0000] {dag.py:4180} INFO - Setting next_dagrun for example_branch_labels to 2025-06-22 00:00:00+00:00, run_after=2025-06-23 00:00:00+00:00
[2025-06-23T13:41:01.597+0000] {processor.py:208} INFO - Processing /home/airflow/.local/lib/python3.12/site-packages/airflow/example_dags/example_branch_labels.py took 0.354 seconds
[2025-06-23T13:41:32.399+0000] {processor.py:186} INFO - Started process (PID=164) to work on /home/airflow/.local/lib/python3.12/site-packages/airflow/example_dags/example_branch_labels.py
[2025-06-23T13:41:32.401+0000] {processor.py:914} INFO - Processing file /home/airflow/.local/lib/python3.12/site-packages/airflow/example_dags/example_branch_labels.py for tasks to queue
[2025-06-23T13:41:32.405+0000] {logging_mixin.py:190} INFO - [2025-06-23T13:41:32.404+0000] {dagbag.py:588} INFO - Filling up the DagBag from /home/airflow/.local/lib/python3.12/site-packages/airflow/example_dags/example_branch_labels.py
[2025-06-23T13:41:32.417+0000] {processor.py:925} INFO - DAG(s) 'example_branch_labels' retrieved from /home/airflow/.local/lib/python3.12/site-packages/airflow/example_dags/example_branch_labels.py
[2025-06-23T13:41:32.442+0000] {logging_mixin.py:190} INFO - [2025-06-23T13:41:32.442+0000] {dag.py:3239} INFO - Sync 1 DAGs
[2025-06-23T13:41:32.473+0000] {logging_mixin.py:190} INFO - [2025-06-23T13:41:32.473+0000] {dag.py:4180} INFO - Setting next_dagrun for example_branch_labels to 2025-06-22 00:00:00+00:00, run_after=2025-06-23 00:00:00+00:00
[2025-06-23T13:41:32.502+0000] {processor.py:208} INFO - Processing /home/airflow/.local/lib/python3.12/site-packages/airflow/example_dags/example_branch_labels.py took 0.110 seconds
[2025-06-23T13:42:03.481+0000] {processor.py:186} INFO - Started process (PID=227) to work on /home/airflow/.local/lib/python3.12/site-packages/airflow/example_dags/example_branch_labels.py
[2025-06-23T13:42:03.485+0000] {processor.py:914} INFO - Processing file /home/airflow/.local/lib/python3.12/site-packages/airflow/example_dags/example_branch_labels.py for tasks to queue
[2025-06-23T13:42:03.538+0000] {logging_mixin.py:190} INFO - [2025-06-23T13:42:03.535+0000] {dagbag.py:588} INFO - Filling up the DagBag from /home/airflow/.local/lib/python3.12/site-packages/airflow/example_dags/example_branch_labels.py
[2025-06-23T13:42:03.656+0000] {processor.py:925} INFO - DAG(s) 'example_branch_labels' retrieved from /home/airflow/.local/lib/python3.12/site-packages/airflow/example_dags/example_branch_labels.py
[2025-06-23T13:42:04.009+0000] {logging_mixin.py:190} INFO - [2025-06-23T13:42:04.009+0000] {dag.py:3239} INFO - Sync 1 DAGs
[2025-06-23T13:42:04.174+0000] {logging_mixin.py:190} INFO - [2025-06-23T13:42:04.170+0000] {dag.py:4180} INFO - Setting next_dagrun for example_branch_labels to 2025-06-22 00:00:00+00:00, run_after=2025-06-23 00:00:00+00:00
[2025-06-23T13:42:04.230+0000] {processor.py:208} INFO - Processing /home/airflow/.local/lib/python3.12/site-packages/airflow/example_dags/example_branch_labels.py took 0.889 seconds
[2025-06-23T13:42:38.100+0000] {processor.py:186} INFO - Started process (PID=290) to work on /home/airflow/.local/lib/python3.12/site-packages/airflow/example_dags/example_branch_labels.py
[2025-06-23T13:42:38.104+0000] {processor.py:914} INFO - Processing file /home/airflow/.local/lib/python3.12/site-packages/airflow/example_dags/example_branch_labels.py for tasks to queue
[2025-06-23T13:42:38.114+0000] {logging_mixin.py:190} INFO - [2025-06-23T13:42:38.110+0000] {dagbag.py:588} INFO - Filling up the DagBag from /home/airflow/.local/lib/python3.12/site-packages/airflow/example_dags/example_branch_labels.py
[2025-06-23T13:42:38.149+0000] {processor.py:925} INFO - DAG(s) 'example_branch_labels' retrieved from /home/airflow/.local/lib/python3.12/site-packages/airflow/example_dags/example_branch_labels.py
[2025-06-23T13:42:38.209+0000] {logging_mixin.py:190} INFO - [2025-06-23T13:42:38.208+0000] {dag.py:3239} INFO - Sync 1 DAGs
[2025-06-23T13:42:38.306+0000] {logging_mixin.py:190} INFO - [2025-06-23T13:42:38.305+0000] {dag.py:4180} INFO - Setting next_dagrun for example_branch_labels to 2025-06-22 00:00:00+00:00, run_after=2025-06-23 00:00:00+00:00
[2025-06-23T13:42:38.370+0000] {processor.py:208} INFO - Processing /home/airflow/.local/lib/python3.12/site-packages/airflow/example_dags/example_branch_labels.py took 0.284 seconds
[2025-06-23T13:43:25.547+0000] {processor.py:186} INFO - Started process (PID=356) to work on /home/airflow/.local/lib/python3.12/site-packages/airflow/example_dags/example_branch_labels.py
[2025-06-23T13:43:25.553+0000] {processor.py:914} INFO - Processing file /home/airflow/.local/lib/python3.12/site-packages/airflow/example_dags/example_branch_labels.py for tasks to queue
[2025-06-23T13:43:25.560+0000] {logging_mixin.py:190} INFO - [2025-06-23T13:43:25.559+0000] {dagbag.py:588} INFO - Filling up the DagBag from /home/airflow/.local/lib/python3.12/site-packages/airflow/example_dags/example_branch_labels.py
[2025-06-23T13:43:25.595+0000] {processor.py:925} INFO - DAG(s) 'example_branch_labels' retrieved from /home/airflow/.local/lib/python3.12/site-packages/airflow/example_dags/example_branch_labels.py
[2025-06-23T13:43:25.676+0000] {logging_mixin.py:190} INFO - [2025-06-23T13:43:25.676+0000] {dag.py:3239} INFO - Sync 1 DAGs
[2025-06-23T13:43:25.784+0000] {logging_mixin.py:190} INFO - [2025-06-23T13:43:25.783+0000] {dag.py:4180} INFO - Setting next_dagrun for example_branch_labels to 2025-06-22 00:00:00+00:00, run_after=2025-06-23 00:00:00+00:00
[2025-06-23T13:43:25.861+0000] {processor.py:208} INFO - Processing /home/airflow/.local/lib/python3.12/site-packages/airflow/example_dags/example_branch_labels.py took 0.335 seconds
[2025-06-23T13:43:56.007+0000] {processor.py:186} INFO - Started process (PID=419) to work on /home/airflow/.local/lib/python3.12/site-packages/airflow/example_dags/example_branch_labels.py
[2025-06-23T13:43:56.008+0000] {processor.py:914} INFO - Processing file /home/airflow/.local/lib/python3.12/site-packages/airflow/example_dags/example_branch_labels.py for tasks to queue
[2025-06-23T13:43:56.012+0000] {logging_mixin.py:190} INFO - [2025-06-23T13:43:56.011+0000] {dagbag.py:588} INFO - Filling up the DagBag from /home/airflow/.local/lib/python3.12/site-packages/airflow/example_dags/example_branch_labels.py
[2025-06-23T13:43:56.027+0000] {processor.py:925} INFO - DAG(s) 'example_branch_labels' retrieved from /home/airflow/.local/lib/python3.12/site-packages/airflow/example_dags/example_branch_labels.py
[2025-06-23T13:43:56.054+0000] {logging_mixin.py:190} INFO - [2025-06-23T13:43:56.054+0000] {dag.py:3239} INFO - Sync 1 DAGs
[2025-06-23T13:43:56.084+0000] {logging_mixin.py:190} INFO - [2025-06-23T13:43:56.084+0000] {dag.py:4180} INFO - Setting next_dagrun for example_branch_labels to 2025-06-22 00:00:00+00:00, run_after=2025-06-23 00:00:00+00:00
[2025-06-23T13:43:56.112+0000] {processor.py:208} INFO - Processing /home/airflow/.local/lib/python3.12/site-packages/airflow/example_dags/example_branch_labels.py took 0.114 seconds
[2025-06-23T13:44:27.871+0000] {processor.py:186} INFO - Started process (PID=482) to work on /home/airflow/.local/lib/python3.12/site-packages/airflow/example_dags/example_branch_labels.py
[2025-06-23T13:44:27.872+0000] {processor.py:914} INFO - Processing file /home/airflow/.local/lib/python3.12/site-packages/airflow/example_dags/example_branch_labels.py for tasks to queue
[2025-06-23T13:44:27.877+0000] {logging_mixin.py:190} INFO - [2025-06-23T13:44:27.877+0000] {dagbag.py:588} INFO - Filling up the DagBag from /home/airflow/.local/lib/python3.12/site-packages/airflow/example_dags/example_branch_labels.py
[2025-06-23T13:44:27.932+0000] {processor.py:925} INFO - DAG(s) 'example_branch_labels' retrieved from /home/airflow/.local/lib/python3.12/site-packages/airflow/example_dags/example_branch_labels.py
[2025-06-23T13:44:28.005+0000] {logging_mixin.py:190} INFO - [2025-06-23T13:44:28.004+0000] {dag.py:3239} INFO - Sync 1 DAGs
[2025-06-23T13:44:28.146+0000] {logging_mixin.py:190} INFO - [2025-06-23T13:44:28.144+0000] {dag.py:4180} INFO - Setting next_dagrun for example_branch_labels to 2025-06-22 00:00:00+00:00, run_after=2025-06-23 00:00:00+00:00
[2025-06-23T13:44:28.204+0000] {processor.py:208} INFO - Processing /home/airflow/.local/lib/python3.12/site-packages/airflow/example_dags/example_branch_labels.py took 0.349 seconds
