[2025-06-23T13:40:56.101+0000] {processor.py:186} INFO - Started process (PID=86) to work on /home/airflow/.local/lib/python3.12/site-packages/airflow/example_dags/example_xcomargs.py
[2025-06-23T13:40:56.104+0000] {processor.py:914} INFO - Processing file /home/airflow/.local/lib/python3.12/site-packages/airflow/example_dags/example_xcomargs.py for tasks to queue
[2025-06-23T13:40:56.110+0000] {logging_mixin.py:190} INFO - [2025-06-23T13:40:56.109+0000] {dagbag.py:588} INFO - Filling up the DagBag from /home/airflow/.local/lib/python3.12/site-packages/airflow/example_dags/example_xcomargs.py
[2025-06-23T13:40:56.143+0000] {processor.py:925} INFO - DAG(s) 'example_xcom_args', 'example_xcom_args_with_operators' retrieved from /home/airflow/.local/lib/python3.12/site-packages/airflow/example_dags/example_xcomargs.py
[2025-06-23T13:40:56.446+0000] {logging_mixin.py:190} INFO - [2025-06-23T13:40:56.444+0000] {override.py:1911} INFO - Created Permission View: can read on DAG:example_xcom_args
[2025-06-23T13:40:56.480+0000] {logging_mixin.py:190} INFO - [2025-06-23T13:40:56.479+0000] {override.py:1911} INFO - Created Permission View: can delete on DAG:example_xcom_args
[2025-06-23T13:40:56.502+0000] {logging_mixin.py:190} INFO - [2025-06-23T13:40:56.501+0000] {override.py:1911} INFO - Created Permission View: can edit on DAG:example_xcom_args
[2025-06-23T13:40:56.524+0000] {logging_mixin.py:190} INFO - [2025-06-23T13:40:56.524+0000] {override.py:1911} INFO - Created Permission View: can read on DAG Run:example_xcom_args
[2025-06-23T13:40:56.545+0000] {logging_mixin.py:190} INFO - [2025-06-23T13:40:56.545+0000] {override.py:1911} INFO - Created Permission View: can create on DAG Run:example_xcom_args
[2025-06-23T13:40:56.563+0000] {logging_mixin.py:190} INFO - [2025-06-23T13:40:56.562+0000] {override.py:1911} INFO - Created Permission View: can delete on DAG Run:example_xcom_args
[2025-06-23T13:40:56.586+0000] {logging_mixin.py:190} INFO - [2025-06-23T13:40:56.583+0000] {override.py:1911} INFO - Created Permission View: menu access on DAG Run:example_xcom_args
[2025-06-23T13:40:56.626+0000] {logging_mixin.py:190} INFO - [2025-06-23T13:40:56.626+0000] {override.py:1911} INFO - Created Permission View: can read on DAG:example_xcom_args_with_operators
[2025-06-23T13:40:56.647+0000] {logging_mixin.py:190} INFO - [2025-06-23T13:40:56.647+0000] {override.py:1911} INFO - Created Permission View: can delete on DAG:example_xcom_args_with_operators
[2025-06-23T13:40:56.663+0000] {logging_mixin.py:190} INFO - [2025-06-23T13:40:56.662+0000] {override.py:1911} INFO - Created Permission View: can edit on DAG:example_xcom_args_with_operators
[2025-06-23T13:40:56.680+0000] {logging_mixin.py:190} INFO - [2025-06-23T13:40:56.679+0000] {override.py:1911} INFO - Created Permission View: can read on DAG Run:example_xcom_args_with_operators
[2025-06-23T13:40:56.701+0000] {logging_mixin.py:190} INFO - [2025-06-23T13:40:56.700+0000] {override.py:1911} INFO - Created Permission View: can create on DAG Run:example_xcom_args_with_operators
[2025-06-23T13:40:56.725+0000] {logging_mixin.py:190} INFO - [2025-06-23T13:40:56.725+0000] {override.py:1911} INFO - Created Permission View: can delete on DAG Run:example_xcom_args_with_operators
[2025-06-23T13:40:56.745+0000] {logging_mixin.py:190} INFO - [2025-06-23T13:40:56.744+0000] {override.py:1911} INFO - Created Permission View: menu access on DAG Run:example_xcom_args_with_operators
[2025-06-23T13:40:56.746+0000] {logging_mixin.py:190} INFO - [2025-06-23T13:40:56.746+0000] {dag.py:3239} INFO - Sync 2 DAGs
[2025-06-23T13:40:56.795+0000] {logging_mixin.py:190} INFO - [2025-06-23T13:40:56.794+0000] {dag.py:3262} INFO - Creating ORM DAG for example_xcom_args_with_operators
[2025-06-23T13:40:56.797+0000] {logging_mixin.py:190} INFO - [2025-06-23T13:40:56.796+0000] {dag.py:3262} INFO - Creating ORM DAG for example_xcom_args
[2025-06-23T13:40:56.799+0000] {logging_mixin.py:190} INFO - [2025-06-23T13:40:56.799+0000] {dag.py:4180} INFO - Setting next_dagrun for example_xcom_args to None, run_after=None
[2025-06-23T13:40:56.801+0000] {logging_mixin.py:190} INFO - [2025-06-23T13:40:56.801+0000] {dag.py:4180} INFO - Setting next_dagrun for example_xcom_args_with_operators to None, run_after=None
[2025-06-23T13:40:56.855+0000] {processor.py:208} INFO - Processing /home/airflow/.local/lib/python3.12/site-packages/airflow/example_dags/example_xcomargs.py took 0.770 seconds
[2025-06-23T13:41:27.323+0000] {processor.py:186} INFO - Started process (PID=150) to work on /home/airflow/.local/lib/python3.12/site-packages/airflow/example_dags/example_xcomargs.py
[2025-06-23T13:41:27.325+0000] {processor.py:914} INFO - Processing file /home/airflow/.local/lib/python3.12/site-packages/airflow/example_dags/example_xcomargs.py for tasks to queue
[2025-06-23T13:41:27.329+0000] {logging_mixin.py:190} INFO - [2025-06-23T13:41:27.329+0000] {dagbag.py:588} INFO - Filling up the DagBag from /home/airflow/.local/lib/python3.12/site-packages/airflow/example_dags/example_xcomargs.py
[2025-06-23T13:41:27.352+0000] {processor.py:925} INFO - DAG(s) 'example_xcom_args', 'example_xcom_args_with_operators' retrieved from /home/airflow/.local/lib/python3.12/site-packages/airflow/example_dags/example_xcomargs.py
[2025-06-23T13:41:27.395+0000] {logging_mixin.py:190} INFO - [2025-06-23T13:41:27.394+0000] {dag.py:3239} INFO - Sync 2 DAGs
[2025-06-23T13:41:27.429+0000] {logging_mixin.py:190} INFO - [2025-06-23T13:41:27.429+0000] {dag.py:4180} INFO - Setting next_dagrun for example_xcom_args to None, run_after=None
[2025-06-23T13:41:27.437+0000] {logging_mixin.py:190} INFO - [2025-06-23T13:41:27.437+0000] {dag.py:4180} INFO - Setting next_dagrun for example_xcom_args_with_operators to None, run_after=None
[2025-06-23T13:41:27.475+0000] {processor.py:208} INFO - Processing /home/airflow/.local/lib/python3.12/site-packages/airflow/example_dags/example_xcomargs.py took 0.162 seconds
[2025-06-23T13:41:57.841+0000] {processor.py:186} INFO - Started process (PID=213) to work on /home/airflow/.local/lib/python3.12/site-packages/airflow/example_dags/example_xcomargs.py
[2025-06-23T13:41:57.844+0000] {processor.py:914} INFO - Processing file /home/airflow/.local/lib/python3.12/site-packages/airflow/example_dags/example_xcomargs.py for tasks to queue
[2025-06-23T13:41:57.852+0000] {logging_mixin.py:190} INFO - [2025-06-23T13:41:57.851+0000] {dagbag.py:588} INFO - Filling up the DagBag from /home/airflow/.local/lib/python3.12/site-packages/airflow/example_dags/example_xcomargs.py
[2025-06-23T13:41:57.874+0000] {processor.py:925} INFO - DAG(s) 'example_xcom_args_with_operators', 'example_xcom_args' retrieved from /home/airflow/.local/lib/python3.12/site-packages/airflow/example_dags/example_xcomargs.py
[2025-06-23T13:41:57.923+0000] {logging_mixin.py:190} INFO - [2025-06-23T13:41:57.922+0000] {dag.py:3239} INFO - Sync 2 DAGs
[2025-06-23T13:41:57.955+0000] {logging_mixin.py:190} INFO - [2025-06-23T13:41:57.955+0000] {dag.py:4180} INFO - Setting next_dagrun for example_xcom_args to None, run_after=None
[2025-06-23T13:41:57.963+0000] {logging_mixin.py:190} INFO - [2025-06-23T13:41:57.962+0000] {dag.py:4180} INFO - Setting next_dagrun for example_xcom_args_with_operators to None, run_after=None
[2025-06-23T13:41:58.007+0000] {processor.py:208} INFO - Processing /home/airflow/.local/lib/python3.12/site-packages/airflow/example_dags/example_xcomargs.py took 0.178 seconds
[2025-06-23T13:42:28.101+0000] {processor.py:186} INFO - Started process (PID=276) to work on /home/airflow/.local/lib/python3.12/site-packages/airflow/example_dags/example_xcomargs.py
[2025-06-23T13:42:28.103+0000] {processor.py:914} INFO - Processing file /home/airflow/.local/lib/python3.12/site-packages/airflow/example_dags/example_xcomargs.py for tasks to queue
[2025-06-23T13:42:28.108+0000] {logging_mixin.py:190} INFO - [2025-06-23T13:42:28.107+0000] {dagbag.py:588} INFO - Filling up the DagBag from /home/airflow/.local/lib/python3.12/site-packages/airflow/example_dags/example_xcomargs.py
[2025-06-23T13:42:28.127+0000] {processor.py:925} INFO - DAG(s) 'example_xcom_args_with_operators', 'example_xcom_args' retrieved from /home/airflow/.local/lib/python3.12/site-packages/airflow/example_dags/example_xcomargs.py
[2025-06-23T13:42:28.182+0000] {logging_mixin.py:190} INFO - [2025-06-23T13:42:28.182+0000] {dag.py:3239} INFO - Sync 2 DAGs
[2025-06-23T13:42:28.239+0000] {logging_mixin.py:190} INFO - [2025-06-23T13:42:28.239+0000] {dag.py:4180} INFO - Setting next_dagrun for example_xcom_args to None, run_after=None
[2025-06-23T13:42:28.252+0000] {logging_mixin.py:190} INFO - [2025-06-23T13:42:28.252+0000] {dag.py:4180} INFO - Setting next_dagrun for example_xcom_args_with_operators to None, run_after=None
[2025-06-23T13:42:28.309+0000] {processor.py:208} INFO - Processing /home/airflow/.local/lib/python3.12/site-packages/airflow/example_dags/example_xcomargs.py took 0.218 seconds
[2025-06-23T13:43:21.363+0000] {processor.py:186} INFO - Started process (PID=342) to work on /home/airflow/.local/lib/python3.12/site-packages/airflow/example_dags/example_xcomargs.py
[2025-06-23T13:43:21.366+0000] {processor.py:914} INFO - Processing file /home/airflow/.local/lib/python3.12/site-packages/airflow/example_dags/example_xcomargs.py for tasks to queue
[2025-06-23T13:43:21.374+0000] {logging_mixin.py:190} INFO - [2025-06-23T13:43:21.373+0000] {dagbag.py:588} INFO - Filling up the DagBag from /home/airflow/.local/lib/python3.12/site-packages/airflow/example_dags/example_xcomargs.py
[2025-06-23T13:43:21.434+0000] {processor.py:925} INFO - DAG(s) 'example_xcom_args', 'example_xcom_args_with_operators' retrieved from /home/airflow/.local/lib/python3.12/site-packages/airflow/example_dags/example_xcomargs.py
[2025-06-23T13:43:21.552+0000] {logging_mixin.py:190} INFO - [2025-06-23T13:43:21.552+0000] {dag.py:3239} INFO - Sync 2 DAGs
[2025-06-23T13:43:21.690+0000] {logging_mixin.py:190} INFO - [2025-06-23T13:43:21.688+0000] {dag.py:4180} INFO - Setting next_dagrun for example_xcom_args to None, run_after=None
[2025-06-23T13:43:21.705+0000] {logging_mixin.py:190} INFO - [2025-06-23T13:43:21.704+0000] {dag.py:4180} INFO - Setting next_dagrun for example_xcom_args_with_operators to None, run_after=None
[2025-06-23T13:43:21.827+0000] {processor.py:208} INFO - Processing /home/airflow/.local/lib/python3.12/site-packages/airflow/example_dags/example_xcomargs.py took 0.484 seconds
[2025-06-23T13:43:52.882+0000] {processor.py:186} INFO - Started process (PID=405) to work on /home/airflow/.local/lib/python3.12/site-packages/airflow/example_dags/example_xcomargs.py
[2025-06-23T13:43:52.885+0000] {processor.py:914} INFO - Processing file /home/airflow/.local/lib/python3.12/site-packages/airflow/example_dags/example_xcomargs.py for tasks to queue
[2025-06-23T13:43:52.895+0000] {logging_mixin.py:190} INFO - [2025-06-23T13:43:52.894+0000] {dagbag.py:588} INFO - Filling up the DagBag from /home/airflow/.local/lib/python3.12/site-packages/airflow/example_dags/example_xcomargs.py
[2025-06-23T13:43:52.924+0000] {processor.py:925} INFO - DAG(s) 'example_xcom_args', 'example_xcom_args_with_operators' retrieved from /home/airflow/.local/lib/python3.12/site-packages/airflow/example_dags/example_xcomargs.py
[2025-06-23T13:43:52.984+0000] {logging_mixin.py:190} INFO - [2025-06-23T13:43:52.983+0000] {dag.py:3239} INFO - Sync 2 DAGs
[2025-06-23T13:43:53.043+0000] {logging_mixin.py:190} INFO - [2025-06-23T13:43:53.042+0000] {dag.py:4180} INFO - Setting next_dagrun for example_xcom_args to None, run_after=None
[2025-06-23T13:43:53.056+0000] {logging_mixin.py:190} INFO - [2025-06-23T13:43:53.055+0000] {dag.py:4180} INFO - Setting next_dagrun for example_xcom_args_with_operators to None, run_after=None
[2025-06-23T13:43:53.106+0000] {processor.py:208} INFO - Processing /home/airflow/.local/lib/python3.12/site-packages/airflow/example_dags/example_xcomargs.py took 0.238 seconds
[2025-06-23T13:44:23.712+0000] {processor.py:186} INFO - Started process (PID=467) to work on /home/airflow/.local/lib/python3.12/site-packages/airflow/example_dags/example_xcomargs.py
[2025-06-23T13:44:23.714+0000] {processor.py:914} INFO - Processing file /home/airflow/.local/lib/python3.12/site-packages/airflow/example_dags/example_xcomargs.py for tasks to queue
[2025-06-23T13:44:23.719+0000] {logging_mixin.py:190} INFO - [2025-06-23T13:44:23.718+0000] {dagbag.py:588} INFO - Filling up the DagBag from /home/airflow/.local/lib/python3.12/site-packages/airflow/example_dags/example_xcomargs.py
[2025-06-23T13:44:23.736+0000] {processor.py:925} INFO - DAG(s) 'example_xcom_args_with_operators', 'example_xcom_args' retrieved from /home/airflow/.local/lib/python3.12/site-packages/airflow/example_dags/example_xcomargs.py
[2025-06-23T13:44:23.769+0000] {logging_mixin.py:190} INFO - [2025-06-23T13:44:23.769+0000] {dag.py:3239} INFO - Sync 2 DAGs
[2025-06-23T13:44:23.790+0000] {logging_mixin.py:190} INFO - [2025-06-23T13:44:23.790+0000] {dag.py:4180} INFO - Setting next_dagrun for example_xcom_args to None, run_after=None
[2025-06-23T13:44:23.796+0000] {logging_mixin.py:190} INFO - [2025-06-23T13:44:23.796+0000] {dag.py:4180} INFO - Setting next_dagrun for example_xcom_args_with_operators to None, run_after=None
[2025-06-23T13:44:23.823+0000] {processor.py:208} INFO - Processing /home/airflow/.local/lib/python3.12/site-packages/airflow/example_dags/example_xcomargs.py took 0.121 seconds
