[2025-06-23T13:40:48.923+0000] {processor.py:186} INFO - Started process (PID=78) to work on /home/airflow/.local/lib/python3.12/site-packages/airflow/example_dags/example_display_name.py
[2025-06-23T13:40:48.933+0000] {processor.py:914} INFO - Processing file /home/airflow/.local/lib/python3.12/site-packages/airflow/example_dags/example_display_name.py for tasks to queue
[2025-06-23T13:40:48.987+0000] {logging_mixin.py:190} INFO - [2025-06-23T13:40:48.985+0000] {dagbag.py:588} INFO - Filling up the DagBag from /home/airflow/.local/lib/python3.12/site-packages/airflow/example_dags/example_display_name.py
[2025-06-23T13:40:49.393+0000] {processor.py:925} INFO - DAG(s) 'example_display_name' retrieved from /home/airflow/.local/lib/python3.12/site-packages/airflow/example_dags/example_display_name.py
[2025-06-23T13:40:50.786+0000] {logging_mixin.py:190} INFO - [2025-06-23T13:40:50.784+0000] {override.py:1911} INFO - Created Permission View: can read on DAG:example_display_name
[2025-06-23T13:40:50.821+0000] {logging_mixin.py:190} INFO - [2025-06-23T13:40:50.820+0000] {override.py:1911} INFO - Created Permission View: can delete on DAG:example_display_name
[2025-06-23T13:40:50.850+0000] {logging_mixin.py:190} INFO - [2025-06-23T13:40:50.849+0000] {override.py:1911} INFO - Created Permission View: can edit on DAG:example_display_name
[2025-06-23T13:40:50.880+0000] {logging_mixin.py:190} INFO - [2025-06-23T13:40:50.878+0000] {override.py:1911} INFO - Created Permission View: can read on DAG Run:example_display_name
[2025-06-23T13:40:50.904+0000] {logging_mixin.py:190} INFO - [2025-06-23T13:40:50.903+0000] {override.py:1911} INFO - Created Permission View: can create on DAG Run:example_display_name
[2025-06-23T13:40:50.922+0000] {logging_mixin.py:190} INFO - [2025-06-23T13:40:50.921+0000] {override.py:1911} INFO - Created Permission View: can delete on DAG Run:example_display_name
[2025-06-23T13:40:50.938+0000] {logging_mixin.py:190} INFO - [2025-06-23T13:40:50.937+0000] {override.py:1911} INFO - Created Permission View: menu access on DAG Run:example_display_name
[2025-06-23T13:40:50.939+0000] {logging_mixin.py:190} INFO - [2025-06-23T13:40:50.939+0000] {dag.py:3239} INFO - Sync 1 DAGs
[2025-06-23T13:40:51.013+0000] {logging_mixin.py:190} INFO - [2025-06-23T13:40:51.011+0000] {dag.py:3262} INFO - Creating ORM DAG for example_display_name
[2025-06-23T13:40:51.017+0000] {logging_mixin.py:190} INFO - [2025-06-23T13:40:51.016+0000] {dag.py:4180} INFO - Setting next_dagrun for example_display_name to None, run_after=None
[2025-06-23T13:40:51.076+0000] {processor.py:208} INFO - Processing /home/airflow/.local/lib/python3.12/site-packages/airflow/example_dags/example_display_name.py took 2.250 seconds
[2025-06-23T13:41:21.428+0000] {processor.py:186} INFO - Started process (PID=141) to work on /home/airflow/.local/lib/python3.12/site-packages/airflow/example_dags/example_display_name.py
[2025-06-23T13:41:21.429+0000] {processor.py:914} INFO - Processing file /home/airflow/.local/lib/python3.12/site-packages/airflow/example_dags/example_display_name.py for tasks to queue
[2025-06-23T13:41:21.436+0000] {logging_mixin.py:190} INFO - [2025-06-23T13:41:21.435+0000] {dagbag.py:588} INFO - Filling up the DagBag from /home/airflow/.local/lib/python3.12/site-packages/airflow/example_dags/example_display_name.py
[2025-06-23T13:41:21.464+0000] {processor.py:925} INFO - DAG(s) 'example_display_name' retrieved from /home/airflow/.local/lib/python3.12/site-packages/airflow/example_dags/example_display_name.py
[2025-06-23T13:41:21.505+0000] {logging_mixin.py:190} INFO - [2025-06-23T13:41:21.505+0000] {dag.py:3239} INFO - Sync 1 DAGs
[2025-06-23T13:41:21.532+0000] {logging_mixin.py:190} INFO - [2025-06-23T13:41:21.531+0000] {dag.py:4180} INFO - Setting next_dagrun for example_display_name to None, run_after=None
[2025-06-23T13:41:21.558+0000] {processor.py:208} INFO - Processing /home/airflow/.local/lib/python3.12/site-packages/airflow/example_dags/example_display_name.py took 0.139 seconds
[2025-06-23T13:41:51.738+0000] {processor.py:186} INFO - Started process (PID=205) to work on /home/airflow/.local/lib/python3.12/site-packages/airflow/example_dags/example_display_name.py
[2025-06-23T13:41:51.740+0000] {processor.py:914} INFO - Processing file /home/airflow/.local/lib/python3.12/site-packages/airflow/example_dags/example_display_name.py for tasks to queue
[2025-06-23T13:41:51.743+0000] {logging_mixin.py:190} INFO - [2025-06-23T13:41:51.743+0000] {dagbag.py:588} INFO - Filling up the DagBag from /home/airflow/.local/lib/python3.12/site-packages/airflow/example_dags/example_display_name.py
[2025-06-23T13:41:51.754+0000] {processor.py:925} INFO - DAG(s) 'example_display_name' retrieved from /home/airflow/.local/lib/python3.12/site-packages/airflow/example_dags/example_display_name.py
[2025-06-23T13:41:51.779+0000] {logging_mixin.py:190} INFO - [2025-06-23T13:41:51.778+0000] {dag.py:3239} INFO - Sync 1 DAGs
[2025-06-23T13:41:51.797+0000] {logging_mixin.py:190} INFO - [2025-06-23T13:41:51.796+0000] {dag.py:4180} INFO - Setting next_dagrun for example_display_name to None, run_after=None
[2025-06-23T13:41:51.824+0000] {processor.py:208} INFO - Processing /home/airflow/.local/lib/python3.12/site-packages/airflow/example_dags/example_display_name.py took 0.094 seconds
[2025-06-23T13:42:21.959+0000] {processor.py:186} INFO - Started process (PID=268) to work on /home/airflow/.local/lib/python3.12/site-packages/airflow/example_dags/example_display_name.py
[2025-06-23T13:42:21.961+0000] {processor.py:914} INFO - Processing file /home/airflow/.local/lib/python3.12/site-packages/airflow/example_dags/example_display_name.py for tasks to queue
[2025-06-23T13:42:21.967+0000] {logging_mixin.py:190} INFO - [2025-06-23T13:42:21.966+0000] {dagbag.py:588} INFO - Filling up the DagBag from /home/airflow/.local/lib/python3.12/site-packages/airflow/example_dags/example_display_name.py
[2025-06-23T13:42:21.986+0000] {processor.py:925} INFO - DAG(s) 'example_display_name' retrieved from /home/airflow/.local/lib/python3.12/site-packages/airflow/example_dags/example_display_name.py
[2025-06-23T13:42:22.027+0000] {logging_mixin.py:190} INFO - [2025-06-23T13:42:22.026+0000] {dag.py:3239} INFO - Sync 1 DAGs
[2025-06-23T13:42:22.049+0000] {logging_mixin.py:190} INFO - [2025-06-23T13:42:22.048+0000] {dag.py:4180} INFO - Setting next_dagrun for example_display_name to None, run_after=None
[2025-06-23T13:42:22.076+0000] {processor.py:208} INFO - Processing /home/airflow/.local/lib/python3.12/site-packages/airflow/example_dags/example_display_name.py took 0.128 seconds
[2025-06-23T13:43:16.161+0000] {processor.py:186} INFO - Started process (PID=328) to work on /home/airflow/.local/lib/python3.12/site-packages/airflow/example_dags/example_display_name.py
[2025-06-23T13:43:16.175+0000] {processor.py:914} INFO - Processing file /home/airflow/.local/lib/python3.12/site-packages/airflow/example_dags/example_display_name.py for tasks to queue
[2025-06-23T13:43:16.192+0000] {logging_mixin.py:190} INFO - [2025-06-23T13:43:16.191+0000] {dagbag.py:588} INFO - Filling up the DagBag from /home/airflow/.local/lib/python3.12/site-packages/airflow/example_dags/example_display_name.py
[2025-06-23T13:43:16.262+0000] {processor.py:925} INFO - DAG(s) 'example_display_name' retrieved from /home/airflow/.local/lib/python3.12/site-packages/airflow/example_dags/example_display_name.py
[2025-06-23T13:43:16.434+0000] {logging_mixin.py:190} INFO - [2025-06-23T13:43:16.432+0000] {dag.py:3239} INFO - Sync 1 DAGs
[2025-06-23T13:43:16.579+0000] {logging_mixin.py:190} INFO - [2025-06-23T13:43:16.578+0000] {dag.py:4180} INFO - Setting next_dagrun for example_display_name to None, run_after=None
[2025-06-23T13:43:16.791+0000] {processor.py:208} INFO - Processing /home/airflow/.local/lib/python3.12/site-packages/airflow/example_dags/example_display_name.py took 0.689 seconds
[2025-06-23T13:43:47.692+0000] {processor.py:186} INFO - Started process (PID=391) to work on /home/airflow/.local/lib/python3.12/site-packages/airflow/example_dags/example_display_name.py
[2025-06-23T13:43:47.694+0000] {processor.py:914} INFO - Processing file /home/airflow/.local/lib/python3.12/site-packages/airflow/example_dags/example_display_name.py for tasks to queue
[2025-06-23T13:43:47.700+0000] {logging_mixin.py:190} INFO - [2025-06-23T13:43:47.699+0000] {dagbag.py:588} INFO - Filling up the DagBag from /home/airflow/.local/lib/python3.12/site-packages/airflow/example_dags/example_display_name.py
[2025-06-23T13:43:47.719+0000] {processor.py:925} INFO - DAG(s) 'example_display_name' retrieved from /home/airflow/.local/lib/python3.12/site-packages/airflow/example_dags/example_display_name.py
[2025-06-23T13:43:47.768+0000] {logging_mixin.py:190} INFO - [2025-06-23T13:43:47.768+0000] {dag.py:3239} INFO - Sync 1 DAGs
[2025-06-23T13:43:47.828+0000] {logging_mixin.py:190} INFO - [2025-06-23T13:43:47.828+0000] {dag.py:4180} INFO - Setting next_dagrun for example_display_name to None, run_after=None
[2025-06-23T13:43:47.886+0000] {processor.py:208} INFO - Processing /home/airflow/.local/lib/python3.12/site-packages/airflow/example_dags/example_display_name.py took 0.211 seconds
[2025-06-23T13:44:18.296+0000] {processor.py:186} INFO - Started process (PID=453) to work on /home/airflow/.local/lib/python3.12/site-packages/airflow/example_dags/example_display_name.py
[2025-06-23T13:44:18.297+0000] {processor.py:914} INFO - Processing file /home/airflow/.local/lib/python3.12/site-packages/airflow/example_dags/example_display_name.py for tasks to queue
[2025-06-23T13:44:18.301+0000] {logging_mixin.py:190} INFO - [2025-06-23T13:44:18.300+0000] {dagbag.py:588} INFO - Filling up the DagBag from /home/airflow/.local/lib/python3.12/site-packages/airflow/example_dags/example_display_name.py
[2025-06-23T13:44:18.314+0000] {processor.py:925} INFO - DAG(s) 'example_display_name' retrieved from /home/airflow/.local/lib/python3.12/site-packages/airflow/example_dags/example_display_name.py
[2025-06-23T13:44:18.344+0000] {logging_mixin.py:190} INFO - [2025-06-23T13:44:18.343+0000] {dag.py:3239} INFO - Sync 1 DAGs
[2025-06-23T13:44:18.365+0000] {logging_mixin.py:190} INFO - [2025-06-23T13:44:18.365+0000] {dag.py:4180} INFO - Setting next_dagrun for example_display_name to None, run_after=None
[2025-06-23T13:44:18.397+0000] {processor.py:208} INFO - Processing /home/airflow/.local/lib/python3.12/site-packages/airflow/example_dags/example_display_name.py took 0.108 seconds
[2025-06-23T13:44:49.424+0000] {processor.py:186} INFO - Started process (PID=516) to work on /home/airflow/.local/lib/python3.12/site-packages/airflow/example_dags/example_display_name.py
[2025-06-23T13:44:49.426+0000] {processor.py:914} INFO - Processing file /home/airflow/.local/lib/python3.12/site-packages/airflow/example_dags/example_display_name.py for tasks to queue
[2025-06-23T13:44:49.429+0000] {logging_mixin.py:190} INFO - [2025-06-23T13:44:49.429+0000] {dagbag.py:588} INFO - Filling up the DagBag from /home/airflow/.local/lib/python3.12/site-packages/airflow/example_dags/example_display_name.py
[2025-06-23T13:44:49.441+0000] {processor.py:925} INFO - DAG(s) 'example_display_name' retrieved from /home/airflow/.local/lib/python3.12/site-packages/airflow/example_dags/example_display_name.py
[2025-06-23T13:44:49.468+0000] {logging_mixin.py:190} INFO - [2025-06-23T13:44:49.468+0000] {dag.py:3239} INFO - Sync 1 DAGs
[2025-06-23T13:44:49.487+0000] {logging_mixin.py:190} INFO - [2025-06-23T13:44:49.487+0000] {dag.py:4180} INFO - Setting next_dagrun for example_display_name to None, run_after=None
[2025-06-23T13:44:49.517+0000] {processor.py:208} INFO - Processing /home/airflow/.local/lib/python3.12/site-packages/airflow/example_dags/example_display_name.py took 0.100 seconds
