[2025-06-23T13:40:59.411+0000] {processor.py:186} INFO - Started process (PID=97) to work on /home/airflow/.local/lib/python3.12/site-packages/airflow/example_dags/example_subdag_operator.py
[2025-06-23T13:40:59.413+0000] {processor.py:914} INFO - Processing file /home/airflow/.local/lib/python3.12/site-packages/airflow/example_dags/example_subdag_operator.py for tasks to queue
[2025-06-23T13:40:59.417+0000] {logging_mixin.py:190} INFO - [2025-06-23T13:40:59.416+0000] {dagbag.py:588} INFO - Filling up the DagBag from /home/airflow/.local/lib/python3.12/site-packages/airflow/example_dags/example_subdag_operator.py
[2025-06-23T13:40:59.460+0000] {processor.py:925} INFO - DAG(s) 'example_subdag_operator.section-1', 'example_subdag_operator.section-2', 'example_subdag_operator' retrieved from /home/airflow/.local/lib/python3.12/site-packages/airflow/example_dags/example_subdag_operator.py
[2025-06-23T13:40:59.635+0000] {logging_mixin.py:190} INFO - [2025-06-23T13:40:59.634+0000] {override.py:1911} INFO - Created Permission View: can read on DAG:example_subdag_operator
[2025-06-23T13:40:59.653+0000] {logging_mixin.py:190} INFO - [2025-06-23T13:40:59.653+0000] {override.py:1911} INFO - Created Permission View: can delete on DAG:example_subdag_operator
[2025-06-23T13:40:59.667+0000] {logging_mixin.py:190} INFO - [2025-06-23T13:40:59.666+0000] {override.py:1911} INFO - Created Permission View: can edit on DAG:example_subdag_operator
[2025-06-23T13:40:59.682+0000] {logging_mixin.py:190} INFO - [2025-06-23T13:40:59.681+0000] {override.py:1911} INFO - Created Permission View: can read on DAG Run:example_subdag_operator
[2025-06-23T13:40:59.693+0000] {logging_mixin.py:190} INFO - [2025-06-23T13:40:59.693+0000] {override.py:1911} INFO - Created Permission View: can create on DAG Run:example_subdag_operator
[2025-06-23T13:40:59.705+0000] {logging_mixin.py:190} INFO - [2025-06-23T13:40:59.705+0000] {override.py:1911} INFO - Created Permission View: can delete on DAG Run:example_subdag_operator
[2025-06-23T13:40:59.719+0000] {logging_mixin.py:190} INFO - [2025-06-23T13:40:59.718+0000] {override.py:1911} INFO - Created Permission View: menu access on DAG Run:example_subdag_operator
[2025-06-23T13:40:59.720+0000] {logging_mixin.py:190} INFO - [2025-06-23T13:40:59.720+0000] {dag.py:3239} INFO - Sync 3 DAGs
[2025-06-23T13:40:59.738+0000] {logging_mixin.py:190} INFO - [2025-06-23T13:40:59.738+0000] {dag.py:3262} INFO - Creating ORM DAG for example_subdag_operator.section-2
[2025-06-23T13:40:59.740+0000] {logging_mixin.py:190} INFO - [2025-06-23T13:40:59.740+0000] {dag.py:3262} INFO - Creating ORM DAG for example_subdag_operator.section-1
[2025-06-23T13:40:59.742+0000] {logging_mixin.py:190} INFO - [2025-06-23T13:40:59.742+0000] {dag.py:3262} INFO - Creating ORM DAG for example_subdag_operator
[2025-06-23T13:40:59.755+0000] {logging_mixin.py:190} INFO - [2025-06-23T13:40:59.755+0000] {dag.py:4180} INFO - Setting next_dagrun for example_subdag_operator to 2022-01-01 00:00:00+00:00, run_after=2022-01-01 00:00:00+00:00
[2025-06-23T13:40:59.756+0000] {logging_mixin.py:190} INFO - [2025-06-23T13:40:59.756+0000] {dag.py:4180} INFO - Setting next_dagrun for example_subdag_operator.section-1 to None, run_after=None
[2025-06-23T13:40:59.758+0000] {logging_mixin.py:190} INFO - [2025-06-23T13:40:59.758+0000] {dag.py:4180} INFO - Setting next_dagrun for example_subdag_operator.section-2 to None, run_after=None
[2025-06-23T13:40:59.775+0000] {logging_mixin.py:190} INFO - [2025-06-23T13:40:59.774+0000] {dag.py:3239} INFO - Sync 2 DAGs
[2025-06-23T13:40:59.791+0000] {logging_mixin.py:190} INFO - [2025-06-23T13:40:59.790+0000] {dag.py:4180} INFO - Setting next_dagrun for example_subdag_operator.section-1 to None, run_after=None
[2025-06-23T13:40:59.799+0000] {logging_mixin.py:190} INFO - [2025-06-23T13:40:59.798+0000] {dag.py:4180} INFO - Setting next_dagrun for example_subdag_operator.section-2 to None, run_after=None
[2025-06-23T13:40:59.839+0000] {processor.py:208} INFO - Processing /home/airflow/.local/lib/python3.12/site-packages/airflow/example_dags/example_subdag_operator.py took 0.437 seconds
[2025-06-23T13:41:30.013+0000] {processor.py:186} INFO - Started process (PID=159) to work on /home/airflow/.local/lib/python3.12/site-packages/airflow/example_dags/example_subdag_operator.py
[2025-06-23T13:41:30.015+0000] {processor.py:914} INFO - Processing file /home/airflow/.local/lib/python3.12/site-packages/airflow/example_dags/example_subdag_operator.py for tasks to queue
[2025-06-23T13:41:30.020+0000] {logging_mixin.py:190} INFO - [2025-06-23T13:41:30.019+0000] {dagbag.py:588} INFO - Filling up the DagBag from /home/airflow/.local/lib/python3.12/site-packages/airflow/example_dags/example_subdag_operator.py
[2025-06-23T13:41:30.054+0000] {processor.py:925} INFO - DAG(s) 'example_subdag_operator.section-1', 'example_subdag_operator.section-2', 'example_subdag_operator' retrieved from /home/airflow/.local/lib/python3.12/site-packages/airflow/example_dags/example_subdag_operator.py
[2025-06-23T13:41:30.074+0000] {logging_mixin.py:190} INFO - [2025-06-23T13:41:30.074+0000] {dag.py:3239} INFO - Sync 3 DAGs
[2025-06-23T13:41:30.106+0000] {logging_mixin.py:190} INFO - [2025-06-23T13:41:30.105+0000] {dag.py:4180} INFO - Setting next_dagrun for example_subdag_operator to 2022-01-01 00:00:00+00:00, run_after=2022-01-01 00:00:00+00:00
[2025-06-23T13:41:30.111+0000] {logging_mixin.py:190} INFO - [2025-06-23T13:41:30.111+0000] {dag.py:4180} INFO - Setting next_dagrun for example_subdag_operator.section-1 to None, run_after=None
[2025-06-23T13:41:30.114+0000] {logging_mixin.py:190} INFO - [2025-06-23T13:41:30.114+0000] {dag.py:4180} INFO - Setting next_dagrun for example_subdag_operator.section-2 to None, run_after=None
[2025-06-23T13:41:30.126+0000] {logging_mixin.py:190} INFO - [2025-06-23T13:41:30.125+0000] {dag.py:3239} INFO - Sync 2 DAGs
[2025-06-23T13:41:30.136+0000] {logging_mixin.py:190} INFO - [2025-06-23T13:41:30.136+0000] {dag.py:4180} INFO - Setting next_dagrun for example_subdag_operator.section-1 to None, run_after=None
[2025-06-23T13:41:30.137+0000] {logging_mixin.py:190} INFO - [2025-06-23T13:41:30.137+0000] {dag.py:4180} INFO - Setting next_dagrun for example_subdag_operator.section-2 to None, run_after=None
[2025-06-23T13:41:30.157+0000] {processor.py:208} INFO - Processing /home/airflow/.local/lib/python3.12/site-packages/airflow/example_dags/example_subdag_operator.py took 0.153 seconds
[2025-06-23T13:42:00.744+0000] {processor.py:186} INFO - Started process (PID=223) to work on /home/airflow/.local/lib/python3.12/site-packages/airflow/example_dags/example_subdag_operator.py
[2025-06-23T13:42:00.747+0000] {processor.py:914} INFO - Processing file /home/airflow/.local/lib/python3.12/site-packages/airflow/example_dags/example_subdag_operator.py for tasks to queue
[2025-06-23T13:42:00.754+0000] {logging_mixin.py:190} INFO - [2025-06-23T13:42:00.753+0000] {dagbag.py:588} INFO - Filling up the DagBag from /home/airflow/.local/lib/python3.12/site-packages/airflow/example_dags/example_subdag_operator.py
[2025-06-23T13:42:00.815+0000] {processor.py:925} INFO - DAG(s) 'example_subdag_operator.section-1', 'example_subdag_operator.section-2', 'example_subdag_operator' retrieved from /home/airflow/.local/lib/python3.12/site-packages/airflow/example_dags/example_subdag_operator.py
[2025-06-23T13:42:00.848+0000] {logging_mixin.py:190} INFO - [2025-06-23T13:42:00.847+0000] {dag.py:3239} INFO - Sync 3 DAGs
[2025-06-23T13:42:00.902+0000] {logging_mixin.py:190} INFO - [2025-06-23T13:42:00.900+0000] {dag.py:4180} INFO - Setting next_dagrun for example_subdag_operator to 2022-01-01 00:00:00+00:00, run_after=2022-01-01 00:00:00+00:00
[2025-06-23T13:42:00.909+0000] {logging_mixin.py:190} INFO - [2025-06-23T13:42:00.909+0000] {dag.py:4180} INFO - Setting next_dagrun for example_subdag_operator.section-1 to None, run_after=None
[2025-06-23T13:42:00.913+0000] {logging_mixin.py:190} INFO - [2025-06-23T13:42:00.913+0000] {dag.py:4180} INFO - Setting next_dagrun for example_subdag_operator.section-2 to None, run_after=None
[2025-06-23T13:42:00.926+0000] {logging_mixin.py:190} INFO - [2025-06-23T13:42:00.926+0000] {dag.py:3239} INFO - Sync 2 DAGs
[2025-06-23T13:42:00.936+0000] {logging_mixin.py:190} INFO - [2025-06-23T13:42:00.936+0000] {dag.py:4180} INFO - Setting next_dagrun for example_subdag_operator.section-1 to None, run_after=None
[2025-06-23T13:42:00.937+0000] {logging_mixin.py:190} INFO - [2025-06-23T13:42:00.937+0000] {dag.py:4180} INFO - Setting next_dagrun for example_subdag_operator.section-2 to None, run_after=None
[2025-06-23T13:42:00.958+0000] {processor.py:208} INFO - Processing /home/airflow/.local/lib/python3.12/site-packages/airflow/example_dags/example_subdag_operator.py took 0.226 seconds
[2025-06-23T13:42:37.322+0000] {processor.py:186} INFO - Started process (PID=286) to work on /home/airflow/.local/lib/python3.12/site-packages/airflow/example_dags/example_subdag_operator.py
[2025-06-23T13:42:37.325+0000] {processor.py:914} INFO - Processing file /home/airflow/.local/lib/python3.12/site-packages/airflow/example_dags/example_subdag_operator.py for tasks to queue
[2025-06-23T13:42:37.334+0000] {logging_mixin.py:190} INFO - [2025-06-23T13:42:37.333+0000] {dagbag.py:588} INFO - Filling up the DagBag from /home/airflow/.local/lib/python3.12/site-packages/airflow/example_dags/example_subdag_operator.py
[2025-06-23T13:42:37.442+0000] {processor.py:925} INFO - DAG(s) 'example_subdag_operator.section-1', 'example_subdag_operator.section-2', 'example_subdag_operator' retrieved from /home/airflow/.local/lib/python3.12/site-packages/airflow/example_dags/example_subdag_operator.py
[2025-06-23T13:42:37.482+0000] {logging_mixin.py:190} INFO - [2025-06-23T13:42:37.482+0000] {dag.py:3239} INFO - Sync 3 DAGs
[2025-06-23T13:42:37.556+0000] {logging_mixin.py:190} INFO - [2025-06-23T13:42:37.555+0000] {dag.py:4180} INFO - Setting next_dagrun for example_subdag_operator to 2022-01-01 00:00:00+00:00, run_after=2022-01-01 00:00:00+00:00
[2025-06-23T13:42:37.574+0000] {logging_mixin.py:190} INFO - [2025-06-23T13:42:37.573+0000] {dag.py:4180} INFO - Setting next_dagrun for example_subdag_operator.section-1 to None, run_after=None
[2025-06-23T13:42:37.578+0000] {logging_mixin.py:190} INFO - [2025-06-23T13:42:37.577+0000] {dag.py:4180} INFO - Setting next_dagrun for example_subdag_operator.section-2 to None, run_after=None
[2025-06-23T13:42:37.606+0000] {logging_mixin.py:190} INFO - [2025-06-23T13:42:37.605+0000] {dag.py:3239} INFO - Sync 2 DAGs
[2025-06-23T13:42:37.629+0000] {logging_mixin.py:190} INFO - [2025-06-23T13:42:37.628+0000] {dag.py:4180} INFO - Setting next_dagrun for example_subdag_operator.section-1 to None, run_after=None
[2025-06-23T13:42:37.634+0000] {logging_mixin.py:190} INFO - [2025-06-23T13:42:37.632+0000] {dag.py:4180} INFO - Setting next_dagrun for example_subdag_operator.section-2 to None, run_after=None
[2025-06-23T13:42:37.676+0000] {processor.py:208} INFO - Processing /home/airflow/.local/lib/python3.12/site-packages/airflow/example_dags/example_subdag_operator.py took 0.369 seconds
[2025-06-23T13:43:24.626+0000] {processor.py:186} INFO - Started process (PID=352) to work on /home/airflow/.local/lib/python3.12/site-packages/airflow/example_dags/example_subdag_operator.py
[2025-06-23T13:43:24.629+0000] {processor.py:914} INFO - Processing file /home/airflow/.local/lib/python3.12/site-packages/airflow/example_dags/example_subdag_operator.py for tasks to queue
[2025-06-23T13:43:24.639+0000] {logging_mixin.py:190} INFO - [2025-06-23T13:43:24.638+0000] {dagbag.py:588} INFO - Filling up the DagBag from /home/airflow/.local/lib/python3.12/site-packages/airflow/example_dags/example_subdag_operator.py
[2025-06-23T13:43:24.737+0000] {processor.py:925} INFO - DAG(s) 'example_subdag_operator.section-1', 'example_subdag_operator.section-2', 'example_subdag_operator' retrieved from /home/airflow/.local/lib/python3.12/site-packages/airflow/example_dags/example_subdag_operator.py
[2025-06-23T13:43:24.782+0000] {logging_mixin.py:190} INFO - [2025-06-23T13:43:24.781+0000] {dag.py:3239} INFO - Sync 3 DAGs
[2025-06-23T13:43:24.882+0000] {logging_mixin.py:190} INFO - [2025-06-23T13:43:24.881+0000] {dag.py:4180} INFO - Setting next_dagrun for example_subdag_operator to 2022-01-01 00:00:00+00:00, run_after=2022-01-01 00:00:00+00:00
[2025-06-23T13:43:24.901+0000] {logging_mixin.py:190} INFO - [2025-06-23T13:43:24.900+0000] {dag.py:4180} INFO - Setting next_dagrun for example_subdag_operator.section-1 to None, run_after=None
[2025-06-23T13:43:24.912+0000] {logging_mixin.py:190} INFO - [2025-06-23T13:43:24.911+0000] {dag.py:4180} INFO - Setting next_dagrun for example_subdag_operator.section-2 to None, run_after=None
[2025-06-23T13:43:24.944+0000] {logging_mixin.py:190} INFO - [2025-06-23T13:43:24.943+0000] {dag.py:3239} INFO - Sync 2 DAGs
[2025-06-23T13:43:24.969+0000] {logging_mixin.py:190} INFO - [2025-06-23T13:43:24.968+0000] {dag.py:4180} INFO - Setting next_dagrun for example_subdag_operator.section-1 to None, run_after=None
[2025-06-23T13:43:24.972+0000] {logging_mixin.py:190} INFO - [2025-06-23T13:43:24.971+0000] {dag.py:4180} INFO - Setting next_dagrun for example_subdag_operator.section-2 to None, run_after=None
[2025-06-23T13:43:25.011+0000] {processor.py:208} INFO - Processing /home/airflow/.local/lib/python3.12/site-packages/airflow/example_dags/example_subdag_operator.py took 0.407 seconds
[2025-06-23T13:43:55.434+0000] {processor.py:186} INFO - Started process (PID=415) to work on /home/airflow/.local/lib/python3.12/site-packages/airflow/example_dags/example_subdag_operator.py
[2025-06-23T13:43:55.436+0000] {processor.py:914} INFO - Processing file /home/airflow/.local/lib/python3.12/site-packages/airflow/example_dags/example_subdag_operator.py for tasks to queue
[2025-06-23T13:43:55.442+0000] {logging_mixin.py:190} INFO - [2025-06-23T13:43:55.442+0000] {dagbag.py:588} INFO - Filling up the DagBag from /home/airflow/.local/lib/python3.12/site-packages/airflow/example_dags/example_subdag_operator.py
[2025-06-23T13:43:55.493+0000] {processor.py:925} INFO - DAG(s) 'example_subdag_operator.section-1', 'example_subdag_operator.section-2', 'example_subdag_operator' retrieved from /home/airflow/.local/lib/python3.12/site-packages/airflow/example_dags/example_subdag_operator.py
[2025-06-23T13:43:55.526+0000] {logging_mixin.py:190} INFO - [2025-06-23T13:43:55.525+0000] {dag.py:3239} INFO - Sync 3 DAGs
[2025-06-23T13:43:55.583+0000] {logging_mixin.py:190} INFO - [2025-06-23T13:43:55.582+0000] {dag.py:4180} INFO - Setting next_dagrun for example_subdag_operator to 2022-01-01 00:00:00+00:00, run_after=2022-01-01 00:00:00+00:00
[2025-06-23T13:43:55.593+0000] {logging_mixin.py:190} INFO - [2025-06-23T13:43:55.592+0000] {dag.py:4180} INFO - Setting next_dagrun for example_subdag_operator.section-1 to None, run_after=None
[2025-06-23T13:43:55.598+0000] {logging_mixin.py:190} INFO - [2025-06-23T13:43:55.597+0000] {dag.py:4180} INFO - Setting next_dagrun for example_subdag_operator.section-2 to None, run_after=None
[2025-06-23T13:43:55.615+0000] {logging_mixin.py:190} INFO - [2025-06-23T13:43:55.614+0000] {dag.py:3239} INFO - Sync 2 DAGs
[2025-06-23T13:43:55.627+0000] {logging_mixin.py:190} INFO - [2025-06-23T13:43:55.627+0000] {dag.py:4180} INFO - Setting next_dagrun for example_subdag_operator.section-1 to None, run_after=None
[2025-06-23T13:43:55.628+0000] {logging_mixin.py:190} INFO - [2025-06-23T13:43:55.628+0000] {dag.py:4180} INFO - Setting next_dagrun for example_subdag_operator.section-2 to None, run_after=None
[2025-06-23T13:43:55.651+0000] {processor.py:208} INFO - Processing /home/airflow/.local/lib/python3.12/site-packages/airflow/example_dags/example_subdag_operator.py took 0.226 seconds
[2025-06-23T13:44:26.674+0000] {processor.py:186} INFO - Started process (PID=478) to work on /home/airflow/.local/lib/python3.12/site-packages/airflow/example_dags/example_subdag_operator.py
[2025-06-23T13:44:26.676+0000] {processor.py:914} INFO - Processing file /home/airflow/.local/lib/python3.12/site-packages/airflow/example_dags/example_subdag_operator.py for tasks to queue
[2025-06-23T13:44:26.684+0000] {logging_mixin.py:190} INFO - [2025-06-23T13:44:26.683+0000] {dagbag.py:588} INFO - Filling up the DagBag from /home/airflow/.local/lib/python3.12/site-packages/airflow/example_dags/example_subdag_operator.py
[2025-06-23T13:44:26.752+0000] {processor.py:925} INFO - DAG(s) 'example_subdag_operator.section-1', 'example_subdag_operator.section-2', 'example_subdag_operator' retrieved from /home/airflow/.local/lib/python3.12/site-packages/airflow/example_dags/example_subdag_operator.py
[2025-06-23T13:44:26.785+0000] {logging_mixin.py:190} INFO - [2025-06-23T13:44:26.784+0000] {dag.py:3239} INFO - Sync 3 DAGs
[2025-06-23T13:44:26.855+0000] {logging_mixin.py:190} INFO - [2025-06-23T13:44:26.855+0000] {dag.py:4180} INFO - Setting next_dagrun for example_subdag_operator to 2022-01-01 00:00:00+00:00, run_after=2022-01-01 00:00:00+00:00
[2025-06-23T13:44:26.868+0000] {logging_mixin.py:190} INFO - [2025-06-23T13:44:26.867+0000] {dag.py:4180} INFO - Setting next_dagrun for example_subdag_operator.section-1 to None, run_after=None
[2025-06-23T13:44:26.877+0000] {logging_mixin.py:190} INFO - [2025-06-23T13:44:26.877+0000] {dag.py:4180} INFO - Setting next_dagrun for example_subdag_operator.section-2 to None, run_after=None
[2025-06-23T13:44:26.906+0000] {logging_mixin.py:190} INFO - [2025-06-23T13:44:26.904+0000] {dag.py:3239} INFO - Sync 2 DAGs
[2025-06-23T13:44:26.955+0000] {logging_mixin.py:190} INFO - [2025-06-23T13:44:26.954+0000] {dag.py:4180} INFO - Setting next_dagrun for example_subdag_operator.section-1 to None, run_after=None
[2025-06-23T13:44:26.958+0000] {logging_mixin.py:190} INFO - [2025-06-23T13:44:26.958+0000] {dag.py:4180} INFO - Setting next_dagrun for example_subdag_operator.section-2 to None, run_after=None
[2025-06-23T13:44:27.004+0000] {processor.py:208} INFO - Processing /home/airflow/.local/lib/python3.12/site-packages/airflow/example_dags/example_subdag_operator.py took 0.345 seconds
