[2025-06-23T13:40:57.242+0000] {processor.py:186} INFO - Started process (PID=89) to work on /home/airflow/.local/lib/python3.12/site-packages/airflow/example_dags/example_python_operator.py
[2025-06-23T13:40:57.244+0000] {processor.py:914} INFO - Processing file /home/airflow/.local/lib/python3.12/site-packages/airflow/example_dags/example_python_operator.py for tasks to queue
[2025-06-23T13:40:57.250+0000] {logging_mixin.py:190} INFO - [2025-06-23T13:40:57.249+0000] {dagbag.py:588} INFO - Filling up the DagBag from /home/airflow/.local/lib/python3.12/site-packages/airflow/example_dags/example_python_operator.py
[2025-06-23T13:40:57.294+0000] {processor.py:925} INFO - DAG(s) 'example_python_operator' retrieved from /home/airflow/.local/lib/python3.12/site-packages/airflow/example_dags/example_python_operator.py
[2025-06-23T13:40:57.614+0000] {logging_mixin.py:190} INFO - [2025-06-23T13:40:57.612+0000] {override.py:1911} INFO - Created Permission View: can read on DAG:example_python_operator
[2025-06-23T13:40:57.649+0000] {logging_mixin.py:190} INFO - [2025-06-23T13:40:57.648+0000] {override.py:1911} INFO - Created Permission View: can delete on DAG:example_python_operator
[2025-06-23T13:40:57.670+0000] {logging_mixin.py:190} INFO - [2025-06-23T13:40:57.670+0000] {override.py:1911} INFO - Created Permission View: can edit on DAG:example_python_operator
[2025-06-23T13:40:57.690+0000] {logging_mixin.py:190} INFO - [2025-06-23T13:40:57.689+0000] {override.py:1911} INFO - Created Permission View: can read on DAG Run:example_python_operator
[2025-06-23T13:40:57.709+0000] {logging_mixin.py:190} INFO - [2025-06-23T13:40:57.708+0000] {override.py:1911} INFO - Created Permission View: can create on DAG Run:example_python_operator
[2025-06-23T13:40:57.724+0000] {logging_mixin.py:190} INFO - [2025-06-23T13:40:57.723+0000] {override.py:1911} INFO - Created Permission View: can delete on DAG Run:example_python_operator
[2025-06-23T13:40:57.743+0000] {logging_mixin.py:190} INFO - [2025-06-23T13:40:57.742+0000] {override.py:1911} INFO - Created Permission View: menu access on DAG Run:example_python_operator
[2025-06-23T13:40:57.744+0000] {logging_mixin.py:190} INFO - [2025-06-23T13:40:57.744+0000] {dag.py:3239} INFO - Sync 1 DAGs
[2025-06-23T13:40:57.778+0000] {logging_mixin.py:190} INFO - [2025-06-23T13:40:57.777+0000] {dag.py:3262} INFO - Creating ORM DAG for example_python_operator
[2025-06-23T13:40:57.780+0000] {logging_mixin.py:190} INFO - [2025-06-23T13:40:57.779+0000] {dag.py:4180} INFO - Setting next_dagrun for example_python_operator to None, run_after=None
[2025-06-23T13:40:57.824+0000] {processor.py:208} INFO - Processing /home/airflow/.local/lib/python3.12/site-packages/airflow/example_dags/example_python_operator.py took 0.596 seconds
[2025-06-23T13:41:27.923+0000] {processor.py:186} INFO - Started process (PID=152) to work on /home/airflow/.local/lib/python3.12/site-packages/airflow/example_dags/example_python_operator.py
[2025-06-23T13:41:27.930+0000] {processor.py:914} INFO - Processing file /home/airflow/.local/lib/python3.12/site-packages/airflow/example_dags/example_python_operator.py for tasks to queue
[2025-06-23T13:41:27.939+0000] {logging_mixin.py:190} INFO - [2025-06-23T13:41:27.937+0000] {dagbag.py:588} INFO - Filling up the DagBag from /home/airflow/.local/lib/python3.12/site-packages/airflow/example_dags/example_python_operator.py
[2025-06-23T13:41:27.998+0000] {processor.py:925} INFO - DAG(s) 'example_python_operator' retrieved from /home/airflow/.local/lib/python3.12/site-packages/airflow/example_dags/example_python_operator.py
[2025-06-23T13:41:28.039+0000] {logging_mixin.py:190} INFO - [2025-06-23T13:41:28.039+0000] {dag.py:3239} INFO - Sync 1 DAGs
[2025-06-23T13:41:28.060+0000] {logging_mixin.py:190} INFO - [2025-06-23T13:41:28.060+0000] {dag.py:4180} INFO - Setting next_dagrun for example_python_operator to None, run_after=None
[2025-06-23T13:41:28.096+0000] {processor.py:208} INFO - Processing /home/airflow/.local/lib/python3.12/site-packages/airflow/example_dags/example_python_operator.py took 0.184 seconds
[2025-06-23T13:41:58.286+0000] {processor.py:186} INFO - Started process (PID=215) to work on /home/airflow/.local/lib/python3.12/site-packages/airflow/example_dags/example_python_operator.py
[2025-06-23T13:41:58.289+0000] {processor.py:914} INFO - Processing file /home/airflow/.local/lib/python3.12/site-packages/airflow/example_dags/example_python_operator.py for tasks to queue
[2025-06-23T13:41:58.298+0000] {logging_mixin.py:190} INFO - [2025-06-23T13:41:58.297+0000] {dagbag.py:588} INFO - Filling up the DagBag from /home/airflow/.local/lib/python3.12/site-packages/airflow/example_dags/example_python_operator.py
[2025-06-23T13:41:58.328+0000] {processor.py:925} INFO - DAG(s) 'example_python_operator' retrieved from /home/airflow/.local/lib/python3.12/site-packages/airflow/example_dags/example_python_operator.py
[2025-06-23T13:41:58.361+0000] {logging_mixin.py:190} INFO - [2025-06-23T13:41:58.361+0000] {dag.py:3239} INFO - Sync 1 DAGs
[2025-06-23T13:41:58.379+0000] {logging_mixin.py:190} INFO - [2025-06-23T13:41:58.378+0000] {dag.py:4180} INFO - Setting next_dagrun for example_python_operator to None, run_after=None
[2025-06-23T13:41:58.404+0000] {processor.py:208} INFO - Processing /home/airflow/.local/lib/python3.12/site-packages/airflow/example_dags/example_python_operator.py took 0.135 seconds
[2025-06-23T13:42:29.151+0000] {processor.py:186} INFO - Started process (PID=278) to work on /home/airflow/.local/lib/python3.12/site-packages/airflow/example_dags/example_python_operator.py
[2025-06-23T13:42:29.157+0000] {processor.py:914} INFO - Processing file /home/airflow/.local/lib/python3.12/site-packages/airflow/example_dags/example_python_operator.py for tasks to queue
[2025-06-23T13:42:29.167+0000] {logging_mixin.py:190} INFO - [2025-06-23T13:42:29.166+0000] {dagbag.py:588} INFO - Filling up the DagBag from /home/airflow/.local/lib/python3.12/site-packages/airflow/example_dags/example_python_operator.py
[2025-06-23T13:42:29.209+0000] {processor.py:925} INFO - DAG(s) 'example_python_operator' retrieved from /home/airflow/.local/lib/python3.12/site-packages/airflow/example_dags/example_python_operator.py
[2025-06-23T13:42:29.342+0000] {logging_mixin.py:190} INFO - [2025-06-23T13:42:29.341+0000] {dag.py:3239} INFO - Sync 1 DAGs
[2025-06-23T13:42:29.394+0000] {logging_mixin.py:190} INFO - [2025-06-23T13:42:29.393+0000] {dag.py:4180} INFO - Setting next_dagrun for example_python_operator to None, run_after=None
[2025-06-23T13:42:29.460+0000] {processor.py:208} INFO - Processing /home/airflow/.local/lib/python3.12/site-packages/airflow/example_dags/example_python_operator.py took 0.327 seconds
[2025-06-23T13:43:22.725+0000] {processor.py:186} INFO - Started process (PID=345) to work on /home/airflow/.local/lib/python3.12/site-packages/airflow/example_dags/example_python_operator.py
[2025-06-23T13:43:22.728+0000] {processor.py:914} INFO - Processing file /home/airflow/.local/lib/python3.12/site-packages/airflow/example_dags/example_python_operator.py for tasks to queue
[2025-06-23T13:43:22.737+0000] {logging_mixin.py:190} INFO - [2025-06-23T13:43:22.736+0000] {dagbag.py:588} INFO - Filling up the DagBag from /home/airflow/.local/lib/python3.12/site-packages/airflow/example_dags/example_python_operator.py
[2025-06-23T13:43:22.793+0000] {processor.py:925} INFO - DAG(s) 'example_python_operator' retrieved from /home/airflow/.local/lib/python3.12/site-packages/airflow/example_dags/example_python_operator.py
[2025-06-23T13:43:22.891+0000] {logging_mixin.py:190} INFO - [2025-06-23T13:43:22.890+0000] {dag.py:3239} INFO - Sync 1 DAGs
[2025-06-23T13:43:22.943+0000] {logging_mixin.py:190} INFO - [2025-06-23T13:43:22.942+0000] {dag.py:4180} INFO - Setting next_dagrun for example_python_operator to None, run_after=None
[2025-06-23T13:43:23.015+0000] {processor.py:208} INFO - Processing /home/airflow/.local/lib/python3.12/site-packages/airflow/example_dags/example_python_operator.py took 0.316 seconds
[2025-06-23T13:43:53.863+0000] {processor.py:186} INFO - Started process (PID=408) to work on /home/airflow/.local/lib/python3.12/site-packages/airflow/example_dags/example_python_operator.py
[2025-06-23T13:43:53.866+0000] {processor.py:914} INFO - Processing file /home/airflow/.local/lib/python3.12/site-packages/airflow/example_dags/example_python_operator.py for tasks to queue
[2025-06-23T13:43:53.873+0000] {logging_mixin.py:190} INFO - [2025-06-23T13:43:53.872+0000] {dagbag.py:588} INFO - Filling up the DagBag from /home/airflow/.local/lib/python3.12/site-packages/airflow/example_dags/example_python_operator.py
[2025-06-23T13:43:53.910+0000] {processor.py:925} INFO - DAG(s) 'example_python_operator' retrieved from /home/airflow/.local/lib/python3.12/site-packages/airflow/example_dags/example_python_operator.py
[2025-06-23T13:43:53.972+0000] {logging_mixin.py:190} INFO - [2025-06-23T13:43:53.971+0000] {dag.py:3239} INFO - Sync 1 DAGs
[2025-06-23T13:43:54.017+0000] {logging_mixin.py:190} INFO - [2025-06-23T13:43:54.016+0000] {dag.py:4180} INFO - Setting next_dagrun for example_python_operator to None, run_after=None
[2025-06-23T13:43:54.078+0000] {processor.py:208} INFO - Processing /home/airflow/.local/lib/python3.12/site-packages/airflow/example_dags/example_python_operator.py took 0.231 seconds
[2025-06-23T13:44:24.923+0000] {processor.py:186} INFO - Started process (PID=470) to work on /home/airflow/.local/lib/python3.12/site-packages/airflow/example_dags/example_python_operator.py
[2025-06-23T13:44:24.924+0000] {processor.py:914} INFO - Processing file /home/airflow/.local/lib/python3.12/site-packages/airflow/example_dags/example_python_operator.py for tasks to queue
[2025-06-23T13:44:24.928+0000] {logging_mixin.py:190} INFO - [2025-06-23T13:44:24.927+0000] {dagbag.py:588} INFO - Filling up the DagBag from /home/airflow/.local/lib/python3.12/site-packages/airflow/example_dags/example_python_operator.py
[2025-06-23T13:44:24.951+0000] {processor.py:925} INFO - DAG(s) 'example_python_operator' retrieved from /home/airflow/.local/lib/python3.12/site-packages/airflow/example_dags/example_python_operator.py
[2025-06-23T13:44:24.992+0000] {logging_mixin.py:190} INFO - [2025-06-23T13:44:24.991+0000] {dag.py:3239} INFO - Sync 1 DAGs
[2025-06-23T13:44:25.017+0000] {logging_mixin.py:190} INFO - [2025-06-23T13:44:25.017+0000] {dag.py:4180} INFO - Setting next_dagrun for example_python_operator to None, run_after=None
[2025-06-23T13:44:25.055+0000] {processor.py:208} INFO - Processing /home/airflow/.local/lib/python3.12/site-packages/airflow/example_dags/example_python_operator.py took 0.140 seconds
