[2025-06-23T13:41:03.562+0000] {processor.py:186} INFO - Started process (PID=110) to work on /home/airflow/.local/lib/python3.12/site-packages/airflow/example_dags/example_dataset_alias_with_no_taskflow.py
[2025-06-23T13:41:03.564+0000] {processor.py:914} INFO - Processing file /home/airflow/.local/lib/python3.12/site-packages/airflow/example_dags/example_dataset_alias_with_no_taskflow.py for tasks to queue
[2025-06-23T13:41:03.568+0000] {logging_mixin.py:190} INFO - [2025-06-23T13:41:03.567+0000] {dagbag.py:588} INFO - Filling up the DagBag from /home/airflow/.local/lib/python3.12/site-packages/airflow/example_dags/example_dataset_alias_with_no_taskflow.py
[2025-06-23T13:41:04.441+0000] {processor.py:925} INFO - DAG(s) 'dataset_alias_example_alias_producer_with_no_taskflow', 'dataset_s3_bucket_producer_with_no_taskflow', 'dataset_s3_bucket_consumer_with_no_taskflow', 'dataset_alias_example_alias_consumer_with_no_taskflow' retrieved from /home/airflow/.local/lib/python3.12/site-packages/airflow/example_dags/example_dataset_alias_with_no_taskflow.py
[2025-06-23T13:41:04.583+0000] {logging_mixin.py:190} INFO - [2025-06-23T13:41:04.582+0000] {override.py:1911} INFO - Created Permission View: can read on DAG:dataset_alias_example_alias_producer_with_no_taskflow
[2025-06-23T13:41:04.602+0000] {logging_mixin.py:190} INFO - [2025-06-23T13:41:04.602+0000] {override.py:1911} INFO - Created Permission View: can delete on DAG:dataset_alias_example_alias_producer_with_no_taskflow
[2025-06-23T13:41:04.615+0000] {logging_mixin.py:190} INFO - [2025-06-23T13:41:04.615+0000] {override.py:1911} INFO - Created Permission View: can edit on DAG:dataset_alias_example_alias_producer_with_no_taskflow
[2025-06-23T13:41:04.630+0000] {logging_mixin.py:190} INFO - [2025-06-23T13:41:04.629+0000] {override.py:1911} INFO - Created Permission View: can read on DAG Run:dataset_alias_example_alias_producer_with_no_taskflow
[2025-06-23T13:41:04.642+0000] {logging_mixin.py:190} INFO - [2025-06-23T13:41:04.642+0000] {override.py:1911} INFO - Created Permission View: can create on DAG Run:dataset_alias_example_alias_producer_with_no_taskflow
[2025-06-23T13:41:04.655+0000] {logging_mixin.py:190} INFO - [2025-06-23T13:41:04.654+0000] {override.py:1911} INFO - Created Permission View: can delete on DAG Run:dataset_alias_example_alias_producer_with_no_taskflow
[2025-06-23T13:41:04.667+0000] {logging_mixin.py:190} INFO - [2025-06-23T13:41:04.667+0000] {override.py:1911} INFO - Created Permission View: menu access on DAG Run:dataset_alias_example_alias_producer_with_no_taskflow
[2025-06-23T13:41:04.696+0000] {logging_mixin.py:190} INFO - [2025-06-23T13:41:04.695+0000] {override.py:1911} INFO - Created Permission View: can read on DAG:dataset_s3_bucket_producer_with_no_taskflow
[2025-06-23T13:41:04.714+0000] {logging_mixin.py:190} INFO - [2025-06-23T13:41:04.712+0000] {override.py:1911} INFO - Created Permission View: can delete on DAG:dataset_s3_bucket_producer_with_no_taskflow
[2025-06-23T13:41:04.732+0000] {logging_mixin.py:190} INFO - [2025-06-23T13:41:04.731+0000] {override.py:1911} INFO - Created Permission View: can edit on DAG:dataset_s3_bucket_producer_with_no_taskflow
[2025-06-23T13:41:04.748+0000] {logging_mixin.py:190} INFO - [2025-06-23T13:41:04.748+0000] {override.py:1911} INFO - Created Permission View: can read on DAG Run:dataset_s3_bucket_producer_with_no_taskflow
[2025-06-23T13:41:04.760+0000] {logging_mixin.py:190} INFO - [2025-06-23T13:41:04.760+0000] {override.py:1911} INFO - Created Permission View: can create on DAG Run:dataset_s3_bucket_producer_with_no_taskflow
[2025-06-23T13:41:04.773+0000] {logging_mixin.py:190} INFO - [2025-06-23T13:41:04.773+0000] {override.py:1911} INFO - Created Permission View: can delete on DAG Run:dataset_s3_bucket_producer_with_no_taskflow
[2025-06-23T13:41:04.785+0000] {logging_mixin.py:190} INFO - [2025-06-23T13:41:04.785+0000] {override.py:1911} INFO - Created Permission View: menu access on DAG Run:dataset_s3_bucket_producer_with_no_taskflow
[2025-06-23T13:41:04.809+0000] {logging_mixin.py:190} INFO - [2025-06-23T13:41:04.809+0000] {override.py:1911} INFO - Created Permission View: can read on DAG:dataset_s3_bucket_consumer_with_no_taskflow
[2025-06-23T13:41:04.822+0000] {logging_mixin.py:190} INFO - [2025-06-23T13:41:04.822+0000] {override.py:1911} INFO - Created Permission View: can delete on DAG:dataset_s3_bucket_consumer_with_no_taskflow
[2025-06-23T13:41:04.834+0000] {logging_mixin.py:190} INFO - [2025-06-23T13:41:04.834+0000] {override.py:1911} INFO - Created Permission View: can edit on DAG:dataset_s3_bucket_consumer_with_no_taskflow
[2025-06-23T13:41:04.848+0000] {logging_mixin.py:190} INFO - [2025-06-23T13:41:04.848+0000] {override.py:1911} INFO - Created Permission View: can read on DAG Run:dataset_s3_bucket_consumer_with_no_taskflow
[2025-06-23T13:41:04.861+0000] {logging_mixin.py:190} INFO - [2025-06-23T13:41:04.860+0000] {override.py:1911} INFO - Created Permission View: can create on DAG Run:dataset_s3_bucket_consumer_with_no_taskflow
[2025-06-23T13:41:04.874+0000] {logging_mixin.py:190} INFO - [2025-06-23T13:41:04.873+0000] {override.py:1911} INFO - Created Permission View: can delete on DAG Run:dataset_s3_bucket_consumer_with_no_taskflow
[2025-06-23T13:41:04.887+0000] {logging_mixin.py:190} INFO - [2025-06-23T13:41:04.886+0000] {override.py:1911} INFO - Created Permission View: menu access on DAG Run:dataset_s3_bucket_consumer_with_no_taskflow
[2025-06-23T13:41:04.912+0000] {logging_mixin.py:190} INFO - [2025-06-23T13:41:04.911+0000] {override.py:1911} INFO - Created Permission View: can read on DAG:dataset_alias_example_alias_consumer_with_no_taskflow
[2025-06-23T13:41:04.925+0000] {logging_mixin.py:190} INFO - [2025-06-23T13:41:04.925+0000] {override.py:1911} INFO - Created Permission View: can delete on DAG:dataset_alias_example_alias_consumer_with_no_taskflow
[2025-06-23T13:41:04.940+0000] {logging_mixin.py:190} INFO - [2025-06-23T13:41:04.939+0000] {override.py:1911} INFO - Created Permission View: can edit on DAG:dataset_alias_example_alias_consumer_with_no_taskflow
[2025-06-23T13:41:04.954+0000] {logging_mixin.py:190} INFO - [2025-06-23T13:41:04.953+0000] {override.py:1911} INFO - Created Permission View: can read on DAG Run:dataset_alias_example_alias_consumer_with_no_taskflow
[2025-06-23T13:41:04.967+0000] {logging_mixin.py:190} INFO - [2025-06-23T13:41:04.967+0000] {override.py:1911} INFO - Created Permission View: can create on DAG Run:dataset_alias_example_alias_consumer_with_no_taskflow
[2025-06-23T13:41:04.981+0000] {logging_mixin.py:190} INFO - [2025-06-23T13:41:04.980+0000] {override.py:1911} INFO - Created Permission View: can delete on DAG Run:dataset_alias_example_alias_consumer_with_no_taskflow
[2025-06-23T13:41:04.993+0000] {logging_mixin.py:190} INFO - [2025-06-23T13:41:04.993+0000] {override.py:1911} INFO - Created Permission View: menu access on DAG Run:dataset_alias_example_alias_consumer_with_no_taskflow
[2025-06-23T13:41:04.996+0000] {logging_mixin.py:190} INFO - [2025-06-23T13:41:04.995+0000] {dag.py:3239} INFO - Sync 4 DAGs
[2025-06-23T13:41:05.017+0000] {logging_mixin.py:190} INFO - [2025-06-23T13:41:05.017+0000] {dag.py:3262} INFO - Creating ORM DAG for dataset_alias_example_alias_consumer_with_no_taskflow
[2025-06-23T13:41:05.019+0000] {logging_mixin.py:190} INFO - [2025-06-23T13:41:05.019+0000] {dag.py:3262} INFO - Creating ORM DAG for dataset_s3_bucket_producer_with_no_taskflow
[2025-06-23T13:41:05.021+0000] {logging_mixin.py:190} INFO - [2025-06-23T13:41:05.021+0000] {dag.py:3262} INFO - Creating ORM DAG for dataset_alias_example_alias_producer_with_no_taskflow
[2025-06-23T13:41:05.022+0000] {logging_mixin.py:190} INFO - [2025-06-23T13:41:05.022+0000] {dag.py:3262} INFO - Creating ORM DAG for dataset_s3_bucket_consumer_with_no_taskflow
[2025-06-23T13:41:05.036+0000] {logging_mixin.py:190} INFO - [2025-06-23T13:41:05.035+0000] {dag.py:4180} INFO - Setting next_dagrun for dataset_alias_example_alias_consumer_with_no_taskflow to None, run_after=None
[2025-06-23T13:41:05.037+0000] {logging_mixin.py:190} INFO - [2025-06-23T13:41:05.037+0000] {dag.py:4180} INFO - Setting next_dagrun for dataset_alias_example_alias_producer_with_no_taskflow to None, run_after=None
[2025-06-23T13:41:05.039+0000] {logging_mixin.py:190} INFO - [2025-06-23T13:41:05.038+0000] {dag.py:4180} INFO - Setting next_dagrun for dataset_s3_bucket_consumer_with_no_taskflow to None, run_after=None
[2025-06-23T13:41:05.040+0000] {logging_mixin.py:190} INFO - [2025-06-23T13:41:05.040+0000] {dag.py:4180} INFO - Setting next_dagrun for dataset_s3_bucket_producer_with_no_taskflow to None, run_after=None
[2025-06-23T13:41:05.087+0000] {processor.py:208} INFO - Processing /home/airflow/.local/lib/python3.12/site-packages/airflow/example_dags/example_dataset_alias_with_no_taskflow.py took 1.535 seconds
[2025-06-23T13:41:35.628+0000] {processor.py:186} INFO - Started process (PID=175) to work on /home/airflow/.local/lib/python3.12/site-packages/airflow/example_dags/example_dataset_alias_with_no_taskflow.py
[2025-06-23T13:41:35.630+0000] {processor.py:914} INFO - Processing file /home/airflow/.local/lib/python3.12/site-packages/airflow/example_dags/example_dataset_alias_with_no_taskflow.py for tasks to queue
[2025-06-23T13:41:35.633+0000] {logging_mixin.py:190} INFO - [2025-06-23T13:41:35.632+0000] {dagbag.py:588} INFO - Filling up the DagBag from /home/airflow/.local/lib/python3.12/site-packages/airflow/example_dags/example_dataset_alias_with_no_taskflow.py
[2025-06-23T13:41:36.348+0000] {processor.py:925} INFO - DAG(s) 'dataset_s3_bucket_consumer_with_no_taskflow', 'dataset_alias_example_alias_producer_with_no_taskflow', 'dataset_s3_bucket_producer_with_no_taskflow', 'dataset_alias_example_alias_consumer_with_no_taskflow' retrieved from /home/airflow/.local/lib/python3.12/site-packages/airflow/example_dags/example_dataset_alias_with_no_taskflow.py
[2025-06-23T13:41:36.378+0000] {logging_mixin.py:190} INFO - [2025-06-23T13:41:36.378+0000] {dag.py:3239} INFO - Sync 4 DAGs
[2025-06-23T13:41:36.405+0000] {logging_mixin.py:190} INFO - [2025-06-23T13:41:36.405+0000] {dag.py:4180} INFO - Setting next_dagrun for dataset_alias_example_alias_consumer_with_no_taskflow to None, run_after=None
[2025-06-23T13:41:36.410+0000] {logging_mixin.py:190} INFO - [2025-06-23T13:41:36.409+0000] {dag.py:4180} INFO - Setting next_dagrun for dataset_alias_example_alias_producer_with_no_taskflow to None, run_after=None
[2025-06-23T13:41:36.413+0000] {logging_mixin.py:190} INFO - [2025-06-23T13:41:36.412+0000] {dag.py:4180} INFO - Setting next_dagrun for dataset_s3_bucket_consumer_with_no_taskflow to None, run_after=None
[2025-06-23T13:41:36.416+0000] {logging_mixin.py:190} INFO - [2025-06-23T13:41:36.415+0000] {dag.py:4180} INFO - Setting next_dagrun for dataset_s3_bucket_producer_with_no_taskflow to None, run_after=None
[2025-06-23T13:41:36.446+0000] {processor.py:208} INFO - Processing /home/airflow/.local/lib/python3.12/site-packages/airflow/example_dags/example_dataset_alias_with_no_taskflow.py took 0.824 seconds
[2025-06-23T13:42:07.106+0000] {processor.py:186} INFO - Started process (PID=239) to work on /home/airflow/.local/lib/python3.12/site-packages/airflow/example_dags/example_dataset_alias_with_no_taskflow.py
[2025-06-23T13:42:07.108+0000] {processor.py:914} INFO - Processing file /home/airflow/.local/lib/python3.12/site-packages/airflow/example_dags/example_dataset_alias_with_no_taskflow.py for tasks to queue
[2025-06-23T13:42:07.113+0000] {logging_mixin.py:190} INFO - [2025-06-23T13:42:07.112+0000] {dagbag.py:588} INFO - Filling up the DagBag from /home/airflow/.local/lib/python3.12/site-packages/airflow/example_dags/example_dataset_alias_with_no_taskflow.py
[2025-06-23T13:42:08.582+0000] {processor.py:925} INFO - DAG(s) 'dataset_alias_example_alias_producer_with_no_taskflow', 'dataset_s3_bucket_consumer_with_no_taskflow', 'dataset_s3_bucket_producer_with_no_taskflow', 'dataset_alias_example_alias_consumer_with_no_taskflow' retrieved from /home/airflow/.local/lib/python3.12/site-packages/airflow/example_dags/example_dataset_alias_with_no_taskflow.py
[2025-06-23T13:42:08.667+0000] {logging_mixin.py:190} INFO - [2025-06-23T13:42:08.665+0000] {dag.py:3239} INFO - Sync 4 DAGs
[2025-06-23T13:42:08.756+0000] {logging_mixin.py:190} INFO - [2025-06-23T13:42:08.755+0000] {dag.py:4180} INFO - Setting next_dagrun for dataset_alias_example_alias_consumer_with_no_taskflow to None, run_after=None
[2025-06-23T13:42:08.761+0000] {logging_mixin.py:190} INFO - [2025-06-23T13:42:08.761+0000] {dag.py:4180} INFO - Setting next_dagrun for dataset_alias_example_alias_producer_with_no_taskflow to None, run_after=None
[2025-06-23T13:42:08.767+0000] {logging_mixin.py:190} INFO - [2025-06-23T13:42:08.765+0000] {dag.py:4180} INFO - Setting next_dagrun for dataset_s3_bucket_consumer_with_no_taskflow to None, run_after=None
[2025-06-23T13:42:08.773+0000] {logging_mixin.py:190} INFO - [2025-06-23T13:42:08.772+0000] {dag.py:4180} INFO - Setting next_dagrun for dataset_s3_bucket_producer_with_no_taskflow to None, run_after=None
[2025-06-23T13:42:08.846+0000] {processor.py:208} INFO - Processing /home/airflow/.local/lib/python3.12/site-packages/airflow/example_dags/example_dataset_alias_with_no_taskflow.py took 1.750 seconds
[2025-06-23T13:42:42.929+0000] {processor.py:186} INFO - Started process (PID=300) to work on /home/airflow/.local/lib/python3.12/site-packages/airflow/example_dags/example_dataset_alias_with_no_taskflow.py
[2025-06-23T13:42:42.934+0000] {processor.py:914} INFO - Processing file /home/airflow/.local/lib/python3.12/site-packages/airflow/example_dags/example_dataset_alias_with_no_taskflow.py for tasks to queue
[2025-06-23T13:42:42.943+0000] {logging_mixin.py:190} INFO - [2025-06-23T13:42:42.941+0000] {dagbag.py:588} INFO - Filling up the DagBag from /home/airflow/.local/lib/python3.12/site-packages/airflow/example_dags/example_dataset_alias_with_no_taskflow.py
[2025-06-23T13:42:48.016+0000] {processor.py:925} INFO - DAG(s) 'dataset_alias_example_alias_producer_with_no_taskflow', 'dataset_s3_bucket_producer_with_no_taskflow', 'dataset_alias_example_alias_consumer_with_no_taskflow', 'dataset_s3_bucket_consumer_with_no_taskflow' retrieved from /home/airflow/.local/lib/python3.12/site-packages/airflow/example_dags/example_dataset_alias_with_no_taskflow.py
[2025-06-23T13:42:48.114+0000] {logging_mixin.py:190} INFO - [2025-06-23T13:42:48.112+0000] {dag.py:3239} INFO - Sync 4 DAGs
[2025-06-23T13:42:48.214+0000] {logging_mixin.py:190} INFO - [2025-06-23T13:42:48.213+0000] {dag.py:4180} INFO - Setting next_dagrun for dataset_alias_example_alias_consumer_with_no_taskflow to None, run_after=None
[2025-06-23T13:42:48.230+0000] {logging_mixin.py:190} INFO - [2025-06-23T13:42:48.229+0000] {dag.py:4180} INFO - Setting next_dagrun for dataset_alias_example_alias_producer_with_no_taskflow to None, run_after=None
[2025-06-23T13:42:48.242+0000] {logging_mixin.py:190} INFO - [2025-06-23T13:42:48.241+0000] {dag.py:4180} INFO - Setting next_dagrun for dataset_s3_bucket_consumer_with_no_taskflow to None, run_after=None
[2025-06-23T13:42:48.249+0000] {logging_mixin.py:190} INFO - [2025-06-23T13:42:48.248+0000] {dag.py:4180} INFO - Setting next_dagrun for dataset_s3_bucket_producer_with_no_taskflow to None, run_after=None
[2025-06-23T13:42:48.371+0000] {processor.py:208} INFO - Processing /home/airflow/.local/lib/python3.12/site-packages/airflow/example_dags/example_dataset_alias_with_no_taskflow.py took 5.511 seconds
[2025-06-23T13:43:29.687+0000] {processor.py:186} INFO - Started process (PID=369) to work on /home/airflow/.local/lib/python3.12/site-packages/airflow/example_dags/example_dataset_alias_with_no_taskflow.py
[2025-06-23T13:43:29.689+0000] {processor.py:914} INFO - Processing file /home/airflow/.local/lib/python3.12/site-packages/airflow/example_dags/example_dataset_alias_with_no_taskflow.py for tasks to queue
[2025-06-23T13:43:29.696+0000] {logging_mixin.py:190} INFO - [2025-06-23T13:43:29.694+0000] {dagbag.py:588} INFO - Filling up the DagBag from /home/airflow/.local/lib/python3.12/site-packages/airflow/example_dags/example_dataset_alias_with_no_taskflow.py
[2025-06-23T13:43:31.006+0000] {processor.py:925} INFO - DAG(s) 'dataset_alias_example_alias_producer_with_no_taskflow', 'dataset_s3_bucket_consumer_with_no_taskflow', 'dataset_alias_example_alias_consumer_with_no_taskflow', 'dataset_s3_bucket_producer_with_no_taskflow' retrieved from /home/airflow/.local/lib/python3.12/site-packages/airflow/example_dags/example_dataset_alias_with_no_taskflow.py
[2025-06-23T13:43:31.063+0000] {logging_mixin.py:190} INFO - [2025-06-23T13:43:31.062+0000] {dag.py:3239} INFO - Sync 4 DAGs
[2025-06-23T13:43:31.121+0000] {logging_mixin.py:190} INFO - [2025-06-23T13:43:31.121+0000] {dag.py:4180} INFO - Setting next_dagrun for dataset_alias_example_alias_consumer_with_no_taskflow to None, run_after=None
[2025-06-23T13:43:31.129+0000] {logging_mixin.py:190} INFO - [2025-06-23T13:43:31.129+0000] {dag.py:4180} INFO - Setting next_dagrun for dataset_alias_example_alias_producer_with_no_taskflow to None, run_after=None
[2025-06-23T13:43:31.134+0000] {logging_mixin.py:190} INFO - [2025-06-23T13:43:31.133+0000] {dag.py:4180} INFO - Setting next_dagrun for dataset_s3_bucket_consumer_with_no_taskflow to None, run_after=None
[2025-06-23T13:43:31.137+0000] {logging_mixin.py:190} INFO - [2025-06-23T13:43:31.137+0000] {dag.py:4180} INFO - Setting next_dagrun for dataset_s3_bucket_producer_with_no_taskflow to None, run_after=None
[2025-06-23T13:43:31.185+0000] {processor.py:208} INFO - Processing /home/airflow/.local/lib/python3.12/site-packages/airflow/example_dags/example_dataset_alias_with_no_taskflow.py took 1.515 seconds
[2025-06-23T13:44:01.595+0000] {processor.py:186} INFO - Started process (PID=434) to work on /home/airflow/.local/lib/python3.12/site-packages/airflow/example_dags/example_dataset_alias_with_no_taskflow.py
[2025-06-23T13:44:01.596+0000] {processor.py:914} INFO - Processing file /home/airflow/.local/lib/python3.12/site-packages/airflow/example_dags/example_dataset_alias_with_no_taskflow.py for tasks to queue
[2025-06-23T13:44:01.600+0000] {logging_mixin.py:190} INFO - [2025-06-23T13:44:01.599+0000] {dagbag.py:588} INFO - Filling up the DagBag from /home/airflow/.local/lib/python3.12/site-packages/airflow/example_dags/example_dataset_alias_with_no_taskflow.py
[2025-06-23T13:44:02.686+0000] {processor.py:925} INFO - DAG(s) 'dataset_alias_example_alias_producer_with_no_taskflow', 'dataset_alias_example_alias_consumer_with_no_taskflow', 'dataset_s3_bucket_consumer_with_no_taskflow', 'dataset_s3_bucket_producer_with_no_taskflow' retrieved from /home/airflow/.local/lib/python3.12/site-packages/airflow/example_dags/example_dataset_alias_with_no_taskflow.py
[2025-06-23T13:44:02.720+0000] {logging_mixin.py:190} INFO - [2025-06-23T13:44:02.719+0000] {dag.py:3239} INFO - Sync 4 DAGs
[2025-06-23T13:44:02.759+0000] {logging_mixin.py:190} INFO - [2025-06-23T13:44:02.758+0000] {dag.py:4180} INFO - Setting next_dagrun for dataset_alias_example_alias_consumer_with_no_taskflow to None, run_after=None
[2025-06-23T13:44:02.763+0000] {logging_mixin.py:190} INFO - [2025-06-23T13:44:02.763+0000] {dag.py:4180} INFO - Setting next_dagrun for dataset_alias_example_alias_producer_with_no_taskflow to None, run_after=None
[2025-06-23T13:44:02.765+0000] {logging_mixin.py:190} INFO - [2025-06-23T13:44:02.765+0000] {dag.py:4180} INFO - Setting next_dagrun for dataset_s3_bucket_consumer_with_no_taskflow to None, run_after=None
[2025-06-23T13:44:02.769+0000] {logging_mixin.py:190} INFO - [2025-06-23T13:44:02.769+0000] {dag.py:4180} INFO - Setting next_dagrun for dataset_s3_bucket_producer_with_no_taskflow to None, run_after=None
[2025-06-23T13:44:02.800+0000] {processor.py:208} INFO - Processing /home/airflow/.local/lib/python3.12/site-packages/airflow/example_dags/example_dataset_alias_with_no_taskflow.py took 1.213 seconds
[2025-06-23T13:44:33.355+0000] {processor.py:186} INFO - Started process (PID=497) to work on /home/airflow/.local/lib/python3.12/site-packages/airflow/example_dags/example_dataset_alias_with_no_taskflow.py
[2025-06-23T13:44:33.358+0000] {processor.py:914} INFO - Processing file /home/airflow/.local/lib/python3.12/site-packages/airflow/example_dags/example_dataset_alias_with_no_taskflow.py for tasks to queue
[2025-06-23T13:44:33.366+0000] {logging_mixin.py:190} INFO - [2025-06-23T13:44:33.365+0000] {dagbag.py:588} INFO - Filling up the DagBag from /home/airflow/.local/lib/python3.12/site-packages/airflow/example_dags/example_dataset_alias_with_no_taskflow.py
[2025-06-23T13:44:35.630+0000] {processor.py:925} INFO - DAG(s) 'dataset_s3_bucket_consumer_with_no_taskflow', 'dataset_alias_example_alias_producer_with_no_taskflow', 'dataset_s3_bucket_producer_with_no_taskflow', 'dataset_alias_example_alias_consumer_with_no_taskflow' retrieved from /home/airflow/.local/lib/python3.12/site-packages/airflow/example_dags/example_dataset_alias_with_no_taskflow.py
[2025-06-23T13:44:35.694+0000] {logging_mixin.py:190} INFO - [2025-06-23T13:44:35.693+0000] {dag.py:3239} INFO - Sync 4 DAGs
[2025-06-23T13:44:35.765+0000] {logging_mixin.py:190} INFO - [2025-06-23T13:44:35.764+0000] {dag.py:4180} INFO - Setting next_dagrun for dataset_alias_example_alias_consumer_with_no_taskflow to None, run_after=None
[2025-06-23T13:44:35.770+0000] {logging_mixin.py:190} INFO - [2025-06-23T13:44:35.770+0000] {dag.py:4180} INFO - Setting next_dagrun for dataset_alias_example_alias_producer_with_no_taskflow to None, run_after=None
[2025-06-23T13:44:35.773+0000] {logging_mixin.py:190} INFO - [2025-06-23T13:44:35.773+0000] {dag.py:4180} INFO - Setting next_dagrun for dataset_s3_bucket_consumer_with_no_taskflow to None, run_after=None
[2025-06-23T13:44:35.776+0000] {logging_mixin.py:190} INFO - [2025-06-23T13:44:35.776+0000] {dag.py:4180} INFO - Setting next_dagrun for dataset_s3_bucket_producer_with_no_taskflow to None, run_after=None
[2025-06-23T13:44:35.845+0000] {processor.py:208} INFO - Processing /home/airflow/.local/lib/python3.12/site-packages/airflow/example_dags/example_dataset_alias_with_no_taskflow.py took 2.507 seconds
