[2025-06-23T13:41:01.658+0000] {processor.py:186} INFO - Started process (PID=102) to work on /home/airflow/.local/lib/python3.12/site-packages/airflow/example_dags/example_bash_operator.py
[2025-06-23T13:41:01.660+0000] {processor.py:914} INFO - Processing file /home/airflow/.local/lib/python3.12/site-packages/airflow/example_dags/example_bash_operator.py for tasks to queue
[2025-06-23T13:41:01.664+0000] {logging_mixin.py:190} INFO - [2025-06-23T13:41:01.664+0000] {dagbag.py:588} INFO - Filling up the DagBag from /home/airflow/.local/lib/python3.12/site-packages/airflow/example_dags/example_bash_operator.py
[2025-06-23T13:41:01.689+0000] {processor.py:925} INFO - DAG(s) 'example_bash_operator' retrieved from /home/airflow/.local/lib/python3.12/site-packages/airflow/example_dags/example_bash_operator.py
[2025-06-23T13:41:01.883+0000] {logging_mixin.py:190} INFO - [2025-06-23T13:41:01.882+0000] {override.py:1911} INFO - Created Permission View: can read on DAG:example_bash_operator
[2025-06-23T13:41:01.900+0000] {logging_mixin.py:190} INFO - [2025-06-23T13:41:01.899+0000] {override.py:1911} INFO - Created Permission View: can delete on DAG:example_bash_operator
[2025-06-23T13:41:01.911+0000] {logging_mixin.py:190} INFO - [2025-06-23T13:41:01.911+0000] {override.py:1911} INFO - Created Permission View: can edit on DAG:example_bash_operator
[2025-06-23T13:41:01.925+0000] {logging_mixin.py:190} INFO - [2025-06-23T13:41:01.925+0000] {override.py:1911} INFO - Created Permission View: can read on DAG Run:example_bash_operator
[2025-06-23T13:41:01.939+0000] {logging_mixin.py:190} INFO - [2025-06-23T13:41:01.938+0000] {override.py:1911} INFO - Created Permission View: can create on DAG Run:example_bash_operator
[2025-06-23T13:41:01.951+0000] {logging_mixin.py:190} INFO - [2025-06-23T13:41:01.950+0000] {override.py:1911} INFO - Created Permission View: can delete on DAG Run:example_bash_operator
[2025-06-23T13:41:01.963+0000] {logging_mixin.py:190} INFO - [2025-06-23T13:41:01.962+0000] {override.py:1911} INFO - Created Permission View: menu access on DAG Run:example_bash_operator
[2025-06-23T13:41:01.964+0000] {logging_mixin.py:190} INFO - [2025-06-23T13:41:01.963+0000] {dag.py:3239} INFO - Sync 1 DAGs
[2025-06-23T13:41:01.984+0000] {logging_mixin.py:190} INFO - [2025-06-23T13:41:01.983+0000] {dag.py:3262} INFO - Creating ORM DAG for example_bash_operator
[2025-06-23T13:41:02.002+0000] {logging_mixin.py:190} INFO - [2025-06-23T13:41:02.002+0000] {dag.py:4180} INFO - Setting next_dagrun for example_bash_operator to 2025-06-22 00:00:00+00:00, run_after=2025-06-23 00:00:00+00:00
[2025-06-23T13:41:02.033+0000] {processor.py:208} INFO - Processing /home/airflow/.local/lib/python3.12/site-packages/airflow/example_dags/example_bash_operator.py took 0.384 seconds
[2025-06-23T13:41:32.552+0000] {processor.py:186} INFO - Started process (PID=165) to work on /home/airflow/.local/lib/python3.12/site-packages/airflow/example_dags/example_bash_operator.py
[2025-06-23T13:41:32.554+0000] {processor.py:914} INFO - Processing file /home/airflow/.local/lib/python3.12/site-packages/airflow/example_dags/example_bash_operator.py for tasks to queue
[2025-06-23T13:41:32.558+0000] {logging_mixin.py:190} INFO - [2025-06-23T13:41:32.557+0000] {dagbag.py:588} INFO - Filling up the DagBag from /home/airflow/.local/lib/python3.12/site-packages/airflow/example_dags/example_bash_operator.py
[2025-06-23T13:41:32.576+0000] {processor.py:925} INFO - DAG(s) 'example_bash_operator' retrieved from /home/airflow/.local/lib/python3.12/site-packages/airflow/example_dags/example_bash_operator.py
[2025-06-23T13:41:32.613+0000] {logging_mixin.py:190} INFO - [2025-06-23T13:41:32.612+0000] {dag.py:3239} INFO - Sync 1 DAGs
[2025-06-23T13:41:32.642+0000] {logging_mixin.py:190} INFO - [2025-06-23T13:41:32.642+0000] {dag.py:4180} INFO - Setting next_dagrun for example_bash_operator to 2025-06-22 00:00:00+00:00, run_after=2025-06-23 00:00:00+00:00
[2025-06-23T13:41:32.669+0000] {processor.py:208} INFO - Processing /home/airflow/.local/lib/python3.12/site-packages/airflow/example_dags/example_bash_operator.py took 0.124 seconds
[2025-06-23T13:42:04.360+0000] {processor.py:186} INFO - Started process (PID=228) to work on /home/airflow/.local/lib/python3.12/site-packages/airflow/example_dags/example_bash_operator.py
[2025-06-23T13:42:04.363+0000] {processor.py:914} INFO - Processing file /home/airflow/.local/lib/python3.12/site-packages/airflow/example_dags/example_bash_operator.py for tasks to queue
[2025-06-23T13:42:04.368+0000] {logging_mixin.py:190} INFO - [2025-06-23T13:42:04.368+0000] {dagbag.py:588} INFO - Filling up the DagBag from /home/airflow/.local/lib/python3.12/site-packages/airflow/example_dags/example_bash_operator.py
[2025-06-23T13:42:04.402+0000] {processor.py:925} INFO - DAG(s) 'example_bash_operator' retrieved from /home/airflow/.local/lib/python3.12/site-packages/airflow/example_dags/example_bash_operator.py
[2025-06-23T13:42:04.458+0000] {logging_mixin.py:190} INFO - [2025-06-23T13:42:04.458+0000] {dag.py:3239} INFO - Sync 1 DAGs
[2025-06-23T13:42:04.505+0000] {logging_mixin.py:190} INFO - [2025-06-23T13:42:04.505+0000] {dag.py:4180} INFO - Setting next_dagrun for example_bash_operator to 2025-06-22 00:00:00+00:00, run_after=2025-06-23 00:00:00+00:00
[2025-06-23T13:42:04.551+0000] {processor.py:208} INFO - Processing /home/airflow/.local/lib/python3.12/site-packages/airflow/example_dags/example_bash_operator.py took 0.204 seconds
[2025-06-23T13:42:38.492+0000] {processor.py:186} INFO - Started process (PID=291) to work on /home/airflow/.local/lib/python3.12/site-packages/airflow/example_dags/example_bash_operator.py
[2025-06-23T13:42:38.495+0000] {processor.py:914} INFO - Processing file /home/airflow/.local/lib/python3.12/site-packages/airflow/example_dags/example_bash_operator.py for tasks to queue
[2025-06-23T13:42:38.503+0000] {logging_mixin.py:190} INFO - [2025-06-23T13:42:38.502+0000] {dagbag.py:588} INFO - Filling up the DagBag from /home/airflow/.local/lib/python3.12/site-packages/airflow/example_dags/example_bash_operator.py
[2025-06-23T13:42:38.540+0000] {processor.py:925} INFO - DAG(s) 'example_bash_operator' retrieved from /home/airflow/.local/lib/python3.12/site-packages/airflow/example_dags/example_bash_operator.py
[2025-06-23T13:42:38.634+0000] {logging_mixin.py:190} INFO - [2025-06-23T13:42:38.633+0000] {dag.py:3239} INFO - Sync 1 DAGs
[2025-06-23T13:42:38.747+0000] {logging_mixin.py:190} INFO - [2025-06-23T13:42:38.746+0000] {dag.py:4180} INFO - Setting next_dagrun for example_bash_operator to 2025-06-22 00:00:00+00:00, run_after=2025-06-23 00:00:00+00:00
[2025-06-23T13:42:38.841+0000] {processor.py:208} INFO - Processing /home/airflow/.local/lib/python3.12/site-packages/airflow/example_dags/example_bash_operator.py took 0.364 seconds
[2025-06-23T13:43:25.799+0000] {processor.py:186} INFO - Started process (PID=357) to work on /home/airflow/.local/lib/python3.12/site-packages/airflow/example_dags/example_bash_operator.py
[2025-06-23T13:43:25.804+0000] {processor.py:914} INFO - Processing file /home/airflow/.local/lib/python3.12/site-packages/airflow/example_dags/example_bash_operator.py for tasks to queue
[2025-06-23T13:43:25.811+0000] {logging_mixin.py:190} INFO - [2025-06-23T13:43:25.810+0000] {dagbag.py:588} INFO - Filling up the DagBag from /home/airflow/.local/lib/python3.12/site-packages/airflow/example_dags/example_bash_operator.py
[2025-06-23T13:43:25.872+0000] {processor.py:925} INFO - DAG(s) 'example_bash_operator' retrieved from /home/airflow/.local/lib/python3.12/site-packages/airflow/example_dags/example_bash_operator.py
[2025-06-23T13:43:25.975+0000] {logging_mixin.py:190} INFO - [2025-06-23T13:43:25.974+0000] {dag.py:3239} INFO - Sync 1 DAGs
[2025-06-23T13:43:26.080+0000] {logging_mixin.py:190} INFO - [2025-06-23T13:43:26.079+0000] {dag.py:4180} INFO - Setting next_dagrun for example_bash_operator to 2025-06-22 00:00:00+00:00, run_after=2025-06-23 00:00:00+00:00
[2025-06-23T13:43:26.134+0000] {processor.py:208} INFO - Processing /home/airflow/.local/lib/python3.12/site-packages/airflow/example_dags/example_bash_operator.py took 0.354 seconds
[2025-06-23T13:43:57.034+0000] {processor.py:186} INFO - Started process (PID=420) to work on /home/airflow/.local/lib/python3.12/site-packages/airflow/example_dags/example_bash_operator.py
[2025-06-23T13:43:57.038+0000] {processor.py:914} INFO - Processing file /home/airflow/.local/lib/python3.12/site-packages/airflow/example_dags/example_bash_operator.py for tasks to queue
[2025-06-23T13:43:57.042+0000] {logging_mixin.py:190} INFO - [2025-06-23T13:43:57.041+0000] {dagbag.py:588} INFO - Filling up the DagBag from /home/airflow/.local/lib/python3.12/site-packages/airflow/example_dags/example_bash_operator.py
[2025-06-23T13:43:57.065+0000] {processor.py:925} INFO - DAG(s) 'example_bash_operator' retrieved from /home/airflow/.local/lib/python3.12/site-packages/airflow/example_dags/example_bash_operator.py
[2025-06-23T13:43:57.109+0000] {logging_mixin.py:190} INFO - [2025-06-23T13:43:57.108+0000] {dag.py:3239} INFO - Sync 1 DAGs
[2025-06-23T13:43:57.150+0000] {logging_mixin.py:190} INFO - [2025-06-23T13:43:57.149+0000] {dag.py:4180} INFO - Setting next_dagrun for example_bash_operator to 2025-06-22 00:00:00+00:00, run_after=2025-06-23 00:00:00+00:00
[2025-06-23T13:43:57.184+0000] {processor.py:208} INFO - Processing /home/airflow/.local/lib/python3.12/site-packages/airflow/example_dags/example_bash_operator.py took 0.157 seconds
[2025-06-23T13:44:27.870+0000] {processor.py:186} INFO - Started process (PID=483) to work on /home/airflow/.local/lib/python3.12/site-packages/airflow/example_dags/example_bash_operator.py
[2025-06-23T13:44:27.872+0000] {processor.py:914} INFO - Processing file /home/airflow/.local/lib/python3.12/site-packages/airflow/example_dags/example_bash_operator.py for tasks to queue
[2025-06-23T13:44:27.878+0000] {logging_mixin.py:190} INFO - [2025-06-23T13:44:27.877+0000] {dagbag.py:588} INFO - Filling up the DagBag from /home/airflow/.local/lib/python3.12/site-packages/airflow/example_dags/example_bash_operator.py
[2025-06-23T13:44:27.956+0000] {processor.py:925} INFO - DAG(s) 'example_bash_operator' retrieved from /home/airflow/.local/lib/python3.12/site-packages/airflow/example_dags/example_bash_operator.py
[2025-06-23T13:44:28.085+0000] {logging_mixin.py:190} INFO - [2025-06-23T13:44:28.084+0000] {dag.py:3239} INFO - Sync 1 DAGs
[2025-06-23T13:44:28.207+0000] {logging_mixin.py:190} INFO - [2025-06-23T13:44:28.206+0000] {dag.py:4180} INFO - Setting next_dagrun for example_bash_operator to 2025-06-22 00:00:00+00:00, run_after=2025-06-23 00:00:00+00:00
[2025-06-23T13:44:28.269+0000] {processor.py:208} INFO - Processing /home/airflow/.local/lib/python3.12/site-packages/airflow/example_dags/example_bash_operator.py took 0.413 seconds
