[2025-06-23T13:41:02.099+0000] {processor.py:186} INFO - Started process (PID=104) to work on /home/airflow/.local/lib/python3.12/site-packages/airflow/example_dags/example_nested_branch_dag.py
[2025-06-23T13:41:02.102+0000] {processor.py:914} INFO - Processing file /home/airflow/.local/lib/python3.12/site-packages/airflow/example_dags/example_nested_branch_dag.py for tasks to queue
[2025-06-23T13:41:02.107+0000] {logging_mixin.py:190} INFO - [2025-06-23T13:41:02.106+0000] {dagbag.py:588} INFO - Filling up the DagBag from /home/airflow/.local/lib/python3.12/site-packages/airflow/example_dags/example_nested_branch_dag.py
[2025-06-23T13:41:02.128+0000] {processor.py:925} INFO - DAG(s) 'example_nested_branch_dag' retrieved from /home/airflow/.local/lib/python3.12/site-packages/airflow/example_dags/example_nested_branch_dag.py
[2025-06-23T13:41:02.284+0000] {logging_mixin.py:190} INFO - [2025-06-23T13:41:02.284+0000] {override.py:1911} INFO - Created Permission View: can read on DAG:example_nested_branch_dag
[2025-06-23T13:41:02.302+0000] {logging_mixin.py:190} INFO - [2025-06-23T13:41:02.301+0000] {override.py:1911} INFO - Created Permission View: can delete on DAG:example_nested_branch_dag
[2025-06-23T13:41:02.314+0000] {logging_mixin.py:190} INFO - [2025-06-23T13:41:02.314+0000] {override.py:1911} INFO - Created Permission View: can edit on DAG:example_nested_branch_dag
[2025-06-23T13:41:02.329+0000] {logging_mixin.py:190} INFO - [2025-06-23T13:41:02.329+0000] {override.py:1911} INFO - Created Permission View: can read on DAG Run:example_nested_branch_dag
[2025-06-23T13:41:02.342+0000] {logging_mixin.py:190} INFO - [2025-06-23T13:41:02.341+0000] {override.py:1911} INFO - Created Permission View: can create on DAG Run:example_nested_branch_dag
[2025-06-23T13:41:02.354+0000] {logging_mixin.py:190} INFO - [2025-06-23T13:41:02.353+0000] {override.py:1911} INFO - Created Permission View: can delete on DAG Run:example_nested_branch_dag
[2025-06-23T13:41:02.365+0000] {logging_mixin.py:190} INFO - [2025-06-23T13:41:02.365+0000] {override.py:1911} INFO - Created Permission View: menu access on DAG Run:example_nested_branch_dag
[2025-06-23T13:41:02.366+0000] {logging_mixin.py:190} INFO - [2025-06-23T13:41:02.366+0000] {dag.py:3239} INFO - Sync 1 DAGs
[2025-06-23T13:41:02.386+0000] {logging_mixin.py:190} INFO - [2025-06-23T13:41:02.385+0000] {dag.py:3262} INFO - Creating ORM DAG for example_nested_branch_dag
[2025-06-23T13:41:02.403+0000] {logging_mixin.py:190} INFO - [2025-06-23T13:41:02.402+0000] {dag.py:4180} INFO - Setting next_dagrun for example_nested_branch_dag to 2025-06-22 00:00:00+00:00, run_after=2025-06-23 00:00:00+00:00
[2025-06-23T13:41:02.432+0000] {processor.py:208} INFO - Processing /home/airflow/.local/lib/python3.12/site-packages/airflow/example_dags/example_nested_branch_dag.py took 0.343 seconds
[2025-06-23T13:41:32.846+0000] {processor.py:186} INFO - Started process (PID=167) to work on /home/airflow/.local/lib/python3.12/site-packages/airflow/example_dags/example_nested_branch_dag.py
[2025-06-23T13:41:32.847+0000] {processor.py:914} INFO - Processing file /home/airflow/.local/lib/python3.12/site-packages/airflow/example_dags/example_nested_branch_dag.py for tasks to queue
[2025-06-23T13:41:32.851+0000] {logging_mixin.py:190} INFO - [2025-06-23T13:41:32.850+0000] {dagbag.py:588} INFO - Filling up the DagBag from /home/airflow/.local/lib/python3.12/site-packages/airflow/example_dags/example_nested_branch_dag.py
[2025-06-23T13:41:32.866+0000] {processor.py:925} INFO - DAG(s) 'example_nested_branch_dag' retrieved from /home/airflow/.local/lib/python3.12/site-packages/airflow/example_dags/example_nested_branch_dag.py
[2025-06-23T13:41:32.893+0000] {logging_mixin.py:190} INFO - [2025-06-23T13:41:32.892+0000] {dag.py:3239} INFO - Sync 1 DAGs
[2025-06-23T13:41:32.924+0000] {logging_mixin.py:190} INFO - [2025-06-23T13:41:32.923+0000] {dag.py:4180} INFO - Setting next_dagrun for example_nested_branch_dag to 2025-06-22 00:00:00+00:00, run_after=2025-06-23 00:00:00+00:00
[2025-06-23T13:41:32.950+0000] {processor.py:208} INFO - Processing /home/airflow/.local/lib/python3.12/site-packages/airflow/example_dags/example_nested_branch_dag.py took 0.111 seconds
[2025-06-23T13:42:04.655+0000] {processor.py:186} INFO - Started process (PID=230) to work on /home/airflow/.local/lib/python3.12/site-packages/airflow/example_dags/example_nested_branch_dag.py
[2025-06-23T13:42:04.657+0000] {processor.py:914} INFO - Processing file /home/airflow/.local/lib/python3.12/site-packages/airflow/example_dags/example_nested_branch_dag.py for tasks to queue
[2025-06-23T13:42:04.663+0000] {logging_mixin.py:190} INFO - [2025-06-23T13:42:04.662+0000] {dagbag.py:588} INFO - Filling up the DagBag from /home/airflow/.local/lib/python3.12/site-packages/airflow/example_dags/example_nested_branch_dag.py
[2025-06-23T13:42:04.701+0000] {processor.py:925} INFO - DAG(s) 'example_nested_branch_dag' retrieved from /home/airflow/.local/lib/python3.12/site-packages/airflow/example_dags/example_nested_branch_dag.py
[2025-06-23T13:42:04.795+0000] {logging_mixin.py:190} INFO - [2025-06-23T13:42:04.794+0000] {dag.py:3239} INFO - Sync 1 DAGs
[2025-06-23T13:42:04.855+0000] {logging_mixin.py:190} INFO - [2025-06-23T13:42:04.853+0000] {dag.py:4180} INFO - Setting next_dagrun for example_nested_branch_dag to 2025-06-22 00:00:00+00:00, run_after=2025-06-23 00:00:00+00:00
[2025-06-23T13:42:04.910+0000] {processor.py:208} INFO - Processing /home/airflow/.local/lib/python3.12/site-packages/airflow/example_dags/example_nested_branch_dag.py took 0.272 seconds
[2025-06-23T13:42:38.998+0000] {processor.py:186} INFO - Started process (PID=293) to work on /home/airflow/.local/lib/python3.12/site-packages/airflow/example_dags/example_nested_branch_dag.py
[2025-06-23T13:42:39.012+0000] {processor.py:914} INFO - Processing file /home/airflow/.local/lib/python3.12/site-packages/airflow/example_dags/example_nested_branch_dag.py for tasks to queue
[2025-06-23T13:42:39.038+0000] {logging_mixin.py:190} INFO - [2025-06-23T13:42:39.036+0000] {dagbag.py:588} INFO - Filling up the DagBag from /home/airflow/.local/lib/python3.12/site-packages/airflow/example_dags/example_nested_branch_dag.py
[2025-06-23T13:42:39.111+0000] {processor.py:925} INFO - DAG(s) 'example_nested_branch_dag' retrieved from /home/airflow/.local/lib/python3.12/site-packages/airflow/example_dags/example_nested_branch_dag.py
[2025-06-23T13:42:39.314+0000] {logging_mixin.py:190} INFO - [2025-06-23T13:42:39.314+0000] {dag.py:3239} INFO - Sync 1 DAGs
[2025-06-23T13:42:39.416+0000] {logging_mixin.py:190} INFO - [2025-06-23T13:42:39.416+0000] {dag.py:4180} INFO - Setting next_dagrun for example_nested_branch_dag to 2025-06-22 00:00:00+00:00, run_after=2025-06-23 00:00:00+00:00
[2025-06-23T13:42:39.483+0000] {processor.py:208} INFO - Processing /home/airflow/.local/lib/python3.12/site-packages/airflow/example_dags/example_nested_branch_dag.py took 0.506 seconds
[2025-06-23T13:43:26.253+0000] {processor.py:186} INFO - Started process (PID=359) to work on /home/airflow/.local/lib/python3.12/site-packages/airflow/example_dags/example_nested_branch_dag.py
[2025-06-23T13:43:26.257+0000] {processor.py:914} INFO - Processing file /home/airflow/.local/lib/python3.12/site-packages/airflow/example_dags/example_nested_branch_dag.py for tasks to queue
[2025-06-23T13:43:26.272+0000] {logging_mixin.py:190} INFO - [2025-06-23T13:43:26.263+0000] {dagbag.py:588} INFO - Filling up the DagBag from /home/airflow/.local/lib/python3.12/site-packages/airflow/example_dags/example_nested_branch_dag.py
[2025-06-23T13:43:26.322+0000] {processor.py:925} INFO - DAG(s) 'example_nested_branch_dag' retrieved from /home/airflow/.local/lib/python3.12/site-packages/airflow/example_dags/example_nested_branch_dag.py
[2025-06-23T13:43:26.409+0000] {logging_mixin.py:190} INFO - [2025-06-23T13:43:26.408+0000] {dag.py:3239} INFO - Sync 1 DAGs
[2025-06-23T13:43:26.492+0000] {logging_mixin.py:190} INFO - [2025-06-23T13:43:26.492+0000] {dag.py:4180} INFO - Setting next_dagrun for example_nested_branch_dag to 2025-06-22 00:00:00+00:00, run_after=2025-06-23 00:00:00+00:00
[2025-06-23T13:43:26.553+0000] {processor.py:208} INFO - Processing /home/airflow/.local/lib/python3.12/site-packages/airflow/example_dags/example_nested_branch_dag.py took 0.331 seconds
[2025-06-23T13:43:57.199+0000] {processor.py:186} INFO - Started process (PID=422) to work on /home/airflow/.local/lib/python3.12/site-packages/airflow/example_dags/example_nested_branch_dag.py
[2025-06-23T13:43:57.201+0000] {processor.py:914} INFO - Processing file /home/airflow/.local/lib/python3.12/site-packages/airflow/example_dags/example_nested_branch_dag.py for tasks to queue
[2025-06-23T13:43:57.206+0000] {logging_mixin.py:190} INFO - [2025-06-23T13:43:57.205+0000] {dagbag.py:588} INFO - Filling up the DagBag from /home/airflow/.local/lib/python3.12/site-packages/airflow/example_dags/example_nested_branch_dag.py
[2025-06-23T13:43:57.230+0000] {processor.py:925} INFO - DAG(s) 'example_nested_branch_dag' retrieved from /home/airflow/.local/lib/python3.12/site-packages/airflow/example_dags/example_nested_branch_dag.py
[2025-06-23T13:43:57.273+0000] {logging_mixin.py:190} INFO - [2025-06-23T13:43:57.272+0000] {dag.py:3239} INFO - Sync 1 DAGs
[2025-06-23T13:43:57.312+0000] {logging_mixin.py:190} INFO - [2025-06-23T13:43:57.311+0000] {dag.py:4180} INFO - Setting next_dagrun for example_nested_branch_dag to 2025-06-22 00:00:00+00:00, run_after=2025-06-23 00:00:00+00:00
[2025-06-23T13:43:57.342+0000] {processor.py:208} INFO - Processing /home/airflow/.local/lib/python3.12/site-packages/airflow/example_dags/example_nested_branch_dag.py took 0.151 seconds
[2025-06-23T13:44:28.347+0000] {processor.py:186} INFO - Started process (PID=485) to work on /home/airflow/.local/lib/python3.12/site-packages/airflow/example_dags/example_nested_branch_dag.py
[2025-06-23T13:44:28.348+0000] {processor.py:914} INFO - Processing file /home/airflow/.local/lib/python3.12/site-packages/airflow/example_dags/example_nested_branch_dag.py for tasks to queue
[2025-06-23T13:44:28.354+0000] {logging_mixin.py:190} INFO - [2025-06-23T13:44:28.353+0000] {dagbag.py:588} INFO - Filling up the DagBag from /home/airflow/.local/lib/python3.12/site-packages/airflow/example_dags/example_nested_branch_dag.py
[2025-06-23T13:44:28.378+0000] {processor.py:925} INFO - DAG(s) 'example_nested_branch_dag' retrieved from /home/airflow/.local/lib/python3.12/site-packages/airflow/example_dags/example_nested_branch_dag.py
[2025-06-23T13:44:28.427+0000] {logging_mixin.py:190} INFO - [2025-06-23T13:44:28.426+0000] {dag.py:3239} INFO - Sync 1 DAGs
[2025-06-23T13:44:28.490+0000] {logging_mixin.py:190} INFO - [2025-06-23T13:44:28.489+0000] {dag.py:4180} INFO - Setting next_dagrun for example_nested_branch_dag to 2025-06-22 00:00:00+00:00, run_after=2025-06-23 00:00:00+00:00
[2025-06-23T13:44:28.538+0000] {processor.py:208} INFO - Processing /home/airflow/.local/lib/python3.12/site-packages/airflow/example_dags/example_nested_branch_dag.py took 0.203 seconds
