[2025-06-23T13:41:05.350+0000] {processor.py:186} INFO - Started process (PID=116) to work on /home/airflow/.local/lib/python3.12/site-packages/airflow/example_dags/example_local_kubernetes_executor.py
[2025-06-23T13:41:05.351+0000] {processor.py:914} INFO - Processing file /home/airflow/.local/lib/python3.12/site-packages/airflow/example_dags/example_local_kubernetes_executor.py for tasks to queue
[2025-06-23T13:41:05.356+0000] {logging_mixin.py:190} INFO - [2025-06-23T13:41:05.355+0000] {dagbag.py:588} INFO - Filling up the DagBag from /home/airflow/.local/lib/python3.12/site-packages/airflow/example_dags/example_local_kubernetes_executor.py
[2025-06-23T13:41:05.374+0000] {processor.py:925} INFO - DAG(s) 'example_local_kubernetes_executor' retrieved from /home/airflow/.local/lib/python3.12/site-packages/airflow/example_dags/example_local_kubernetes_executor.py
[2025-06-23T13:41:05.547+0000] {logging_mixin.py:190} INFO - [2025-06-23T13:41:05.546+0000] {override.py:1911} INFO - Created Permission View: can read on DAG:example_local_kubernetes_executor
[2025-06-23T13:41:05.564+0000] {logging_mixin.py:190} INFO - [2025-06-23T13:41:05.564+0000] {override.py:1911} INFO - Created Permission View: can delete on DAG:example_local_kubernetes_executor
[2025-06-23T13:41:05.577+0000] {logging_mixin.py:190} INFO - [2025-06-23T13:41:05.577+0000] {override.py:1911} INFO - Created Permission View: can edit on DAG:example_local_kubernetes_executor
[2025-06-23T13:41:05.591+0000] {logging_mixin.py:190} INFO - [2025-06-23T13:41:05.590+0000] {override.py:1911} INFO - Created Permission View: can read on DAG Run:example_local_kubernetes_executor
[2025-06-23T13:41:05.602+0000] {logging_mixin.py:190} INFO - [2025-06-23T13:41:05.602+0000] {override.py:1911} INFO - Created Permission View: can create on DAG Run:example_local_kubernetes_executor
[2025-06-23T13:41:05.613+0000] {logging_mixin.py:190} INFO - [2025-06-23T13:41:05.613+0000] {override.py:1911} INFO - Created Permission View: can delete on DAG Run:example_local_kubernetes_executor
[2025-06-23T13:41:05.625+0000] {logging_mixin.py:190} INFO - [2025-06-23T13:41:05.625+0000] {override.py:1911} INFO - Created Permission View: menu access on DAG Run:example_local_kubernetes_executor
[2025-06-23T13:41:05.627+0000] {logging_mixin.py:190} INFO - [2025-06-23T13:41:05.627+0000] {dag.py:3239} INFO - Sync 1 DAGs
[2025-06-23T13:41:05.648+0000] {logging_mixin.py:190} INFO - [2025-06-23T13:41:05.648+0000] {dag.py:3262} INFO - Creating ORM DAG for example_local_kubernetes_executor
[2025-06-23T13:41:05.650+0000] {logging_mixin.py:190} INFO - [2025-06-23T13:41:05.650+0000] {dag.py:4180} INFO - Setting next_dagrun for example_local_kubernetes_executor to None, run_after=None
[2025-06-23T13:41:05.679+0000] {processor.py:208} INFO - Processing /home/airflow/.local/lib/python3.12/site-packages/airflow/example_dags/example_local_kubernetes_executor.py took 0.338 seconds
[2025-06-23T13:41:36.052+0000] {processor.py:186} INFO - Started process (PID=179) to work on /home/airflow/.local/lib/python3.12/site-packages/airflow/example_dags/example_local_kubernetes_executor.py
[2025-06-23T13:41:36.053+0000] {processor.py:914} INFO - Processing file /home/airflow/.local/lib/python3.12/site-packages/airflow/example_dags/example_local_kubernetes_executor.py for tasks to queue
[2025-06-23T13:41:36.057+0000] {logging_mixin.py:190} INFO - [2025-06-23T13:41:36.057+0000] {dagbag.py:588} INFO - Filling up the DagBag from /home/airflow/.local/lib/python3.12/site-packages/airflow/example_dags/example_local_kubernetes_executor.py
[2025-06-23T13:41:36.069+0000] {processor.py:925} INFO - DAG(s) 'example_local_kubernetes_executor' retrieved from /home/airflow/.local/lib/python3.12/site-packages/airflow/example_dags/example_local_kubernetes_executor.py
[2025-06-23T13:41:36.096+0000] {logging_mixin.py:190} INFO - [2025-06-23T13:41:36.096+0000] {dag.py:3239} INFO - Sync 1 DAGs
[2025-06-23T13:41:36.115+0000] {logging_mixin.py:190} INFO - [2025-06-23T13:41:36.115+0000] {dag.py:4180} INFO - Setting next_dagrun for example_local_kubernetes_executor to None, run_after=None
[2025-06-23T13:41:36.145+0000] {processor.py:208} INFO - Processing /home/airflow/.local/lib/python3.12/site-packages/airflow/example_dags/example_local_kubernetes_executor.py took 0.100 seconds
[2025-06-23T13:42:08.589+0000] {processor.py:186} INFO - Started process (PID=243) to work on /home/airflow/.local/lib/python3.12/site-packages/airflow/example_dags/example_local_kubernetes_executor.py
[2025-06-23T13:42:08.598+0000] {processor.py:914} INFO - Processing file /home/airflow/.local/lib/python3.12/site-packages/airflow/example_dags/example_local_kubernetes_executor.py for tasks to queue
[2025-06-23T13:42:08.607+0000] {logging_mixin.py:190} INFO - [2025-06-23T13:42:08.606+0000] {dagbag.py:588} INFO - Filling up the DagBag from /home/airflow/.local/lib/python3.12/site-packages/airflow/example_dags/example_local_kubernetes_executor.py
[2025-06-23T13:42:08.634+0000] {processor.py:925} INFO - DAG(s) 'example_local_kubernetes_executor' retrieved from /home/airflow/.local/lib/python3.12/site-packages/airflow/example_dags/example_local_kubernetes_executor.py
[2025-06-23T13:42:08.738+0000] {logging_mixin.py:190} INFO - [2025-06-23T13:42:08.738+0000] {dag.py:3239} INFO - Sync 1 DAGs
[2025-06-23T13:42:08.775+0000] {logging_mixin.py:190} INFO - [2025-06-23T13:42:08.775+0000] {dag.py:4180} INFO - Setting next_dagrun for example_local_kubernetes_executor to None, run_after=None
[2025-06-23T13:42:08.844+0000] {processor.py:208} INFO - Processing /home/airflow/.local/lib/python3.12/site-packages/airflow/example_dags/example_local_kubernetes_executor.py took 0.276 seconds
[2025-06-23T13:42:49.888+0000] {processor.py:186} INFO - Started process (PID=312) to work on /home/airflow/.local/lib/python3.12/site-packages/airflow/example_dags/example_local_kubernetes_executor.py
[2025-06-23T13:42:49.894+0000] {processor.py:914} INFO - Processing file /home/airflow/.local/lib/python3.12/site-packages/airflow/example_dags/example_local_kubernetes_executor.py for tasks to queue
[2025-06-23T13:42:49.904+0000] {logging_mixin.py:190} INFO - [2025-06-23T13:42:49.902+0000] {dagbag.py:588} INFO - Filling up the DagBag from /home/airflow/.local/lib/python3.12/site-packages/airflow/example_dags/example_local_kubernetes_executor.py
[2025-06-23T13:42:49.943+0000] {processor.py:925} INFO - DAG(s) 'example_local_kubernetes_executor' retrieved from /home/airflow/.local/lib/python3.12/site-packages/airflow/example_dags/example_local_kubernetes_executor.py
[2025-06-23T13:42:50.035+0000] {logging_mixin.py:190} INFO - [2025-06-23T13:42:50.034+0000] {dag.py:3239} INFO - Sync 1 DAGs
[2025-06-23T13:42:50.103+0000] {logging_mixin.py:190} INFO - [2025-06-23T13:42:50.102+0000] {dag.py:4180} INFO - Setting next_dagrun for example_local_kubernetes_executor to None, run_after=None
[2025-06-23T13:42:50.166+0000] {processor.py:208} INFO - Processing /home/airflow/.local/lib/python3.12/site-packages/airflow/example_dags/example_local_kubernetes_executor.py took 0.299 seconds
[2025-06-23T13:43:31.507+0000] {processor.py:186} INFO - Started process (PID=375) to work on /home/airflow/.local/lib/python3.12/site-packages/airflow/example_dags/example_local_kubernetes_executor.py
[2025-06-23T13:43:31.511+0000] {processor.py:914} INFO - Processing file /home/airflow/.local/lib/python3.12/site-packages/airflow/example_dags/example_local_kubernetes_executor.py for tasks to queue
[2025-06-23T13:43:31.515+0000] {logging_mixin.py:190} INFO - [2025-06-23T13:43:31.515+0000] {dagbag.py:588} INFO - Filling up the DagBag from /home/airflow/.local/lib/python3.12/site-packages/airflow/example_dags/example_local_kubernetes_executor.py
[2025-06-23T13:43:31.536+0000] {processor.py:925} INFO - DAG(s) 'example_local_kubernetes_executor' retrieved from /home/airflow/.local/lib/python3.12/site-packages/airflow/example_dags/example_local_kubernetes_executor.py
[2025-06-23T13:43:31.589+0000] {logging_mixin.py:190} INFO - [2025-06-23T13:43:31.588+0000] {dag.py:3239} INFO - Sync 1 DAGs
[2025-06-23T13:43:31.621+0000] {logging_mixin.py:190} INFO - [2025-06-23T13:43:31.621+0000] {dag.py:4180} INFO - Setting next_dagrun for example_local_kubernetes_executor to None, run_after=None
[2025-06-23T13:43:31.662+0000] {processor.py:208} INFO - Processing /home/airflow/.local/lib/python3.12/site-packages/airflow/example_dags/example_local_kubernetes_executor.py took 0.165 seconds
[2025-06-23T13:44:02.763+0000] {processor.py:186} INFO - Started process (PID=438) to work on /home/airflow/.local/lib/python3.12/site-packages/airflow/example_dags/example_local_kubernetes_executor.py
[2025-06-23T13:44:02.764+0000] {processor.py:914} INFO - Processing file /home/airflow/.local/lib/python3.12/site-packages/airflow/example_dags/example_local_kubernetes_executor.py for tasks to queue
[2025-06-23T13:44:02.769+0000] {logging_mixin.py:190} INFO - [2025-06-23T13:44:02.768+0000] {dagbag.py:588} INFO - Filling up the DagBag from /home/airflow/.local/lib/python3.12/site-packages/airflow/example_dags/example_local_kubernetes_executor.py
[2025-06-23T13:44:02.783+0000] {processor.py:925} INFO - DAG(s) 'example_local_kubernetes_executor' retrieved from /home/airflow/.local/lib/python3.12/site-packages/airflow/example_dags/example_local_kubernetes_executor.py
[2025-06-23T13:44:02.816+0000] {logging_mixin.py:190} INFO - [2025-06-23T13:44:02.816+0000] {dag.py:3239} INFO - Sync 1 DAGs
[2025-06-23T13:44:02.845+0000] {logging_mixin.py:190} INFO - [2025-06-23T13:44:02.844+0000] {dag.py:4180} INFO - Setting next_dagrun for example_local_kubernetes_executor to None, run_after=None
[2025-06-23T13:44:02.876+0000] {processor.py:208} INFO - Processing /home/airflow/.local/lib/python3.12/site-packages/airflow/example_dags/example_local_kubernetes_executor.py took 0.121 seconds
[2025-06-23T13:44:35.669+0000] {processor.py:186} INFO - Started process (PID=501) to work on /home/airflow/.local/lib/python3.12/site-packages/airflow/example_dags/example_local_kubernetes_executor.py
[2025-06-23T13:44:35.672+0000] {processor.py:914} INFO - Processing file /home/airflow/.local/lib/python3.12/site-packages/airflow/example_dags/example_local_kubernetes_executor.py for tasks to queue
[2025-06-23T13:44:35.679+0000] {logging_mixin.py:190} INFO - [2025-06-23T13:44:35.677+0000] {dagbag.py:588} INFO - Filling up the DagBag from /home/airflow/.local/lib/python3.12/site-packages/airflow/example_dags/example_local_kubernetes_executor.py
[2025-06-23T13:44:35.707+0000] {processor.py:925} INFO - DAG(s) 'example_local_kubernetes_executor' retrieved from /home/airflow/.local/lib/python3.12/site-packages/airflow/example_dags/example_local_kubernetes_executor.py
[2025-06-23T13:44:35.766+0000] {logging_mixin.py:190} INFO - [2025-06-23T13:44:35.765+0000] {dag.py:3239} INFO - Sync 1 DAGs
[2025-06-23T13:44:35.813+0000] {logging_mixin.py:190} INFO - [2025-06-23T13:44:35.812+0000] {dag.py:4180} INFO - Setting next_dagrun for example_local_kubernetes_executor to None, run_after=None
[2025-06-23T13:44:35.870+0000] {processor.py:208} INFO - Processing /home/airflow/.local/lib/python3.12/site-packages/airflow/example_dags/example_local_kubernetes_executor.py took 0.214 seconds
