[2025-06-23T13:40:57.904+0000] {processor.py:186} INFO - Started process (PID=91) to work on /home/airflow/.local/lib/python3.12/site-packages/airflow/example_dags/example_time_delta_sensor_async.py
[2025-06-23T13:40:57.906+0000] {processor.py:914} INFO - Processing file /home/airflow/.local/lib/python3.12/site-packages/airflow/example_dags/example_time_delta_sensor_async.py for tasks to queue
[2025-06-23T13:40:57.911+0000] {logging_mixin.py:190} INFO - [2025-06-23T13:40:57.910+0000] {dagbag.py:588} INFO - Filling up the DagBag from /home/airflow/.local/lib/python3.12/site-packages/airflow/example_dags/example_time_delta_sensor_async.py
[2025-06-23T13:40:57.929+0000] {processor.py:925} INFO - DAG(s) 'example_time_delta_sensor_async' retrieved from /home/airflow/.local/lib/python3.12/site-packages/airflow/example_dags/example_time_delta_sensor_async.py
[2025-06-23T13:40:58.230+0000] {logging_mixin.py:190} INFO - [2025-06-23T13:40:58.228+0000] {override.py:1911} INFO - Created Permission View: can read on DAG:example_time_delta_sensor_async
[2025-06-23T13:40:58.261+0000] {logging_mixin.py:190} INFO - [2025-06-23T13:40:58.260+0000] {override.py:1911} INFO - Created Permission View: can delete on DAG:example_time_delta_sensor_async
[2025-06-23T13:40:58.288+0000] {logging_mixin.py:190} INFO - [2025-06-23T13:40:58.287+0000] {override.py:1911} INFO - Created Permission View: can edit on DAG:example_time_delta_sensor_async
[2025-06-23T13:40:58.310+0000] {logging_mixin.py:190} INFO - [2025-06-23T13:40:58.309+0000] {override.py:1911} INFO - Created Permission View: can read on DAG Run:example_time_delta_sensor_async
[2025-06-23T13:40:58.337+0000] {logging_mixin.py:190} INFO - [2025-06-23T13:40:58.336+0000] {override.py:1911} INFO - Created Permission View: can create on DAG Run:example_time_delta_sensor_async
[2025-06-23T13:40:58.361+0000] {logging_mixin.py:190} INFO - [2025-06-23T13:40:58.360+0000] {override.py:1911} INFO - Created Permission View: can delete on DAG Run:example_time_delta_sensor_async
[2025-06-23T13:40:58.378+0000] {logging_mixin.py:190} INFO - [2025-06-23T13:40:58.378+0000] {override.py:1911} INFO - Created Permission View: menu access on DAG Run:example_time_delta_sensor_async
[2025-06-23T13:40:58.380+0000] {logging_mixin.py:190} INFO - [2025-06-23T13:40:58.380+0000] {dag.py:3239} INFO - Sync 1 DAGs
[2025-06-23T13:40:58.409+0000] {logging_mixin.py:190} INFO - [2025-06-23T13:40:58.409+0000] {dag.py:3262} INFO - Creating ORM DAG for example_time_delta_sensor_async
[2025-06-23T13:40:58.411+0000] {logging_mixin.py:190} INFO - [2025-06-23T13:40:58.411+0000] {dag.py:4180} INFO - Setting next_dagrun for example_time_delta_sensor_async to None, run_after=None
[2025-06-23T13:40:58.446+0000] {processor.py:208} INFO - Processing /home/airflow/.local/lib/python3.12/site-packages/airflow/example_dags/example_time_delta_sensor_async.py took 0.555 seconds
[2025-06-23T13:41:28.607+0000] {processor.py:186} INFO - Started process (PID=154) to work on /home/airflow/.local/lib/python3.12/site-packages/airflow/example_dags/example_time_delta_sensor_async.py
[2025-06-23T13:41:28.609+0000] {processor.py:914} INFO - Processing file /home/airflow/.local/lib/python3.12/site-packages/airflow/example_dags/example_time_delta_sensor_async.py for tasks to queue
[2025-06-23T13:41:28.614+0000] {logging_mixin.py:190} INFO - [2025-06-23T13:41:28.613+0000] {dagbag.py:588} INFO - Filling up the DagBag from /home/airflow/.local/lib/python3.12/site-packages/airflow/example_dags/example_time_delta_sensor_async.py
[2025-06-23T13:41:28.629+0000] {processor.py:925} INFO - DAG(s) 'example_time_delta_sensor_async' retrieved from /home/airflow/.local/lib/python3.12/site-packages/airflow/example_dags/example_time_delta_sensor_async.py
[2025-06-23T13:41:28.666+0000] {logging_mixin.py:190} INFO - [2025-06-23T13:41:28.666+0000] {dag.py:3239} INFO - Sync 1 DAGs
[2025-06-23T13:41:28.686+0000] {logging_mixin.py:190} INFO - [2025-06-23T13:41:28.686+0000] {dag.py:4180} INFO - Setting next_dagrun for example_time_delta_sensor_async to None, run_after=None
[2025-06-23T13:41:28.713+0000] {processor.py:208} INFO - Processing /home/airflow/.local/lib/python3.12/site-packages/airflow/example_dags/example_time_delta_sensor_async.py took 0.117 seconds
[2025-06-23T13:41:59.478+0000] {processor.py:186} INFO - Started process (PID=218) to work on /home/airflow/.local/lib/python3.12/site-packages/airflow/example_dags/example_time_delta_sensor_async.py
[2025-06-23T13:41:59.480+0000] {processor.py:914} INFO - Processing file /home/airflow/.local/lib/python3.12/site-packages/airflow/example_dags/example_time_delta_sensor_async.py for tasks to queue
[2025-06-23T13:41:59.487+0000] {logging_mixin.py:190} INFO - [2025-06-23T13:41:59.486+0000] {dagbag.py:588} INFO - Filling up the DagBag from /home/airflow/.local/lib/python3.12/site-packages/airflow/example_dags/example_time_delta_sensor_async.py
[2025-06-23T13:41:59.500+0000] {processor.py:925} INFO - DAG(s) 'example_time_delta_sensor_async' retrieved from /home/airflow/.local/lib/python3.12/site-packages/airflow/example_dags/example_time_delta_sensor_async.py
[2025-06-23T13:41:59.561+0000] {logging_mixin.py:190} INFO - [2025-06-23T13:41:59.561+0000] {dag.py:3239} INFO - Sync 1 DAGs
[2025-06-23T13:41:59.596+0000] {logging_mixin.py:190} INFO - [2025-06-23T13:41:59.595+0000] {dag.py:4180} INFO - Setting next_dagrun for example_time_delta_sensor_async to None, run_after=None
[2025-06-23T13:41:59.663+0000] {processor.py:208} INFO - Processing /home/airflow/.local/lib/python3.12/site-packages/airflow/example_dags/example_time_delta_sensor_async.py took 0.197 seconds
[2025-06-23T13:42:30.596+0000] {processor.py:186} INFO - Started process (PID=281) to work on /home/airflow/.local/lib/python3.12/site-packages/airflow/example_dags/example_time_delta_sensor_async.py
[2025-06-23T13:42:30.602+0000] {processor.py:914} INFO - Processing file /home/airflow/.local/lib/python3.12/site-packages/airflow/example_dags/example_time_delta_sensor_async.py for tasks to queue
[2025-06-23T13:42:30.609+0000] {logging_mixin.py:190} INFO - [2025-06-23T13:42:30.608+0000] {dagbag.py:588} INFO - Filling up the DagBag from /home/airflow/.local/lib/python3.12/site-packages/airflow/example_dags/example_time_delta_sensor_async.py
[2025-06-23T13:42:30.639+0000] {processor.py:925} INFO - DAG(s) 'example_time_delta_sensor_async' retrieved from /home/airflow/.local/lib/python3.12/site-packages/airflow/example_dags/example_time_delta_sensor_async.py
[2025-06-23T13:42:31.008+0000] {logging_mixin.py:190} INFO - [2025-06-23T13:42:31.005+0000] {dag.py:3239} INFO - Sync 1 DAGs
[2025-06-23T13:42:31.084+0000] {logging_mixin.py:190} INFO - [2025-06-23T13:42:31.081+0000] {dag.py:4180} INFO - Setting next_dagrun for example_time_delta_sensor_async to None, run_after=None
[2025-06-23T13:42:31.178+0000] {processor.py:208} INFO - Processing /home/airflow/.local/lib/python3.12/site-packages/airflow/example_dags/example_time_delta_sensor_async.py took 0.601 seconds
[2025-06-23T13:43:23.104+0000] {processor.py:186} INFO - Started process (PID=347) to work on /home/airflow/.local/lib/python3.12/site-packages/airflow/example_dags/example_time_delta_sensor_async.py
[2025-06-23T13:43:23.107+0000] {processor.py:914} INFO - Processing file /home/airflow/.local/lib/python3.12/site-packages/airflow/example_dags/example_time_delta_sensor_async.py for tasks to queue
[2025-06-23T13:43:23.114+0000] {logging_mixin.py:190} INFO - [2025-06-23T13:43:23.113+0000] {dagbag.py:588} INFO - Filling up the DagBag from /home/airflow/.local/lib/python3.12/site-packages/airflow/example_dags/example_time_delta_sensor_async.py
[2025-06-23T13:43:23.137+0000] {processor.py:925} INFO - DAG(s) 'example_time_delta_sensor_async' retrieved from /home/airflow/.local/lib/python3.12/site-packages/airflow/example_dags/example_time_delta_sensor_async.py
[2025-06-23T13:43:23.207+0000] {logging_mixin.py:190} INFO - [2025-06-23T13:43:23.206+0000] {dag.py:3239} INFO - Sync 1 DAGs
[2025-06-23T13:43:23.255+0000] {logging_mixin.py:190} INFO - [2025-06-23T13:43:23.253+0000] {dag.py:4180} INFO - Setting next_dagrun for example_time_delta_sensor_async to None, run_after=None
[2025-06-23T13:43:23.325+0000] {processor.py:208} INFO - Processing /home/airflow/.local/lib/python3.12/site-packages/airflow/example_dags/example_time_delta_sensor_async.py took 0.238 seconds
[2025-06-23T13:43:54.489+0000] {processor.py:186} INFO - Started process (PID=410) to work on /home/airflow/.local/lib/python3.12/site-packages/airflow/example_dags/example_time_delta_sensor_async.py
[2025-06-23T13:43:54.492+0000] {processor.py:914} INFO - Processing file /home/airflow/.local/lib/python3.12/site-packages/airflow/example_dags/example_time_delta_sensor_async.py for tasks to queue
[2025-06-23T13:43:54.499+0000] {logging_mixin.py:190} INFO - [2025-06-23T13:43:54.497+0000] {dagbag.py:588} INFO - Filling up the DagBag from /home/airflow/.local/lib/python3.12/site-packages/airflow/example_dags/example_time_delta_sensor_async.py
[2025-06-23T13:43:54.519+0000] {processor.py:925} INFO - DAG(s) 'example_time_delta_sensor_async' retrieved from /home/airflow/.local/lib/python3.12/site-packages/airflow/example_dags/example_time_delta_sensor_async.py
[2025-06-23T13:43:54.568+0000] {logging_mixin.py:190} INFO - [2025-06-23T13:43:54.567+0000] {dag.py:3239} INFO - Sync 1 DAGs
[2025-06-23T13:43:54.606+0000] {logging_mixin.py:190} INFO - [2025-06-23T13:43:54.605+0000] {dag.py:4180} INFO - Setting next_dagrun for example_time_delta_sensor_async to None, run_after=None
[2025-06-23T13:43:54.659+0000] {processor.py:208} INFO - Processing /home/airflow/.local/lib/python3.12/site-packages/airflow/example_dags/example_time_delta_sensor_async.py took 0.190 seconds
[2025-06-23T13:44:25.160+0000] {processor.py:186} INFO - Started process (PID=472) to work on /home/airflow/.local/lib/python3.12/site-packages/airflow/example_dags/example_time_delta_sensor_async.py
[2025-06-23T13:44:25.162+0000] {processor.py:914} INFO - Processing file /home/airflow/.local/lib/python3.12/site-packages/airflow/example_dags/example_time_delta_sensor_async.py for tasks to queue
[2025-06-23T13:44:25.168+0000] {logging_mixin.py:190} INFO - [2025-06-23T13:44:25.167+0000] {dagbag.py:588} INFO - Filling up the DagBag from /home/airflow/.local/lib/python3.12/site-packages/airflow/example_dags/example_time_delta_sensor_async.py
[2025-06-23T13:44:25.185+0000] {processor.py:925} INFO - DAG(s) 'example_time_delta_sensor_async' retrieved from /home/airflow/.local/lib/python3.12/site-packages/airflow/example_dags/example_time_delta_sensor_async.py
[2025-06-23T13:44:25.224+0000] {logging_mixin.py:190} INFO - [2025-06-23T13:44:25.224+0000] {dag.py:3239} INFO - Sync 1 DAGs
[2025-06-23T13:44:25.254+0000] {logging_mixin.py:190} INFO - [2025-06-23T13:44:25.253+0000] {dag.py:4180} INFO - Setting next_dagrun for example_time_delta_sensor_async to None, run_after=None
[2025-06-23T13:44:25.287+0000] {processor.py:208} INFO - Processing /home/airflow/.local/lib/python3.12/site-packages/airflow/example_dags/example_time_delta_sensor_async.py took 0.144 seconds
