[2025-06-23T13:40:59.219+0000] {processor.py:186} INFO - Started process (PID=96) to work on /home/airflow/.local/lib/python3.12/site-packages/airflow/example_dags/example_datasets.py
[2025-06-23T13:40:59.221+0000] {processor.py:914} INFO - Processing file /home/airflow/.local/lib/python3.12/site-packages/airflow/example_dags/example_datasets.py for tasks to queue
[2025-06-23T13:40:59.224+0000] {logging_mixin.py:190} INFO - [2025-06-23T13:40:59.224+0000] {dagbag.py:588} INFO - Filling up the DagBag from /home/airflow/.local/lib/python3.12/site-packages/airflow/example_dags/example_datasets.py
[2025-06-23T13:41:00.310+0000] {processor.py:925} INFO - DAG(s) 'consume_1_and_2_with_dataset_expressions', 'consume_1_or_both_2_and_3_with_dataset_expressions', 'dataset_consumes_unknown_never_scheduled', 'dataset_consumes_1_never_scheduled', 'dataset_consumes_1_and_2', 'dataset_produces_1', 'dataset_consumes_1', 'consume_1_or_2_with_dataset_expressions', 'conditional_dataset_and_time_based_timetable', 'dataset_produces_2' retrieved from /home/airflow/.local/lib/python3.12/site-packages/airflow/example_dags/example_datasets.py
[2025-06-23T13:41:00.498+0000] {logging_mixin.py:190} INFO - [2025-06-23T13:41:00.497+0000] {override.py:1911} INFO - Created Permission View: can read on DAG:consume_1_and_2_with_dataset_expressions
[2025-06-23T13:41:00.519+0000] {logging_mixin.py:190} INFO - [2025-06-23T13:41:00.518+0000] {override.py:1911} INFO - Created Permission View: can delete on DAG:consume_1_and_2_with_dataset_expressions
[2025-06-23T13:41:00.530+0000] {logging_mixin.py:190} INFO - [2025-06-23T13:41:00.530+0000] {override.py:1911} INFO - Created Permission View: can edit on DAG:consume_1_and_2_with_dataset_expressions
[2025-06-23T13:41:00.543+0000] {logging_mixin.py:190} INFO - [2025-06-23T13:41:00.543+0000] {override.py:1911} INFO - Created Permission View: can read on DAG Run:consume_1_and_2_with_dataset_expressions
[2025-06-23T13:41:00.556+0000] {logging_mixin.py:190} INFO - [2025-06-23T13:41:00.556+0000] {override.py:1911} INFO - Created Permission View: can create on DAG Run:consume_1_and_2_with_dataset_expressions
[2025-06-23T13:41:00.570+0000] {logging_mixin.py:190} INFO - [2025-06-23T13:41:00.569+0000] {override.py:1911} INFO - Created Permission View: can delete on DAG Run:consume_1_and_2_with_dataset_expressions
[2025-06-23T13:41:00.582+0000] {logging_mixin.py:190} INFO - [2025-06-23T13:41:00.582+0000] {override.py:1911} INFO - Created Permission View: menu access on DAG Run:consume_1_and_2_with_dataset_expressions
[2025-06-23T13:41:00.605+0000] {logging_mixin.py:190} INFO - [2025-06-23T13:41:00.605+0000] {override.py:1911} INFO - Created Permission View: can read on DAG:consume_1_or_both_2_and_3_with_dataset_expressions
[2025-06-23T13:41:00.618+0000] {logging_mixin.py:190} INFO - [2025-06-23T13:41:00.618+0000] {override.py:1911} INFO - Created Permission View: can delete on DAG:consume_1_or_both_2_and_3_with_dataset_expressions
[2025-06-23T13:41:00.630+0000] {logging_mixin.py:190} INFO - [2025-06-23T13:41:00.630+0000] {override.py:1911} INFO - Created Permission View: can edit on DAG:consume_1_or_both_2_and_3_with_dataset_expressions
[2025-06-23T13:41:00.645+0000] {logging_mixin.py:190} INFO - [2025-06-23T13:41:00.644+0000] {override.py:1911} INFO - Created Permission View: can read on DAG Run:consume_1_or_both_2_and_3_with_dataset_expressions
[2025-06-23T13:41:00.657+0000] {logging_mixin.py:190} INFO - [2025-06-23T13:41:00.656+0000] {override.py:1911} INFO - Created Permission View: can create on DAG Run:consume_1_or_both_2_and_3_with_dataset_expressions
[2025-06-23T13:41:00.669+0000] {logging_mixin.py:190} INFO - [2025-06-23T13:41:00.669+0000] {override.py:1911} INFO - Created Permission View: can delete on DAG Run:consume_1_or_both_2_and_3_with_dataset_expressions
[2025-06-23T13:41:00.681+0000] {logging_mixin.py:190} INFO - [2025-06-23T13:41:00.680+0000] {override.py:1911} INFO - Created Permission View: menu access on DAG Run:consume_1_or_both_2_and_3_with_dataset_expressions
[2025-06-23T13:41:00.706+0000] {logging_mixin.py:190} INFO - [2025-06-23T13:41:00.705+0000] {override.py:1911} INFO - Created Permission View: can read on DAG:dataset_consumes_unknown_never_scheduled
[2025-06-23T13:41:00.719+0000] {logging_mixin.py:190} INFO - [2025-06-23T13:41:00.718+0000] {override.py:1911} INFO - Created Permission View: can delete on DAG:dataset_consumes_unknown_never_scheduled
[2025-06-23T13:41:00.733+0000] {logging_mixin.py:190} INFO - [2025-06-23T13:41:00.733+0000] {override.py:1911} INFO - Created Permission View: can edit on DAG:dataset_consumes_unknown_never_scheduled
[2025-06-23T13:41:00.748+0000] {logging_mixin.py:190} INFO - [2025-06-23T13:41:00.748+0000] {override.py:1911} INFO - Created Permission View: can read on DAG Run:dataset_consumes_unknown_never_scheduled
[2025-06-23T13:41:00.761+0000] {logging_mixin.py:190} INFO - [2025-06-23T13:41:00.761+0000] {override.py:1911} INFO - Created Permission View: can create on DAG Run:dataset_consumes_unknown_never_scheduled
[2025-06-23T13:41:00.776+0000] {logging_mixin.py:190} INFO - [2025-06-23T13:41:00.776+0000] {override.py:1911} INFO - Created Permission View: can delete on DAG Run:dataset_consumes_unknown_never_scheduled
[2025-06-23T13:41:00.792+0000] {logging_mixin.py:190} INFO - [2025-06-23T13:41:00.791+0000] {override.py:1911} INFO - Created Permission View: menu access on DAG Run:dataset_consumes_unknown_never_scheduled
[2025-06-23T13:41:00.816+0000] {logging_mixin.py:190} INFO - [2025-06-23T13:41:00.815+0000] {override.py:1911} INFO - Created Permission View: can read on DAG:dataset_consumes_1_never_scheduled
[2025-06-23T13:41:00.829+0000] {logging_mixin.py:190} INFO - [2025-06-23T13:41:00.828+0000] {override.py:1911} INFO - Created Permission View: can delete on DAG:dataset_consumes_1_never_scheduled
[2025-06-23T13:41:00.842+0000] {logging_mixin.py:190} INFO - [2025-06-23T13:41:00.841+0000] {override.py:1911} INFO - Created Permission View: can edit on DAG:dataset_consumes_1_never_scheduled
[2025-06-23T13:41:00.854+0000] {logging_mixin.py:190} INFO - [2025-06-23T13:41:00.853+0000] {override.py:1911} INFO - Created Permission View: can read on DAG Run:dataset_consumes_1_never_scheduled
[2025-06-23T13:41:00.867+0000] {logging_mixin.py:190} INFO - [2025-06-23T13:41:00.867+0000] {override.py:1911} INFO - Created Permission View: can create on DAG Run:dataset_consumes_1_never_scheduled
[2025-06-23T13:41:00.879+0000] {logging_mixin.py:190} INFO - [2025-06-23T13:41:00.879+0000] {override.py:1911} INFO - Created Permission View: can delete on DAG Run:dataset_consumes_1_never_scheduled
[2025-06-23T13:41:00.891+0000] {logging_mixin.py:190} INFO - [2025-06-23T13:41:00.890+0000] {override.py:1911} INFO - Created Permission View: menu access on DAG Run:dataset_consumes_1_never_scheduled
[2025-06-23T13:41:00.912+0000] {logging_mixin.py:190} INFO - [2025-06-23T13:41:00.912+0000] {override.py:1911} INFO - Created Permission View: can read on DAG:dataset_consumes_1_and_2
[2025-06-23T13:41:00.925+0000] {logging_mixin.py:190} INFO - [2025-06-23T13:41:00.925+0000] {override.py:1911} INFO - Created Permission View: can delete on DAG:dataset_consumes_1_and_2
[2025-06-23T13:41:00.939+0000] {logging_mixin.py:190} INFO - [2025-06-23T13:41:00.938+0000] {override.py:1911} INFO - Created Permission View: can edit on DAG:dataset_consumes_1_and_2
[2025-06-23T13:41:00.954+0000] {logging_mixin.py:190} INFO - [2025-06-23T13:41:00.953+0000] {override.py:1911} INFO - Created Permission View: can read on DAG Run:dataset_consumes_1_and_2
[2025-06-23T13:41:00.968+0000] {logging_mixin.py:190} INFO - [2025-06-23T13:41:00.967+0000] {override.py:1911} INFO - Created Permission View: can create on DAG Run:dataset_consumes_1_and_2
[2025-06-23T13:41:00.986+0000] {logging_mixin.py:190} INFO - [2025-06-23T13:41:00.986+0000] {override.py:1911} INFO - Created Permission View: can delete on DAG Run:dataset_consumes_1_and_2
[2025-06-23T13:41:01.001+0000] {logging_mixin.py:190} INFO - [2025-06-23T13:41:01.001+0000] {override.py:1911} INFO - Created Permission View: menu access on DAG Run:dataset_consumes_1_and_2
[2025-06-23T13:41:01.026+0000] {logging_mixin.py:190} INFO - [2025-06-23T13:41:01.026+0000] {override.py:1911} INFO - Created Permission View: can read on DAG:dataset_produces_1
[2025-06-23T13:41:01.039+0000] {logging_mixin.py:190} INFO - [2025-06-23T13:41:01.038+0000] {override.py:1911} INFO - Created Permission View: can delete on DAG:dataset_produces_1
[2025-06-23T13:41:01.052+0000] {logging_mixin.py:190} INFO - [2025-06-23T13:41:01.051+0000] {override.py:1911} INFO - Created Permission View: can edit on DAG:dataset_produces_1
[2025-06-23T13:41:01.066+0000] {logging_mixin.py:190} INFO - [2025-06-23T13:41:01.065+0000] {override.py:1911} INFO - Created Permission View: can read on DAG Run:dataset_produces_1
[2025-06-23T13:41:01.078+0000] {logging_mixin.py:190} INFO - [2025-06-23T13:41:01.077+0000] {override.py:1911} INFO - Created Permission View: can create on DAG Run:dataset_produces_1
[2025-06-23T13:41:01.091+0000] {logging_mixin.py:190} INFO - [2025-06-23T13:41:01.090+0000] {override.py:1911} INFO - Created Permission View: can delete on DAG Run:dataset_produces_1
[2025-06-23T13:41:01.103+0000] {logging_mixin.py:190} INFO - [2025-06-23T13:41:01.102+0000] {override.py:1911} INFO - Created Permission View: menu access on DAG Run:dataset_produces_1
[2025-06-23T13:41:01.123+0000] {logging_mixin.py:190} INFO - [2025-06-23T13:41:01.123+0000] {override.py:1911} INFO - Created Permission View: can read on DAG:dataset_consumes_1
[2025-06-23T13:41:01.134+0000] {logging_mixin.py:190} INFO - [2025-06-23T13:41:01.133+0000] {override.py:1911} INFO - Created Permission View: can delete on DAG:dataset_consumes_1
[2025-06-23T13:41:01.147+0000] {logging_mixin.py:190} INFO - [2025-06-23T13:41:01.146+0000] {override.py:1911} INFO - Created Permission View: can edit on DAG:dataset_consumes_1
[2025-06-23T13:41:01.159+0000] {logging_mixin.py:190} INFO - [2025-06-23T13:41:01.159+0000] {override.py:1911} INFO - Created Permission View: can read on DAG Run:dataset_consumes_1
[2025-06-23T13:41:01.172+0000] {logging_mixin.py:190} INFO - [2025-06-23T13:41:01.172+0000] {override.py:1911} INFO - Created Permission View: can create on DAG Run:dataset_consumes_1
[2025-06-23T13:41:01.184+0000] {logging_mixin.py:190} INFO - [2025-06-23T13:41:01.183+0000] {override.py:1911} INFO - Created Permission View: can delete on DAG Run:dataset_consumes_1
[2025-06-23T13:41:01.195+0000] {logging_mixin.py:190} INFO - [2025-06-23T13:41:01.195+0000] {override.py:1911} INFO - Created Permission View: menu access on DAG Run:dataset_consumes_1
[2025-06-23T13:41:01.222+0000] {logging_mixin.py:190} INFO - [2025-06-23T13:41:01.221+0000] {override.py:1911} INFO - Created Permission View: can read on DAG:consume_1_or_2_with_dataset_expressions
[2025-06-23T13:41:01.236+0000] {logging_mixin.py:190} INFO - [2025-06-23T13:41:01.236+0000] {override.py:1911} INFO - Created Permission View: can delete on DAG:consume_1_or_2_with_dataset_expressions
[2025-06-23T13:41:01.248+0000] {logging_mixin.py:190} INFO - [2025-06-23T13:41:01.248+0000] {override.py:1911} INFO - Created Permission View: can edit on DAG:consume_1_or_2_with_dataset_expressions
[2025-06-23T13:41:01.262+0000] {logging_mixin.py:190} INFO - [2025-06-23T13:41:01.261+0000] {override.py:1911} INFO - Created Permission View: can read on DAG Run:consume_1_or_2_with_dataset_expressions
[2025-06-23T13:41:01.273+0000] {logging_mixin.py:190} INFO - [2025-06-23T13:41:01.273+0000] {override.py:1911} INFO - Created Permission View: can create on DAG Run:consume_1_or_2_with_dataset_expressions
[2025-06-23T13:41:01.287+0000] {logging_mixin.py:190} INFO - [2025-06-23T13:41:01.287+0000] {override.py:1911} INFO - Created Permission View: can delete on DAG Run:consume_1_or_2_with_dataset_expressions
[2025-06-23T13:41:01.302+0000] {logging_mixin.py:190} INFO - [2025-06-23T13:41:01.301+0000] {override.py:1911} INFO - Created Permission View: menu access on DAG Run:consume_1_or_2_with_dataset_expressions
[2025-06-23T13:41:01.323+0000] {logging_mixin.py:190} INFO - [2025-06-23T13:41:01.323+0000] {override.py:1911} INFO - Created Permission View: can read on DAG:conditional_dataset_and_time_based_timetable
[2025-06-23T13:41:01.337+0000] {logging_mixin.py:190} INFO - [2025-06-23T13:41:01.336+0000] {override.py:1911} INFO - Created Permission View: can delete on DAG:conditional_dataset_and_time_based_timetable
[2025-06-23T13:41:01.349+0000] {logging_mixin.py:190} INFO - [2025-06-23T13:41:01.348+0000] {override.py:1911} INFO - Created Permission View: can edit on DAG:conditional_dataset_and_time_based_timetable
[2025-06-23T13:41:01.363+0000] {logging_mixin.py:190} INFO - [2025-06-23T13:41:01.363+0000] {override.py:1911} INFO - Created Permission View: can read on DAG Run:conditional_dataset_and_time_based_timetable
[2025-06-23T13:41:01.377+0000] {logging_mixin.py:190} INFO - [2025-06-23T13:41:01.376+0000] {override.py:1911} INFO - Created Permission View: can create on DAG Run:conditional_dataset_and_time_based_timetable
[2025-06-23T13:41:01.389+0000] {logging_mixin.py:190} INFO - [2025-06-23T13:41:01.389+0000] {override.py:1911} INFO - Created Permission View: can delete on DAG Run:conditional_dataset_and_time_based_timetable
[2025-06-23T13:41:01.401+0000] {logging_mixin.py:190} INFO - [2025-06-23T13:41:01.401+0000] {override.py:1911} INFO - Created Permission View: menu access on DAG Run:conditional_dataset_and_time_based_timetable
[2025-06-23T13:41:01.424+0000] {logging_mixin.py:190} INFO - [2025-06-23T13:41:01.424+0000] {override.py:1911} INFO - Created Permission View: can read on DAG:dataset_produces_2
[2025-06-23T13:41:01.436+0000] {logging_mixin.py:190} INFO - [2025-06-23T13:41:01.436+0000] {override.py:1911} INFO - Created Permission View: can delete on DAG:dataset_produces_2
[2025-06-23T13:41:01.449+0000] {logging_mixin.py:190} INFO - [2025-06-23T13:41:01.448+0000] {override.py:1911} INFO - Created Permission View: can edit on DAG:dataset_produces_2
[2025-06-23T13:41:01.462+0000] {logging_mixin.py:190} INFO - [2025-06-23T13:41:01.462+0000] {override.py:1911} INFO - Created Permission View: can read on DAG Run:dataset_produces_2
[2025-06-23T13:41:01.475+0000] {logging_mixin.py:190} INFO - [2025-06-23T13:41:01.475+0000] {override.py:1911} INFO - Created Permission View: can create on DAG Run:dataset_produces_2
[2025-06-23T13:41:01.489+0000] {logging_mixin.py:190} INFO - [2025-06-23T13:41:01.488+0000] {override.py:1911} INFO - Created Permission View: can delete on DAG Run:dataset_produces_2
[2025-06-23T13:41:01.502+0000] {logging_mixin.py:190} INFO - [2025-06-23T13:41:01.501+0000] {override.py:1911} INFO - Created Permission View: menu access on DAG Run:dataset_produces_2
[2025-06-23T13:41:01.503+0000] {logging_mixin.py:190} INFO - [2025-06-23T13:41:01.503+0000] {dag.py:3239} INFO - Sync 10 DAGs
[2025-06-23T13:41:01.524+0000] {logging_mixin.py:190} INFO - [2025-06-23T13:41:01.523+0000] {dag.py:3262} INFO - Creating ORM DAG for consume_1_or_both_2_and_3_with_dataset_expressions
[2025-06-23T13:41:01.525+0000] {logging_mixin.py:190} INFO - [2025-06-23T13:41:01.525+0000] {dag.py:3262} INFO - Creating ORM DAG for consume_1_or_2_with_dataset_expressions
[2025-06-23T13:41:01.527+0000] {logging_mixin.py:190} INFO - [2025-06-23T13:41:01.526+0000] {dag.py:3262} INFO - Creating ORM DAG for dataset_consumes_unknown_never_scheduled
[2025-06-23T13:41:01.528+0000] {logging_mixin.py:190} INFO - [2025-06-23T13:41:01.528+0000] {dag.py:3262} INFO - Creating ORM DAG for dataset_consumes_1
[2025-06-23T13:41:01.530+0000] {logging_mixin.py:190} INFO - [2025-06-23T13:41:01.530+0000] {dag.py:3262} INFO - Creating ORM DAG for conditional_dataset_and_time_based_timetable
[2025-06-23T13:41:01.533+0000] {logging_mixin.py:190} INFO - [2025-06-23T13:41:01.532+0000] {dag.py:3262} INFO - Creating ORM DAG for dataset_consumes_1_and_2
[2025-06-23T13:41:01.534+0000] {logging_mixin.py:190} INFO - [2025-06-23T13:41:01.534+0000] {dag.py:3262} INFO - Creating ORM DAG for dataset_consumes_1_never_scheduled
[2025-06-23T13:41:01.536+0000] {logging_mixin.py:190} INFO - [2025-06-23T13:41:01.536+0000] {dag.py:3262} INFO - Creating ORM DAG for dataset_produces_2
[2025-06-23T13:41:01.538+0000] {logging_mixin.py:190} INFO - [2025-06-23T13:41:01.537+0000] {dag.py:3262} INFO - Creating ORM DAG for consume_1_and_2_with_dataset_expressions
[2025-06-23T13:41:01.539+0000] {logging_mixin.py:190} INFO - [2025-06-23T13:41:01.539+0000] {dag.py:3262} INFO - Creating ORM DAG for dataset_produces_1
[2025-06-23T13:41:01.556+0000] {logging_mixin.py:190} INFO - [2025-06-23T13:41:01.555+0000] {dag.py:4180} INFO - Setting next_dagrun for conditional_dataset_and_time_based_timetable to 2025-06-18 01:00:00+00:00, run_after=2025-06-18 01:00:00+00:00
[2025-06-23T13:41:01.558+0000] {logging_mixin.py:190} INFO - [2025-06-23T13:41:01.557+0000] {dag.py:4180} INFO - Setting next_dagrun for consume_1_and_2_with_dataset_expressions to None, run_after=None
[2025-06-23T13:41:01.559+0000] {logging_mixin.py:190} INFO - [2025-06-23T13:41:01.559+0000] {dag.py:4180} INFO - Setting next_dagrun for consume_1_or_2_with_dataset_expressions to None, run_after=None
[2025-06-23T13:41:01.560+0000] {logging_mixin.py:190} INFO - [2025-06-23T13:41:01.560+0000] {dag.py:4180} INFO - Setting next_dagrun for consume_1_or_both_2_and_3_with_dataset_expressions to None, run_after=None
[2025-06-23T13:41:01.562+0000] {logging_mixin.py:190} INFO - [2025-06-23T13:41:01.562+0000] {dag.py:4180} INFO - Setting next_dagrun for dataset_consumes_1 to None, run_after=None
[2025-06-23T13:41:01.564+0000] {logging_mixin.py:190} INFO - [2025-06-23T13:41:01.564+0000] {dag.py:4180} INFO - Setting next_dagrun for dataset_consumes_1_and_2 to None, run_after=None
[2025-06-23T13:41:01.568+0000] {logging_mixin.py:190} INFO - [2025-06-23T13:41:01.568+0000] {dag.py:4180} INFO - Setting next_dagrun for dataset_consumes_1_never_scheduled to None, run_after=None
[2025-06-23T13:41:01.570+0000] {logging_mixin.py:190} INFO - [2025-06-23T13:41:01.569+0000] {dag.py:4180} INFO - Setting next_dagrun for dataset_consumes_unknown_never_scheduled to None, run_after=None
[2025-06-23T13:41:01.573+0000] {logging_mixin.py:190} INFO - [2025-06-23T13:41:01.573+0000] {dag.py:4180} INFO - Setting next_dagrun for dataset_produces_1 to 2025-06-22 00:00:00+00:00, run_after=2025-06-23 00:00:00+00:00
[2025-06-23T13:41:01.574+0000] {logging_mixin.py:190} INFO - [2025-06-23T13:41:01.574+0000] {dag.py:4180} INFO - Setting next_dagrun for dataset_produces_2 to None, run_after=None
[2025-06-23T13:41:01.664+0000] {processor.py:208} INFO - Processing /home/airflow/.local/lib/python3.12/site-packages/airflow/example_dags/example_datasets.py took 2.454 seconds
[2025-06-23T13:41:32.226+0000] {processor.py:186} INFO - Started process (PID=162) to work on /home/airflow/.local/lib/python3.12/site-packages/airflow/example_dags/example_datasets.py
[2025-06-23T13:41:32.227+0000] {processor.py:914} INFO - Processing file /home/airflow/.local/lib/python3.12/site-packages/airflow/example_dags/example_datasets.py for tasks to queue
[2025-06-23T13:41:32.230+0000] {logging_mixin.py:190} INFO - [2025-06-23T13:41:32.230+0000] {dagbag.py:588} INFO - Filling up the DagBag from /home/airflow/.local/lib/python3.12/site-packages/airflow/example_dags/example_datasets.py
[2025-06-23T13:41:33.002+0000] {processor.py:925} INFO - DAG(s) 'dataset_produces_1', 'consume_1_or_2_with_dataset_expressions', 'consume_1_and_2_with_dataset_expressions', 'dataset_consumes_unknown_never_scheduled', 'conditional_dataset_and_time_based_timetable', 'dataset_consumes_1_never_scheduled', 'dataset_produces_2', 'consume_1_or_both_2_and_3_with_dataset_expressions', 'dataset_consumes_1_and_2', 'dataset_consumes_1' retrieved from /home/airflow/.local/lib/python3.12/site-packages/airflow/example_dags/example_datasets.py
[2025-06-23T13:41:33.062+0000] {logging_mixin.py:190} INFO - [2025-06-23T13:41:33.062+0000] {dag.py:3239} INFO - Sync 10 DAGs
[2025-06-23T13:41:33.093+0000] {logging_mixin.py:190} INFO - [2025-06-23T13:41:33.093+0000] {dag.py:4180} INFO - Setting next_dagrun for conditional_dataset_and_time_based_timetable to 2025-06-18 01:00:00+00:00, run_after=2025-06-18 01:00:00+00:00
[2025-06-23T13:41:33.100+0000] {logging_mixin.py:190} INFO - [2025-06-23T13:41:33.099+0000] {dag.py:4180} INFO - Setting next_dagrun for consume_1_and_2_with_dataset_expressions to None, run_after=None
[2025-06-23T13:41:33.102+0000] {logging_mixin.py:190} INFO - [2025-06-23T13:41:33.102+0000] {dag.py:4180} INFO - Setting next_dagrun for consume_1_or_2_with_dataset_expressions to None, run_after=None
[2025-06-23T13:41:33.105+0000] {logging_mixin.py:190} INFO - [2025-06-23T13:41:33.105+0000] {dag.py:4180} INFO - Setting next_dagrun for consume_1_or_both_2_and_3_with_dataset_expressions to None, run_after=None
[2025-06-23T13:41:33.107+0000] {logging_mixin.py:190} INFO - [2025-06-23T13:41:33.107+0000] {dag.py:4180} INFO - Setting next_dagrun for dataset_consumes_1 to None, run_after=None
[2025-06-23T13:41:33.110+0000] {logging_mixin.py:190} INFO - [2025-06-23T13:41:33.110+0000] {dag.py:4180} INFO - Setting next_dagrun for dataset_consumes_1_and_2 to None, run_after=None
[2025-06-23T13:41:33.113+0000] {logging_mixin.py:190} INFO - [2025-06-23T13:41:33.113+0000] {dag.py:4180} INFO - Setting next_dagrun for dataset_consumes_1_never_scheduled to None, run_after=None
[2025-06-23T13:41:33.115+0000] {logging_mixin.py:190} INFO - [2025-06-23T13:41:33.115+0000] {dag.py:4180} INFO - Setting next_dagrun for dataset_consumes_unknown_never_scheduled to None, run_after=None
[2025-06-23T13:41:33.118+0000] {logging_mixin.py:190} INFO - [2025-06-23T13:41:33.118+0000] {dag.py:4180} INFO - Setting next_dagrun for dataset_produces_1 to 2025-06-22 00:00:00+00:00, run_after=2025-06-23 00:00:00+00:00
[2025-06-23T13:41:33.120+0000] {logging_mixin.py:190} INFO - [2025-06-23T13:41:33.120+0000] {dag.py:4180} INFO - Setting next_dagrun for dataset_produces_2 to None, run_after=None
[2025-06-23T13:41:33.169+0000] {processor.py:208} INFO - Processing /home/airflow/.local/lib/python3.12/site-packages/airflow/example_dags/example_datasets.py took 0.949 seconds
[2025-06-23T13:42:04.946+0000] {processor.py:186} INFO - Started process (PID=231) to work on /home/airflow/.local/lib/python3.12/site-packages/airflow/example_dags/example_datasets.py
[2025-06-23T13:42:04.947+0000] {processor.py:914} INFO - Processing file /home/airflow/.local/lib/python3.12/site-packages/airflow/example_dags/example_datasets.py for tasks to queue
[2025-06-23T13:42:04.954+0000] {logging_mixin.py:190} INFO - [2025-06-23T13:42:04.953+0000] {dagbag.py:588} INFO - Filling up the DagBag from /home/airflow/.local/lib/python3.12/site-packages/airflow/example_dags/example_datasets.py
[2025-06-23T13:42:07.486+0000] {processor.py:925} INFO - DAG(s) 'consume_1_or_2_with_dataset_expressions', 'conditional_dataset_and_time_based_timetable', 'consume_1_or_both_2_and_3_with_dataset_expressions', 'consume_1_and_2_with_dataset_expressions', 'dataset_consumes_1_and_2', 'dataset_consumes_unknown_never_scheduled', 'dataset_consumes_1', 'dataset_produces_1', 'dataset_consumes_1_never_scheduled', 'dataset_produces_2' retrieved from /home/airflow/.local/lib/python3.12/site-packages/airflow/example_dags/example_datasets.py
[2025-06-23T13:42:07.582+0000] {logging_mixin.py:190} INFO - [2025-06-23T13:42:07.582+0000] {dag.py:3239} INFO - Sync 10 DAGs
[2025-06-23T13:42:07.640+0000] {logging_mixin.py:190} INFO - [2025-06-23T13:42:07.639+0000] {dag.py:4180} INFO - Setting next_dagrun for conditional_dataset_and_time_based_timetable to 2025-06-18 01:00:00+00:00, run_after=2025-06-18 01:00:00+00:00
[2025-06-23T13:42:07.649+0000] {logging_mixin.py:190} INFO - [2025-06-23T13:42:07.648+0000] {dag.py:4180} INFO - Setting next_dagrun for consume_1_and_2_with_dataset_expressions to None, run_after=None
[2025-06-23T13:42:07.653+0000] {logging_mixin.py:190} INFO - [2025-06-23T13:42:07.653+0000] {dag.py:4180} INFO - Setting next_dagrun for consume_1_or_2_with_dataset_expressions to None, run_after=None
[2025-06-23T13:42:07.657+0000] {logging_mixin.py:190} INFO - [2025-06-23T13:42:07.656+0000] {dag.py:4180} INFO - Setting next_dagrun for consume_1_or_both_2_and_3_with_dataset_expressions to None, run_after=None
[2025-06-23T13:42:07.660+0000] {logging_mixin.py:190} INFO - [2025-06-23T13:42:07.660+0000] {dag.py:4180} INFO - Setting next_dagrun for dataset_consumes_1 to None, run_after=None
[2025-06-23T13:42:07.664+0000] {logging_mixin.py:190} INFO - [2025-06-23T13:42:07.663+0000] {dag.py:4180} INFO - Setting next_dagrun for dataset_consumes_1_and_2 to None, run_after=None
[2025-06-23T13:42:07.667+0000] {logging_mixin.py:190} INFO - [2025-06-23T13:42:07.666+0000] {dag.py:4180} INFO - Setting next_dagrun for dataset_consumes_1_never_scheduled to None, run_after=None
[2025-06-23T13:42:07.669+0000] {logging_mixin.py:190} INFO - [2025-06-23T13:42:07.669+0000] {dag.py:4180} INFO - Setting next_dagrun for dataset_consumes_unknown_never_scheduled to None, run_after=None
[2025-06-23T13:42:07.674+0000] {logging_mixin.py:190} INFO - [2025-06-23T13:42:07.674+0000] {dag.py:4180} INFO - Setting next_dagrun for dataset_produces_1 to 2025-06-22 00:00:00+00:00, run_after=2025-06-23 00:00:00+00:00
[2025-06-23T13:42:07.677+0000] {logging_mixin.py:190} INFO - [2025-06-23T13:42:07.677+0000] {dag.py:4180} INFO - Setting next_dagrun for dataset_produces_2 to None, run_after=None
[2025-06-23T13:42:07.745+0000] {processor.py:208} INFO - Processing /home/airflow/.local/lib/python3.12/site-packages/airflow/example_dags/example_datasets.py took 2.807 seconds
[2025-06-23T13:42:41.350+0000] {processor.py:186} INFO - Started process (PID=299) to work on /home/airflow/.local/lib/python3.12/site-packages/airflow/example_dags/example_datasets.py
[2025-06-23T13:42:41.354+0000] {processor.py:914} INFO - Processing file /home/airflow/.local/lib/python3.12/site-packages/airflow/example_dags/example_datasets.py for tasks to queue
[2025-06-23T13:42:41.361+0000] {logging_mixin.py:190} INFO - [2025-06-23T13:42:41.360+0000] {dagbag.py:588} INFO - Filling up the DagBag from /home/airflow/.local/lib/python3.12/site-packages/airflow/example_dags/example_datasets.py
[2025-06-23T13:42:46.615+0000] {processor.py:925} INFO - DAG(s) 'dataset_consumes_unknown_never_scheduled', 'dataset_consumes_1_never_scheduled', 'dataset_produces_2', 'dataset_consumes_1_and_2', 'dataset_consumes_1', 'consume_1_and_2_with_dataset_expressions', 'consume_1_or_both_2_and_3_with_dataset_expressions', 'dataset_produces_1', 'consume_1_or_2_with_dataset_expressions', 'conditional_dataset_and_time_based_timetable' retrieved from /home/airflow/.local/lib/python3.12/site-packages/airflow/example_dags/example_datasets.py
[2025-06-23T13:42:46.971+0000] {logging_mixin.py:190} INFO - [2025-06-23T13:42:46.966+0000] {dag.py:3239} INFO - Sync 10 DAGs
[2025-06-23T13:42:47.101+0000] {logging_mixin.py:190} INFO - [2025-06-23T13:42:47.099+0000] {dag.py:4180} INFO - Setting next_dagrun for conditional_dataset_and_time_based_timetable to 2025-06-18 01:00:00+00:00, run_after=2025-06-18 01:00:00+00:00
[2025-06-23T13:42:47.121+0000] {logging_mixin.py:190} INFO - [2025-06-23T13:42:47.120+0000] {dag.py:4180} INFO - Setting next_dagrun for consume_1_and_2_with_dataset_expressions to None, run_after=None
[2025-06-23T13:42:47.128+0000] {logging_mixin.py:190} INFO - [2025-06-23T13:42:47.128+0000] {dag.py:4180} INFO - Setting next_dagrun for consume_1_or_2_with_dataset_expressions to None, run_after=None
[2025-06-23T13:42:47.134+0000] {logging_mixin.py:190} INFO - [2025-06-23T13:42:47.134+0000] {dag.py:4180} INFO - Setting next_dagrun for consume_1_or_both_2_and_3_with_dataset_expressions to None, run_after=None
[2025-06-23T13:42:47.143+0000] {logging_mixin.py:190} INFO - [2025-06-23T13:42:47.142+0000] {dag.py:4180} INFO - Setting next_dagrun for dataset_consumes_1 to None, run_after=None
[2025-06-23T13:42:47.148+0000] {logging_mixin.py:190} INFO - [2025-06-23T13:42:47.147+0000] {dag.py:4180} INFO - Setting next_dagrun for dataset_consumes_1_and_2 to None, run_after=None
[2025-06-23T13:42:47.155+0000] {logging_mixin.py:190} INFO - [2025-06-23T13:42:47.153+0000] {dag.py:4180} INFO - Setting next_dagrun for dataset_consumes_1_never_scheduled to None, run_after=None
[2025-06-23T13:42:47.165+0000] {logging_mixin.py:190} INFO - [2025-06-23T13:42:47.164+0000] {dag.py:4180} INFO - Setting next_dagrun for dataset_consumes_unknown_never_scheduled to None, run_after=None
[2025-06-23T13:42:47.180+0000] {logging_mixin.py:190} INFO - [2025-06-23T13:42:47.179+0000] {dag.py:4180} INFO - Setting next_dagrun for dataset_produces_1 to 2025-06-22 00:00:00+00:00, run_after=2025-06-23 00:00:00+00:00
[2025-06-23T13:42:47.188+0000] {logging_mixin.py:190} INFO - [2025-06-23T13:42:47.187+0000] {dag.py:4180} INFO - Setting next_dagrun for dataset_produces_2 to None, run_after=None
[2025-06-23T13:42:47.360+0000] {processor.py:208} INFO - Processing /home/airflow/.local/lib/python3.12/site-packages/airflow/example_dags/example_datasets.py took 6.064 seconds
[2025-06-23T13:43:28.382+0000] {processor.py:186} INFO - Started process (PID=368) to work on /home/airflow/.local/lib/python3.12/site-packages/airflow/example_dags/example_datasets.py
[2025-06-23T13:43:28.385+0000] {processor.py:914} INFO - Processing file /home/airflow/.local/lib/python3.12/site-packages/airflow/example_dags/example_datasets.py for tasks to queue
[2025-06-23T13:43:28.394+0000] {logging_mixin.py:190} INFO - [2025-06-23T13:43:28.393+0000] {dagbag.py:588} INFO - Filling up the DagBag from /home/airflow/.local/lib/python3.12/site-packages/airflow/example_dags/example_datasets.py
[2025-06-23T13:43:29.842+0000] {processor.py:925} INFO - DAG(s) 'dataset_consumes_1_never_scheduled', 'consume_1_and_2_with_dataset_expressions', 'dataset_consumes_unknown_never_scheduled', 'dataset_consumes_1_and_2', 'dataset_produces_1', 'conditional_dataset_and_time_based_timetable', 'dataset_consumes_1', 'dataset_produces_2', 'consume_1_or_both_2_and_3_with_dataset_expressions', 'consume_1_or_2_with_dataset_expressions' retrieved from /home/airflow/.local/lib/python3.12/site-packages/airflow/example_dags/example_datasets.py
[2025-06-23T13:43:29.970+0000] {logging_mixin.py:190} INFO - [2025-06-23T13:43:29.970+0000] {dag.py:3239} INFO - Sync 10 DAGs
[2025-06-23T13:43:30.045+0000] {logging_mixin.py:190} INFO - [2025-06-23T13:43:30.044+0000] {dag.py:4180} INFO - Setting next_dagrun for conditional_dataset_and_time_based_timetable to 2025-06-18 01:00:00+00:00, run_after=2025-06-18 01:00:00+00:00
[2025-06-23T13:43:30.053+0000] {logging_mixin.py:190} INFO - [2025-06-23T13:43:30.053+0000] {dag.py:4180} INFO - Setting next_dagrun for consume_1_and_2_with_dataset_expressions to None, run_after=None
[2025-06-23T13:43:30.057+0000] {logging_mixin.py:190} INFO - [2025-06-23T13:43:30.056+0000] {dag.py:4180} INFO - Setting next_dagrun for consume_1_or_2_with_dataset_expressions to None, run_after=None
[2025-06-23T13:43:30.061+0000] {logging_mixin.py:190} INFO - [2025-06-23T13:43:30.060+0000] {dag.py:4180} INFO - Setting next_dagrun for consume_1_or_both_2_and_3_with_dataset_expressions to None, run_after=None
[2025-06-23T13:43:30.065+0000] {logging_mixin.py:190} INFO - [2025-06-23T13:43:30.065+0000] {dag.py:4180} INFO - Setting next_dagrun for dataset_consumes_1 to None, run_after=None
[2025-06-23T13:43:30.069+0000] {logging_mixin.py:190} INFO - [2025-06-23T13:43:30.069+0000] {dag.py:4180} INFO - Setting next_dagrun for dataset_consumes_1_and_2 to None, run_after=None
[2025-06-23T13:43:30.073+0000] {logging_mixin.py:190} INFO - [2025-06-23T13:43:30.073+0000] {dag.py:4180} INFO - Setting next_dagrun for dataset_consumes_1_never_scheduled to None, run_after=None
[2025-06-23T13:43:30.079+0000] {logging_mixin.py:190} INFO - [2025-06-23T13:43:30.078+0000] {dag.py:4180} INFO - Setting next_dagrun for dataset_consumes_unknown_never_scheduled to None, run_after=None
[2025-06-23T13:43:30.085+0000] {logging_mixin.py:190} INFO - [2025-06-23T13:43:30.085+0000] {dag.py:4180} INFO - Setting next_dagrun for dataset_produces_1 to 2025-06-22 00:00:00+00:00, run_after=2025-06-23 00:00:00+00:00
[2025-06-23T13:43:30.088+0000] {logging_mixin.py:190} INFO - [2025-06-23T13:43:30.088+0000] {dag.py:4180} INFO - Setting next_dagrun for dataset_produces_2 to None, run_after=None
[2025-06-23T13:43:30.173+0000] {processor.py:208} INFO - Processing /home/airflow/.local/lib/python3.12/site-packages/airflow/example_dags/example_datasets.py took 1.815 seconds
[2025-06-23T13:44:00.894+0000] {processor.py:186} INFO - Started process (PID=431) to work on /home/airflow/.local/lib/python3.12/site-packages/airflow/example_dags/example_datasets.py
[2025-06-23T13:44:00.896+0000] {processor.py:914} INFO - Processing file /home/airflow/.local/lib/python3.12/site-packages/airflow/example_dags/example_datasets.py for tasks to queue
[2025-06-23T13:44:00.900+0000] {logging_mixin.py:190} INFO - [2025-06-23T13:44:00.899+0000] {dagbag.py:588} INFO - Filling up the DagBag from /home/airflow/.local/lib/python3.12/site-packages/airflow/example_dags/example_datasets.py
[2025-06-23T13:44:01.776+0000] {processor.py:925} INFO - DAG(s) 'dataset_produces_2', 'dataset_produces_1', 'consume_1_and_2_with_dataset_expressions', 'dataset_consumes_1_and_2', 'conditional_dataset_and_time_based_timetable', 'dataset_consumes_1', 'consume_1_or_2_with_dataset_expressions', 'dataset_consumes_unknown_never_scheduled', 'consume_1_or_both_2_and_3_with_dataset_expressions', 'dataset_consumes_1_never_scheduled' retrieved from /home/airflow/.local/lib/python3.12/site-packages/airflow/example_dags/example_datasets.py
[2025-06-23T13:44:01.875+0000] {logging_mixin.py:190} INFO - [2025-06-23T13:44:01.875+0000] {dag.py:3239} INFO - Sync 10 DAGs
[2025-06-23T13:44:01.924+0000] {logging_mixin.py:190} INFO - [2025-06-23T13:44:01.923+0000] {dag.py:4180} INFO - Setting next_dagrun for conditional_dataset_and_time_based_timetable to 2025-06-18 01:00:00+00:00, run_after=2025-06-18 01:00:00+00:00
[2025-06-23T13:44:01.932+0000] {logging_mixin.py:190} INFO - [2025-06-23T13:44:01.932+0000] {dag.py:4180} INFO - Setting next_dagrun for consume_1_and_2_with_dataset_expressions to None, run_after=None
[2025-06-23T13:44:01.937+0000] {logging_mixin.py:190} INFO - [2025-06-23T13:44:01.937+0000] {dag.py:4180} INFO - Setting next_dagrun for consume_1_or_2_with_dataset_expressions to None, run_after=None
[2025-06-23T13:44:01.941+0000] {logging_mixin.py:190} INFO - [2025-06-23T13:44:01.941+0000] {dag.py:4180} INFO - Setting next_dagrun for consume_1_or_both_2_and_3_with_dataset_expressions to None, run_after=None
[2025-06-23T13:44:01.944+0000] {logging_mixin.py:190} INFO - [2025-06-23T13:44:01.944+0000] {dag.py:4180} INFO - Setting next_dagrun for dataset_consumes_1 to None, run_after=None
[2025-06-23T13:44:01.948+0000] {logging_mixin.py:190} INFO - [2025-06-23T13:44:01.947+0000] {dag.py:4180} INFO - Setting next_dagrun for dataset_consumes_1_and_2 to None, run_after=None
[2025-06-23T13:44:01.954+0000] {logging_mixin.py:190} INFO - [2025-06-23T13:44:01.951+0000] {dag.py:4180} INFO - Setting next_dagrun for dataset_consumes_1_never_scheduled to None, run_after=None
[2025-06-23T13:44:01.957+0000] {logging_mixin.py:190} INFO - [2025-06-23T13:44:01.957+0000] {dag.py:4180} INFO - Setting next_dagrun for dataset_consumes_unknown_never_scheduled to None, run_after=None
[2025-06-23T13:44:01.962+0000] {logging_mixin.py:190} INFO - [2025-06-23T13:44:01.961+0000] {dag.py:4180} INFO - Setting next_dagrun for dataset_produces_1 to 2025-06-22 00:00:00+00:00, run_after=2025-06-23 00:00:00+00:00
[2025-06-23T13:44:01.964+0000] {logging_mixin.py:190} INFO - [2025-06-23T13:44:01.964+0000] {dag.py:4180} INFO - Setting next_dagrun for dataset_produces_2 to None, run_after=None
[2025-06-23T13:44:02.039+0000] {processor.py:208} INFO - Processing /home/airflow/.local/lib/python3.12/site-packages/airflow/example_dags/example_datasets.py took 1.152 seconds
[2025-06-23T13:44:32.201+0000] {processor.py:186} INFO - Started process (PID=496) to work on /home/airflow/.local/lib/python3.12/site-packages/airflow/example_dags/example_datasets.py
[2025-06-23T13:44:32.208+0000] {processor.py:914} INFO - Processing file /home/airflow/.local/lib/python3.12/site-packages/airflow/example_dags/example_datasets.py for tasks to queue
[2025-06-23T13:44:32.219+0000] {logging_mixin.py:190} INFO - [2025-06-23T13:44:32.218+0000] {dagbag.py:588} INFO - Filling up the DagBag from /home/airflow/.local/lib/python3.12/site-packages/airflow/example_dags/example_datasets.py
[2025-06-23T13:44:34.240+0000] {processor.py:925} INFO - DAG(s) 'consume_1_and_2_with_dataset_expressions', 'dataset_consumes_unknown_never_scheduled', 'dataset_produces_1', 'dataset_consumes_1', 'consume_1_or_2_with_dataset_expressions', 'conditional_dataset_and_time_based_timetable', 'dataset_consumes_1_never_scheduled', 'dataset_consumes_1_and_2', 'consume_1_or_both_2_and_3_with_dataset_expressions', 'dataset_produces_2' retrieved from /home/airflow/.local/lib/python3.12/site-packages/airflow/example_dags/example_datasets.py
[2025-06-23T13:44:34.417+0000] {logging_mixin.py:190} INFO - [2025-06-23T13:44:34.416+0000] {dag.py:3239} INFO - Sync 10 DAGs
[2025-06-23T13:44:34.508+0000] {logging_mixin.py:190} INFO - [2025-06-23T13:44:34.507+0000] {dag.py:4180} INFO - Setting next_dagrun for conditional_dataset_and_time_based_timetable to 2025-06-18 01:00:00+00:00, run_after=2025-06-18 01:00:00+00:00
[2025-06-23T13:44:34.520+0000] {logging_mixin.py:190} INFO - [2025-06-23T13:44:34.519+0000] {dag.py:4180} INFO - Setting next_dagrun for consume_1_and_2_with_dataset_expressions to None, run_after=None
[2025-06-23T13:44:34.524+0000] {logging_mixin.py:190} INFO - [2025-06-23T13:44:34.524+0000] {dag.py:4180} INFO - Setting next_dagrun for consume_1_or_2_with_dataset_expressions to None, run_after=None
[2025-06-23T13:44:34.530+0000] {logging_mixin.py:190} INFO - [2025-06-23T13:44:34.529+0000] {dag.py:4180} INFO - Setting next_dagrun for consume_1_or_both_2_and_3_with_dataset_expressions to None, run_after=None
[2025-06-23T13:44:34.536+0000] {logging_mixin.py:190} INFO - [2025-06-23T13:44:34.535+0000] {dag.py:4180} INFO - Setting next_dagrun for dataset_consumes_1 to None, run_after=None
[2025-06-23T13:44:34.541+0000] {logging_mixin.py:190} INFO - [2025-06-23T13:44:34.540+0000] {dag.py:4180} INFO - Setting next_dagrun for dataset_consumes_1_and_2 to None, run_after=None
[2025-06-23T13:44:34.546+0000] {logging_mixin.py:190} INFO - [2025-06-23T13:44:34.545+0000] {dag.py:4180} INFO - Setting next_dagrun for dataset_consumes_1_never_scheduled to None, run_after=None
[2025-06-23T13:44:34.550+0000] {logging_mixin.py:190} INFO - [2025-06-23T13:44:34.549+0000] {dag.py:4180} INFO - Setting next_dagrun for dataset_consumes_unknown_never_scheduled to None, run_after=None
[2025-06-23T13:44:34.559+0000] {logging_mixin.py:190} INFO - [2025-06-23T13:44:34.558+0000] {dag.py:4180} INFO - Setting next_dagrun for dataset_produces_1 to 2025-06-22 00:00:00+00:00, run_after=2025-06-23 00:00:00+00:00
[2025-06-23T13:44:34.565+0000] {logging_mixin.py:190} INFO - [2025-06-23T13:44:34.564+0000] {dag.py:4180} INFO - Setting next_dagrun for dataset_produces_2 to None, run_after=None
[2025-06-23T13:44:34.676+0000] {processor.py:208} INFO - Processing /home/airflow/.local/lib/python3.12/site-packages/airflow/example_dags/example_datasets.py took 2.493 seconds
