[2025-06-23T13:41:06.791+0000] {processor.py:186} INFO - Started process (PID=123) to work on /home/airflow/.local/lib/python3.12/site-packages/airflow/example_dags/example_sensor_decorator.py
[2025-06-23T13:41:06.792+0000] {processor.py:914} INFO - Processing file /home/airflow/.local/lib/python3.12/site-packages/airflow/example_dags/example_sensor_decorator.py for tasks to queue
[2025-06-23T13:41:06.796+0000] {logging_mixin.py:190} INFO - [2025-06-23T13:41:06.796+0000] {dagbag.py:588} INFO - Filling up the DagBag from /home/airflow/.local/lib/python3.12/site-packages/airflow/example_dags/example_sensor_decorator.py
[2025-06-23T13:41:06.812+0000] {processor.py:925} INFO - DAG(s) 'example_sensor_decorator' retrieved from /home/airflow/.local/lib/python3.12/site-packages/airflow/example_dags/example_sensor_decorator.py
[2025-06-23T13:41:06.976+0000] {logging_mixin.py:190} INFO - [2025-06-23T13:41:06.975+0000] {override.py:1911} INFO - Created Permission View: can read on DAG:example_sensor_decorator
[2025-06-23T13:41:06.992+0000] {logging_mixin.py:190} INFO - [2025-06-23T13:41:06.992+0000] {override.py:1911} INFO - Created Permission View: can delete on DAG:example_sensor_decorator
[2025-06-23T13:41:07.005+0000] {logging_mixin.py:190} INFO - [2025-06-23T13:41:07.005+0000] {override.py:1911} INFO - Created Permission View: can edit on DAG:example_sensor_decorator
[2025-06-23T13:41:07.018+0000] {logging_mixin.py:190} INFO - [2025-06-23T13:41:07.018+0000] {override.py:1911} INFO - Created Permission View: can read on DAG Run:example_sensor_decorator
[2025-06-23T13:41:07.029+0000] {logging_mixin.py:190} INFO - [2025-06-23T13:41:07.028+0000] {override.py:1911} INFO - Created Permission View: can create on DAG Run:example_sensor_decorator
[2025-06-23T13:41:07.042+0000] {logging_mixin.py:190} INFO - [2025-06-23T13:41:07.042+0000] {override.py:1911} INFO - Created Permission View: can delete on DAG Run:example_sensor_decorator
[2025-06-23T13:41:07.054+0000] {logging_mixin.py:190} INFO - [2025-06-23T13:41:07.053+0000] {override.py:1911} INFO - Created Permission View: menu access on DAG Run:example_sensor_decorator
[2025-06-23T13:41:07.055+0000] {logging_mixin.py:190} INFO - [2025-06-23T13:41:07.055+0000] {dag.py:3239} INFO - Sync 1 DAGs
[2025-06-23T13:41:07.075+0000] {logging_mixin.py:190} INFO - [2025-06-23T13:41:07.075+0000] {dag.py:3262} INFO - Creating ORM DAG for example_sensor_decorator
[2025-06-23T13:41:07.077+0000] {logging_mixin.py:190} INFO - [2025-06-23T13:41:07.077+0000] {dag.py:4180} INFO - Setting next_dagrun for example_sensor_decorator to None, run_after=None
[2025-06-23T13:41:07.104+0000] {processor.py:208} INFO - Processing /home/airflow/.local/lib/python3.12/site-packages/airflow/example_dags/example_sensor_decorator.py took 0.322 seconds
[2025-06-23T13:41:37.658+0000] {processor.py:186} INFO - Started process (PID=185) to work on /home/airflow/.local/lib/python3.12/site-packages/airflow/example_dags/example_sensor_decorator.py
[2025-06-23T13:41:37.660+0000] {processor.py:914} INFO - Processing file /home/airflow/.local/lib/python3.12/site-packages/airflow/example_dags/example_sensor_decorator.py for tasks to queue
[2025-06-23T13:41:37.663+0000] {logging_mixin.py:190} INFO - [2025-06-23T13:41:37.663+0000] {dagbag.py:588} INFO - Filling up the DagBag from /home/airflow/.local/lib/python3.12/site-packages/airflow/example_dags/example_sensor_decorator.py
[2025-06-23T13:41:37.675+0000] {processor.py:925} INFO - DAG(s) 'example_sensor_decorator' retrieved from /home/airflow/.local/lib/python3.12/site-packages/airflow/example_dags/example_sensor_decorator.py
[2025-06-23T13:41:37.700+0000] {logging_mixin.py:190} INFO - [2025-06-23T13:41:37.699+0000] {dag.py:3239} INFO - Sync 1 DAGs
[2025-06-23T13:41:37.716+0000] {logging_mixin.py:190} INFO - [2025-06-23T13:41:37.716+0000] {dag.py:4180} INFO - Setting next_dagrun for example_sensor_decorator to None, run_after=None
[2025-06-23T13:41:37.743+0000] {processor.py:208} INFO - Processing /home/airflow/.local/lib/python3.12/site-packages/airflow/example_dags/example_sensor_decorator.py took 0.091 seconds
[2025-06-23T13:42:09.621+0000] {processor.py:186} INFO - Started process (PID=249) to work on /home/airflow/.local/lib/python3.12/site-packages/airflow/example_dags/example_sensor_decorator.py
[2025-06-23T13:42:09.623+0000] {processor.py:914} INFO - Processing file /home/airflow/.local/lib/python3.12/site-packages/airflow/example_dags/example_sensor_decorator.py for tasks to queue
[2025-06-23T13:42:09.626+0000] {logging_mixin.py:190} INFO - [2025-06-23T13:42:09.626+0000] {dagbag.py:588} INFO - Filling up the DagBag from /home/airflow/.local/lib/python3.12/site-packages/airflow/example_dags/example_sensor_decorator.py
[2025-06-23T13:42:09.639+0000] {processor.py:925} INFO - DAG(s) 'example_sensor_decorator' retrieved from /home/airflow/.local/lib/python3.12/site-packages/airflow/example_dags/example_sensor_decorator.py
[2025-06-23T13:42:09.671+0000] {logging_mixin.py:190} INFO - [2025-06-23T13:42:09.671+0000] {dag.py:3239} INFO - Sync 1 DAGs
[2025-06-23T13:42:09.694+0000] {logging_mixin.py:190} INFO - [2025-06-23T13:42:09.694+0000] {dag.py:4180} INFO - Setting next_dagrun for example_sensor_decorator to None, run_after=None
[2025-06-23T13:42:09.736+0000] {processor.py:208} INFO - Processing /home/airflow/.local/lib/python3.12/site-packages/airflow/example_dags/example_sensor_decorator.py took 0.124 seconds
[2025-06-23T13:42:51.454+0000] {processor.py:186} INFO - Started process (PID=319) to work on /home/airflow/.local/lib/python3.12/site-packages/airflow/example_dags/example_sensor_decorator.py
[2025-06-23T13:42:51.457+0000] {processor.py:914} INFO - Processing file /home/airflow/.local/lib/python3.12/site-packages/airflow/example_dags/example_sensor_decorator.py for tasks to queue
[2025-06-23T13:42:51.467+0000] {logging_mixin.py:190} INFO - [2025-06-23T13:42:51.466+0000] {dagbag.py:588} INFO - Filling up the DagBag from /home/airflow/.local/lib/python3.12/site-packages/airflow/example_dags/example_sensor_decorator.py
[2025-06-23T13:42:51.510+0000] {processor.py:925} INFO - DAG(s) 'example_sensor_decorator' retrieved from /home/airflow/.local/lib/python3.12/site-packages/airflow/example_dags/example_sensor_decorator.py
[2025-06-23T13:42:51.586+0000] {logging_mixin.py:190} INFO - [2025-06-23T13:42:51.585+0000] {dag.py:3239} INFO - Sync 1 DAGs
[2025-06-23T13:42:51.692+0000] {logging_mixin.py:190} INFO - [2025-06-23T13:42:51.687+0000] {dag.py:4180} INFO - Setting next_dagrun for example_sensor_decorator to None, run_after=None
[2025-06-23T13:42:51.752+0000] {processor.py:208} INFO - Processing /home/airflow/.local/lib/python3.12/site-packages/airflow/example_dags/example_sensor_decorator.py took 0.320 seconds
[2025-06-23T13:43:32.439+0000] {processor.py:186} INFO - Started process (PID=381) to work on /home/airflow/.local/lib/python3.12/site-packages/airflow/example_dags/example_sensor_decorator.py
[2025-06-23T13:43:32.441+0000] {processor.py:914} INFO - Processing file /home/airflow/.local/lib/python3.12/site-packages/airflow/example_dags/example_sensor_decorator.py for tasks to queue
[2025-06-23T13:43:32.447+0000] {logging_mixin.py:190} INFO - [2025-06-23T13:43:32.447+0000] {dagbag.py:588} INFO - Filling up the DagBag from /home/airflow/.local/lib/python3.12/site-packages/airflow/example_dags/example_sensor_decorator.py
[2025-06-23T13:43:32.466+0000] {processor.py:925} INFO - DAG(s) 'example_sensor_decorator' retrieved from /home/airflow/.local/lib/python3.12/site-packages/airflow/example_dags/example_sensor_decorator.py
[2025-06-23T13:43:32.506+0000] {logging_mixin.py:190} INFO - [2025-06-23T13:43:32.505+0000] {dag.py:3239} INFO - Sync 1 DAGs
[2025-06-23T13:43:32.535+0000] {logging_mixin.py:190} INFO - [2025-06-23T13:43:32.535+0000] {dag.py:4180} INFO - Setting next_dagrun for example_sensor_decorator to None, run_after=None
[2025-06-23T13:43:32.575+0000] {processor.py:208} INFO - Processing /home/airflow/.local/lib/python3.12/site-packages/airflow/example_dags/example_sensor_decorator.py took 0.147 seconds
[2025-06-23T13:44:03.487+0000] {processor.py:186} INFO - Started process (PID=444) to work on /home/airflow/.local/lib/python3.12/site-packages/airflow/example_dags/example_sensor_decorator.py
[2025-06-23T13:44:03.490+0000] {processor.py:914} INFO - Processing file /home/airflow/.local/lib/python3.12/site-packages/airflow/example_dags/example_sensor_decorator.py for tasks to queue
[2025-06-23T13:44:03.497+0000] {logging_mixin.py:190} INFO - [2025-06-23T13:44:03.497+0000] {dagbag.py:588} INFO - Filling up the DagBag from /home/airflow/.local/lib/python3.12/site-packages/airflow/example_dags/example_sensor_decorator.py
[2025-06-23T13:44:03.523+0000] {processor.py:925} INFO - DAG(s) 'example_sensor_decorator' retrieved from /home/airflow/.local/lib/python3.12/site-packages/airflow/example_dags/example_sensor_decorator.py
[2025-06-23T13:44:03.556+0000] {logging_mixin.py:190} INFO - [2025-06-23T13:44:03.556+0000] {dag.py:3239} INFO - Sync 1 DAGs
[2025-06-23T13:44:03.582+0000] {logging_mixin.py:190} INFO - [2025-06-23T13:44:03.582+0000] {dag.py:4180} INFO - Setting next_dagrun for example_sensor_decorator to None, run_after=None
[2025-06-23T13:44:03.612+0000] {processor.py:208} INFO - Processing /home/airflow/.local/lib/python3.12/site-packages/airflow/example_dags/example_sensor_decorator.py took 0.140 seconds
[2025-06-23T13:44:36.673+0000] {processor.py:186} INFO - Started process (PID=507) to work on /home/airflow/.local/lib/python3.12/site-packages/airflow/example_dags/example_sensor_decorator.py
[2025-06-23T13:44:36.675+0000] {processor.py:914} INFO - Processing file /home/airflow/.local/lib/python3.12/site-packages/airflow/example_dags/example_sensor_decorator.py for tasks to queue
[2025-06-23T13:44:36.680+0000] {logging_mixin.py:190} INFO - [2025-06-23T13:44:36.679+0000] {dagbag.py:588} INFO - Filling up the DagBag from /home/airflow/.local/lib/python3.12/site-packages/airflow/example_dags/example_sensor_decorator.py
[2025-06-23T13:44:36.697+0000] {processor.py:925} INFO - DAG(s) 'example_sensor_decorator' retrieved from /home/airflow/.local/lib/python3.12/site-packages/airflow/example_dags/example_sensor_decorator.py
[2025-06-23T13:44:36.746+0000] {logging_mixin.py:190} INFO - [2025-06-23T13:44:36.745+0000] {dag.py:3239} INFO - Sync 1 DAGs
[2025-06-23T13:44:36.774+0000] {logging_mixin.py:190} INFO - [2025-06-23T13:44:36.774+0000] {dag.py:4180} INFO - Setting next_dagrun for example_sensor_decorator to None, run_after=None
[2025-06-23T13:44:36.807+0000] {processor.py:208} INFO - Processing /home/airflow/.local/lib/python3.12/site-packages/airflow/example_dags/example_sensor_decorator.py took 0.144 seconds
