[2025-06-23T13:40:58.985+0000] {processor.py:186} INFO - Started process (PID=95) to work on /home/airflow/.local/lib/python3.12/site-packages/airflow/example_dags/example_skip_dag.py
[2025-06-23T13:40:58.987+0000] {processor.py:914} INFO - Processing file /home/airflow/.local/lib/python3.12/site-packages/airflow/example_dags/example_skip_dag.py for tasks to queue
[2025-06-23T13:40:58.991+0000] {logging_mixin.py:190} INFO - [2025-06-23T13:40:58.990+0000] {dagbag.py:588} INFO - Filling up the DagBag from /home/airflow/.local/lib/python3.12/site-packages/airflow/example_dags/example_skip_dag.py
[2025-06-23T13:40:59.010+0000] {processor.py:925} INFO - DAG(s) 'example_skip_dag' retrieved from /home/airflow/.local/lib/python3.12/site-packages/airflow/example_dags/example_skip_dag.py
[2025-06-23T13:40:59.197+0000] {logging_mixin.py:190} INFO - [2025-06-23T13:40:59.196+0000] {override.py:1911} INFO - Created Permission View: can read on DAG:example_skip_dag
[2025-06-23T13:40:59.215+0000] {logging_mixin.py:190} INFO - [2025-06-23T13:40:59.215+0000] {override.py:1911} INFO - Created Permission View: can delete on DAG:example_skip_dag
[2025-06-23T13:40:59.228+0000] {logging_mixin.py:190} INFO - [2025-06-23T13:40:59.227+0000] {override.py:1911} INFO - Created Permission View: can edit on DAG:example_skip_dag
[2025-06-23T13:40:59.243+0000] {logging_mixin.py:190} INFO - [2025-06-23T13:40:59.243+0000] {override.py:1911} INFO - Created Permission View: can read on DAG Run:example_skip_dag
[2025-06-23T13:40:59.255+0000] {logging_mixin.py:190} INFO - [2025-06-23T13:40:59.255+0000] {override.py:1911} INFO - Created Permission View: can create on DAG Run:example_skip_dag
[2025-06-23T13:40:59.267+0000] {logging_mixin.py:190} INFO - [2025-06-23T13:40:59.267+0000] {override.py:1911} INFO - Created Permission View: can delete on DAG Run:example_skip_dag
[2025-06-23T13:40:59.279+0000] {logging_mixin.py:190} INFO - [2025-06-23T13:40:59.279+0000] {override.py:1911} INFO - Created Permission View: menu access on DAG Run:example_skip_dag
[2025-06-23T13:40:59.281+0000] {logging_mixin.py:190} INFO - [2025-06-23T13:40:59.280+0000] {dag.py:3239} INFO - Sync 1 DAGs
[2025-06-23T13:40:59.299+0000] {logging_mixin.py:190} INFO - [2025-06-23T13:40:59.298+0000] {dag.py:3262} INFO - Creating ORM DAG for example_skip_dag
[2025-06-23T13:40:59.314+0000] {logging_mixin.py:190} INFO - [2025-06-23T13:40:59.314+0000] {dag.py:4180} INFO - Setting next_dagrun for example_skip_dag to 2025-06-22 00:00:00+00:00, run_after=2025-06-23 00:00:00+00:00
[2025-06-23T13:40:59.345+0000] {processor.py:208} INFO - Processing /home/airflow/.local/lib/python3.12/site-packages/airflow/example_dags/example_skip_dag.py took 0.368 seconds
[2025-06-23T13:41:29.834+0000] {processor.py:186} INFO - Started process (PID=158) to work on /home/airflow/.local/lib/python3.12/site-packages/airflow/example_dags/example_skip_dag.py
[2025-06-23T13:41:29.836+0000] {processor.py:914} INFO - Processing file /home/airflow/.local/lib/python3.12/site-packages/airflow/example_dags/example_skip_dag.py for tasks to queue
[2025-06-23T13:41:29.839+0000] {logging_mixin.py:190} INFO - [2025-06-23T13:41:29.839+0000] {dagbag.py:588} INFO - Filling up the DagBag from /home/airflow/.local/lib/python3.12/site-packages/airflow/example_dags/example_skip_dag.py
[2025-06-23T13:41:29.854+0000] {processor.py:925} INFO - DAG(s) 'example_skip_dag' retrieved from /home/airflow/.local/lib/python3.12/site-packages/airflow/example_dags/example_skip_dag.py
[2025-06-23T13:41:29.894+0000] {logging_mixin.py:190} INFO - [2025-06-23T13:41:29.894+0000] {dag.py:3239} INFO - Sync 1 DAGs
[2025-06-23T13:41:29.945+0000] {logging_mixin.py:190} INFO - [2025-06-23T13:41:29.945+0000] {dag.py:4180} INFO - Setting next_dagrun for example_skip_dag to 2025-06-22 00:00:00+00:00, run_after=2025-06-23 00:00:00+00:00
[2025-06-23T13:41:29.990+0000] {processor.py:208} INFO - Processing /home/airflow/.local/lib/python3.12/site-packages/airflow/example_dags/example_skip_dag.py took 0.164 seconds
[2025-06-23T13:42:00.581+0000] {processor.py:186} INFO - Started process (PID=222) to work on /home/airflow/.local/lib/python3.12/site-packages/airflow/example_dags/example_skip_dag.py
[2025-06-23T13:42:00.583+0000] {processor.py:914} INFO - Processing file /home/airflow/.local/lib/python3.12/site-packages/airflow/example_dags/example_skip_dag.py for tasks to queue
[2025-06-23T13:42:00.589+0000] {logging_mixin.py:190} INFO - [2025-06-23T13:42:00.588+0000] {dagbag.py:588} INFO - Filling up the DagBag from /home/airflow/.local/lib/python3.12/site-packages/airflow/example_dags/example_skip_dag.py
[2025-06-23T13:42:00.603+0000] {processor.py:925} INFO - DAG(s) 'example_skip_dag' retrieved from /home/airflow/.local/lib/python3.12/site-packages/airflow/example_dags/example_skip_dag.py
[2025-06-23T13:42:00.659+0000] {logging_mixin.py:190} INFO - [2025-06-23T13:42:00.659+0000] {dag.py:3239} INFO - Sync 1 DAGs
[2025-06-23T13:42:00.724+0000] {logging_mixin.py:190} INFO - [2025-06-23T13:42:00.724+0000] {dag.py:4180} INFO - Setting next_dagrun for example_skip_dag to 2025-06-22 00:00:00+00:00, run_after=2025-06-23 00:00:00+00:00
[2025-06-23T13:42:00.767+0000] {processor.py:208} INFO - Processing /home/airflow/.local/lib/python3.12/site-packages/airflow/example_dags/example_skip_dag.py took 0.202 seconds
[2025-06-23T13:42:37.320+0000] {processor.py:186} INFO - Started process (PID=285) to work on /home/airflow/.local/lib/python3.12/site-packages/airflow/example_dags/example_skip_dag.py
[2025-06-23T13:42:37.324+0000] {processor.py:914} INFO - Processing file /home/airflow/.local/lib/python3.12/site-packages/airflow/example_dags/example_skip_dag.py for tasks to queue
[2025-06-23T13:42:37.334+0000] {logging_mixin.py:190} INFO - [2025-06-23T13:42:37.333+0000] {dagbag.py:588} INFO - Filling up the DagBag from /home/airflow/.local/lib/python3.12/site-packages/airflow/example_dags/example_skip_dag.py
[2025-06-23T13:42:37.357+0000] {processor.py:925} INFO - DAG(s) 'example_skip_dag' retrieved from /home/airflow/.local/lib/python3.12/site-packages/airflow/example_dags/example_skip_dag.py
[2025-06-23T13:42:37.457+0000] {logging_mixin.py:190} INFO - [2025-06-23T13:42:37.456+0000] {dag.py:3239} INFO - Sync 1 DAGs
[2025-06-23T13:42:37.526+0000] {logging_mixin.py:190} INFO - [2025-06-23T13:42:37.525+0000] {dag.py:4180} INFO - Setting next_dagrun for example_skip_dag to 2025-06-22 00:00:00+00:00, run_after=2025-06-23 00:00:00+00:00
[2025-06-23T13:42:37.606+0000] {processor.py:208} INFO - Processing /home/airflow/.local/lib/python3.12/site-packages/airflow/example_dags/example_skip_dag.py took 0.303 seconds
[2025-06-23T13:43:24.482+0000] {processor.py:186} INFO - Started process (PID=351) to work on /home/airflow/.local/lib/python3.12/site-packages/airflow/example_dags/example_skip_dag.py
[2025-06-23T13:43:24.488+0000] {processor.py:914} INFO - Processing file /home/airflow/.local/lib/python3.12/site-packages/airflow/example_dags/example_skip_dag.py for tasks to queue
[2025-06-23T13:43:24.496+0000] {logging_mixin.py:190} INFO - [2025-06-23T13:43:24.495+0000] {dagbag.py:588} INFO - Filling up the DagBag from /home/airflow/.local/lib/python3.12/site-packages/airflow/example_dags/example_skip_dag.py
[2025-06-23T13:43:24.540+0000] {processor.py:925} INFO - DAG(s) 'example_skip_dag' retrieved from /home/airflow/.local/lib/python3.12/site-packages/airflow/example_dags/example_skip_dag.py
[2025-06-23T13:43:24.629+0000] {logging_mixin.py:190} INFO - [2025-06-23T13:43:24.628+0000] {dag.py:3239} INFO - Sync 1 DAGs
[2025-06-23T13:43:24.724+0000] {logging_mixin.py:190} INFO - [2025-06-23T13:43:24.723+0000] {dag.py:4180} INFO - Setting next_dagrun for example_skip_dag to 2025-06-22 00:00:00+00:00, run_after=2025-06-23 00:00:00+00:00
[2025-06-23T13:43:24.786+0000] {processor.py:208} INFO - Processing /home/airflow/.local/lib/python3.12/site-packages/airflow/example_dags/example_skip_dag.py took 0.325 seconds
[2025-06-23T13:43:55.341+0000] {processor.py:186} INFO - Started process (PID=414) to work on /home/airflow/.local/lib/python3.12/site-packages/airflow/example_dags/example_skip_dag.py
[2025-06-23T13:43:55.343+0000] {processor.py:914} INFO - Processing file /home/airflow/.local/lib/python3.12/site-packages/airflow/example_dags/example_skip_dag.py for tasks to queue
[2025-06-23T13:43:55.348+0000] {logging_mixin.py:190} INFO - [2025-06-23T13:43:55.347+0000] {dagbag.py:588} INFO - Filling up the DagBag from /home/airflow/.local/lib/python3.12/site-packages/airflow/example_dags/example_skip_dag.py
[2025-06-23T13:43:55.364+0000] {processor.py:925} INFO - DAG(s) 'example_skip_dag' retrieved from /home/airflow/.local/lib/python3.12/site-packages/airflow/example_dags/example_skip_dag.py
[2025-06-23T13:43:55.412+0000] {logging_mixin.py:190} INFO - [2025-06-23T13:43:55.412+0000] {dag.py:3239} INFO - Sync 1 DAGs
[2025-06-23T13:43:55.458+0000] {logging_mixin.py:190} INFO - [2025-06-23T13:43:55.458+0000] {dag.py:4180} INFO - Setting next_dagrun for example_skip_dag to 2025-06-22 00:00:00+00:00, run_after=2025-06-23 00:00:00+00:00
[2025-06-23T13:43:55.493+0000] {processor.py:208} INFO - Processing /home/airflow/.local/lib/python3.12/site-packages/airflow/example_dags/example_skip_dag.py took 0.164 seconds
[2025-06-23T13:44:26.135+0000] {processor.py:186} INFO - Started process (PID=477) to work on /home/airflow/.local/lib/python3.12/site-packages/airflow/example_dags/example_skip_dag.py
[2025-06-23T13:44:26.142+0000] {processor.py:914} INFO - Processing file /home/airflow/.local/lib/python3.12/site-packages/airflow/example_dags/example_skip_dag.py for tasks to queue
[2025-06-23T13:44:26.153+0000] {logging_mixin.py:190} INFO - [2025-06-23T13:44:26.152+0000] {dagbag.py:588} INFO - Filling up the DagBag from /home/airflow/.local/lib/python3.12/site-packages/airflow/example_dags/example_skip_dag.py
[2025-06-23T13:44:26.182+0000] {processor.py:925} INFO - DAG(s) 'example_skip_dag' retrieved from /home/airflow/.local/lib/python3.12/site-packages/airflow/example_dags/example_skip_dag.py
[2025-06-23T13:44:26.368+0000] {logging_mixin.py:190} INFO - [2025-06-23T13:44:26.357+0000] {dag.py:3239} INFO - Sync 1 DAGs
[2025-06-23T13:44:26.554+0000] {logging_mixin.py:190} INFO - [2025-06-23T13:44:26.554+0000] {dag.py:4180} INFO - Setting next_dagrun for example_skip_dag to 2025-06-22 00:00:00+00:00, run_after=2025-06-23 00:00:00+00:00
[2025-06-23T13:44:26.602+0000] {processor.py:208} INFO - Processing /home/airflow/.local/lib/python3.12/site-packages/airflow/example_dags/example_skip_dag.py took 0.483 seconds
