[2025-06-23T13:41:05.156+0000] {processor.py:186} INFO - Started process (PID=115) to work on /home/airflow/.local/lib/python3.12/site-packages/airflow/example_dags/example_trigger_target_dag.py
[2025-06-23T13:41:05.158+0000] {processor.py:914} INFO - Processing file /home/airflow/.local/lib/python3.12/site-packages/airflow/example_dags/example_trigger_target_dag.py for tasks to queue
[2025-06-23T13:41:05.163+0000] {logging_mixin.py:190} INFO - [2025-06-23T13:41:05.162+0000] {dagbag.py:588} INFO - Filling up the DagBag from /home/airflow/.local/lib/python3.12/site-packages/airflow/example_dags/example_trigger_target_dag.py
[2025-06-23T13:41:05.177+0000] {processor.py:925} INFO - DAG(s) 'example_trigger_target_dag' retrieved from /home/airflow/.local/lib/python3.12/site-packages/airflow/example_dags/example_trigger_target_dag.py
[2025-06-23T13:41:05.347+0000] {logging_mixin.py:190} INFO - [2025-06-23T13:41:05.346+0000] {override.py:1911} INFO - Created Permission View: can read on DAG:example_trigger_target_dag
[2025-06-23T13:41:05.365+0000] {logging_mixin.py:190} INFO - [2025-06-23T13:41:05.365+0000] {override.py:1911} INFO - Created Permission View: can delete on DAG:example_trigger_target_dag
[2025-06-23T13:41:05.378+0000] {logging_mixin.py:190} INFO - [2025-06-23T13:41:05.378+0000] {override.py:1911} INFO - Created Permission View: can edit on DAG:example_trigger_target_dag
[2025-06-23T13:41:05.393+0000] {logging_mixin.py:190} INFO - [2025-06-23T13:41:05.392+0000] {override.py:1911} INFO - Created Permission View: can read on DAG Run:example_trigger_target_dag
[2025-06-23T13:41:05.406+0000] {logging_mixin.py:190} INFO - [2025-06-23T13:41:05.406+0000] {override.py:1911} INFO - Created Permission View: can create on DAG Run:example_trigger_target_dag
[2025-06-23T13:41:05.419+0000] {logging_mixin.py:190} INFO - [2025-06-23T13:41:05.418+0000] {override.py:1911} INFO - Created Permission View: can delete on DAG Run:example_trigger_target_dag
[2025-06-23T13:41:05.432+0000] {logging_mixin.py:190} INFO - [2025-06-23T13:41:05.431+0000] {override.py:1911} INFO - Created Permission View: menu access on DAG Run:example_trigger_target_dag
[2025-06-23T13:41:05.433+0000] {logging_mixin.py:190} INFO - [2025-06-23T13:41:05.433+0000] {dag.py:3239} INFO - Sync 1 DAGs
[2025-06-23T13:41:05.455+0000] {logging_mixin.py:190} INFO - [2025-06-23T13:41:05.455+0000] {dag.py:3262} INFO - Creating ORM DAG for example_trigger_target_dag
[2025-06-23T13:41:05.457+0000] {logging_mixin.py:190} INFO - [2025-06-23T13:41:05.456+0000] {dag.py:4180} INFO - Setting next_dagrun for example_trigger_target_dag to None, run_after=None
[2025-06-23T13:41:05.486+0000] {processor.py:208} INFO - Processing /home/airflow/.local/lib/python3.12/site-packages/airflow/example_dags/example_trigger_target_dag.py took 0.338 seconds
[2025-06-23T13:41:35.914+0000] {processor.py:186} INFO - Started process (PID=178) to work on /home/airflow/.local/lib/python3.12/site-packages/airflow/example_dags/example_trigger_target_dag.py
[2025-06-23T13:41:35.916+0000] {processor.py:914} INFO - Processing file /home/airflow/.local/lib/python3.12/site-packages/airflow/example_dags/example_trigger_target_dag.py for tasks to queue
[2025-06-23T13:41:35.919+0000] {logging_mixin.py:190} INFO - [2025-06-23T13:41:35.919+0000] {dagbag.py:588} INFO - Filling up the DagBag from /home/airflow/.local/lib/python3.12/site-packages/airflow/example_dags/example_trigger_target_dag.py
[2025-06-23T13:41:35.929+0000] {processor.py:925} INFO - DAG(s) 'example_trigger_target_dag' retrieved from /home/airflow/.local/lib/python3.12/site-packages/airflow/example_dags/example_trigger_target_dag.py
[2025-06-23T13:41:35.955+0000] {logging_mixin.py:190} INFO - [2025-06-23T13:41:35.954+0000] {dag.py:3239} INFO - Sync 1 DAGs
[2025-06-23T13:41:35.974+0000] {logging_mixin.py:190} INFO - [2025-06-23T13:41:35.973+0000] {dag.py:4180} INFO - Setting next_dagrun for example_trigger_target_dag to None, run_after=None
[2025-06-23T13:41:36.000+0000] {processor.py:208} INFO - Processing /home/airflow/.local/lib/python3.12/site-packages/airflow/example_dags/example_trigger_target_dag.py took 0.092 seconds
[2025-06-23T13:42:08.299+0000] {processor.py:186} INFO - Started process (PID=242) to work on /home/airflow/.local/lib/python3.12/site-packages/airflow/example_dags/example_trigger_target_dag.py
[2025-06-23T13:42:08.301+0000] {processor.py:914} INFO - Processing file /home/airflow/.local/lib/python3.12/site-packages/airflow/example_dags/example_trigger_target_dag.py for tasks to queue
[2025-06-23T13:42:08.307+0000] {logging_mixin.py:190} INFO - [2025-06-23T13:42:08.307+0000] {dagbag.py:588} INFO - Filling up the DagBag from /home/airflow/.local/lib/python3.12/site-packages/airflow/example_dags/example_trigger_target_dag.py
[2025-06-23T13:42:08.349+0000] {processor.py:925} INFO - DAG(s) 'example_trigger_target_dag' retrieved from /home/airflow/.local/lib/python3.12/site-packages/airflow/example_dags/example_trigger_target_dag.py
[2025-06-23T13:42:08.427+0000] {logging_mixin.py:190} INFO - [2025-06-23T13:42:08.426+0000] {dag.py:3239} INFO - Sync 1 DAGs
[2025-06-23T13:42:08.471+0000] {logging_mixin.py:190} INFO - [2025-06-23T13:42:08.470+0000] {dag.py:4180} INFO - Setting next_dagrun for example_trigger_target_dag to None, run_after=None
[2025-06-23T13:42:08.510+0000] {processor.py:208} INFO - Processing /home/airflow/.local/lib/python3.12/site-packages/airflow/example_dags/example_trigger_target_dag.py took 0.227 seconds
[2025-06-23T13:42:49.552+0000] {processor.py:186} INFO - Started process (PID=311) to work on /home/airflow/.local/lib/python3.12/site-packages/airflow/example_dags/example_trigger_target_dag.py
[2025-06-23T13:42:49.564+0000] {processor.py:914} INFO - Processing file /home/airflow/.local/lib/python3.12/site-packages/airflow/example_dags/example_trigger_target_dag.py for tasks to queue
[2025-06-23T13:42:49.574+0000] {logging_mixin.py:190} INFO - [2025-06-23T13:42:49.572+0000] {dagbag.py:588} INFO - Filling up the DagBag from /home/airflow/.local/lib/python3.12/site-packages/airflow/example_dags/example_trigger_target_dag.py
[2025-06-23T13:42:49.649+0000] {processor.py:925} INFO - DAG(s) 'example_trigger_target_dag' retrieved from /home/airflow/.local/lib/python3.12/site-packages/airflow/example_dags/example_trigger_target_dag.py
[2025-06-23T13:42:49.820+0000] {logging_mixin.py:190} INFO - [2025-06-23T13:42:49.819+0000] {dag.py:3239} INFO - Sync 1 DAGs
[2025-06-23T13:42:49.899+0000] {logging_mixin.py:190} INFO - [2025-06-23T13:42:49.898+0000] {dag.py:4180} INFO - Setting next_dagrun for example_trigger_target_dag to None, run_after=None
[2025-06-23T13:42:49.984+0000] {processor.py:208} INFO - Processing /home/airflow/.local/lib/python3.12/site-packages/airflow/example_dags/example_trigger_target_dag.py took 0.497 seconds
[2025-06-23T13:43:31.292+0000] {processor.py:186} INFO - Started process (PID=374) to work on /home/airflow/.local/lib/python3.12/site-packages/airflow/example_dags/example_trigger_target_dag.py
[2025-06-23T13:43:31.295+0000] {processor.py:914} INFO - Processing file /home/airflow/.local/lib/python3.12/site-packages/airflow/example_dags/example_trigger_target_dag.py for tasks to queue
[2025-06-23T13:43:31.300+0000] {logging_mixin.py:190} INFO - [2025-06-23T13:43:31.299+0000] {dagbag.py:588} INFO - Filling up the DagBag from /home/airflow/.local/lib/python3.12/site-packages/airflow/example_dags/example_trigger_target_dag.py
[2025-06-23T13:43:31.315+0000] {processor.py:925} INFO - DAG(s) 'example_trigger_target_dag' retrieved from /home/airflow/.local/lib/python3.12/site-packages/airflow/example_dags/example_trigger_target_dag.py
[2025-06-23T13:43:31.360+0000] {logging_mixin.py:190} INFO - [2025-06-23T13:43:31.360+0000] {dag.py:3239} INFO - Sync 1 DAGs
[2025-06-23T13:43:31.393+0000] {logging_mixin.py:190} INFO - [2025-06-23T13:43:31.392+0000] {dag.py:4180} INFO - Setting next_dagrun for example_trigger_target_dag to None, run_after=None
[2025-06-23T13:43:31.430+0000] {processor.py:208} INFO - Processing /home/airflow/.local/lib/python3.12/site-packages/airflow/example_dags/example_trigger_target_dag.py took 0.148 seconds
[2025-06-23T13:44:02.613+0000] {processor.py:186} INFO - Started process (PID=437) to work on /home/airflow/.local/lib/python3.12/site-packages/airflow/example_dags/example_trigger_target_dag.py
[2025-06-23T13:44:02.615+0000] {processor.py:914} INFO - Processing file /home/airflow/.local/lib/python3.12/site-packages/airflow/example_dags/example_trigger_target_dag.py for tasks to queue
[2025-06-23T13:44:02.619+0000] {logging_mixin.py:190} INFO - [2025-06-23T13:44:02.618+0000] {dagbag.py:588} INFO - Filling up the DagBag from /home/airflow/.local/lib/python3.12/site-packages/airflow/example_dags/example_trigger_target_dag.py
[2025-06-23T13:44:02.632+0000] {processor.py:925} INFO - DAG(s) 'example_trigger_target_dag' retrieved from /home/airflow/.local/lib/python3.12/site-packages/airflow/example_dags/example_trigger_target_dag.py
[2025-06-23T13:44:02.662+0000] {logging_mixin.py:190} INFO - [2025-06-23T13:44:02.662+0000] {dag.py:3239} INFO - Sync 1 DAGs
[2025-06-23T13:44:02.685+0000] {logging_mixin.py:190} INFO - [2025-06-23T13:44:02.685+0000] {dag.py:4180} INFO - Setting next_dagrun for example_trigger_target_dag to None, run_after=None
[2025-06-23T13:44:02.713+0000] {processor.py:208} INFO - Processing /home/airflow/.local/lib/python3.12/site-packages/airflow/example_dags/example_trigger_target_dag.py took 0.108 seconds
[2025-06-23T13:44:35.459+0000] {processor.py:186} INFO - Started process (PID=500) to work on /home/airflow/.local/lib/python3.12/site-packages/airflow/example_dags/example_trigger_target_dag.py
[2025-06-23T13:44:35.461+0000] {processor.py:914} INFO - Processing file /home/airflow/.local/lib/python3.12/site-packages/airflow/example_dags/example_trigger_target_dag.py for tasks to queue
[2025-06-23T13:44:35.466+0000] {logging_mixin.py:190} INFO - [2025-06-23T13:44:35.466+0000] {dagbag.py:588} INFO - Filling up the DagBag from /home/airflow/.local/lib/python3.12/site-packages/airflow/example_dags/example_trigger_target_dag.py
[2025-06-23T13:44:35.485+0000] {processor.py:925} INFO - DAG(s) 'example_trigger_target_dag' retrieved from /home/airflow/.local/lib/python3.12/site-packages/airflow/example_dags/example_trigger_target_dag.py
[2025-06-23T13:44:35.522+0000] {logging_mixin.py:190} INFO - [2025-06-23T13:44:35.521+0000] {dag.py:3239} INFO - Sync 1 DAGs
[2025-06-23T13:44:35.550+0000] {logging_mixin.py:190} INFO - [2025-06-23T13:44:35.550+0000] {dag.py:4180} INFO - Setting next_dagrun for example_trigger_target_dag to None, run_after=None
[2025-06-23T13:44:35.590+0000] {processor.py:208} INFO - Processing /home/airflow/.local/lib/python3.12/site-packages/airflow/example_dags/example_trigger_target_dag.py took 0.147 seconds
