[2025-06-23T13:41:08.080+0000] {processor.py:186} INFO - Started process (PID=126) to work on /home/airflow/.local/lib/python3.12/site-packages/airflow/example_dags/example_task_group.py
[2025-06-23T13:41:08.081+0000] {processor.py:914} INFO - Processing file /home/airflow/.local/lib/python3.12/site-packages/airflow/example_dags/example_task_group.py for tasks to queue
[2025-06-23T13:41:08.085+0000] {logging_mixin.py:190} INFO - [2025-06-23T13:41:08.085+0000] {dagbag.py:588} INFO - Filling up the DagBag from /home/airflow/.local/lib/python3.12/site-packages/airflow/example_dags/example_task_group.py
[2025-06-23T13:41:08.102+0000] {processor.py:925} INFO - DAG(s) 'example_task_group' retrieved from /home/airflow/.local/lib/python3.12/site-packages/airflow/example_dags/example_task_group.py
[2025-06-23T13:41:08.322+0000] {logging_mixin.py:190} INFO - [2025-06-23T13:41:08.321+0000] {override.py:1911} INFO - Created Permission View: can read on DAG:example_task_group
[2025-06-23T13:41:08.338+0000] {logging_mixin.py:190} INFO - [2025-06-23T13:41:08.337+0000] {override.py:1911} INFO - Created Permission View: can delete on DAG:example_task_group
[2025-06-23T13:41:08.350+0000] {logging_mixin.py:190} INFO - [2025-06-23T13:41:08.349+0000] {override.py:1911} INFO - Created Permission View: can edit on DAG:example_task_group
[2025-06-23T13:41:08.362+0000] {logging_mixin.py:190} INFO - [2025-06-23T13:41:08.361+0000] {override.py:1911} INFO - Created Permission View: can read on DAG Run:example_task_group
[2025-06-23T13:41:08.373+0000] {logging_mixin.py:190} INFO - [2025-06-23T13:41:08.372+0000] {override.py:1911} INFO - Created Permission View: can create on DAG Run:example_task_group
[2025-06-23T13:41:08.385+0000] {logging_mixin.py:190} INFO - [2025-06-23T13:41:08.384+0000] {override.py:1911} INFO - Created Permission View: can delete on DAG Run:example_task_group
[2025-06-23T13:41:08.398+0000] {logging_mixin.py:190} INFO - [2025-06-23T13:41:08.398+0000] {override.py:1911} INFO - Created Permission View: menu access on DAG Run:example_task_group
[2025-06-23T13:41:08.399+0000] {logging_mixin.py:190} INFO - [2025-06-23T13:41:08.399+0000] {dag.py:3239} INFO - Sync 1 DAGs
[2025-06-23T13:41:08.422+0000] {logging_mixin.py:190} INFO - [2025-06-23T13:41:08.421+0000] {dag.py:3262} INFO - Creating ORM DAG for example_task_group
[2025-06-23T13:41:08.423+0000] {logging_mixin.py:190} INFO - [2025-06-23T13:41:08.423+0000] {dag.py:4180} INFO - Setting next_dagrun for example_task_group to None, run_after=None
[2025-06-23T13:41:08.452+0000] {processor.py:208} INFO - Processing /home/airflow/.local/lib/python3.12/site-packages/airflow/example_dags/example_task_group.py took 0.384 seconds
[2025-06-23T13:41:38.997+0000] {processor.py:186} INFO - Started process (PID=189) to work on /home/airflow/.local/lib/python3.12/site-packages/airflow/example_dags/example_task_group.py
[2025-06-23T13:41:38.998+0000] {processor.py:914} INFO - Processing file /home/airflow/.local/lib/python3.12/site-packages/airflow/example_dags/example_task_group.py for tasks to queue
[2025-06-23T13:41:39.001+0000] {logging_mixin.py:190} INFO - [2025-06-23T13:41:39.001+0000] {dagbag.py:588} INFO - Filling up the DagBag from /home/airflow/.local/lib/python3.12/site-packages/airflow/example_dags/example_task_group.py
[2025-06-23T13:41:39.013+0000] {processor.py:925} INFO - DAG(s) 'example_task_group' retrieved from /home/airflow/.local/lib/python3.12/site-packages/airflow/example_dags/example_task_group.py
[2025-06-23T13:41:39.039+0000] {logging_mixin.py:190} INFO - [2025-06-23T13:41:39.038+0000] {dag.py:3239} INFO - Sync 1 DAGs
[2025-06-23T13:41:39.056+0000] {logging_mixin.py:190} INFO - [2025-06-23T13:41:39.056+0000] {dag.py:4180} INFO - Setting next_dagrun for example_task_group to None, run_after=None
[2025-06-23T13:41:39.082+0000] {processor.py:208} INFO - Processing /home/airflow/.local/lib/python3.12/site-packages/airflow/example_dags/example_task_group.py took 0.092 seconds
[2025-06-23T13:42:09.881+0000] {processor.py:186} INFO - Started process (PID=252) to work on /home/airflow/.local/lib/python3.12/site-packages/airflow/example_dags/example_task_group.py
[2025-06-23T13:42:09.883+0000] {processor.py:914} INFO - Processing file /home/airflow/.local/lib/python3.12/site-packages/airflow/example_dags/example_task_group.py for tasks to queue
[2025-06-23T13:42:09.886+0000] {logging_mixin.py:190} INFO - [2025-06-23T13:42:09.886+0000] {dagbag.py:588} INFO - Filling up the DagBag from /home/airflow/.local/lib/python3.12/site-packages/airflow/example_dags/example_task_group.py
[2025-06-23T13:42:09.898+0000] {processor.py:925} INFO - DAG(s) 'example_task_group' retrieved from /home/airflow/.local/lib/python3.12/site-packages/airflow/example_dags/example_task_group.py
[2025-06-23T13:42:09.928+0000] {logging_mixin.py:190} INFO - [2025-06-23T13:42:09.927+0000] {dag.py:3239} INFO - Sync 1 DAGs
[2025-06-23T13:42:09.947+0000] {logging_mixin.py:190} INFO - [2025-06-23T13:42:09.947+0000] {dag.py:4180} INFO - Setting next_dagrun for example_task_group to None, run_after=None
[2025-06-23T13:42:09.973+0000] {processor.py:208} INFO - Processing /home/airflow/.local/lib/python3.12/site-packages/airflow/example_dags/example_task_group.py took 0.099 seconds
[2025-06-23T13:42:52.837+0000] {processor.py:186} INFO - Started process (PID=322) to work on /home/airflow/.local/lib/python3.12/site-packages/airflow/example_dags/example_task_group.py
[2025-06-23T13:42:52.844+0000] {processor.py:914} INFO - Processing file /home/airflow/.local/lib/python3.12/site-packages/airflow/example_dags/example_task_group.py for tasks to queue
[2025-06-23T13:42:52.852+0000] {logging_mixin.py:190} INFO - [2025-06-23T13:42:52.851+0000] {dagbag.py:588} INFO - Filling up the DagBag from /home/airflow/.local/lib/python3.12/site-packages/airflow/example_dags/example_task_group.py
[2025-06-23T13:42:52.891+0000] {processor.py:925} INFO - DAG(s) 'example_task_group' retrieved from /home/airflow/.local/lib/python3.12/site-packages/airflow/example_dags/example_task_group.py
[2025-06-23T13:42:52.975+0000] {logging_mixin.py:190} INFO - [2025-06-23T13:42:52.974+0000] {dag.py:3239} INFO - Sync 1 DAGs
[2025-06-23T13:42:53.035+0000] {logging_mixin.py:190} INFO - [2025-06-23T13:42:53.034+0000] {dag.py:4180} INFO - Setting next_dagrun for example_task_group to None, run_after=None
[2025-06-23T13:42:53.116+0000] {processor.py:208} INFO - Processing /home/airflow/.local/lib/python3.12/site-packages/airflow/example_dags/example_task_group.py took 0.301 seconds
[2025-06-23T13:43:32.849+0000] {processor.py:186} INFO - Started process (PID=384) to work on /home/airflow/.local/lib/python3.12/site-packages/airflow/example_dags/example_task_group.py
[2025-06-23T13:43:32.851+0000] {processor.py:914} INFO - Processing file /home/airflow/.local/lib/python3.12/site-packages/airflow/example_dags/example_task_group.py for tasks to queue
[2025-06-23T13:43:32.855+0000] {logging_mixin.py:190} INFO - [2025-06-23T13:43:32.855+0000] {dagbag.py:588} INFO - Filling up the DagBag from /home/airflow/.local/lib/python3.12/site-packages/airflow/example_dags/example_task_group.py
[2025-06-23T13:43:32.878+0000] {processor.py:925} INFO - DAG(s) 'example_task_group' retrieved from /home/airflow/.local/lib/python3.12/site-packages/airflow/example_dags/example_task_group.py
[2025-06-23T13:43:32.916+0000] {logging_mixin.py:190} INFO - [2025-06-23T13:43:32.916+0000] {dag.py:3239} INFO - Sync 1 DAGs
[2025-06-23T13:43:32.943+0000] {logging_mixin.py:190} INFO - [2025-06-23T13:43:32.943+0000] {dag.py:4180} INFO - Setting next_dagrun for example_task_group to None, run_after=None
[2025-06-23T13:43:32.978+0000] {processor.py:208} INFO - Processing /home/airflow/.local/lib/python3.12/site-packages/airflow/example_dags/example_task_group.py took 0.141 seconds
[2025-06-23T13:44:03.804+0000] {processor.py:186} INFO - Started process (PID=447) to work on /home/airflow/.local/lib/python3.12/site-packages/airflow/example_dags/example_task_group.py
[2025-06-23T13:44:03.805+0000] {processor.py:914} INFO - Processing file /home/airflow/.local/lib/python3.12/site-packages/airflow/example_dags/example_task_group.py for tasks to queue
[2025-06-23T13:44:03.811+0000] {logging_mixin.py:190} INFO - [2025-06-23T13:44:03.811+0000] {dagbag.py:588} INFO - Filling up the DagBag from /home/airflow/.local/lib/python3.12/site-packages/airflow/example_dags/example_task_group.py
[2025-06-23T13:44:03.829+0000] {processor.py:925} INFO - DAG(s) 'example_task_group' retrieved from /home/airflow/.local/lib/python3.12/site-packages/airflow/example_dags/example_task_group.py
[2025-06-23T13:44:03.866+0000] {logging_mixin.py:190} INFO - [2025-06-23T13:44:03.866+0000] {dag.py:3239} INFO - Sync 1 DAGs
[2025-06-23T13:44:03.890+0000] {logging_mixin.py:190} INFO - [2025-06-23T13:44:03.890+0000] {dag.py:4180} INFO - Setting next_dagrun for example_task_group to None, run_after=None
[2025-06-23T13:44:03.924+0000] {processor.py:208} INFO - Processing /home/airflow/.local/lib/python3.12/site-packages/airflow/example_dags/example_task_group.py took 0.130 seconds
[2025-06-23T13:44:36.958+0000] {processor.py:186} INFO - Started process (PID=510) to work on /home/airflow/.local/lib/python3.12/site-packages/airflow/example_dags/example_task_group.py
[2025-06-23T13:44:36.960+0000] {processor.py:914} INFO - Processing file /home/airflow/.local/lib/python3.12/site-packages/airflow/example_dags/example_task_group.py for tasks to queue
[2025-06-23T13:44:36.965+0000] {logging_mixin.py:190} INFO - [2025-06-23T13:44:36.964+0000] {dagbag.py:588} INFO - Filling up the DagBag from /home/airflow/.local/lib/python3.12/site-packages/airflow/example_dags/example_task_group.py
[2025-06-23T13:44:36.979+0000] {processor.py:925} INFO - DAG(s) 'example_task_group' retrieved from /home/airflow/.local/lib/python3.12/site-packages/airflow/example_dags/example_task_group.py
[2025-06-23T13:44:37.019+0000] {logging_mixin.py:190} INFO - [2025-06-23T13:44:37.018+0000] {dag.py:3239} INFO - Sync 1 DAGs
[2025-06-23T13:44:37.039+0000] {logging_mixin.py:190} INFO - [2025-06-23T13:44:37.039+0000] {dag.py:4180} INFO - Setting next_dagrun for example_task_group to None, run_after=None
[2025-06-23T13:44:37.071+0000] {processor.py:208} INFO - Processing /home/airflow/.local/lib/python3.12/site-packages/airflow/example_dags/example_task_group.py took 0.122 seconds
