[2025-06-23T13:41:04.954+0000] {processor.py:186} INFO - Started process (PID=114) to work on /home/airflow/.local/lib/python3.12/site-packages/airflow/example_dags/example_branch_python_dop_operator_3.py
[2025-06-23T13:41:04.957+0000] {processor.py:914} INFO - Processing file /home/airflow/.local/lib/python3.12/site-packages/airflow/example_dags/example_branch_python_dop_operator_3.py for tasks to queue
[2025-06-23T13:41:04.961+0000] {logging_mixin.py:190} INFO - [2025-06-23T13:41:04.961+0000] {dagbag.py:588} INFO - Filling up the DagBag from /home/airflow/.local/lib/python3.12/site-packages/airflow/example_dags/example_branch_python_dop_operator_3.py
[2025-06-23T13:41:04.982+0000] {processor.py:925} INFO - DAG(s) 'example_branch_dop_operator_v3' retrieved from /home/airflow/.local/lib/python3.12/site-packages/airflow/example_dags/example_branch_python_dop_operator_3.py
[2025-06-23T13:41:05.142+0000] {logging_mixin.py:190} INFO - [2025-06-23T13:41:05.141+0000] {override.py:1911} INFO - Created Permission View: can read on DAG:example_branch_dop_operator_v3
[2025-06-23T13:41:05.159+0000] {logging_mixin.py:190} INFO - [2025-06-23T13:41:05.158+0000] {override.py:1911} INFO - Created Permission View: can delete on DAG:example_branch_dop_operator_v3
[2025-06-23T13:41:05.174+0000] {logging_mixin.py:190} INFO - [2025-06-23T13:41:05.174+0000] {override.py:1911} INFO - Created Permission View: can edit on DAG:example_branch_dop_operator_v3
[2025-06-23T13:41:05.189+0000] {logging_mixin.py:190} INFO - [2025-06-23T13:41:05.188+0000] {override.py:1911} INFO - Created Permission View: can read on DAG Run:example_branch_dop_operator_v3
[2025-06-23T13:41:05.200+0000] {logging_mixin.py:190} INFO - [2025-06-23T13:41:05.200+0000] {override.py:1911} INFO - Created Permission View: can create on DAG Run:example_branch_dop_operator_v3
[2025-06-23T13:41:05.212+0000] {logging_mixin.py:190} INFO - [2025-06-23T13:41:05.212+0000] {override.py:1911} INFO - Created Permission View: can delete on DAG Run:example_branch_dop_operator_v3
[2025-06-23T13:41:05.224+0000] {logging_mixin.py:190} INFO - [2025-06-23T13:41:05.224+0000] {override.py:1911} INFO - Created Permission View: menu access on DAG Run:example_branch_dop_operator_v3
[2025-06-23T13:41:05.226+0000] {logging_mixin.py:190} INFO - [2025-06-23T13:41:05.225+0000] {dag.py:3239} INFO - Sync 1 DAGs
[2025-06-23T13:41:05.246+0000] {logging_mixin.py:190} INFO - [2025-06-23T13:41:05.246+0000] {dag.py:3262} INFO - Creating ORM DAG for example_branch_dop_operator_v3
[2025-06-23T13:41:05.265+0000] {logging_mixin.py:190} INFO - [2025-06-23T13:41:05.264+0000] {dag.py:4180} INFO - Setting next_dagrun for example_branch_dop_operator_v3 to 2025-06-23 13:40:00+00:00, run_after=2025-06-23 13:41:00+00:00
[2025-06-23T13:41:05.293+0000] {processor.py:208} INFO - Processing /home/airflow/.local/lib/python3.12/site-packages/airflow/example_dags/example_branch_python_dop_operator_3.py took 0.351 seconds
[2025-06-23T13:41:35.757+0000] {processor.py:186} INFO - Started process (PID=177) to work on /home/airflow/.local/lib/python3.12/site-packages/airflow/example_dags/example_branch_python_dop_operator_3.py
[2025-06-23T13:41:35.759+0000] {processor.py:914} INFO - Processing file /home/airflow/.local/lib/python3.12/site-packages/airflow/example_dags/example_branch_python_dop_operator_3.py for tasks to queue
[2025-06-23T13:41:35.763+0000] {logging_mixin.py:190} INFO - [2025-06-23T13:41:35.763+0000] {dagbag.py:588} INFO - Filling up the DagBag from /home/airflow/.local/lib/python3.12/site-packages/airflow/example_dags/example_branch_python_dop_operator_3.py
[2025-06-23T13:41:35.777+0000] {processor.py:925} INFO - DAG(s) 'example_branch_dop_operator_v3' retrieved from /home/airflow/.local/lib/python3.12/site-packages/airflow/example_dags/example_branch_python_dop_operator_3.py
[2025-06-23T13:41:35.802+0000] {logging_mixin.py:190} INFO - [2025-06-23T13:41:35.802+0000] {dag.py:3239} INFO - Sync 1 DAGs
[2025-06-23T13:41:35.837+0000] {logging_mixin.py:190} INFO - [2025-06-23T13:41:35.837+0000] {dag.py:4180} INFO - Setting next_dagrun for example_branch_dop_operator_v3 to 2025-06-23 13:40:00+00:00, run_after=2025-06-23 13:41:00+00:00
[2025-06-23T13:41:35.864+0000] {processor.py:208} INFO - Processing /home/airflow/.local/lib/python3.12/site-packages/airflow/example_dags/example_branch_python_dop_operator_3.py took 0.113 seconds
[2025-06-23T13:42:08.035+0000] {processor.py:186} INFO - Started process (PID=241) to work on /home/airflow/.local/lib/python3.12/site-packages/airflow/example_dags/example_branch_python_dop_operator_3.py
[2025-06-23T13:42:08.039+0000] {processor.py:914} INFO - Processing file /home/airflow/.local/lib/python3.12/site-packages/airflow/example_dags/example_branch_python_dop_operator_3.py for tasks to queue
[2025-06-23T13:42:08.043+0000] {logging_mixin.py:190} INFO - [2025-06-23T13:42:08.043+0000] {dagbag.py:588} INFO - Filling up the DagBag from /home/airflow/.local/lib/python3.12/site-packages/airflow/example_dags/example_branch_python_dop_operator_3.py
[2025-06-23T13:42:08.063+0000] {processor.py:925} INFO - DAG(s) 'example_branch_dop_operator_v3' retrieved from /home/airflow/.local/lib/python3.12/site-packages/airflow/example_dags/example_branch_python_dop_operator_3.py
[2025-06-23T13:42:08.103+0000] {logging_mixin.py:190} INFO - [2025-06-23T13:42:08.102+0000] {dag.py:3239} INFO - Sync 1 DAGs
[2025-06-23T13:42:08.159+0000] {logging_mixin.py:190} INFO - [2025-06-23T13:42:08.159+0000] {dag.py:4180} INFO - Setting next_dagrun for example_branch_dop_operator_v3 to 2025-06-23 13:41:00+00:00, run_after=2025-06-23 13:42:00+00:00
[2025-06-23T13:42:08.210+0000] {processor.py:208} INFO - Processing /home/airflow/.local/lib/python3.12/site-packages/airflow/example_dags/example_branch_python_dop_operator_3.py took 0.186 seconds
[2025-06-23T13:42:48.768+0000] {processor.py:186} INFO - Started process (PID=304) to work on /home/airflow/.local/lib/python3.12/site-packages/airflow/example_dags/example_branch_python_dop_operator_3.py
[2025-06-23T13:42:48.774+0000] {processor.py:914} INFO - Processing file /home/airflow/.local/lib/python3.12/site-packages/airflow/example_dags/example_branch_python_dop_operator_3.py for tasks to queue
[2025-06-23T13:42:48.787+0000] {logging_mixin.py:190} INFO - [2025-06-23T13:42:48.786+0000] {dagbag.py:588} INFO - Filling up the DagBag from /home/airflow/.local/lib/python3.12/site-packages/airflow/example_dags/example_branch_python_dop_operator_3.py
[2025-06-23T13:42:48.972+0000] {processor.py:925} INFO - DAG(s) 'example_branch_dop_operator_v3' retrieved from /home/airflow/.local/lib/python3.12/site-packages/airflow/example_dags/example_branch_python_dop_operator_3.py
[2025-06-23T13:42:49.155+0000] {logging_mixin.py:190} INFO - [2025-06-23T13:42:49.154+0000] {dag.py:3239} INFO - Sync 1 DAGs
[2025-06-23T13:42:49.493+0000] {logging_mixin.py:190} INFO - [2025-06-23T13:42:49.492+0000] {dag.py:4180} INFO - Setting next_dagrun for example_branch_dop_operator_v3 to 2025-06-23 13:41:00+00:00, run_after=2025-06-23 13:42:00+00:00
[2025-06-23T13:42:49.702+0000] {processor.py:208} INFO - Processing /home/airflow/.local/lib/python3.12/site-packages/airflow/example_dags/example_branch_python_dop_operator_3.py took 0.990 seconds
[2025-06-23T13:43:31.014+0000] {processor.py:186} INFO - Started process (PID=373) to work on /home/airflow/.local/lib/python3.12/site-packages/airflow/example_dags/example_branch_python_dop_operator_3.py
[2025-06-23T13:43:31.016+0000] {processor.py:914} INFO - Processing file /home/airflow/.local/lib/python3.12/site-packages/airflow/example_dags/example_branch_python_dop_operator_3.py for tasks to queue
[2025-06-23T13:43:31.021+0000] {logging_mixin.py:190} INFO - [2025-06-23T13:43:31.020+0000] {dagbag.py:588} INFO - Filling up the DagBag from /home/airflow/.local/lib/python3.12/site-packages/airflow/example_dags/example_branch_python_dop_operator_3.py
[2025-06-23T13:43:31.048+0000] {processor.py:925} INFO - DAG(s) 'example_branch_dop_operator_v3' retrieved from /home/airflow/.local/lib/python3.12/site-packages/airflow/example_dags/example_branch_python_dop_operator_3.py
[2025-06-23T13:43:31.096+0000] {logging_mixin.py:190} INFO - [2025-06-23T13:43:31.095+0000] {dag.py:3239} INFO - Sync 1 DAGs
[2025-06-23T13:43:31.161+0000] {logging_mixin.py:190} INFO - [2025-06-23T13:43:31.160+0000] {dag.py:4180} INFO - Setting next_dagrun for example_branch_dop_operator_v3 to 2025-06-23 13:42:00+00:00, run_after=2025-06-23 13:43:00+00:00
[2025-06-23T13:43:31.207+0000] {processor.py:208} INFO - Processing /home/airflow/.local/lib/python3.12/site-packages/airflow/example_dags/example_branch_python_dop_operator_3.py took 0.205 seconds
[2025-06-23T13:44:02.391+0000] {processor.py:186} INFO - Started process (PID=436) to work on /home/airflow/.local/lib/python3.12/site-packages/airflow/example_dags/example_branch_python_dop_operator_3.py
[2025-06-23T13:44:02.393+0000] {processor.py:914} INFO - Processing file /home/airflow/.local/lib/python3.12/site-packages/airflow/example_dags/example_branch_python_dop_operator_3.py for tasks to queue
[2025-06-23T13:44:02.399+0000] {logging_mixin.py:190} INFO - [2025-06-23T13:44:02.398+0000] {dagbag.py:588} INFO - Filling up the DagBag from /home/airflow/.local/lib/python3.12/site-packages/airflow/example_dags/example_branch_python_dop_operator_3.py
[2025-06-23T13:44:02.429+0000] {processor.py:925} INFO - DAG(s) 'example_branch_dop_operator_v3' retrieved from /home/airflow/.local/lib/python3.12/site-packages/airflow/example_dags/example_branch_python_dop_operator_3.py
[2025-06-23T13:44:02.479+0000] {logging_mixin.py:190} INFO - [2025-06-23T13:44:02.478+0000] {dag.py:3239} INFO - Sync 1 DAGs
[2025-06-23T13:44:02.528+0000] {logging_mixin.py:190} INFO - [2025-06-23T13:44:02.528+0000] {dag.py:4180} INFO - Setting next_dagrun for example_branch_dop_operator_v3 to 2025-06-23 13:43:00+00:00, run_after=2025-06-23 13:44:00+00:00
[2025-06-23T13:44:02.563+0000] {processor.py:208} INFO - Processing /home/airflow/.local/lib/python3.12/site-packages/airflow/example_dags/example_branch_python_dop_operator_3.py took 0.194 seconds
[2025-06-23T13:44:35.103+0000] {processor.py:186} INFO - Started process (PID=499) to work on /home/airflow/.local/lib/python3.12/site-packages/airflow/example_dags/example_branch_python_dop_operator_3.py
[2025-06-23T13:44:35.106+0000] {processor.py:914} INFO - Processing file /home/airflow/.local/lib/python3.12/site-packages/airflow/example_dags/example_branch_python_dop_operator_3.py for tasks to queue
[2025-06-23T13:44:35.114+0000] {logging_mixin.py:190} INFO - [2025-06-23T13:44:35.112+0000] {dagbag.py:588} INFO - Filling up the DagBag from /home/airflow/.local/lib/python3.12/site-packages/airflow/example_dags/example_branch_python_dop_operator_3.py
[2025-06-23T13:44:35.149+0000] {processor.py:925} INFO - DAG(s) 'example_branch_dop_operator_v3' retrieved from /home/airflow/.local/lib/python3.12/site-packages/airflow/example_dags/example_branch_python_dop_operator_3.py
[2025-06-23T13:44:35.221+0000] {logging_mixin.py:190} INFO - [2025-06-23T13:44:35.221+0000] {dag.py:3239} INFO - Sync 1 DAGs
[2025-06-23T13:44:35.317+0000] {logging_mixin.py:190} INFO - [2025-06-23T13:44:35.316+0000] {dag.py:4180} INFO - Setting next_dagrun for example_branch_dop_operator_v3 to 2025-06-23 13:43:00+00:00, run_after=2025-06-23 13:44:00+00:00
[2025-06-23T13:44:35.379+0000] {processor.py:208} INFO - Processing /home/airflow/.local/lib/python3.12/site-packages/airflow/example_dags/example_branch_python_dop_operator_3.py took 0.290 seconds
