[2025-06-23T13:41:07.164+0000] {processor.py:186} INFO - Started process (PID=124) to work on /home/airflow/.local/lib/python3.12/site-packages/airflow/example_dags/example_branch_day_of_week_operator.py
[2025-06-23T13:41:07.166+0000] {processor.py:914} INFO - Processing file /home/airflow/.local/lib/python3.12/site-packages/airflow/example_dags/example_branch_day_of_week_operator.py for tasks to queue
[2025-06-23T13:41:07.171+0000] {logging_mixin.py:190} INFO - [2025-06-23T13:41:07.170+0000] {dagbag.py:588} INFO - Filling up the DagBag from /home/airflow/.local/lib/python3.12/site-packages/airflow/example_dags/example_branch_day_of_week_operator.py
[2025-06-23T13:41:07.197+0000] {processor.py:925} INFO - DAG(s) 'example_weekday_branch_operator' retrieved from /home/airflow/.local/lib/python3.12/site-packages/airflow/example_dags/example_branch_day_of_week_operator.py
[2025-06-23T13:41:07.440+0000] {logging_mixin.py:190} INFO - [2025-06-23T13:41:07.439+0000] {override.py:1911} INFO - Created Permission View: can read on DAG:example_weekday_branch_operator
[2025-06-23T13:41:07.458+0000] {logging_mixin.py:190} INFO - [2025-06-23T13:41:07.458+0000] {override.py:1911} INFO - Created Permission View: can delete on DAG:example_weekday_branch_operator
[2025-06-23T13:41:07.472+0000] {logging_mixin.py:190} INFO - [2025-06-23T13:41:07.471+0000] {override.py:1911} INFO - Created Permission View: can edit on DAG:example_weekday_branch_operator
[2025-06-23T13:41:07.486+0000] {logging_mixin.py:190} INFO - [2025-06-23T13:41:07.486+0000] {override.py:1911} INFO - Created Permission View: can read on DAG Run:example_weekday_branch_operator
[2025-06-23T13:41:07.499+0000] {logging_mixin.py:190} INFO - [2025-06-23T13:41:07.498+0000] {override.py:1911} INFO - Created Permission View: can create on DAG Run:example_weekday_branch_operator
[2025-06-23T13:41:07.510+0000] {logging_mixin.py:190} INFO - [2025-06-23T13:41:07.510+0000] {override.py:1911} INFO - Created Permission View: can delete on DAG Run:example_weekday_branch_operator
[2025-06-23T13:41:07.523+0000] {logging_mixin.py:190} INFO - [2025-06-23T13:41:07.523+0000] {override.py:1911} INFO - Created Permission View: menu access on DAG Run:example_weekday_branch_operator
[2025-06-23T13:41:07.524+0000] {logging_mixin.py:190} INFO - [2025-06-23T13:41:07.524+0000] {dag.py:3239} INFO - Sync 1 DAGs
[2025-06-23T13:41:07.553+0000] {logging_mixin.py:190} INFO - [2025-06-23T13:41:07.553+0000] {dag.py:3262} INFO - Creating ORM DAG for example_weekday_branch_operator
[2025-06-23T13:41:07.575+0000] {logging_mixin.py:190} INFO - [2025-06-23T13:41:07.575+0000] {dag.py:4180} INFO - Setting next_dagrun for example_weekday_branch_operator to 2025-06-22 00:00:00+00:00, run_after=2025-06-23 00:00:00+00:00
[2025-06-23T13:41:07.607+0000] {processor.py:208} INFO - Processing /home/airflow/.local/lib/python3.12/site-packages/airflow/example_dags/example_branch_day_of_week_operator.py took 0.452 seconds
[2025-06-23T13:41:37.793+0000] {processor.py:186} INFO - Started process (PID=186) to work on /home/airflow/.local/lib/python3.12/site-packages/airflow/example_dags/example_branch_day_of_week_operator.py
[2025-06-23T13:41:37.795+0000] {processor.py:914} INFO - Processing file /home/airflow/.local/lib/python3.12/site-packages/airflow/example_dags/example_branch_day_of_week_operator.py for tasks to queue
[2025-06-23T13:41:37.798+0000] {logging_mixin.py:190} INFO - [2025-06-23T13:41:37.797+0000] {dagbag.py:588} INFO - Filling up the DagBag from /home/airflow/.local/lib/python3.12/site-packages/airflow/example_dags/example_branch_day_of_week_operator.py
[2025-06-23T13:41:37.809+0000] {processor.py:925} INFO - DAG(s) 'example_weekday_branch_operator' retrieved from /home/airflow/.local/lib/python3.12/site-packages/airflow/example_dags/example_branch_day_of_week_operator.py
[2025-06-23T13:41:37.834+0000] {logging_mixin.py:190} INFO - [2025-06-23T13:41:37.833+0000] {dag.py:3239} INFO - Sync 1 DAGs
[2025-06-23T13:41:37.863+0000] {logging_mixin.py:190} INFO - [2025-06-23T13:41:37.863+0000] {dag.py:4180} INFO - Setting next_dagrun for example_weekday_branch_operator to 2025-06-22 00:00:00+00:00, run_after=2025-06-23 00:00:00+00:00
[2025-06-23T13:41:37.889+0000] {processor.py:208} INFO - Processing /home/airflow/.local/lib/python3.12/site-packages/airflow/example_dags/example_branch_day_of_week_operator.py took 0.105 seconds
[2025-06-23T13:42:09.703+0000] {processor.py:186} INFO - Started process (PID=250) to work on /home/airflow/.local/lib/python3.12/site-packages/airflow/example_dags/example_branch_day_of_week_operator.py
[2025-06-23T13:42:09.704+0000] {processor.py:914} INFO - Processing file /home/airflow/.local/lib/python3.12/site-packages/airflow/example_dags/example_branch_day_of_week_operator.py for tasks to queue
[2025-06-23T13:42:09.710+0000] {logging_mixin.py:190} INFO - [2025-06-23T13:42:09.709+0000] {dagbag.py:588} INFO - Filling up the DagBag from /home/airflow/.local/lib/python3.12/site-packages/airflow/example_dags/example_branch_day_of_week_operator.py
[2025-06-23T13:42:09.734+0000] {processor.py:925} INFO - DAG(s) 'example_weekday_branch_operator' retrieved from /home/airflow/.local/lib/python3.12/site-packages/airflow/example_dags/example_branch_day_of_week_operator.py
[2025-06-23T13:42:09.767+0000] {logging_mixin.py:190} INFO - [2025-06-23T13:42:09.766+0000] {dag.py:3239} INFO - Sync 1 DAGs
[2025-06-23T13:42:09.799+0000] {logging_mixin.py:190} INFO - [2025-06-23T13:42:09.799+0000] {dag.py:4180} INFO - Setting next_dagrun for example_weekday_branch_operator to 2025-06-22 00:00:00+00:00, run_after=2025-06-23 00:00:00+00:00
[2025-06-23T13:42:09.825+0000] {processor.py:208} INFO - Processing /home/airflow/.local/lib/python3.12/site-packages/airflow/example_dags/example_branch_day_of_week_operator.py took 0.133 seconds
[2025-06-23T13:42:51.855+0000] {processor.py:186} INFO - Started process (PID=320) to work on /home/airflow/.local/lib/python3.12/site-packages/airflow/example_dags/example_branch_day_of_week_operator.py
[2025-06-23T13:42:51.858+0000] {processor.py:914} INFO - Processing file /home/airflow/.local/lib/python3.12/site-packages/airflow/example_dags/example_branch_day_of_week_operator.py for tasks to queue
[2025-06-23T13:42:51.865+0000] {logging_mixin.py:190} INFO - [2025-06-23T13:42:51.864+0000] {dagbag.py:588} INFO - Filling up the DagBag from /home/airflow/.local/lib/python3.12/site-packages/airflow/example_dags/example_branch_day_of_week_operator.py
[2025-06-23T13:42:51.912+0000] {processor.py:925} INFO - DAG(s) 'example_weekday_branch_operator' retrieved from /home/airflow/.local/lib/python3.12/site-packages/airflow/example_dags/example_branch_day_of_week_operator.py
[2025-06-23T13:42:51.981+0000] {logging_mixin.py:190} INFO - [2025-06-23T13:42:51.980+0000] {dag.py:3239} INFO - Sync 1 DAGs
[2025-06-23T13:42:52.066+0000] {logging_mixin.py:190} INFO - [2025-06-23T13:42:52.065+0000] {dag.py:4180} INFO - Setting next_dagrun for example_weekday_branch_operator to 2025-06-22 00:00:00+00:00, run_after=2025-06-23 00:00:00+00:00
[2025-06-23T13:42:52.153+0000] {processor.py:208} INFO - Processing /home/airflow/.local/lib/python3.12/site-packages/airflow/example_dags/example_branch_day_of_week_operator.py took 0.315 seconds
[2025-06-23T13:43:32.642+0000] {processor.py:186} INFO - Started process (PID=382) to work on /home/airflow/.local/lib/python3.12/site-packages/airflow/example_dags/example_branch_day_of_week_operator.py
[2025-06-23T13:43:32.645+0000] {processor.py:914} INFO - Processing file /home/airflow/.local/lib/python3.12/site-packages/airflow/example_dags/example_branch_day_of_week_operator.py for tasks to queue
[2025-06-23T13:43:32.649+0000] {logging_mixin.py:190} INFO - [2025-06-23T13:43:32.649+0000] {dagbag.py:588} INFO - Filling up the DagBag from /home/airflow/.local/lib/python3.12/site-packages/airflow/example_dags/example_branch_day_of_week_operator.py
[2025-06-23T13:43:32.669+0000] {processor.py:925} INFO - DAG(s) 'example_weekday_branch_operator' retrieved from /home/airflow/.local/lib/python3.12/site-packages/airflow/example_dags/example_branch_day_of_week_operator.py
[2025-06-23T13:43:32.705+0000] {logging_mixin.py:190} INFO - [2025-06-23T13:43:32.704+0000] {dag.py:3239} INFO - Sync 1 DAGs
[2025-06-23T13:43:32.751+0000] {logging_mixin.py:190} INFO - [2025-06-23T13:43:32.751+0000] {dag.py:4180} INFO - Setting next_dagrun for example_weekday_branch_operator to 2025-06-22 00:00:00+00:00, run_after=2025-06-23 00:00:00+00:00
[2025-06-23T13:43:32.786+0000] {processor.py:208} INFO - Processing /home/airflow/.local/lib/python3.12/site-packages/airflow/example_dags/example_branch_day_of_week_operator.py took 0.157 seconds
[2025-06-23T13:44:03.617+0000] {processor.py:186} INFO - Started process (PID=445) to work on /home/airflow/.local/lib/python3.12/site-packages/airflow/example_dags/example_branch_day_of_week_operator.py
[2025-06-23T13:44:03.619+0000] {processor.py:914} INFO - Processing file /home/airflow/.local/lib/python3.12/site-packages/airflow/example_dags/example_branch_day_of_week_operator.py for tasks to queue
[2025-06-23T13:44:03.624+0000] {logging_mixin.py:190} INFO - [2025-06-23T13:44:03.623+0000] {dagbag.py:588} INFO - Filling up the DagBag from /home/airflow/.local/lib/python3.12/site-packages/airflow/example_dags/example_branch_day_of_week_operator.py
[2025-06-23T13:44:03.641+0000] {processor.py:925} INFO - DAG(s) 'example_weekday_branch_operator' retrieved from /home/airflow/.local/lib/python3.12/site-packages/airflow/example_dags/example_branch_day_of_week_operator.py
[2025-06-23T13:44:03.675+0000] {logging_mixin.py:190} INFO - [2025-06-23T13:44:03.675+0000] {dag.py:3239} INFO - Sync 1 DAGs
[2025-06-23T13:44:03.719+0000] {logging_mixin.py:190} INFO - [2025-06-23T13:44:03.718+0000] {dag.py:4180} INFO - Setting next_dagrun for example_weekday_branch_operator to 2025-06-22 00:00:00+00:00, run_after=2025-06-23 00:00:00+00:00
[2025-06-23T13:44:03.755+0000] {processor.py:208} INFO - Processing /home/airflow/.local/lib/python3.12/site-packages/airflow/example_dags/example_branch_day_of_week_operator.py took 0.145 seconds
[2025-06-23T13:44:36.771+0000] {processor.py:186} INFO - Started process (PID=508) to work on /home/airflow/.local/lib/python3.12/site-packages/airflow/example_dags/example_branch_day_of_week_operator.py
[2025-06-23T13:44:36.773+0000] {processor.py:914} INFO - Processing file /home/airflow/.local/lib/python3.12/site-packages/airflow/example_dags/example_branch_day_of_week_operator.py for tasks to queue
[2025-06-23T13:44:36.777+0000] {logging_mixin.py:190} INFO - [2025-06-23T13:44:36.776+0000] {dagbag.py:588} INFO - Filling up the DagBag from /home/airflow/.local/lib/python3.12/site-packages/airflow/example_dags/example_branch_day_of_week_operator.py
[2025-06-23T13:44:36.795+0000] {processor.py:925} INFO - DAG(s) 'example_weekday_branch_operator' retrieved from /home/airflow/.local/lib/python3.12/site-packages/airflow/example_dags/example_branch_day_of_week_operator.py
[2025-06-23T13:44:36.832+0000] {logging_mixin.py:190} INFO - [2025-06-23T13:44:36.832+0000] {dag.py:3239} INFO - Sync 1 DAGs
[2025-06-23T13:44:36.870+0000] {logging_mixin.py:190} INFO - [2025-06-23T13:44:36.870+0000] {dag.py:4180} INFO - Setting next_dagrun for example_weekday_branch_operator to 2025-06-22 00:00:00+00:00, run_after=2025-06-23 00:00:00+00:00
[2025-06-23T13:44:36.901+0000] {processor.py:208} INFO - Processing /home/airflow/.local/lib/python3.12/site-packages/airflow/example_dags/example_branch_day_of_week_operator.py took 0.142 seconds
