[2025-06-23T13:41:02.892+0000] {processor.py:186} INFO - Started process (PID=107) to work on /home/airflow/.local/lib/python3.12/site-packages/airflow/example_dags/example_branch_datetime_operator.py
[2025-06-23T13:41:02.893+0000] {processor.py:914} INFO - Processing file /home/airflow/.local/lib/python3.12/site-packages/airflow/example_dags/example_branch_datetime_operator.py for tasks to queue
[2025-06-23T13:41:02.897+0000] {logging_mixin.py:190} INFO - [2025-06-23T13:41:02.896+0000] {dagbag.py:588} INFO - Filling up the DagBag from /home/airflow/.local/lib/python3.12/site-packages/airflow/example_dags/example_branch_datetime_operator.py
[2025-06-23T13:41:02.915+0000] {processor.py:925} INFO - DAG(s) 'example_branch_datetime_operator_3', 'example_branch_datetime_operator_2', 'example_branch_datetime_operator' retrieved from /home/airflow/.local/lib/python3.12/site-packages/airflow/example_dags/example_branch_datetime_operator.py
[2025-06-23T13:41:03.062+0000] {logging_mixin.py:190} INFO - [2025-06-23T13:41:03.061+0000] {override.py:1911} INFO - Created Permission View: can read on DAG:example_branch_datetime_operator_3
[2025-06-23T13:41:03.079+0000] {logging_mixin.py:190} INFO - [2025-06-23T13:41:03.079+0000] {override.py:1911} INFO - Created Permission View: can delete on DAG:example_branch_datetime_operator_3
[2025-06-23T13:41:03.092+0000] {logging_mixin.py:190} INFO - [2025-06-23T13:41:03.091+0000] {override.py:1911} INFO - Created Permission View: can edit on DAG:example_branch_datetime_operator_3
[2025-06-23T13:41:03.107+0000] {logging_mixin.py:190} INFO - [2025-06-23T13:41:03.107+0000] {override.py:1911} INFO - Created Permission View: can read on DAG Run:example_branch_datetime_operator_3
[2025-06-23T13:41:03.130+0000] {logging_mixin.py:190} INFO - [2025-06-23T13:41:03.129+0000] {override.py:1911} INFO - Created Permission View: can create on DAG Run:example_branch_datetime_operator_3
[2025-06-23T13:41:03.145+0000] {logging_mixin.py:190} INFO - [2025-06-23T13:41:03.145+0000] {override.py:1911} INFO - Created Permission View: can delete on DAG Run:example_branch_datetime_operator_3
[2025-06-23T13:41:03.160+0000] {logging_mixin.py:190} INFO - [2025-06-23T13:41:03.160+0000] {override.py:1911} INFO - Created Permission View: menu access on DAG Run:example_branch_datetime_operator_3
[2025-06-23T13:41:03.186+0000] {logging_mixin.py:190} INFO - [2025-06-23T13:41:03.185+0000] {override.py:1911} INFO - Created Permission View: can read on DAG:example_branch_datetime_operator_2
[2025-06-23T13:41:03.200+0000] {logging_mixin.py:190} INFO - [2025-06-23T13:41:03.200+0000] {override.py:1911} INFO - Created Permission View: can delete on DAG:example_branch_datetime_operator_2
[2025-06-23T13:41:03.213+0000] {logging_mixin.py:190} INFO - [2025-06-23T13:41:03.212+0000] {override.py:1911} INFO - Created Permission View: can edit on DAG:example_branch_datetime_operator_2
[2025-06-23T13:41:03.229+0000] {logging_mixin.py:190} INFO - [2025-06-23T13:41:03.229+0000] {override.py:1911} INFO - Created Permission View: can read on DAG Run:example_branch_datetime_operator_2
[2025-06-23T13:41:03.249+0000] {logging_mixin.py:190} INFO - [2025-06-23T13:41:03.248+0000] {override.py:1911} INFO - Created Permission View: can create on DAG Run:example_branch_datetime_operator_2
[2025-06-23T13:41:03.268+0000] {logging_mixin.py:190} INFO - [2025-06-23T13:41:03.267+0000] {override.py:1911} INFO - Created Permission View: can delete on DAG Run:example_branch_datetime_operator_2
[2025-06-23T13:41:03.280+0000] {logging_mixin.py:190} INFO - [2025-06-23T13:41:03.279+0000] {override.py:1911} INFO - Created Permission View: menu access on DAG Run:example_branch_datetime_operator_2
[2025-06-23T13:41:03.304+0000] {logging_mixin.py:190} INFO - [2025-06-23T13:41:03.303+0000] {override.py:1911} INFO - Created Permission View: can read on DAG:example_branch_datetime_operator
[2025-06-23T13:41:03.315+0000] {logging_mixin.py:190} INFO - [2025-06-23T13:41:03.314+0000] {override.py:1911} INFO - Created Permission View: can delete on DAG:example_branch_datetime_operator
[2025-06-23T13:41:03.327+0000] {logging_mixin.py:190} INFO - [2025-06-23T13:41:03.327+0000] {override.py:1911} INFO - Created Permission View: can edit on DAG:example_branch_datetime_operator
[2025-06-23T13:41:03.340+0000] {logging_mixin.py:190} INFO - [2025-06-23T13:41:03.339+0000] {override.py:1911} INFO - Created Permission View: can read on DAG Run:example_branch_datetime_operator
[2025-06-23T13:41:03.351+0000] {logging_mixin.py:190} INFO - [2025-06-23T13:41:03.350+0000] {override.py:1911} INFO - Created Permission View: can create on DAG Run:example_branch_datetime_operator
[2025-06-23T13:41:03.362+0000] {logging_mixin.py:190} INFO - [2025-06-23T13:41:03.362+0000] {override.py:1911} INFO - Created Permission View: can delete on DAG Run:example_branch_datetime_operator
[2025-06-23T13:41:03.377+0000] {logging_mixin.py:190} INFO - [2025-06-23T13:41:03.377+0000] {override.py:1911} INFO - Created Permission View: menu access on DAG Run:example_branch_datetime_operator
[2025-06-23T13:41:03.378+0000] {logging_mixin.py:190} INFO - [2025-06-23T13:41:03.378+0000] {dag.py:3239} INFO - Sync 3 DAGs
[2025-06-23T13:41:03.397+0000] {logging_mixin.py:190} INFO - [2025-06-23T13:41:03.397+0000] {dag.py:3262} INFO - Creating ORM DAG for example_branch_datetime_operator_2
[2025-06-23T13:41:03.399+0000] {logging_mixin.py:190} INFO - [2025-06-23T13:41:03.399+0000] {dag.py:3262} INFO - Creating ORM DAG for example_branch_datetime_operator
[2025-06-23T13:41:03.400+0000] {logging_mixin.py:190} INFO - [2025-06-23T13:41:03.400+0000] {dag.py:3262} INFO - Creating ORM DAG for example_branch_datetime_operator_3
[2025-06-23T13:41:03.418+0000] {logging_mixin.py:190} INFO - [2025-06-23T13:41:03.418+0000] {dag.py:4180} INFO - Setting next_dagrun for example_branch_datetime_operator to 2025-06-22 00:00:00+00:00, run_after=2025-06-23 00:00:00+00:00
[2025-06-23T13:41:03.421+0000] {logging_mixin.py:190} INFO - [2025-06-23T13:41:03.421+0000] {dag.py:4180} INFO - Setting next_dagrun for example_branch_datetime_operator_2 to 2025-06-22 00:00:00+00:00, run_after=2025-06-23 00:00:00+00:00
[2025-06-23T13:41:03.432+0000] {logging_mixin.py:190} INFO - [2025-06-23T13:41:03.432+0000] {dag.py:4180} INFO - Setting next_dagrun for example_branch_datetime_operator_3 to 2025-06-22 00:00:00+00:00, run_after=2025-06-23 00:00:00+00:00
[2025-06-23T13:41:03.507+0000] {processor.py:208} INFO - Processing /home/airflow/.local/lib/python3.12/site-packages/airflow/example_dags/example_branch_datetime_operator.py took 0.623 seconds
[2025-06-23T13:41:34.295+0000] {processor.py:186} INFO - Started process (PID=171) to work on /home/airflow/.local/lib/python3.12/site-packages/airflow/example_dags/example_branch_datetime_operator.py
[2025-06-23T13:41:34.296+0000] {processor.py:914} INFO - Processing file /home/airflow/.local/lib/python3.12/site-packages/airflow/example_dags/example_branch_datetime_operator.py for tasks to queue
[2025-06-23T13:41:34.299+0000] {logging_mixin.py:190} INFO - [2025-06-23T13:41:34.299+0000] {dagbag.py:588} INFO - Filling up the DagBag from /home/airflow/.local/lib/python3.12/site-packages/airflow/example_dags/example_branch_datetime_operator.py
[2025-06-23T13:41:34.314+0000] {processor.py:925} INFO - DAG(s) 'example_branch_datetime_operator_2', 'example_branch_datetime_operator_3', 'example_branch_datetime_operator' retrieved from /home/airflow/.local/lib/python3.12/site-packages/airflow/example_dags/example_branch_datetime_operator.py
[2025-06-23T13:41:34.347+0000] {logging_mixin.py:190} INFO - [2025-06-23T13:41:34.347+0000] {dag.py:3239} INFO - Sync 3 DAGs
[2025-06-23T13:41:34.377+0000] {logging_mixin.py:190} INFO - [2025-06-23T13:41:34.377+0000] {dag.py:4180} INFO - Setting next_dagrun for example_branch_datetime_operator to 2025-06-22 00:00:00+00:00, run_after=2025-06-23 00:00:00+00:00
[2025-06-23T13:41:34.383+0000] {logging_mixin.py:190} INFO - [2025-06-23T13:41:34.383+0000] {dag.py:4180} INFO - Setting next_dagrun for example_branch_datetime_operator_2 to 2025-06-22 00:00:00+00:00, run_after=2025-06-23 00:00:00+00:00
[2025-06-23T13:41:34.387+0000] {logging_mixin.py:190} INFO - [2025-06-23T13:41:34.386+0000] {dag.py:4180} INFO - Setting next_dagrun for example_branch_datetime_operator_3 to 2025-06-22 00:00:00+00:00, run_after=2025-06-23 00:00:00+00:00
[2025-06-23T13:41:34.410+0000] {processor.py:208} INFO - Processing /home/airflow/.local/lib/python3.12/site-packages/airflow/example_dags/example_branch_datetime_operator.py took 0.121 seconds
[2025-06-23T13:42:05.427+0000] {processor.py:186} INFO - Started process (PID=234) to work on /home/airflow/.local/lib/python3.12/site-packages/airflow/example_dags/example_branch_datetime_operator.py
[2025-06-23T13:42:05.430+0000] {processor.py:914} INFO - Processing file /home/airflow/.local/lib/python3.12/site-packages/airflow/example_dags/example_branch_datetime_operator.py for tasks to queue
[2025-06-23T13:42:05.437+0000] {logging_mixin.py:190} INFO - [2025-06-23T13:42:05.436+0000] {dagbag.py:588} INFO - Filling up the DagBag from /home/airflow/.local/lib/python3.12/site-packages/airflow/example_dags/example_branch_datetime_operator.py
[2025-06-23T13:42:05.472+0000] {processor.py:925} INFO - DAG(s) 'example_branch_datetime_operator', 'example_branch_datetime_operator_2', 'example_branch_datetime_operator_3' retrieved from /home/airflow/.local/lib/python3.12/site-packages/airflow/example_dags/example_branch_datetime_operator.py
[2025-06-23T13:42:05.559+0000] {logging_mixin.py:190} INFO - [2025-06-23T13:42:05.558+0000] {dag.py:3239} INFO - Sync 3 DAGs
[2025-06-23T13:42:05.632+0000] {logging_mixin.py:190} INFO - [2025-06-23T13:42:05.631+0000] {dag.py:4180} INFO - Setting next_dagrun for example_branch_datetime_operator to 2025-06-22 00:00:00+00:00, run_after=2025-06-23 00:00:00+00:00
[2025-06-23T13:42:05.644+0000] {logging_mixin.py:190} INFO - [2025-06-23T13:42:05.644+0000] {dag.py:4180} INFO - Setting next_dagrun for example_branch_datetime_operator_2 to 2025-06-22 00:00:00+00:00, run_after=2025-06-23 00:00:00+00:00
[2025-06-23T13:42:05.649+0000] {logging_mixin.py:190} INFO - [2025-06-23T13:42:05.648+0000] {dag.py:4180} INFO - Setting next_dagrun for example_branch_datetime_operator_3 to 2025-06-22 00:00:00+00:00, run_after=2025-06-23 00:00:00+00:00
[2025-06-23T13:42:05.685+0000] {processor.py:208} INFO - Processing /home/airflow/.local/lib/python3.12/site-packages/airflow/example_dags/example_branch_datetime_operator.py took 0.269 seconds
[2025-06-23T13:42:40.369+0000] {processor.py:186} INFO - Started process (PID=296) to work on /home/airflow/.local/lib/python3.12/site-packages/airflow/example_dags/example_branch_datetime_operator.py
[2025-06-23T13:42:40.371+0000] {processor.py:914} INFO - Processing file /home/airflow/.local/lib/python3.12/site-packages/airflow/example_dags/example_branch_datetime_operator.py for tasks to queue
[2025-06-23T13:42:40.377+0000] {logging_mixin.py:190} INFO - [2025-06-23T13:42:40.376+0000] {dagbag.py:588} INFO - Filling up the DagBag from /home/airflow/.local/lib/python3.12/site-packages/airflow/example_dags/example_branch_datetime_operator.py
[2025-06-23T13:42:40.430+0000] {processor.py:925} INFO - DAG(s) 'example_branch_datetime_operator_3', 'example_branch_datetime_operator_2', 'example_branch_datetime_operator' retrieved from /home/airflow/.local/lib/python3.12/site-packages/airflow/example_dags/example_branch_datetime_operator.py
[2025-06-23T13:42:41.110+0000] {logging_mixin.py:190} INFO - [2025-06-23T13:42:41.109+0000] {dag.py:3239} INFO - Sync 3 DAGs
[2025-06-23T13:42:41.178+0000] {logging_mixin.py:190} INFO - [2025-06-23T13:42:41.177+0000] {dag.py:4180} INFO - Setting next_dagrun for example_branch_datetime_operator to 2025-06-22 00:00:00+00:00, run_after=2025-06-23 00:00:00+00:00
[2025-06-23T13:42:41.191+0000] {logging_mixin.py:190} INFO - [2025-06-23T13:42:41.191+0000] {dag.py:4180} INFO - Setting next_dagrun for example_branch_datetime_operator_2 to 2025-06-22 00:00:00+00:00, run_after=2025-06-23 00:00:00+00:00
[2025-06-23T13:42:41.198+0000] {logging_mixin.py:190} INFO - [2025-06-23T13:42:41.197+0000] {dag.py:4180} INFO - Setting next_dagrun for example_branch_datetime_operator_3 to 2025-06-22 00:00:00+00:00, run_after=2025-06-23 00:00:00+00:00
[2025-06-23T13:42:41.255+0000] {processor.py:208} INFO - Processing /home/airflow/.local/lib/python3.12/site-packages/airflow/example_dags/example_branch_datetime_operator.py took 0.906 seconds
[2025-06-23T13:43:27.020+0000] {processor.py:186} INFO - Started process (PID=362) to work on /home/airflow/.local/lib/python3.12/site-packages/airflow/example_dags/example_branch_datetime_operator.py
[2025-06-23T13:43:27.023+0000] {processor.py:914} INFO - Processing file /home/airflow/.local/lib/python3.12/site-packages/airflow/example_dags/example_branch_datetime_operator.py for tasks to queue
[2025-06-23T13:43:27.032+0000] {logging_mixin.py:190} INFO - [2025-06-23T13:43:27.030+0000] {dagbag.py:588} INFO - Filling up the DagBag from /home/airflow/.local/lib/python3.12/site-packages/airflow/example_dags/example_branch_datetime_operator.py
[2025-06-23T13:43:27.095+0000] {processor.py:925} INFO - DAG(s) 'example_branch_datetime_operator_3', 'example_branch_datetime_operator_2', 'example_branch_datetime_operator' retrieved from /home/airflow/.local/lib/python3.12/site-packages/airflow/example_dags/example_branch_datetime_operator.py
[2025-06-23T13:43:27.210+0000] {logging_mixin.py:190} INFO - [2025-06-23T13:43:27.209+0000] {dag.py:3239} INFO - Sync 3 DAGs
[2025-06-23T13:43:27.294+0000] {logging_mixin.py:190} INFO - [2025-06-23T13:43:27.294+0000] {dag.py:4180} INFO - Setting next_dagrun for example_branch_datetime_operator to 2025-06-22 00:00:00+00:00, run_after=2025-06-23 00:00:00+00:00
[2025-06-23T13:43:27.312+0000] {logging_mixin.py:190} INFO - [2025-06-23T13:43:27.311+0000] {dag.py:4180} INFO - Setting next_dagrun for example_branch_datetime_operator_2 to 2025-06-22 00:00:00+00:00, run_after=2025-06-23 00:00:00+00:00
[2025-06-23T13:43:27.324+0000] {logging_mixin.py:190} INFO - [2025-06-23T13:43:27.324+0000] {dag.py:4180} INFO - Setting next_dagrun for example_branch_datetime_operator_3 to 2025-06-22 00:00:00+00:00, run_after=2025-06-23 00:00:00+00:00
[2025-06-23T13:43:27.371+0000] {processor.py:208} INFO - Processing /home/airflow/.local/lib/python3.12/site-packages/airflow/example_dags/example_branch_datetime_operator.py took 0.379 seconds
[2025-06-23T13:43:57.699+0000] {processor.py:186} INFO - Started process (PID=426) to work on /home/airflow/.local/lib/python3.12/site-packages/airflow/example_dags/example_branch_datetime_operator.py
[2025-06-23T13:43:57.705+0000] {processor.py:914} INFO - Processing file /home/airflow/.local/lib/python3.12/site-packages/airflow/example_dags/example_branch_datetime_operator.py for tasks to queue
[2025-06-23T13:43:57.715+0000] {logging_mixin.py:190} INFO - [2025-06-23T13:43:57.714+0000] {dagbag.py:588} INFO - Filling up the DagBag from /home/airflow/.local/lib/python3.12/site-packages/airflow/example_dags/example_branch_datetime_operator.py
[2025-06-23T13:43:57.742+0000] {processor.py:925} INFO - DAG(s) 'example_branch_datetime_operator_3', 'example_branch_datetime_operator', 'example_branch_datetime_operator_2' retrieved from /home/airflow/.local/lib/python3.12/site-packages/airflow/example_dags/example_branch_datetime_operator.py
[2025-06-23T13:43:57.791+0000] {logging_mixin.py:190} INFO - [2025-06-23T13:43:57.790+0000] {dag.py:3239} INFO - Sync 3 DAGs
[2025-06-23T13:43:57.829+0000] {logging_mixin.py:190} INFO - [2025-06-23T13:43:57.828+0000] {dag.py:4180} INFO - Setting next_dagrun for example_branch_datetime_operator to 2025-06-22 00:00:00+00:00, run_after=2025-06-23 00:00:00+00:00
[2025-06-23T13:43:57.839+0000] {logging_mixin.py:190} INFO - [2025-06-23T13:43:57.839+0000] {dag.py:4180} INFO - Setting next_dagrun for example_branch_datetime_operator_2 to 2025-06-22 00:00:00+00:00, run_after=2025-06-23 00:00:00+00:00
[2025-06-23T13:43:57.843+0000] {logging_mixin.py:190} INFO - [2025-06-23T13:43:57.842+0000] {dag.py:4180} INFO - Setting next_dagrun for example_branch_datetime_operator_3 to 2025-06-22 00:00:00+00:00, run_after=2025-06-23 00:00:00+00:00
[2025-06-23T13:43:57.865+0000] {processor.py:208} INFO - Processing /home/airflow/.local/lib/python3.12/site-packages/airflow/example_dags/example_branch_datetime_operator.py took 0.186 seconds
[2025-06-23T13:44:28.774+0000] {processor.py:186} INFO - Started process (PID=488) to work on /home/airflow/.local/lib/python3.12/site-packages/airflow/example_dags/example_branch_datetime_operator.py
[2025-06-23T13:44:28.776+0000] {processor.py:914} INFO - Processing file /home/airflow/.local/lib/python3.12/site-packages/airflow/example_dags/example_branch_datetime_operator.py for tasks to queue
[2025-06-23T13:44:28.781+0000] {logging_mixin.py:190} INFO - [2025-06-23T13:44:28.780+0000] {dagbag.py:588} INFO - Filling up the DagBag from /home/airflow/.local/lib/python3.12/site-packages/airflow/example_dags/example_branch_datetime_operator.py
[2025-06-23T13:44:28.815+0000] {processor.py:925} INFO - DAG(s) 'example_branch_datetime_operator', 'example_branch_datetime_operator_3', 'example_branch_datetime_operator_2' retrieved from /home/airflow/.local/lib/python3.12/site-packages/airflow/example_dags/example_branch_datetime_operator.py
[2025-06-23T13:44:28.888+0000] {logging_mixin.py:190} INFO - [2025-06-23T13:44:28.887+0000] {dag.py:3239} INFO - Sync 3 DAGs
[2025-06-23T13:44:28.943+0000] {logging_mixin.py:190} INFO - [2025-06-23T13:44:28.943+0000] {dag.py:4180} INFO - Setting next_dagrun for example_branch_datetime_operator to 2025-06-22 00:00:00+00:00, run_after=2025-06-23 00:00:00+00:00
[2025-06-23T13:44:28.956+0000] {logging_mixin.py:190} INFO - [2025-06-23T13:44:28.956+0000] {dag.py:4180} INFO - Setting next_dagrun for example_branch_datetime_operator_2 to 2025-06-22 00:00:00+00:00, run_after=2025-06-23 00:00:00+00:00
[2025-06-23T13:44:28.962+0000] {logging_mixin.py:190} INFO - [2025-06-23T13:44:28.962+0000] {dag.py:4180} INFO - Setting next_dagrun for example_branch_datetime_operator_3 to 2025-06-22 00:00:00+00:00, run_after=2025-06-23 00:00:00+00:00
[2025-06-23T13:44:28.994+0000] {processor.py:208} INFO - Processing /home/airflow/.local/lib/python3.12/site-packages/airflow/example_dags/example_branch_datetime_operator.py took 0.231 seconds
