[2025-06-23T13:41:07.664+0000] {processor.py:186} INFO - Started process (PID=125) to work on /home/airflow/.local/lib/python3.12/site-packages/airflow/example_dags/example_kubernetes_executor.py
[2025-06-23T13:41:07.666+0000] {processor.py:914} INFO - Processing file /home/airflow/.local/lib/python3.12/site-packages/airflow/example_dags/example_kubernetes_executor.py for tasks to queue
[2025-06-23T13:41:07.670+0000] {logging_mixin.py:190} INFO - [2025-06-23T13:41:07.669+0000] {dagbag.py:588} INFO - Filling up the DagBag from /home/airflow/.local/lib/python3.12/site-packages/airflow/example_dags/example_kubernetes_executor.py
[2025-06-23T13:41:07.702+0000] {processor.py:925} INFO - DAG(s) 'example_kubernetes_executor' retrieved from /home/airflow/.local/lib/python3.12/site-packages/airflow/example_dags/example_kubernetes_executor.py
[2025-06-23T13:41:07.875+0000] {logging_mixin.py:190} INFO - [2025-06-23T13:41:07.874+0000] {override.py:1911} INFO - Created Permission View: can read on DAG:example_kubernetes_executor
[2025-06-23T13:41:07.893+0000] {logging_mixin.py:190} INFO - [2025-06-23T13:41:07.892+0000] {override.py:1911} INFO - Created Permission View: can delete on DAG:example_kubernetes_executor
[2025-06-23T13:41:07.906+0000] {logging_mixin.py:190} INFO - [2025-06-23T13:41:07.905+0000] {override.py:1911} INFO - Created Permission View: can edit on DAG:example_kubernetes_executor
[2025-06-23T13:41:07.921+0000] {logging_mixin.py:190} INFO - [2025-06-23T13:41:07.920+0000] {override.py:1911} INFO - Created Permission View: can read on DAG Run:example_kubernetes_executor
[2025-06-23T13:41:07.934+0000] {logging_mixin.py:190} INFO - [2025-06-23T13:41:07.933+0000] {override.py:1911} INFO - Created Permission View: can create on DAG Run:example_kubernetes_executor
[2025-06-23T13:41:07.946+0000] {logging_mixin.py:190} INFO - [2025-06-23T13:41:07.946+0000] {override.py:1911} INFO - Created Permission View: can delete on DAG Run:example_kubernetes_executor
[2025-06-23T13:41:07.961+0000] {logging_mixin.py:190} INFO - [2025-06-23T13:41:07.960+0000] {override.py:1911} INFO - Created Permission View: menu access on DAG Run:example_kubernetes_executor
[2025-06-23T13:41:07.962+0000] {logging_mixin.py:190} INFO - [2025-06-23T13:41:07.962+0000] {dag.py:3239} INFO - Sync 1 DAGs
[2025-06-23T13:41:07.985+0000] {logging_mixin.py:190} INFO - [2025-06-23T13:41:07.984+0000] {dag.py:3262} INFO - Creating ORM DAG for example_kubernetes_executor
[2025-06-23T13:41:07.986+0000] {logging_mixin.py:190} INFO - [2025-06-23T13:41:07.986+0000] {dag.py:4180} INFO - Setting next_dagrun for example_kubernetes_executor to None, run_after=None
[2025-06-23T13:41:08.017+0000] {processor.py:208} INFO - Processing /home/airflow/.local/lib/python3.12/site-packages/airflow/example_dags/example_kubernetes_executor.py took 0.362 seconds
[2025-06-23T13:41:38.852+0000] {processor.py:186} INFO - Started process (PID=188) to work on /home/airflow/.local/lib/python3.12/site-packages/airflow/example_dags/example_kubernetes_executor.py
[2025-06-23T13:41:38.854+0000] {processor.py:914} INFO - Processing file /home/airflow/.local/lib/python3.12/site-packages/airflow/example_dags/example_kubernetes_executor.py for tasks to queue
[2025-06-23T13:41:38.857+0000] {logging_mixin.py:190} INFO - [2025-06-23T13:41:38.857+0000] {dagbag.py:588} INFO - Filling up the DagBag from /home/airflow/.local/lib/python3.12/site-packages/airflow/example_dags/example_kubernetes_executor.py
[2025-06-23T13:41:38.875+0000] {processor.py:925} INFO - DAG(s) 'example_kubernetes_executor' retrieved from /home/airflow/.local/lib/python3.12/site-packages/airflow/example_dags/example_kubernetes_executor.py
[2025-06-23T13:41:38.910+0000] {logging_mixin.py:190} INFO - [2025-06-23T13:41:38.910+0000] {dag.py:3239} INFO - Sync 1 DAGs
[2025-06-23T13:41:38.929+0000] {logging_mixin.py:190} INFO - [2025-06-23T13:41:38.929+0000] {dag.py:4180} INFO - Setting next_dagrun for example_kubernetes_executor to None, run_after=None
[2025-06-23T13:41:38.954+0000] {processor.py:208} INFO - Processing /home/airflow/.local/lib/python3.12/site-packages/airflow/example_dags/example_kubernetes_executor.py took 0.109 seconds
[2025-06-23T13:42:09.785+0000] {processor.py:186} INFO - Started process (PID=251) to work on /home/airflow/.local/lib/python3.12/site-packages/airflow/example_dags/example_kubernetes_executor.py
[2025-06-23T13:42:09.787+0000] {processor.py:914} INFO - Processing file /home/airflow/.local/lib/python3.12/site-packages/airflow/example_dags/example_kubernetes_executor.py for tasks to queue
[2025-06-23T13:42:09.790+0000] {logging_mixin.py:190} INFO - [2025-06-23T13:42:09.790+0000] {dagbag.py:588} INFO - Filling up the DagBag from /home/airflow/.local/lib/python3.12/site-packages/airflow/example_dags/example_kubernetes_executor.py
[2025-06-23T13:42:09.812+0000] {processor.py:925} INFO - DAG(s) 'example_kubernetes_executor' retrieved from /home/airflow/.local/lib/python3.12/site-packages/airflow/example_dags/example_kubernetes_executor.py
[2025-06-23T13:42:09.860+0000] {logging_mixin.py:190} INFO - [2025-06-23T13:42:09.860+0000] {dag.py:3239} INFO - Sync 1 DAGs
[2025-06-23T13:42:09.882+0000] {logging_mixin.py:190} INFO - [2025-06-23T13:42:09.881+0000] {dag.py:4180} INFO - Setting next_dagrun for example_kubernetes_executor to None, run_after=None
[2025-06-23T13:42:09.909+0000] {processor.py:208} INFO - Processing /home/airflow/.local/lib/python3.12/site-packages/airflow/example_dags/example_kubernetes_executor.py took 0.132 seconds
[2025-06-23T13:42:52.308+0000] {processor.py:186} INFO - Started process (PID=321) to work on /home/airflow/.local/lib/python3.12/site-packages/airflow/example_dags/example_kubernetes_executor.py
[2025-06-23T13:42:52.316+0000] {processor.py:914} INFO - Processing file /home/airflow/.local/lib/python3.12/site-packages/airflow/example_dags/example_kubernetes_executor.py for tasks to queue
[2025-06-23T13:42:52.330+0000] {logging_mixin.py:190} INFO - [2025-06-23T13:42:52.329+0000] {dagbag.py:588} INFO - Filling up the DagBag from /home/airflow/.local/lib/python3.12/site-packages/airflow/example_dags/example_kubernetes_executor.py
[2025-06-23T13:42:52.432+0000] {processor.py:925} INFO - DAG(s) 'example_kubernetes_executor' retrieved from /home/airflow/.local/lib/python3.12/site-packages/airflow/example_dags/example_kubernetes_executor.py
[2025-06-23T13:42:52.554+0000] {logging_mixin.py:190} INFO - [2025-06-23T13:42:52.553+0000] {dag.py:3239} INFO - Sync 1 DAGs
[2025-06-23T13:42:52.634+0000] {logging_mixin.py:190} INFO - [2025-06-23T13:42:52.633+0000] {dag.py:4180} INFO - Setting next_dagrun for example_kubernetes_executor to None, run_after=None
[2025-06-23T13:42:52.716+0000] {processor.py:208} INFO - Processing /home/airflow/.local/lib/python3.12/site-packages/airflow/example_dags/example_kubernetes_executor.py took 0.441 seconds
[2025-06-23T13:43:32.687+0000] {processor.py:186} INFO - Started process (PID=383) to work on /home/airflow/.local/lib/python3.12/site-packages/airflow/example_dags/example_kubernetes_executor.py
[2025-06-23T13:43:32.689+0000] {processor.py:914} INFO - Processing file /home/airflow/.local/lib/python3.12/site-packages/airflow/example_dags/example_kubernetes_executor.py for tasks to queue
[2025-06-23T13:43:32.694+0000] {logging_mixin.py:190} INFO - [2025-06-23T13:43:32.694+0000] {dagbag.py:588} INFO - Filling up the DagBag from /home/airflow/.local/lib/python3.12/site-packages/airflow/example_dags/example_kubernetes_executor.py
[2025-06-23T13:43:32.726+0000] {processor.py:925} INFO - DAG(s) 'example_kubernetes_executor' retrieved from /home/airflow/.local/lib/python3.12/site-packages/airflow/example_dags/example_kubernetes_executor.py
[2025-06-23T13:43:32.772+0000] {logging_mixin.py:190} INFO - [2025-06-23T13:43:32.772+0000] {dag.py:3239} INFO - Sync 1 DAGs
[2025-06-23T13:43:32.811+0000] {logging_mixin.py:190} INFO - [2025-06-23T13:43:32.811+0000] {dag.py:4180} INFO - Setting next_dagrun for example_kubernetes_executor to None, run_after=None
[2025-06-23T13:43:32.848+0000] {processor.py:208} INFO - Processing /home/airflow/.local/lib/python3.12/site-packages/airflow/example_dags/example_kubernetes_executor.py took 0.172 seconds
[2025-06-23T13:44:03.665+0000] {processor.py:186} INFO - Started process (PID=446) to work on /home/airflow/.local/lib/python3.12/site-packages/airflow/example_dags/example_kubernetes_executor.py
[2025-06-23T13:44:03.667+0000] {processor.py:914} INFO - Processing file /home/airflow/.local/lib/python3.12/site-packages/airflow/example_dags/example_kubernetes_executor.py for tasks to queue
[2025-06-23T13:44:03.671+0000] {logging_mixin.py:190} INFO - [2025-06-23T13:44:03.671+0000] {dagbag.py:588} INFO - Filling up the DagBag from /home/airflow/.local/lib/python3.12/site-packages/airflow/example_dags/example_kubernetes_executor.py
[2025-06-23T13:44:03.696+0000] {processor.py:925} INFO - DAG(s) 'example_kubernetes_executor' retrieved from /home/airflow/.local/lib/python3.12/site-packages/airflow/example_dags/example_kubernetes_executor.py
[2025-06-23T13:44:03.746+0000] {logging_mixin.py:190} INFO - [2025-06-23T13:44:03.745+0000] {dag.py:3239} INFO - Sync 1 DAGs
[2025-06-23T13:44:03.771+0000] {logging_mixin.py:190} INFO - [2025-06-23T13:44:03.771+0000] {dag.py:4180} INFO - Setting next_dagrun for example_kubernetes_executor to None, run_after=None
[2025-06-23T13:44:03.804+0000] {processor.py:208} INFO - Processing /home/airflow/.local/lib/python3.12/site-packages/airflow/example_dags/example_kubernetes_executor.py took 0.147 seconds
[2025-06-23T13:44:36.858+0000] {processor.py:186} INFO - Started process (PID=509) to work on /home/airflow/.local/lib/python3.12/site-packages/airflow/example_dags/example_kubernetes_executor.py
[2025-06-23T13:44:36.860+0000] {processor.py:914} INFO - Processing file /home/airflow/.local/lib/python3.12/site-packages/airflow/example_dags/example_kubernetes_executor.py for tasks to queue
[2025-06-23T13:44:36.864+0000] {logging_mixin.py:190} INFO - [2025-06-23T13:44:36.864+0000] {dagbag.py:588} INFO - Filling up the DagBag from /home/airflow/.local/lib/python3.12/site-packages/airflow/example_dags/example_kubernetes_executor.py
[2025-06-23T13:44:36.887+0000] {processor.py:925} INFO - DAG(s) 'example_kubernetes_executor' retrieved from /home/airflow/.local/lib/python3.12/site-packages/airflow/example_dags/example_kubernetes_executor.py
[2025-06-23T13:44:36.933+0000] {logging_mixin.py:190} INFO - [2025-06-23T13:44:36.933+0000] {dag.py:3239} INFO - Sync 1 DAGs
[2025-06-23T13:44:36.957+0000] {logging_mixin.py:190} INFO - [2025-06-23T13:44:36.956+0000] {dag.py:4180} INFO - Setting next_dagrun for example_kubernetes_executor to None, run_after=None
[2025-06-23T13:44:36.988+0000] {processor.py:208} INFO - Processing /home/airflow/.local/lib/python3.12/site-packages/airflow/example_dags/example_kubernetes_executor.py took 0.138 seconds
