[2025-06-23T13:41:03.737+0000] {processor.py:186} INFO - Started process (PID=111) to work on /home/airflow/.local/lib/python3.12/site-packages/airflow/example_dags/tutorial.py
[2025-06-23T13:41:03.739+0000] {processor.py:914} INFO - Processing file /home/airflow/.local/lib/python3.12/site-packages/airflow/example_dags/tutorial.py for tasks to queue
[2025-06-23T13:41:03.743+0000] {logging_mixin.py:190} INFO - [2025-06-23T13:41:03.742+0000] {dagbag.py:588} INFO - Filling up the DagBag from /home/airflow/.local/lib/python3.12/site-packages/airflow/example_dags/tutorial.py
[2025-06-23T13:41:03.757+0000] {processor.py:925} INFO - DAG(s) 'tutorial' retrieved from /home/airflow/.local/lib/python3.12/site-packages/airflow/example_dags/tutorial.py
[2025-06-23T13:41:03.923+0000] {logging_mixin.py:190} INFO - [2025-06-23T13:41:03.922+0000] {override.py:1911} INFO - Created Permission View: can read on DAG:tutorial
[2025-06-23T13:41:03.942+0000] {logging_mixin.py:190} INFO - [2025-06-23T13:41:03.941+0000] {override.py:1911} INFO - Created Permission View: can delete on DAG:tutorial
[2025-06-23T13:41:03.955+0000] {logging_mixin.py:190} INFO - [2025-06-23T13:41:03.955+0000] {override.py:1911} INFO - Created Permission View: can edit on DAG:tutorial
[2025-06-23T13:41:03.969+0000] {logging_mixin.py:190} INFO - [2025-06-23T13:41:03.969+0000] {override.py:1911} INFO - Created Permission View: can read on DAG Run:tutorial
[2025-06-23T13:41:03.982+0000] {logging_mixin.py:190} INFO - [2025-06-23T13:41:03.982+0000] {override.py:1911} INFO - Created Permission View: can create on DAG Run:tutorial
[2025-06-23T13:41:03.995+0000] {logging_mixin.py:190} INFO - [2025-06-23T13:41:03.994+0000] {override.py:1911} INFO - Created Permission View: can delete on DAG Run:tutorial
[2025-06-23T13:41:04.010+0000] {logging_mixin.py:190} INFO - [2025-06-23T13:41:04.009+0000] {override.py:1911} INFO - Created Permission View: menu access on DAG Run:tutorial
[2025-06-23T13:41:04.011+0000] {logging_mixin.py:190} INFO - [2025-06-23T13:41:04.011+0000] {dag.py:3239} INFO - Sync 1 DAGs
[2025-06-23T13:41:04.034+0000] {logging_mixin.py:190} INFO - [2025-06-23T13:41:04.033+0000] {dag.py:3262} INFO - Creating ORM DAG for tutorial
[2025-06-23T13:41:04.056+0000] {logging_mixin.py:190} INFO - [2025-06-23T13:41:04.056+0000] {dag.py:4180} INFO - Setting next_dagrun for tutorial to 2025-06-22 00:00:00+00:00, run_after=2025-06-23 00:00:00+00:00
[2025-06-23T13:41:04.089+0000] {processor.py:208} INFO - Processing /home/airflow/.local/lib/python3.12/site-packages/airflow/example_dags/tutorial.py took 0.361 seconds
[2025-06-23T13:41:34.459+0000] {processor.py:186} INFO - Started process (PID=173) to work on /home/airflow/.local/lib/python3.12/site-packages/airflow/example_dags/tutorial.py
[2025-06-23T13:41:34.461+0000] {processor.py:914} INFO - Processing file /home/airflow/.local/lib/python3.12/site-packages/airflow/example_dags/tutorial.py for tasks to queue
[2025-06-23T13:41:34.465+0000] {logging_mixin.py:190} INFO - [2025-06-23T13:41:34.464+0000] {dagbag.py:588} INFO - Filling up the DagBag from /home/airflow/.local/lib/python3.12/site-packages/airflow/example_dags/tutorial.py
[2025-06-23T13:41:34.476+0000] {processor.py:925} INFO - DAG(s) 'tutorial' retrieved from /home/airflow/.local/lib/python3.12/site-packages/airflow/example_dags/tutorial.py
[2025-06-23T13:41:34.505+0000] {logging_mixin.py:190} INFO - [2025-06-23T13:41:34.504+0000] {dag.py:3239} INFO - Sync 1 DAGs
[2025-06-23T13:41:34.540+0000] {logging_mixin.py:190} INFO - [2025-06-23T13:41:34.539+0000] {dag.py:4180} INFO - Setting next_dagrun for tutorial to 2025-06-22 00:00:00+00:00, run_after=2025-06-23 00:00:00+00:00
[2025-06-23T13:41:34.568+0000] {processor.py:208} INFO - Processing /home/airflow/.local/lib/python3.12/site-packages/airflow/example_dags/tutorial.py took 0.116 seconds
[2025-06-23T13:42:06.535+0000] {processor.py:186} INFO - Started process (PID=237) to work on /home/airflow/.local/lib/python3.12/site-packages/airflow/example_dags/tutorial.py
[2025-06-23T13:42:06.538+0000] {processor.py:914} INFO - Processing file /home/airflow/.local/lib/python3.12/site-packages/airflow/example_dags/tutorial.py for tasks to queue
[2025-06-23T13:42:06.543+0000] {logging_mixin.py:190} INFO - [2025-06-23T13:42:06.543+0000] {dagbag.py:588} INFO - Filling up the DagBag from /home/airflow/.local/lib/python3.12/site-packages/airflow/example_dags/tutorial.py
[2025-06-23T13:42:06.564+0000] {processor.py:925} INFO - DAG(s) 'tutorial' retrieved from /home/airflow/.local/lib/python3.12/site-packages/airflow/example_dags/tutorial.py
[2025-06-23T13:42:06.611+0000] {logging_mixin.py:190} INFO - [2025-06-23T13:42:06.611+0000] {dag.py:3239} INFO - Sync 1 DAGs
[2025-06-23T13:42:06.747+0000] {logging_mixin.py:190} INFO - [2025-06-23T13:42:06.746+0000] {dag.py:4180} INFO - Setting next_dagrun for tutorial to 2025-06-22 00:00:00+00:00, run_after=2025-06-23 00:00:00+00:00
[2025-06-23T13:42:06.793+0000] {processor.py:208} INFO - Processing /home/airflow/.local/lib/python3.12/site-packages/airflow/example_dags/tutorial.py took 0.275 seconds
[2025-06-23T13:42:47.583+0000] {processor.py:186} INFO - Started process (PID=301) to work on /home/airflow/.local/lib/python3.12/site-packages/airflow/example_dags/tutorial.py
[2025-06-23T13:42:47.586+0000] {processor.py:914} INFO - Processing file /home/airflow/.local/lib/python3.12/site-packages/airflow/example_dags/tutorial.py for tasks to queue
[2025-06-23T13:42:47.595+0000] {logging_mixin.py:190} INFO - [2025-06-23T13:42:47.594+0000] {dagbag.py:588} INFO - Filling up the DagBag from /home/airflow/.local/lib/python3.12/site-packages/airflow/example_dags/tutorial.py
[2025-06-23T13:42:47.642+0000] {processor.py:925} INFO - DAG(s) 'tutorial' retrieved from /home/airflow/.local/lib/python3.12/site-packages/airflow/example_dags/tutorial.py
[2025-06-23T13:42:47.821+0000] {logging_mixin.py:190} INFO - [2025-06-23T13:42:47.819+0000] {dag.py:3239} INFO - Sync 1 DAGs
[2025-06-23T13:42:47.970+0000] {logging_mixin.py:190} INFO - [2025-06-23T13:42:47.969+0000] {dag.py:4180} INFO - Setting next_dagrun for tutorial to 2025-06-22 00:00:00+00:00, run_after=2025-06-23 00:00:00+00:00
[2025-06-23T13:42:48.053+0000] {processor.py:208} INFO - Processing /home/airflow/.local/lib/python3.12/site-packages/airflow/example_dags/tutorial.py took 0.496 seconds
[2025-06-23T13:43:30.266+0000] {processor.py:186} INFO - Started process (PID=370) to work on /home/airflow/.local/lib/python3.12/site-packages/airflow/example_dags/tutorial.py
[2025-06-23T13:43:30.268+0000] {processor.py:914} INFO - Processing file /home/airflow/.local/lib/python3.12/site-packages/airflow/example_dags/tutorial.py for tasks to queue
[2025-06-23T13:43:30.272+0000] {logging_mixin.py:190} INFO - [2025-06-23T13:43:30.271+0000] {dagbag.py:588} INFO - Filling up the DagBag from /home/airflow/.local/lib/python3.12/site-packages/airflow/example_dags/tutorial.py
[2025-06-23T13:43:30.288+0000] {processor.py:925} INFO - DAG(s) 'tutorial' retrieved from /home/airflow/.local/lib/python3.12/site-packages/airflow/example_dags/tutorial.py
[2025-06-23T13:43:30.335+0000] {logging_mixin.py:190} INFO - [2025-06-23T13:43:30.335+0000] {dag.py:3239} INFO - Sync 1 DAGs
[2025-06-23T13:43:30.394+0000] {logging_mixin.py:190} INFO - [2025-06-23T13:43:30.392+0000] {dag.py:4180} INFO - Setting next_dagrun for tutorial to 2025-06-22 00:00:00+00:00, run_after=2025-06-23 00:00:00+00:00
[2025-06-23T13:43:30.441+0000] {processor.py:208} INFO - Processing /home/airflow/.local/lib/python3.12/site-packages/airflow/example_dags/tutorial.py took 0.190 seconds
[2025-06-23T13:44:01.233+0000] {processor.py:186} INFO - Started process (PID=432) to work on /home/airflow/.local/lib/python3.12/site-packages/airflow/example_dags/tutorial.py
[2025-06-23T13:44:01.236+0000] {processor.py:914} INFO - Processing file /home/airflow/.local/lib/python3.12/site-packages/airflow/example_dags/tutorial.py for tasks to queue
[2025-06-23T13:44:01.240+0000] {logging_mixin.py:190} INFO - [2025-06-23T13:44:01.239+0000] {dagbag.py:588} INFO - Filling up the DagBag from /home/airflow/.local/lib/python3.12/site-packages/airflow/example_dags/tutorial.py
[2025-06-23T13:44:01.252+0000] {processor.py:925} INFO - DAG(s) 'tutorial' retrieved from /home/airflow/.local/lib/python3.12/site-packages/airflow/example_dags/tutorial.py
[2025-06-23T13:44:01.281+0000] {logging_mixin.py:190} INFO - [2025-06-23T13:44:01.280+0000] {dag.py:3239} INFO - Sync 1 DAGs
[2025-06-23T13:44:01.323+0000] {logging_mixin.py:190} INFO - [2025-06-23T13:44:01.322+0000] {dag.py:4180} INFO - Setting next_dagrun for tutorial to 2025-06-22 00:00:00+00:00, run_after=2025-06-23 00:00:00+00:00
[2025-06-23T13:44:01.357+0000] {processor.py:208} INFO - Processing /home/airflow/.local/lib/python3.12/site-packages/airflow/example_dags/tutorial.py took 0.131 seconds
[2025-06-23T13:44:31.547+0000] {processor.py:186} INFO - Started process (PID=494) to work on /home/airflow/.local/lib/python3.12/site-packages/airflow/example_dags/tutorial.py
[2025-06-23T13:44:31.549+0000] {processor.py:914} INFO - Processing file /home/airflow/.local/lib/python3.12/site-packages/airflow/example_dags/tutorial.py for tasks to queue
[2025-06-23T13:44:31.555+0000] {logging_mixin.py:190} INFO - [2025-06-23T13:44:31.554+0000] {dagbag.py:588} INFO - Filling up the DagBag from /home/airflow/.local/lib/python3.12/site-packages/airflow/example_dags/tutorial.py
[2025-06-23T13:44:31.586+0000] {processor.py:925} INFO - DAG(s) 'tutorial' retrieved from /home/airflow/.local/lib/python3.12/site-packages/airflow/example_dags/tutorial.py
[2025-06-23T13:44:31.679+0000] {logging_mixin.py:190} INFO - [2025-06-23T13:44:31.678+0000] {dag.py:3239} INFO - Sync 1 DAGs
[2025-06-23T13:44:31.738+0000] {logging_mixin.py:190} INFO - [2025-06-23T13:44:31.738+0000] {dag.py:4180} INFO - Setting next_dagrun for tutorial to 2025-06-22 00:00:00+00:00, run_after=2025-06-23 00:00:00+00:00
[2025-06-23T13:44:31.790+0000] {processor.py:208} INFO - Processing /home/airflow/.local/lib/python3.12/site-packages/airflow/example_dags/tutorial.py took 0.265 seconds
