[2025-06-23T13:40:56.937+0000] {processor.py:186} INFO - Started process (PID=88) to work on /home/airflow/.local/lib/python3.12/site-packages/airflow/example_dags/tutorial_taskflow_api.py
[2025-06-23T13:40:56.940+0000] {processor.py:914} INFO - Processing file /home/airflow/.local/lib/python3.12/site-packages/airflow/example_dags/tutorial_taskflow_api.py for tasks to queue
[2025-06-23T13:40:56.947+0000] {logging_mixin.py:190} INFO - [2025-06-23T13:40:56.946+0000] {dagbag.py:588} INFO - Filling up the DagBag from /home/airflow/.local/lib/python3.12/site-packages/airflow/example_dags/tutorial_taskflow_api.py
[2025-06-23T13:40:56.968+0000] {processor.py:925} INFO - DAG(s) 'tutorial_taskflow_api' retrieved from /home/airflow/.local/lib/python3.12/site-packages/airflow/example_dags/tutorial_taskflow_api.py
[2025-06-23T13:40:57.225+0000] {logging_mixin.py:190} INFO - [2025-06-23T13:40:57.224+0000] {override.py:1911} INFO - Created Permission View: can read on DAG:tutorial_taskflow_api
[2025-06-23T13:40:57.250+0000] {logging_mixin.py:190} INFO - [2025-06-23T13:40:57.249+0000] {override.py:1911} INFO - Created Permission View: can delete on DAG:tutorial_taskflow_api
[2025-06-23T13:40:57.273+0000] {logging_mixin.py:190} INFO - [2025-06-23T13:40:57.272+0000] {override.py:1911} INFO - Created Permission View: can edit on DAG:tutorial_taskflow_api
[2025-06-23T13:40:57.293+0000] {logging_mixin.py:190} INFO - [2025-06-23T13:40:57.292+0000] {override.py:1911} INFO - Created Permission View: can read on DAG Run:tutorial_taskflow_api
[2025-06-23T13:40:57.310+0000] {logging_mixin.py:190} INFO - [2025-06-23T13:40:57.310+0000] {override.py:1911} INFO - Created Permission View: can create on DAG Run:tutorial_taskflow_api
[2025-06-23T13:40:57.330+0000] {logging_mixin.py:190} INFO - [2025-06-23T13:40:57.329+0000] {override.py:1911} INFO - Created Permission View: can delete on DAG Run:tutorial_taskflow_api
[2025-06-23T13:40:57.351+0000] {logging_mixin.py:190} INFO - [2025-06-23T13:40:57.350+0000] {override.py:1911} INFO - Created Permission View: menu access on DAG Run:tutorial_taskflow_api
[2025-06-23T13:40:57.352+0000] {logging_mixin.py:190} INFO - [2025-06-23T13:40:57.352+0000] {dag.py:3239} INFO - Sync 1 DAGs
[2025-06-23T13:40:57.383+0000] {logging_mixin.py:190} INFO - [2025-06-23T13:40:57.383+0000] {dag.py:3262} INFO - Creating ORM DAG for tutorial_taskflow_api
[2025-06-23T13:40:57.385+0000] {logging_mixin.py:190} INFO - [2025-06-23T13:40:57.385+0000] {dag.py:4180} INFO - Setting next_dagrun for tutorial_taskflow_api to None, run_after=None
[2025-06-23T13:40:57.430+0000] {processor.py:208} INFO - Processing /home/airflow/.local/lib/python3.12/site-packages/airflow/example_dags/tutorial_taskflow_api.py took 0.510 seconds
[2025-06-23T13:41:27.523+0000] {processor.py:186} INFO - Started process (PID=151) to work on /home/airflow/.local/lib/python3.12/site-packages/airflow/example_dags/tutorial_taskflow_api.py
[2025-06-23T13:41:27.525+0000] {processor.py:914} INFO - Processing file /home/airflow/.local/lib/python3.12/site-packages/airflow/example_dags/tutorial_taskflow_api.py for tasks to queue
[2025-06-23T13:41:27.529+0000] {logging_mixin.py:190} INFO - [2025-06-23T13:41:27.529+0000] {dagbag.py:588} INFO - Filling up the DagBag from /home/airflow/.local/lib/python3.12/site-packages/airflow/example_dags/tutorial_taskflow_api.py
[2025-06-23T13:41:27.548+0000] {processor.py:925} INFO - DAG(s) 'tutorial_taskflow_api' retrieved from /home/airflow/.local/lib/python3.12/site-packages/airflow/example_dags/tutorial_taskflow_api.py
[2025-06-23T13:41:27.596+0000] {logging_mixin.py:190} INFO - [2025-06-23T13:41:27.596+0000] {dag.py:3239} INFO - Sync 1 DAGs
[2025-06-23T13:41:27.646+0000] {logging_mixin.py:190} INFO - [2025-06-23T13:41:27.646+0000] {dag.py:4180} INFO - Setting next_dagrun for tutorial_taskflow_api to None, run_after=None
[2025-06-23T13:41:27.866+0000] {processor.py:208} INFO - Processing /home/airflow/.local/lib/python3.12/site-packages/airflow/example_dags/tutorial_taskflow_api.py took 0.350 seconds
[2025-06-23T13:41:58.073+0000] {processor.py:186} INFO - Started process (PID=214) to work on /home/airflow/.local/lib/python3.12/site-packages/airflow/example_dags/tutorial_taskflow_api.py
[2025-06-23T13:41:58.074+0000] {processor.py:914} INFO - Processing file /home/airflow/.local/lib/python3.12/site-packages/airflow/example_dags/tutorial_taskflow_api.py for tasks to queue
[2025-06-23T13:41:58.078+0000] {logging_mixin.py:190} INFO - [2025-06-23T13:41:58.078+0000] {dagbag.py:588} INFO - Filling up the DagBag from /home/airflow/.local/lib/python3.12/site-packages/airflow/example_dags/tutorial_taskflow_api.py
[2025-06-23T13:41:58.096+0000] {processor.py:925} INFO - DAG(s) 'tutorial_taskflow_api' retrieved from /home/airflow/.local/lib/python3.12/site-packages/airflow/example_dags/tutorial_taskflow_api.py
[2025-06-23T13:41:58.128+0000] {logging_mixin.py:190} INFO - [2025-06-23T13:41:58.128+0000] {dag.py:3239} INFO - Sync 1 DAGs
[2025-06-23T13:41:58.155+0000] {logging_mixin.py:190} INFO - [2025-06-23T13:41:58.155+0000] {dag.py:4180} INFO - Setting next_dagrun for tutorial_taskflow_api to None, run_after=None
[2025-06-23T13:41:58.200+0000] {processor.py:208} INFO - Processing /home/airflow/.local/lib/python3.12/site-packages/airflow/example_dags/tutorial_taskflow_api.py took 0.136 seconds
[2025-06-23T13:42:28.810+0000] {processor.py:186} INFO - Started process (PID=277) to work on /home/airflow/.local/lib/python3.12/site-packages/airflow/example_dags/tutorial_taskflow_api.py
[2025-06-23T13:42:28.826+0000] {processor.py:914} INFO - Processing file /home/airflow/.local/lib/python3.12/site-packages/airflow/example_dags/tutorial_taskflow_api.py for tasks to queue
[2025-06-23T13:42:28.845+0000] {logging_mixin.py:190} INFO - [2025-06-23T13:42:28.843+0000] {dagbag.py:588} INFO - Filling up the DagBag from /home/airflow/.local/lib/python3.12/site-packages/airflow/example_dags/tutorial_taskflow_api.py
[2025-06-23T13:42:28.927+0000] {processor.py:925} INFO - DAG(s) 'tutorial_taskflow_api' retrieved from /home/airflow/.local/lib/python3.12/site-packages/airflow/example_dags/tutorial_taskflow_api.py
[2025-06-23T13:42:29.025+0000] {logging_mixin.py:190} INFO - [2025-06-23T13:42:29.024+0000] {dag.py:3239} INFO - Sync 1 DAGs
[2025-06-23T13:42:29.072+0000] {logging_mixin.py:190} INFO - [2025-06-23T13:42:29.071+0000] {dag.py:4180} INFO - Setting next_dagrun for tutorial_taskflow_api to None, run_after=None
[2025-06-23T13:42:29.143+0000] {processor.py:208} INFO - Processing /home/airflow/.local/lib/python3.12/site-packages/airflow/example_dags/tutorial_taskflow_api.py took 0.386 seconds
[2025-06-23T13:43:22.590+0000] {processor.py:186} INFO - Started process (PID=344) to work on /home/airflow/.local/lib/python3.12/site-packages/airflow/example_dags/tutorial_taskflow_api.py
[2025-06-23T13:43:22.595+0000] {processor.py:914} INFO - Processing file /home/airflow/.local/lib/python3.12/site-packages/airflow/example_dags/tutorial_taskflow_api.py for tasks to queue
[2025-06-23T13:43:22.606+0000] {logging_mixin.py:190} INFO - [2025-06-23T13:43:22.605+0000] {dagbag.py:588} INFO - Filling up the DagBag from /home/airflow/.local/lib/python3.12/site-packages/airflow/example_dags/tutorial_taskflow_api.py
[2025-06-23T13:43:22.640+0000] {processor.py:925} INFO - DAG(s) 'tutorial_taskflow_api' retrieved from /home/airflow/.local/lib/python3.12/site-packages/airflow/example_dags/tutorial_taskflow_api.py
[2025-06-23T13:43:22.717+0000] {logging_mixin.py:190} INFO - [2025-06-23T13:43:22.716+0000] {dag.py:3239} INFO - Sync 1 DAGs
[2025-06-23T13:43:22.777+0000] {logging_mixin.py:190} INFO - [2025-06-23T13:43:22.777+0000] {dag.py:4180} INFO - Setting next_dagrun for tutorial_taskflow_api to None, run_after=None
[2025-06-23T13:43:22.853+0000] {processor.py:208} INFO - Processing /home/airflow/.local/lib/python3.12/site-packages/airflow/example_dags/tutorial_taskflow_api.py took 0.290 seconds
[2025-06-23T13:43:53.533+0000] {processor.py:186} INFO - Started process (PID=407) to work on /home/airflow/.local/lib/python3.12/site-packages/airflow/example_dags/tutorial_taskflow_api.py
[2025-06-23T13:43:53.535+0000] {processor.py:914} INFO - Processing file /home/airflow/.local/lib/python3.12/site-packages/airflow/example_dags/tutorial_taskflow_api.py for tasks to queue
[2025-06-23T13:43:53.544+0000] {logging_mixin.py:190} INFO - [2025-06-23T13:43:53.543+0000] {dagbag.py:588} INFO - Filling up the DagBag from /home/airflow/.local/lib/python3.12/site-packages/airflow/example_dags/tutorial_taskflow_api.py
[2025-06-23T13:43:53.568+0000] {processor.py:925} INFO - DAG(s) 'tutorial_taskflow_api' retrieved from /home/airflow/.local/lib/python3.12/site-packages/airflow/example_dags/tutorial_taskflow_api.py
[2025-06-23T13:43:53.646+0000] {logging_mixin.py:190} INFO - [2025-06-23T13:43:53.646+0000] {dag.py:3239} INFO - Sync 1 DAGs
[2025-06-23T13:43:53.714+0000] {logging_mixin.py:190} INFO - [2025-06-23T13:43:53.714+0000] {dag.py:4180} INFO - Setting next_dagrun for tutorial_taskflow_api to None, run_after=None
[2025-06-23T13:43:53.785+0000] {processor.py:208} INFO - Processing /home/airflow/.local/lib/python3.12/site-packages/airflow/example_dags/tutorial_taskflow_api.py took 0.268 seconds
[2025-06-23T13:44:23.904+0000] {processor.py:186} INFO - Started process (PID=469) to work on /home/airflow/.local/lib/python3.12/site-packages/airflow/example_dags/tutorial_taskflow_api.py
[2025-06-23T13:44:23.906+0000] {processor.py:914} INFO - Processing file /home/airflow/.local/lib/python3.12/site-packages/airflow/example_dags/tutorial_taskflow_api.py for tasks to queue
[2025-06-23T13:44:23.909+0000] {logging_mixin.py:190} INFO - [2025-06-23T13:44:23.909+0000] {dagbag.py:588} INFO - Filling up the DagBag from /home/airflow/.local/lib/python3.12/site-packages/airflow/example_dags/tutorial_taskflow_api.py
[2025-06-23T13:44:23.921+0000] {processor.py:925} INFO - DAG(s) 'tutorial_taskflow_api' retrieved from /home/airflow/.local/lib/python3.12/site-packages/airflow/example_dags/tutorial_taskflow_api.py
[2025-06-23T13:44:23.948+0000] {logging_mixin.py:190} INFO - [2025-06-23T13:44:23.948+0000] {dag.py:3239} INFO - Sync 1 DAGs
[2025-06-23T13:44:23.966+0000] {logging_mixin.py:190} INFO - [2025-06-23T13:44:23.966+0000] {dag.py:4180} INFO - Setting next_dagrun for tutorial_taskflow_api to None, run_after=None
[2025-06-23T13:44:23.992+0000] {processor.py:208} INFO - Processing /home/airflow/.local/lib/python3.12/site-packages/airflow/example_dags/tutorial_taskflow_api.py took 0.096 seconds
