[2025-06-23T13:40:58.525+0000] {processor.py:186} INFO - Started process (PID=93) to work on /home/airflow/.local/lib/python3.12/site-packages/airflow/example_dags/tutorial_taskflow_api_virtualenv.py
[2025-06-23T13:40:58.527+0000] {processor.py:914} INFO - Processing file /home/airflow/.local/lib/python3.12/site-packages/airflow/example_dags/tutorial_taskflow_api_virtualenv.py for tasks to queue
[2025-06-23T13:40:58.532+0000] {logging_mixin.py:190} INFO - [2025-06-23T13:40:58.531+0000] {dagbag.py:588} INFO - Filling up the DagBag from /home/airflow/.local/lib/python3.12/site-packages/airflow/example_dags/tutorial_taskflow_api_virtualenv.py
[2025-06-23T13:40:58.572+0000] {processor.py:925} INFO - DAG(s) 'tutorial_taskflow_api_virtualenv' retrieved from /home/airflow/.local/lib/python3.12/site-packages/airflow/example_dags/tutorial_taskflow_api_virtualenv.py
[2025-06-23T13:40:58.798+0000] {logging_mixin.py:190} INFO - [2025-06-23T13:40:58.797+0000] {override.py:1911} INFO - Created Permission View: can read on DAG:tutorial_taskflow_api_virtualenv
[2025-06-23T13:40:58.816+0000] {logging_mixin.py:190} INFO - [2025-06-23T13:40:58.816+0000] {override.py:1911} INFO - Created Permission View: can delete on DAG:tutorial_taskflow_api_virtualenv
[2025-06-23T13:40:58.828+0000] {logging_mixin.py:190} INFO - [2025-06-23T13:40:58.828+0000] {override.py:1911} INFO - Created Permission View: can edit on DAG:tutorial_taskflow_api_virtualenv
[2025-06-23T13:40:58.841+0000] {logging_mixin.py:190} INFO - [2025-06-23T13:40:58.840+0000] {override.py:1911} INFO - Created Permission View: can read on DAG Run:tutorial_taskflow_api_virtualenv
[2025-06-23T13:40:58.853+0000] {logging_mixin.py:190} INFO - [2025-06-23T13:40:58.853+0000] {override.py:1911} INFO - Created Permission View: can create on DAG Run:tutorial_taskflow_api_virtualenv
[2025-06-23T13:40:58.865+0000] {logging_mixin.py:190} INFO - [2025-06-23T13:40:58.865+0000] {override.py:1911} INFO - Created Permission View: can delete on DAG Run:tutorial_taskflow_api_virtualenv
[2025-06-23T13:40:58.878+0000] {logging_mixin.py:190} INFO - [2025-06-23T13:40:58.877+0000] {override.py:1911} INFO - Created Permission View: menu access on DAG Run:tutorial_taskflow_api_virtualenv
[2025-06-23T13:40:58.879+0000] {logging_mixin.py:190} INFO - [2025-06-23T13:40:58.878+0000] {dag.py:3239} INFO - Sync 1 DAGs
[2025-06-23T13:40:58.899+0000] {logging_mixin.py:190} INFO - [2025-06-23T13:40:58.898+0000] {dag.py:3262} INFO - Creating ORM DAG for tutorial_taskflow_api_virtualenv
[2025-06-23T13:40:58.900+0000] {logging_mixin.py:190} INFO - [2025-06-23T13:40:58.900+0000] {dag.py:4180} INFO - Setting next_dagrun for tutorial_taskflow_api_virtualenv to None, run_after=None
[2025-06-23T13:40:58.928+0000] {processor.py:208} INFO - Processing /home/airflow/.local/lib/python3.12/site-packages/airflow/example_dags/tutorial_taskflow_api_virtualenv.py took 0.416 seconds
[2025-06-23T13:41:29.613+0000] {processor.py:186} INFO - Started process (PID=156) to work on /home/airflow/.local/lib/python3.12/site-packages/airflow/example_dags/tutorial_taskflow_api_virtualenv.py
[2025-06-23T13:41:29.615+0000] {processor.py:914} INFO - Processing file /home/airflow/.local/lib/python3.12/site-packages/airflow/example_dags/tutorial_taskflow_api_virtualenv.py for tasks to queue
[2025-06-23T13:41:29.618+0000] {logging_mixin.py:190} INFO - [2025-06-23T13:41:29.617+0000] {dagbag.py:588} INFO - Filling up the DagBag from /home/airflow/.local/lib/python3.12/site-packages/airflow/example_dags/tutorial_taskflow_api_virtualenv.py
[2025-06-23T13:41:29.640+0000] {processor.py:925} INFO - DAG(s) 'tutorial_taskflow_api_virtualenv' retrieved from /home/airflow/.local/lib/python3.12/site-packages/airflow/example_dags/tutorial_taskflow_api_virtualenv.py
[2025-06-23T13:41:29.675+0000] {logging_mixin.py:190} INFO - [2025-06-23T13:41:29.674+0000] {dag.py:3239} INFO - Sync 1 DAGs
[2025-06-23T13:41:29.698+0000] {logging_mixin.py:190} INFO - [2025-06-23T13:41:29.698+0000] {dag.py:4180} INFO - Setting next_dagrun for tutorial_taskflow_api_virtualenv to None, run_after=None
[2025-06-23T13:41:29.729+0000] {processor.py:208} INFO - Processing /home/airflow/.local/lib/python3.12/site-packages/airflow/example_dags/tutorial_taskflow_api_virtualenv.py took 0.124 seconds
[2025-06-23T13:42:00.232+0000] {processor.py:186} INFO - Started process (PID=220) to work on /home/airflow/.local/lib/python3.12/site-packages/airflow/example_dags/tutorial_taskflow_api_virtualenv.py
[2025-06-23T13:42:00.234+0000] {processor.py:914} INFO - Processing file /home/airflow/.local/lib/python3.12/site-packages/airflow/example_dags/tutorial_taskflow_api_virtualenv.py for tasks to queue
[2025-06-23T13:42:00.239+0000] {logging_mixin.py:190} INFO - [2025-06-23T13:42:00.238+0000] {dagbag.py:588} INFO - Filling up the DagBag from /home/airflow/.local/lib/python3.12/site-packages/airflow/example_dags/tutorial_taskflow_api_virtualenv.py
[2025-06-23T13:42:00.263+0000] {processor.py:925} INFO - DAG(s) 'tutorial_taskflow_api_virtualenv' retrieved from /home/airflow/.local/lib/python3.12/site-packages/airflow/example_dags/tutorial_taskflow_api_virtualenv.py
[2025-06-23T13:42:00.306+0000] {logging_mixin.py:190} INFO - [2025-06-23T13:42:00.306+0000] {dag.py:3239} INFO - Sync 1 DAGs
[2025-06-23T13:42:00.342+0000] {logging_mixin.py:190} INFO - [2025-06-23T13:42:00.341+0000] {dag.py:4180} INFO - Setting next_dagrun for tutorial_taskflow_api_virtualenv to None, run_after=None
[2025-06-23T13:42:00.397+0000] {processor.py:208} INFO - Processing /home/airflow/.local/lib/python3.12/site-packages/airflow/example_dags/tutorial_taskflow_api_virtualenv.py took 0.178 seconds
[2025-06-23T13:42:36.189+0000] {processor.py:186} INFO - Started process (PID=283) to work on /home/airflow/.local/lib/python3.12/site-packages/airflow/example_dags/tutorial_taskflow_api_virtualenv.py
[2025-06-23T13:42:36.202+0000] {processor.py:914} INFO - Processing file /home/airflow/.local/lib/python3.12/site-packages/airflow/example_dags/tutorial_taskflow_api_virtualenv.py for tasks to queue
[2025-06-23T13:42:36.224+0000] {logging_mixin.py:190} INFO - [2025-06-23T13:42:36.222+0000] {dagbag.py:588} INFO - Filling up the DagBag from /home/airflow/.local/lib/python3.12/site-packages/airflow/example_dags/tutorial_taskflow_api_virtualenv.py
[2025-06-23T13:42:36.389+0000] {processor.py:925} INFO - DAG(s) 'tutorial_taskflow_api_virtualenv' retrieved from /home/airflow/.local/lib/python3.12/site-packages/airflow/example_dags/tutorial_taskflow_api_virtualenv.py
[2025-06-23T13:42:36.536+0000] {logging_mixin.py:190} INFO - [2025-06-23T13:42:36.534+0000] {dag.py:3239} INFO - Sync 1 DAGs
[2025-06-23T13:42:36.696+0000] {logging_mixin.py:190} INFO - [2025-06-23T13:42:36.694+0000] {dag.py:4180} INFO - Setting next_dagrun for tutorial_taskflow_api_virtualenv to None, run_after=None
[2025-06-23T13:42:36.856+0000] {processor.py:208} INFO - Processing /home/airflow/.local/lib/python3.12/site-packages/airflow/example_dags/tutorial_taskflow_api_virtualenv.py took 0.694 seconds
[2025-06-23T13:43:23.468+0000] {processor.py:186} INFO - Started process (PID=349) to work on /home/airflow/.local/lib/python3.12/site-packages/airflow/example_dags/tutorial_taskflow_api_virtualenv.py
[2025-06-23T13:43:23.477+0000] {processor.py:914} INFO - Processing file /home/airflow/.local/lib/python3.12/site-packages/airflow/example_dags/tutorial_taskflow_api_virtualenv.py for tasks to queue
[2025-06-23T13:43:23.493+0000] {logging_mixin.py:190} INFO - [2025-06-23T13:43:23.486+0000] {dagbag.py:588} INFO - Filling up the DagBag from /home/airflow/.local/lib/python3.12/site-packages/airflow/example_dags/tutorial_taskflow_api_virtualenv.py
[2025-06-23T13:43:23.590+0000] {processor.py:925} INFO - DAG(s) 'tutorial_taskflow_api_virtualenv' retrieved from /home/airflow/.local/lib/python3.12/site-packages/airflow/example_dags/tutorial_taskflow_api_virtualenv.py
[2025-06-23T13:43:23.796+0000] {logging_mixin.py:190} INFO - [2025-06-23T13:43:23.795+0000] {dag.py:3239} INFO - Sync 1 DAGs
[2025-06-23T13:43:23.936+0000] {logging_mixin.py:190} INFO - [2025-06-23T13:43:23.934+0000] {dag.py:4180} INFO - Setting next_dagrun for tutorial_taskflow_api_virtualenv to None, run_after=None
[2025-06-23T13:43:24.120+0000] {processor.py:208} INFO - Processing /home/airflow/.local/lib/python3.12/site-packages/airflow/example_dags/tutorial_taskflow_api_virtualenv.py took 0.681 seconds
[2025-06-23T13:43:55.094+0000] {processor.py:186} INFO - Started process (PID=412) to work on /home/airflow/.local/lib/python3.12/site-packages/airflow/example_dags/tutorial_taskflow_api_virtualenv.py
[2025-06-23T13:43:55.096+0000] {processor.py:914} INFO - Processing file /home/airflow/.local/lib/python3.12/site-packages/airflow/example_dags/tutorial_taskflow_api_virtualenv.py for tasks to queue
[2025-06-23T13:43:55.102+0000] {logging_mixin.py:190} INFO - [2025-06-23T13:43:55.101+0000] {dagbag.py:588} INFO - Filling up the DagBag from /home/airflow/.local/lib/python3.12/site-packages/airflow/example_dags/tutorial_taskflow_api_virtualenv.py
[2025-06-23T13:43:55.140+0000] {processor.py:925} INFO - DAG(s) 'tutorial_taskflow_api_virtualenv' retrieved from /home/airflow/.local/lib/python3.12/site-packages/airflow/example_dags/tutorial_taskflow_api_virtualenv.py
[2025-06-23T13:43:55.201+0000] {logging_mixin.py:190} INFO - [2025-06-23T13:43:55.201+0000] {dag.py:3239} INFO - Sync 1 DAGs
[2025-06-23T13:43:55.238+0000] {logging_mixin.py:190} INFO - [2025-06-23T13:43:55.237+0000] {dag.py:4180} INFO - Setting next_dagrun for tutorial_taskflow_api_virtualenv to None, run_after=None
[2025-06-23T13:43:55.273+0000] {processor.py:208} INFO - Processing /home/airflow/.local/lib/python3.12/site-packages/airflow/example_dags/tutorial_taskflow_api_virtualenv.py took 0.193 seconds
[2025-06-23T13:44:25.457+0000] {processor.py:186} INFO - Started process (PID=475) to work on /home/airflow/.local/lib/python3.12/site-packages/airflow/example_dags/tutorial_taskflow_api_virtualenv.py
[2025-06-23T13:44:25.522+0000] {processor.py:914} INFO - Processing file /home/airflow/.local/lib/python3.12/site-packages/airflow/example_dags/tutorial_taskflow_api_virtualenv.py for tasks to queue
[2025-06-23T13:44:25.575+0000] {logging_mixin.py:190} INFO - [2025-06-23T13:44:25.574+0000] {dagbag.py:588} INFO - Filling up the DagBag from /home/airflow/.local/lib/python3.12/site-packages/airflow/example_dags/tutorial_taskflow_api_virtualenv.py
[2025-06-23T13:44:25.672+0000] {processor.py:925} INFO - DAG(s) 'tutorial_taskflow_api_virtualenv' retrieved from /home/airflow/.local/lib/python3.12/site-packages/airflow/example_dags/tutorial_taskflow_api_virtualenv.py
[2025-06-23T13:44:25.750+0000] {logging_mixin.py:190} INFO - [2025-06-23T13:44:25.749+0000] {dag.py:3239} INFO - Sync 1 DAGs
[2025-06-23T13:44:25.808+0000] {logging_mixin.py:190} INFO - [2025-06-23T13:44:25.807+0000] {dag.py:4180} INFO - Setting next_dagrun for tutorial_taskflow_api_virtualenv to None, run_after=None
[2025-06-23T13:44:25.854+0000] {processor.py:208} INFO - Processing /home/airflow/.local/lib/python3.12/site-packages/airflow/example_dags/tutorial_taskflow_api_virtualenv.py took 0.419 seconds
