[0m10:57:51.709706 [debug] [MainThread]: Sending event: {'category': 'dbt', 'action': 'invocation', 'label': 'start', 'context': [<snowplow_tracker.self_describing_json.SelfDescribingJson object at 0x000001C573359E80>, <snowplow_tracker.self_describing_json.SelfDescribingJson object at 0x000001C573ED15B0>, <snowplow_tracker.self_describing_json.SelfDescribingJson object at 0x000001C573330C20>]}


============================== 10:57:51.715767 | f7619568-6f63-4a1c-b4d4-6968c5da67bb ==============================
[0m10:57:51.715767 [info ] [MainThread]: Running with dbt=1.10.6
[0m10:57:51.716780 [debug] [MainThread]: running dbt with arguments {'printer_width': '80', 'indirect_selection': 'eager', 'log_cache_events': 'False', 'write_json': 'True', 'partial_parse': 'True', 'cache_selected_only': 'False', 'profiles_dir': 'C:\\Users\\ombha\\.dbt', 'fail_fast': 'False', 'version_check': 'True', 'log_path': 'logs', 'warn_error': 'None', 'debug': 'False', 'use_colors': 'True', 'use_experimental_parser': 'False', 'no_print': 'None', 'quiet': 'False', 'empty': 'None', 'log_format': 'default', 'invocation_command': 'dbt init netflix', 'introspect': 'True', 'static_parser': 'True', 'target_path': 'None', 'warn_error_options': 'WarnErrorOptionsV2(error=[], warn=[], silence=[])', 'send_anonymous_usage_stats': 'True'}
[0m10:57:51.762915 [debug] [MainThread]: Starter project path: B:\Major_Git\DATA_ENGINEERING\Netflix Data Analysis -DBT\venv\Lib\site-packages\dbt\include\starter_project
[0m10:57:51.779873 [info ] [MainThread]: 
Your new dbt project "netflix" was created!

For more information on how to configure the profiles.yml file,
please consult the dbt documentation here:

  https://docs.getdbt.com/docs/configure-your-profile

One more thing:

Need help? Don't hesitate to reach out to us via GitHub issues or on Slack:

  https://community.getdbt.com/

Happy modeling!

[0m10:57:51.780892 [info ] [MainThread]: Setting up your profile.
[0m10:59:23.132078 [info ] [MainThread]: Profile netflix written to C:\Users\ombha\.dbt\profiles.yml using target's profile_template.yml and your supplied values. Run 'dbt debug' to validate the connection.
[0m10:59:23.137775 [debug] [MainThread]: Command `dbt init` succeeded at 10:59:23.136785 after 91.63 seconds
[0m10:59:23.140803 [debug] [MainThread]: Sending event: {'category': 'dbt', 'action': 'invocation', 'label': 'end', 'context': [<snowplow_tracker.self_describing_json.SelfDescribingJson object at 0x000001C573FCBDA0>, <snowplow_tracker.self_describing_json.SelfDescribingJson object at 0x000001C57611E570>, <snowplow_tracker.self_describing_json.SelfDescribingJson object at 0x000001C575520770>]}
[0m10:59:23.142963 [debug] [MainThread]: Flushing usage events
[0m10:59:24.113175 [debug] [MainThread]: An error was encountered while trying to flush usage events
